Namespace(dataset='timg', saved_path='saved_models/mae.bt.rot.timg.wt20.8.dist.e800.ec500.pth', gpu=1, model='vit', verbose=False, epochs=100, eval_every=10, knn=True, lreg=True, linprobe=True, tsne=False, umap=False, cmet=True, nw=4, pf=2, aug='v1', lrs=[5.0, 10.0, 15.0, 20.0, 30.0])
MAE Encoder with params: {'img_size': 64, 'in_chans': 3, 'patch_size': 4, 'embed_dim': 384, 'depth': 12, 'num_heads': 6, 'mlp_ratio': 4}
<All keys matched successfully>
sweeping through lr: [5.0, 10.0, 15.0, 20.0, 30.0]
sweeping through wd: [1e-06, 0.0001, 0.0]
Starting Hyperparameter Sweep on 1...
===> using linear mlp
linear probe with LR: 5.0, WD: 1e-06, Cosine: False
===> using linear mlp
linear probe with LR: 5.0, WD: 0.0001, Cosine: False
===> using linear mlp
linear probe with LR: 5.0, WD: 0.0, Cosine: False
===> using linear mlp
linear probe with LR: 10.0, WD: 1e-06, Cosine: False
===> using linear mlp
linear probe with LR: 10.0, WD: 0.0001, Cosine: False
===> using linear mlp
linear probe with LR: 10.0, WD: 0.0, Cosine: False
===> using linear mlp
linear probe with LR: 15.0, WD: 1e-06, Cosine: False
===> using linear mlp
linear probe with LR: 15.0, WD: 0.0001, Cosine: False
===> using linear mlp
linear probe with LR: 15.0, WD: 0.0, Cosine: False
===> using linear mlp
linear probe with LR: 20.0, WD: 1e-06, Cosine: False
===> using linear mlp
linear probe with LR: 20.0, WD: 0.0001, Cosine: False
===> using linear mlp
linear probe with LR: 20.0, WD: 0.0, Cosine: False
===> using linear mlp
linear probe with LR: 30.0, WD: 1e-06, Cosine: False
===> using linear mlp
linear probe with LR: 30.0, WD: 0.0001, Cosine: False
===> using linear mlp
linear probe with LR: 30.0, WD: 0.0, Cosine: False
===> using linear mlp
linear probe with LR: 5.0, WD: 1e-06, Cosine: True
===> using linear mlp
linear probe with LR: 5.0, WD: 0.0001, Cosine: True
===> using linear mlp
linear probe with LR: 5.0, WD: 0.0, Cosine: True
===> using linear mlp
linear probe with LR: 10.0, WD: 1e-06, Cosine: True
===> using linear mlp
linear probe with LR: 10.0, WD: 0.0001, Cosine: True
===> using linear mlp
linear probe with LR: 10.0, WD: 0.0, Cosine: True
===> using linear mlp
linear probe with LR: 15.0, WD: 1e-06, Cosine: True
===> using linear mlp
linear probe with LR: 15.0, WD: 0.0001, Cosine: True
===> using linear mlp
linear probe with LR: 15.0, WD: 0.0, Cosine: True
===> using linear mlp
linear probe with LR: 20.0, WD: 1e-06, Cosine: True
===> using linear mlp
linear probe with LR: 20.0, WD: 0.0001, Cosine: True
===> using linear mlp
linear probe with LR: 20.0, WD: 0.0, Cosine: True
===> using linear mlp
linear probe with LR: 30.0, WD: 1e-06, Cosine: True
===> using linear mlp
linear probe with LR: 30.0, WD: 0.0001, Cosine: True
===> using linear mlp
linear probe with LR: 30.0, WD: 0.0, Cosine: True
