Namespace(dataset='timg', saved_path='saved_models/mae.bt.rot.timg.ec200.pth', gpu=0, model='vit', verbose=False, epochs=100, eval_every=10, knn=True, lreg=True, linprobe=True, tsne=False, umap=False, cmet=True, nw=4, pf=2)
<All keys matched successfully>
Starting Hyperparameter Sweep on 0...
===> using linear mlp
Scheduler: None
MLP: MLP(
  (mlp): Linear(in_features=384, out_features=200, bias=True)
)
[GPU0] Test Accuracy at epoch: 0: 0.164
[GPU0] epochs: [1/100] train_acc: 0.071 train_loss_sup: 4.912
[GPU0] epochs: [2/100] train_acc: 0.159 train_loss_sup: 4.334
[GPU0] epochs: [3/100] train_acc: 0.198 train_loss_sup: 4.025
[GPU0] epochs: [4/100] train_acc: 0.222 train_loss_sup: 3.823
[GPU0] epochs: [5/100] train_acc: 0.238 train_loss_sup: 3.678
[GPU0] epochs: [6/100] train_acc: 0.252 train_loss_sup: 3.569
[GPU0] epochs: [7/100] train_acc: 0.261 train_loss_sup: 3.488
[GPU0] epochs: [8/100] train_acc: 0.272 train_loss_sup: 3.423
[GPU0] epochs: [9/100] train_acc: 0.280 train_loss_sup: 3.364
[GPU0] epochs: [10/100] train_acc: 0.285 train_loss_sup: 3.320
[GPU0] Test Accuracy at epoch: 10: 0.307
[GPU0] epochs: [11/100] train_acc: 0.292 train_loss_sup: 3.278
[GPU0] epochs: [12/100] train_acc: 0.296 train_loss_sup: 3.241
[GPU0] epochs: [13/100] train_acc: 0.301 train_loss_sup: 3.211
[GPU0] epochs: [14/100] train_acc: 0.304 train_loss_sup: 3.181
[GPU0] epochs: [15/100] train_acc: 0.308 train_loss_sup: 3.154
Namespace(dataset='timg', saved_path='saved_models/mae.bt.rot.timg.ec200.pth', gpu=0, model='vit', verbose=False, epochs=100, eval_every=10, knn=True, lreg=True, linprobe=True, tsne=False, umap=False, cmet=True, nw=4, pf=2)
<All keys matched successfully>
Starting Hyperparameter Sweep on 0...
===> using linear mlp
Scheduler: None
MLP: MLP(
  (mlp): Linear(in_features=384, out_features=200, bias=True)
)
Namespace(dataset='timg', saved_path='saved_models/mae.bt.rot.timg.ec200.pth', gpu=1, model='vit', verbose=False, epochs=100, eval_every=10, knn=True, lreg=True, linprobe=True, tsne=False, umap=False, cmet=True, nw=4, pf=2)
<All keys matched successfully>
Starting Hyperparameter Sweep on 1...
===> using linear mlp
Scheduler: None
MLP: MLP(
  (mlp): Linear(in_features=384, out_features=200, bias=True)
)
[GPU1] Test Accuracy at epoch: 0: 0.142
[GPU1] epochs: [1/100] train_acc: 0.071 train_loss_sup: 4.911
[GPU1] epochs: [2/100] train_acc: 0.161 train_loss_sup: 4.340
[GPU1] epochs: [3/100] train_acc: 0.199 train_loss_sup: 4.022
[GPU1] epochs: [4/100] train_acc: 0.222 train_loss_sup: 3.821
[GPU1] epochs: [5/100] train_acc: 0.239 train_loss_sup: 3.679
[GPU1] epochs: [6/100] train_acc: 0.251 train_loss_sup: 3.572
[GPU1] epochs: [7/100] train_acc: 0.264 train_loss_sup: 3.493
[GPU1] epochs: [8/100] train_acc: 0.272 train_loss_sup: 3.418
[GPU1] epochs: [9/100] train_acc: 0.280 train_loss_sup: 3.364
[GPU1] epochs: [10/100] train_acc: 0.285 train_loss_sup: 3.321
[GPU1] Test Accuracy at epoch: 10: 0.305
[GPU1] epochs: [11/100] train_acc: 0.290 train_loss_sup: 3.284
[GPU1] epochs: [12/100] train_acc: 0.297 train_loss_sup: 3.240
[GPU1] epochs: [13/100] train_acc: 0.301 train_loss_sup: 3.211
[GPU1] epochs: [14/100] train_acc: 0.303 train_loss_sup: 3.182
[GPU1] epochs: [15/100] train_acc: 0.307 train_loss_sup: 3.156
[GPU1] epochs: [16/100] train_acc: 0.313 train_loss_sup: 3.135
[GPU1] epochs: [17/100] train_acc: 0.313 train_loss_sup: 3.116
[GPU1] epochs: [18/100] train_acc: 0.317 train_loss_sup: 3.093
[GPU1] epochs: [19/100] train_acc: 0.318 train_loss_sup: 3.077
[GPU1] epochs: [20/100] train_acc: 0.323 train_loss_sup: 3.053
[GPU1] Test Accuracy at epoch: 20: 0.343
[GPU1] epochs: [21/100] train_acc: 0.325 train_loss_sup: 3.042
[GPU1] epochs: [22/100] train_acc: 0.327 train_loss_sup: 3.030
[GPU1] epochs: [23/100] train_acc: 0.330 train_loss_sup: 3.014
[GPU1] epochs: [24/100] train_acc: 0.330 train_loss_sup: 3.007
[GPU1] epochs: [25/100] train_acc: 0.334 train_loss_sup: 2.989
[GPU1] epochs: [26/100] train_acc: 0.335 train_loss_sup: 2.981
[GPU1] epochs: [27/100] train_acc: 0.335 train_loss_sup: 2.971
[GPU1] epochs: [28/100] train_acc: 0.337 train_loss_sup: 2.961
[GPU1] epochs: [29/100] train_acc: 0.340 train_loss_sup: 2.953
[GPU1] epochs: [30/100] train_acc: 0.340 train_loss_sup: 2.943
[GPU1] Test Accuracy at epoch: 30: 0.353
[GPU1] epochs: [31/100] train_acc: 0.340 train_loss_sup: 2.941
[GPU1] epochs: [32/100] train_acc: 0.344 train_loss_sup: 2.924
[GPU1] epochs: [33/100] train_acc: 0.345 train_loss_sup: 2.920
[GPU1] epochs: [34/100] train_acc: 0.345 train_loss_sup: 2.915
[GPU1] epochs: [35/100] train_acc: 0.346 train_loss_sup: 2.901
[GPU1] epochs: [36/100] train_acc: 0.348 train_loss_sup: 2.894
[GPU1] epochs: [37/100] train_acc: 0.350 train_loss_sup: 2.886
[GPU1] epochs: [38/100] train_acc: 0.351 train_loss_sup: 2.880
[GPU1] epochs: [39/100] train_acc: 0.352 train_loss_sup: 2.877
[GPU1] epochs: [40/100] train_acc: 0.353 train_loss_sup: 2.869
[GPU1] Test Accuracy at epoch: 40: 0.368
[GPU1] epochs: [41/100] train_acc: 0.353 train_loss_sup: 2.866
[GPU1] epochs: [42/100] train_acc: 0.354 train_loss_sup: 2.859
[GPU1] epochs: [43/100] train_acc: 0.355 train_loss_sup: 2.852
[GPU1] epochs: [44/100] train_acc: 0.356 train_loss_sup: 2.850
[GPU1] epochs: [45/100] train_acc: 0.358 train_loss_sup: 2.844
[GPU1] epochs: [46/100] train_acc: 0.360 train_loss_sup: 2.835
[GPU1] epochs: [47/100] train_acc: 0.357 train_loss_sup: 2.839
[GPU1] epochs: [48/100] train_acc: 0.360 train_loss_sup: 2.830
[GPU1] epochs: [49/100] train_acc: 0.359 train_loss_sup: 2.828
[GPU1] epochs: [50/100] train_acc: 0.361 train_loss_sup: 2.823
[GPU1] Test Accuracy at epoch: 50: 0.375
[GPU1] epochs: [51/100] train_acc: 0.360 train_loss_sup: 2.823
[GPU1] epochs: [52/100] train_acc: 0.364 train_loss_sup: 2.814
[GPU1] epochs: [53/100] train_acc: 0.364 train_loss_sup: 2.807
[GPU1] epochs: [54/100] train_acc: 0.364 train_loss_sup: 2.805
[GPU1] epochs: [55/100] train_acc: 0.364 train_loss_sup: 2.804
[GPU1] epochs: [56/100] train_acc: 0.363 train_loss_sup: 2.802
[GPU1] epochs: [57/100] train_acc: 0.368 train_loss_sup: 2.791
[GPU1] epochs: [58/100] train_acc: 0.366 train_loss_sup: 2.789
[GPU1] epochs: [59/100] train_acc: 0.369 train_loss_sup: 2.788
[GPU1] epochs: [60/100] train_acc: 0.369 train_loss_sup: 2.786
[GPU1] Test Accuracy at epoch: 60: 0.378
[GPU1] epochs: [61/100] train_acc: 0.367 train_loss_sup: 2.785
[GPU1] epochs: [62/100] train_acc: 0.370 train_loss_sup: 2.777
[GPU1] epochs: [63/100] train_acc: 0.368 train_loss_sup: 2.784
[GPU1] epochs: [64/100] train_acc: 0.369 train_loss_sup: 2.774
[GPU1] epochs: [65/100] train_acc: 0.371 train_loss_sup: 2.770
[GPU1] epochs: [66/100] train_acc: 0.372 train_loss_sup: 2.766
[GPU1] epochs: [67/100] train_acc: 0.371 train_loss_sup: 2.762
[GPU1] epochs: [68/100] train_acc: 0.372 train_loss_sup: 2.756
[GPU1] epochs: [69/100] train_acc: 0.375 train_loss_sup: 2.754
[GPU1] epochs: [70/100] train_acc: 0.373 train_loss_sup: 2.758
[GPU1] Test Accuracy at epoch: 70: 0.385
[GPU1] epochs: [71/100] train_acc: 0.375 train_loss_sup: 2.752
[GPU1] epochs: [72/100] train_acc: 0.374 train_loss_sup: 2.752
[GPU1] epochs: [73/100] train_acc: 0.374 train_loss_sup: 2.747
[GPU1] epochs: [74/100] train_acc: 0.374 train_loss_sup: 2.747
[GPU1] epochs: [75/100] train_acc: 0.375 train_loss_sup: 2.744
[GPU1] epochs: [76/100] train_acc: 0.375 train_loss_sup: 2.740
[GPU1] epochs: [77/100] train_acc: 0.376 train_loss_sup: 2.738
[GPU1] epochs: [78/100] train_acc: 0.377 train_loss_sup: 2.734
[GPU1] epochs: [79/100] train_acc: 0.377 train_loss_sup: 2.737
[GPU1] epochs: [80/100] train_acc: 0.379 train_loss_sup: 2.727
[GPU1] Test Accuracy at epoch: 80: 0.387
[GPU1] epochs: [81/100] train_acc: 0.379 train_loss_sup: 2.730
[GPU1] epochs: [82/100] train_acc: 0.376 train_loss_sup: 2.733
[GPU1] epochs: [83/100] train_acc: 0.379 train_loss_sup: 2.723
[GPU1] epochs: [84/100] train_acc: 0.380 train_loss_sup: 2.718
[GPU1] epochs: [85/100] train_acc: 0.378 train_loss_sup: 2.720
[GPU1] epochs: [86/100] train_acc: 0.380 train_loss_sup: 2.718
[GPU1] epochs: [87/100] train_acc: 0.380 train_loss_sup: 2.717
[GPU1] epochs: [88/100] train_acc: 0.382 train_loss_sup: 2.706
[GPU1] epochs: [89/100] train_acc: 0.382 train_loss_sup: 2.710
[GPU1] epochs: [90/100] train_acc: 0.383 train_loss_sup: 2.709
[GPU1] Test Accuracy at epoch: 90: 0.392
[GPU1] epochs: [91/100] train_acc: 0.383 train_loss_sup: 2.709
[GPU1] epochs: [92/100] train_acc: 0.383 train_loss_sup: 2.703
[GPU1] epochs: [93/100] train_acc: 0.383 train_loss_sup: 2.706
[GPU1] epochs: [94/100] train_acc: 0.384 train_loss_sup: 2.704
[GPU1] epochs: [95/100] train_acc: 0.383 train_loss_sup: 2.700
[GPU1] epochs: [96/100] train_acc: 0.382 train_loss_sup: 2.708
[GPU1] epochs: [97/100] train_acc: 0.385 train_loss_sup: 2.699
[GPU1] epochs: [98/100] train_acc: 0.382 train_loss_sup: 2.702
[GPU1] epochs: [99/100] train_acc: 0.386 train_loss_sup: 2.691
[GPU1] epochs: [100/100] train_acc: 0.384 train_loss_sup: 2.692
[GPU1] Final Test Accuracy: 0.396
LR: 0.100 | WD: 0.000001 | Cosine: False | test Acc: 0.396%
===> using linear mlp
Scheduler: None
MLP: MLP(
  (mlp): Linear(in_features=384, out_features=200, bias=True)
)
[GPU1] Test Accuracy at epoch: 0: 0.125
[GPU1] epochs: [1/100] train_acc: 0.070 train_loss_sup: 4.915
[GPU1] epochs: [2/100] train_acc: 0.158 train_loss_sup: 4.356
[GPU1] epochs: [3/100] train_acc: 0.195 train_loss_sup: 4.058
[GPU1] epochs: [4/100] train_acc: 0.217 train_loss_sup: 3.870
[GPU1] epochs: [5/100] train_acc: 0.235 train_loss_sup: 3.740
[GPU1] epochs: [6/100] train_acc: 0.246 train_loss_sup: 3.648
[GPU1] epochs: [7/100] train_acc: 0.257 train_loss_sup: 3.571
[GPU1] epochs: [8/100] train_acc: 0.264 train_loss_sup: 3.516
[GPU1] epochs: [9/100] train_acc: 0.270 train_loss_sup: 3.468
[GPU1] epochs: [10/100] train_acc: 0.275 train_loss_sup: 3.428
[GPU1] Test Accuracy at epoch: 10: 0.295
[GPU1] epochs: [11/100] train_acc: 0.280 train_loss_sup: 3.397
[GPU1] epochs: [12/100] train_acc: 0.284 train_loss_sup: 3.366
[GPU1] epochs: [13/100] train_acc: 0.288 train_loss_sup: 3.344
[GPU1] epochs: [14/100] train_acc: 0.291 train_loss_sup: 3.322
[GPU1] epochs: [15/100] train_acc: 0.293 train_loss_sup: 3.307
[GPU1] epochs: [16/100] train_acc: 0.296 train_loss_sup: 3.290
[GPU1] epochs: [17/100] train_acc: 0.297 train_loss_sup: 3.274
[GPU1] epochs: [18/100] train_acc: 0.300 train_loss_sup: 3.262
[GPU1] epochs: [19/100] train_acc: 0.303 train_loss_sup: 3.250
[GPU1] epochs: [20/100] train_acc: 0.304 train_loss_sup: 3.241
[GPU1] Test Accuracy at epoch: 20: 0.325
[GPU1] epochs: [21/100] train_acc: 0.305 train_loss_sup: 3.232
[GPU1] epochs: [22/100] train_acc: 0.305 train_loss_sup: 3.226
[GPU1] epochs: [23/100] train_acc: 0.308 train_loss_sup: 3.221
[GPU1] epochs: [24/100] train_acc: 0.308 train_loss_sup: 3.211
[GPU1] epochs: [25/100] train_acc: 0.311 train_loss_sup: 3.207
[GPU1] epochs: [26/100] train_acc: 0.312 train_loss_sup: 3.199
[GPU1] epochs: [27/100] train_acc: 0.313 train_loss_sup: 3.193
[GPU1] epochs: [28/100] train_acc: 0.312 train_loss_sup: 3.192
[GPU1] epochs: [29/100] train_acc: 0.315 train_loss_sup: 3.185
[GPU1] epochs: [30/100] train_acc: 0.315 train_loss_sup: 3.185
[GPU1] Test Accuracy at epoch: 30: 0.336
[GPU1] epochs: [31/100] train_acc: 0.315 train_loss_sup: 3.176
[GPU1] epochs: [32/100] train_acc: 0.318 train_loss_sup: 3.174
[GPU1] epochs: [33/100] train_acc: 0.316 train_loss_sup: 3.171
[GPU1] epochs: [34/100] train_acc: 0.318 train_loss_sup: 3.163
[GPU1] epochs: [35/100] train_acc: 0.318 train_loss_sup: 3.162
[GPU1] epochs: [36/100] train_acc: 0.319 train_loss_sup: 3.160
[GPU1] epochs: [37/100] train_acc: 0.317 train_loss_sup: 3.162
[GPU1] epochs: [38/100] train_acc: 0.320 train_loss_sup: 3.159
[GPU1] epochs: [39/100] train_acc: 0.319 train_loss_sup: 3.155
[GPU1] epochs: [40/100] train_acc: 0.319 train_loss_sup: 3.149
[GPU1] Test Accuracy at epoch: 40: 0.335
[GPU1] epochs: [41/100] train_acc: 0.321 train_loss_sup: 3.154
[GPU1] epochs: [42/100] train_acc: 0.319 train_loss_sup: 3.153
[GPU1] epochs: [43/100] train_acc: 0.321 train_loss_sup: 3.145
[GPU1] epochs: [44/100] train_acc: 0.321 train_loss_sup: 3.147
[GPU1] epochs: [45/100] train_acc: 0.322 train_loss_sup: 3.144
[GPU1] epochs: [46/100] train_acc: 0.322 train_loss_sup: 3.144
[GPU1] epochs: [47/100] train_acc: 0.323 train_loss_sup: 3.141
[GPU1] epochs: [48/100] train_acc: 0.323 train_loss_sup: 3.140
[GPU1] epochs: [49/100] train_acc: 0.322 train_loss_sup: 3.136
[GPU1] epochs: [50/100] train_acc: 0.322 train_loss_sup: 3.142
[GPU1] Test Accuracy at epoch: 50: 0.345
[GPU1] epochs: [51/100] train_acc: 0.322 train_loss_sup: 3.140
[GPU1] epochs: [52/100] train_acc: 0.322 train_loss_sup: 3.139
[GPU1] epochs: [53/100] train_acc: 0.324 train_loss_sup: 3.138
[GPU1] epochs: [54/100] train_acc: 0.323 train_loss_sup: 3.136
