Namespace(dataset='timg', saved_path='saved_models/mae.bt.rot.timg.ec300.pth', gpu=0, model='vit', verbose=False, epochs=100, eval_every=10, knn=True, lreg=True, linprobe=True, tsne=False, umap=False, cmet=True, nw=4, pf=2)
<All keys matched successfully>
Starting Hyperparameter Sweep on 0...
===> using linear mlp
Scheduler: None
MLP: MLP(
  (mlp): Linear(in_features=384, out_features=200, bias=True)
)
[GPU0] Test Accuracy at epoch: 0: 0.107
[GPU0] epochs: [1/100] train_acc: 0.053 train_loss_sup: 5.147
[GPU0] epochs: [2/100] train_acc: 0.131 train_loss_sup: 4.859
[GPU0] epochs: [3/100] train_acc: 0.165 train_loss_sup: 4.633
[GPU0] epochs: [4/100] train_acc: 0.185 train_loss_sup: 4.456
[GPU0] epochs: [5/100] train_acc: 0.201 train_loss_sup: 4.306
[GPU0] epochs: [6/100] train_acc: 0.215 train_loss_sup: 4.184
[GPU0] epochs: [7/100] train_acc: 0.222 train_loss_sup: 4.079
[GPU0] epochs: [8/100] train_acc: 0.233 train_loss_sup: 3.989
[GPU0] epochs: [9/100] train_acc: 0.241 train_loss_sup: 3.909
[GPU0] epochs: [10/100] train_acc: 0.247 train_loss_sup: 3.841
[GPU0] Test Accuracy at epoch: 10: 0.272
[GPU0] epochs: [11/100] train_acc: 0.254 train_loss_sup: 3.779
[GPU0] epochs: [12/100] train_acc: 0.259 train_loss_sup: 3.723
[GPU0] epochs: [13/100] train_acc: 0.264 train_loss_sup: 3.673
[GPU0] epochs: [14/100] train_acc: 0.268 train_loss_sup: 3.630
[GPU0] epochs: [15/100] train_acc: 0.273 train_loss_sup: 3.587
Namespace(dataset='timg', saved_path='saved_models/mae.bt.rot.timg.ec300.pth', gpu=0, model='vit', verbose=False, epochs=100, eval_every=10, knn=True, lreg=True, linprobe=True, tsne=False, umap=False, cmet=True, nw=4, pf=2)
<All keys matched successfully>
Starting Hyperparameter Sweep on 0...
===> using linear mlp
Scheduler: None
MLP: MLP(
  (mlp): Linear(in_features=384, out_features=200, bias=True)
)
Namespace(dataset='timg', saved_path='saved_models/mae.bt.rot.timg.ec300.pth', gpu=1, model='vit', verbose=False, epochs=100, eval_every=10, knn=True, lreg=True, linprobe=True, tsne=False, umap=False, cmet=True, nw=4, pf=2)
<All keys matched successfully>
Starting Hyperparameter Sweep on 1...
===> using linear mlp
Scheduler: None
MLP: MLP(
  (mlp): Linear(in_features=384, out_features=200, bias=True)
)
[GPU1] Test Accuracy at epoch: 0: 0.134
[GPU1] epochs: [1/100] train_acc: 0.053 train_loss_sup: 5.147
[GPU1] epochs: [2/100] train_acc: 0.130 train_loss_sup: 4.858
[GPU1] epochs: [3/100] train_acc: 0.165 train_loss_sup: 4.634
[GPU1] epochs: [4/100] train_acc: 0.186 train_loss_sup: 4.456
[GPU1] epochs: [5/100] train_acc: 0.201 train_loss_sup: 4.309
[GPU1] epochs: [6/100] train_acc: 0.213 train_loss_sup: 4.185
[GPU1] epochs: [7/100] train_acc: 0.223 train_loss_sup: 4.079
[GPU1] epochs: [8/100] train_acc: 0.233 train_loss_sup: 3.991
[GPU1] epochs: [9/100] train_acc: 0.241 train_loss_sup: 3.910
[GPU1] epochs: [10/100] train_acc: 0.246 train_loss_sup: 3.839
[GPU1] Test Accuracy at epoch: 10: 0.275
[GPU1] epochs: [11/100] train_acc: 0.253 train_loss_sup: 3.778
[GPU1] epochs: [12/100] train_acc: 0.260 train_loss_sup: 3.720
[GPU1] epochs: [13/100] train_acc: 0.263 train_loss_sup: 3.673
[GPU1] epochs: [14/100] train_acc: 0.268 train_loss_sup: 3.627
[GPU1] epochs: [15/100] train_acc: 0.274 train_loss_sup: 3.587
[GPU1] epochs: [16/100] train_acc: 0.278 train_loss_sup: 3.550
[GPU1] epochs: [17/100] train_acc: 0.282 train_loss_sup: 3.514
[GPU1] epochs: [18/100] train_acc: 0.285 train_loss_sup: 3.481
[GPU1] epochs: [19/100] train_acc: 0.288 train_loss_sup: 3.452
[GPU1] epochs: [20/100] train_acc: 0.291 train_loss_sup: 3.426
[GPU1] Test Accuracy at epoch: 20: 0.312
[GPU1] epochs: [21/100] train_acc: 0.295 train_loss_sup: 3.399
[GPU1] epochs: [22/100] train_acc: 0.298 train_loss_sup: 3.372
[GPU1] epochs: [23/100] train_acc: 0.300 train_loss_sup: 3.351
[GPU1] epochs: [24/100] train_acc: 0.302 train_loss_sup: 3.331
[GPU1] epochs: [25/100] train_acc: 0.304 train_loss_sup: 3.315
[GPU1] epochs: [26/100] train_acc: 0.308 train_loss_sup: 3.292
[GPU1] epochs: [27/100] train_acc: 0.308 train_loss_sup: 3.271
[GPU1] epochs: [28/100] train_acc: 0.312 train_loss_sup: 3.255
[GPU1] epochs: [29/100] train_acc: 0.315 train_loss_sup: 3.238
[GPU1] epochs: [30/100] train_acc: 0.317 train_loss_sup: 3.221
[GPU1] Test Accuracy at epoch: 30: 0.334
[GPU1] epochs: [31/100] train_acc: 0.318 train_loss_sup: 3.209
[GPU1] epochs: [32/100] train_acc: 0.319 train_loss_sup: 3.199
[GPU1] epochs: [33/100] train_acc: 0.322 train_loss_sup: 3.183
[GPU1] epochs: [34/100] train_acc: 0.323 train_loss_sup: 3.165
[GPU1] epochs: [35/100] train_acc: 0.324 train_loss_sup: 3.155
[GPU1] epochs: [36/100] train_acc: 0.326 train_loss_sup: 3.145
[GPU1] epochs: [37/100] train_acc: 0.328 train_loss_sup: 3.134
[GPU1] epochs: [38/100] train_acc: 0.330 train_loss_sup: 3.120
[GPU1] epochs: [39/100] train_acc: 0.331 train_loss_sup: 3.114
[GPU1] epochs: [40/100] train_acc: 0.330 train_loss_sup: 3.103
[GPU1] Test Accuracy at epoch: 40: 0.351
[GPU1] epochs: [41/100] train_acc: 0.333 train_loss_sup: 3.094
[GPU1] epochs: [42/100] train_acc: 0.334 train_loss_sup: 3.081
[GPU1] epochs: [43/100] train_acc: 0.335 train_loss_sup: 3.072
[GPU1] epochs: [44/100] train_acc: 0.335 train_loss_sup: 3.065
[GPU1] epochs: [45/100] train_acc: 0.339 train_loss_sup: 3.053
[GPU1] epochs: [46/100] train_acc: 0.339 train_loss_sup: 3.045
[GPU1] epochs: [47/100] train_acc: 0.340 train_loss_sup: 3.039
[GPU1] epochs: [48/100] train_acc: 0.340 train_loss_sup: 3.034
[GPU1] epochs: [49/100] train_acc: 0.341 train_loss_sup: 3.024
[GPU1] epochs: [50/100] train_acc: 0.342 train_loss_sup: 3.021
[GPU1] Test Accuracy at epoch: 50: 0.364
[GPU1] epochs: [51/100] train_acc: 0.343 train_loss_sup: 3.010
[GPU1] epochs: [52/100] train_acc: 0.344 train_loss_sup: 3.002
[GPU1] epochs: [53/100] train_acc: 0.346 train_loss_sup: 2.997
[GPU1] epochs: [54/100] train_acc: 0.347 train_loss_sup: 2.992
[GPU1] epochs: [55/100] train_acc: 0.348 train_loss_sup: 2.986
[GPU1] epochs: [56/100] train_acc: 0.348 train_loss_sup: 2.980
[GPU1] epochs: [57/100] train_acc: 0.349 train_loss_sup: 2.969
[GPU1] epochs: [58/100] train_acc: 0.351 train_loss_sup: 2.963
[GPU1] epochs: [59/100] train_acc: 0.351 train_loss_sup: 2.958
[GPU1] epochs: [60/100] train_acc: 0.353 train_loss_sup: 2.952
[GPU1] Test Accuracy at epoch: 60: 0.371
[GPU1] epochs: [61/100] train_acc: 0.353 train_loss_sup: 2.951
[GPU1] epochs: [62/100] train_acc: 0.354 train_loss_sup: 2.941
[GPU1] epochs: [63/100] train_acc: 0.355 train_loss_sup: 2.937
[GPU1] epochs: [64/100] train_acc: 0.354 train_loss_sup: 2.932
[GPU1] epochs: [65/100] train_acc: 0.357 train_loss_sup: 2.927
[GPU1] epochs: [66/100] train_acc: 0.356 train_loss_sup: 2.921
[GPU1] epochs: [67/100] train_acc: 0.358 train_loss_sup: 2.920
[GPU1] epochs: [68/100] train_acc: 0.358 train_loss_sup: 2.913
[GPU1] epochs: [69/100] train_acc: 0.360 train_loss_sup: 2.906
[GPU1] epochs: [70/100] train_acc: 0.360 train_loss_sup: 2.902
[GPU1] Test Accuracy at epoch: 70: 0.379
[GPU1] epochs: [71/100] train_acc: 0.359 train_loss_sup: 2.898
[GPU1] epochs: [72/100] train_acc: 0.360 train_loss_sup: 2.894
[GPU1] epochs: [73/100] train_acc: 0.362 train_loss_sup: 2.889
[GPU1] epochs: [74/100] train_acc: 0.362 train_loss_sup: 2.886
[GPU1] epochs: [75/100] train_acc: 0.363 train_loss_sup: 2.881
[GPU1] epochs: [76/100] train_acc: 0.364 train_loss_sup: 2.880
[GPU1] epochs: [77/100] train_acc: 0.365 train_loss_sup: 2.871
[GPU1] epochs: [78/100] train_acc: 0.365 train_loss_sup: 2.869
[GPU1] epochs: [79/100] train_acc: 0.364 train_loss_sup: 2.868
[GPU1] epochs: [80/100] train_acc: 0.366 train_loss_sup: 2.861
[GPU1] Test Accuracy at epoch: 80: 0.385
[GPU1] epochs: [81/100] train_acc: 0.365 train_loss_sup: 2.859
[GPU1] epochs: [82/100] train_acc: 0.368 train_loss_sup: 2.851
[GPU1] epochs: [83/100] train_acc: 0.366 train_loss_sup: 2.850
[GPU1] epochs: [84/100] train_acc: 0.369 train_loss_sup: 2.848
[GPU1] epochs: [85/100] train_acc: 0.368 train_loss_sup: 2.845
[GPU1] epochs: [86/100] train_acc: 0.369 train_loss_sup: 2.843
[GPU1] epochs: [87/100] train_acc: 0.370 train_loss_sup: 2.833
[GPU1] epochs: [88/100] train_acc: 0.370 train_loss_sup: 2.839
[GPU1] epochs: [89/100] train_acc: 0.370 train_loss_sup: 2.832
[GPU1] epochs: [90/100] train_acc: 0.372 train_loss_sup: 2.825
[GPU1] Test Accuracy at epoch: 90: 0.388
[GPU1] epochs: [91/100] train_acc: 0.370 train_loss_sup: 2.828
[GPU1] epochs: [92/100] train_acc: 0.372 train_loss_sup: 2.818
[GPU1] epochs: [93/100] train_acc: 0.373 train_loss_sup: 2.822
[GPU1] epochs: [94/100] train_acc: 0.373 train_loss_sup: 2.812
[GPU1] epochs: [95/100] train_acc: 0.373 train_loss_sup: 2.814
[GPU1] epochs: [96/100] train_acc: 0.376 train_loss_sup: 2.805
[GPU1] epochs: [97/100] train_acc: 0.374 train_loss_sup: 2.806
[GPU1] epochs: [98/100] train_acc: 0.374 train_loss_sup: 2.805
[GPU1] epochs: [99/100] train_acc: 0.374 train_loss_sup: 2.805
[GPU1] epochs: [100/100] train_acc: 0.374 train_loss_sup: 2.797
[GPU1] Final Test Accuracy: 0.396
LR: 0.100 | WD: 0.000001 | Cosine: False | test Acc: 0.396%
===> using linear mlp
Scheduler: None
MLP: MLP(
  (mlp): Linear(in_features=384, out_features=200, bias=True)
)
[GPU1] Test Accuracy at epoch: 0: 0.128
[GPU1] epochs: [1/100] train_acc: 0.054 train_loss_sup: 5.148
[GPU1] epochs: [2/100] train_acc: 0.128 train_loss_sup: 4.868
[GPU1] epochs: [3/100] train_acc: 0.163 train_loss_sup: 4.658
[GPU1] epochs: [4/100] train_acc: 0.183 train_loss_sup: 4.495
[GPU1] epochs: [5/100] train_acc: 0.196 train_loss_sup: 4.365
[GPU1] epochs: [6/100] train_acc: 0.211 train_loss_sup: 4.257
[GPU1] epochs: [7/100] train_acc: 0.218 train_loss_sup: 4.168
[GPU1] epochs: [8/100] train_acc: 0.225 train_loss_sup: 4.097
[GPU1] epochs: [9/100] train_acc: 0.233 train_loss_sup: 4.029
[GPU1] epochs: [10/100] train_acc: 0.237 train_loss_sup: 3.975
[GPU1] Test Accuracy at epoch: 10: 0.257
[GPU1] epochs: [11/100] train_acc: 0.244 train_loss_sup: 3.926
[GPU1] epochs: [12/100] train_acc: 0.248 train_loss_sup: 3.883
[GPU1] epochs: [13/100] train_acc: 0.251 train_loss_sup: 3.847
[GPU1] epochs: [14/100] train_acc: 0.256 train_loss_sup: 3.816
[GPU1] epochs: [15/100] train_acc: 0.259 train_loss_sup: 3.786
[GPU1] epochs: [16/100] train_acc: 0.261 train_loss_sup: 3.760
[GPU1] epochs: [17/100] train_acc: 0.263 train_loss_sup: 3.739
[GPU1] epochs: [18/100] train_acc: 0.269 train_loss_sup: 3.716
[GPU1] epochs: [19/100] train_acc: 0.271 train_loss_sup: 3.697
[GPU1] epochs: [20/100] train_acc: 0.272 train_loss_sup: 3.680
[GPU1] Test Accuracy at epoch: 20: 0.295
[GPU1] epochs: [21/100] train_acc: 0.276 train_loss_sup: 3.667
[GPU1] epochs: [22/100] train_acc: 0.278 train_loss_sup: 3.648
[GPU1] epochs: [23/100] train_acc: 0.280 train_loss_sup: 3.637
[GPU1] epochs: [24/100] train_acc: 0.279 train_loss_sup: 3.627
[GPU1] epochs: [25/100] train_acc: 0.283 train_loss_sup: 3.616
[GPU1] epochs: [26/100] train_acc: 0.284 train_loss_sup: 3.605
[GPU1] epochs: [27/100] train_acc: 0.286 train_loss_sup: 3.595
[GPU1] epochs: [28/100] train_acc: 0.286 train_loss_sup: 3.589
[GPU1] epochs: [29/100] train_acc: 0.289 train_loss_sup: 3.579
[GPU1] epochs: [30/100] train_acc: 0.287 train_loss_sup: 3.572
[GPU1] Test Accuracy at epoch: 30: 0.308
[GPU1] epochs: [31/100] train_acc: 0.290 train_loss_sup: 3.567
[GPU1] epochs: [32/100] train_acc: 0.292 train_loss_sup: 3.560
[GPU1] epochs: [33/100] train_acc: 0.291 train_loss_sup: 3.556
[GPU1] epochs: [34/100] train_acc: 0.293 train_loss_sup: 3.547
[GPU1] epochs: [35/100] train_acc: 0.294 train_loss_sup: 3.545
[GPU1] epochs: [36/100] train_acc: 0.294 train_loss_sup: 3.539
[GPU1] epochs: [37/100] train_acc: 0.293 train_loss_sup: 3.536
[GPU1] epochs: [38/100] train_acc: 0.296 train_loss_sup: 3.537
[GPU1] epochs: [39/100] train_acc: 0.297 train_loss_sup: 3.529
[GPU1] epochs: [40/100] train_acc: 0.297 train_loss_sup: 3.525
[GPU1] Test Accuracy at epoch: 40: 0.314
[GPU1] epochs: [41/100] train_acc: 0.298 train_loss_sup: 3.525
[GPU1] epochs: [42/100] train_acc: 0.297 train_loss_sup: 3.520
[GPU1] epochs: [43/100] train_acc: 0.300 train_loss_sup: 3.516
[GPU1] epochs: [44/100] train_acc: 0.299 train_loss_sup: 3.516
[GPU1] epochs: [45/100] train_acc: 0.298 train_loss_sup: 3.514
[GPU1] epochs: [46/100] train_acc: 0.301 train_loss_sup: 3.509
[GPU1] epochs: [47/100] train_acc: 0.303 train_loss_sup: 3.505
[GPU1] epochs: [48/100] train_acc: 0.301 train_loss_sup: 3.502
[GPU1] epochs: [49/100] train_acc: 0.301 train_loss_sup: 3.502
[GPU1] epochs: [50/100] train_acc: 0.302 train_loss_sup: 3.498
[GPU1] Test Accuracy at epoch: 50: 0.318
[GPU1] epochs: [51/100] train_acc: 0.303 train_loss_sup: 3.499
[GPU1] epochs: [52/100] train_acc: 0.303 train_loss_sup: 3.497
[GPU1] epochs: [53/100] train_acc: 0.303 train_loss_sup: 3.495
Namespace(dataset='timg', saved_path='saved_models/mae.bt.rot.timg.ec300.pth', gpu=1, model='vit', verbose=False, epochs=100, eval_every=10, knn=True, lreg=True, linprobe=True, tsne=False, umap=False, cmet=True, nw=4, pf=2)
<All keys matched successfully>
Starting Hyperparameter Sweep on 1...
===> using linear mlp
Scheduler: None
MLP: MLP(
  (mlp): Linear(in_features=384, out_features=200, bias=True)
)
[GPU1] Test Accuracy at epoch: 0: 0.084
[GPU1] epochs: [1/100] train_acc: 0.034 train_loss_sup: 5.223
[GPU1] epochs: [2/100] train_acc: 0.109 train_loss_sup: 5.058
[GPU1] epochs: [3/100] train_acc: 0.141 train_loss_sup: 4.913
[GPU1] epochs: [4/100] train_acc: 0.161 train_loss_sup: 4.788
[GPU1] epochs: [5/100] train_acc: 0.174 train_loss_sup: 4.676
[GPU1] epochs: [6/100] train_acc: 0.183 train_loss_sup: 4.576
[GPU1] epochs: [7/100] train_acc: 0.191 train_loss_sup: 4.489
[GPU1] epochs: [8/100] train_acc: 0.200 train_loss_sup: 4.407
[GPU1] epochs: [9/100] train_acc: 0.208 train_loss_sup: 4.332
[GPU1] epochs: [10/100] train_acc: 0.211 train_loss_sup: 4.267
[GPU1] Test Accuracy at epoch: 10: 0.235
[GPU1] epochs: [11/100] train_acc: 0.218 train_loss_sup: 4.206
[GPU1] epochs: [12/100] train_acc: 0.223 train_loss_sup: 4.148
[GPU1] epochs: [13/100] train_acc: 0.226 train_loss_sup: 4.095
[GPU1] epochs: [14/100] train_acc: 0.230 train_loss_sup: 4.048
[GPU1] epochs: [15/100] train_acc: 0.237 train_loss_sup: 4.002
[GPU1] epochs: [16/100] train_acc: 0.239 train_loss_sup: 3.960
[GPU1] epochs: [17/100] train_acc: 0.244 train_loss_sup: 3.921
[GPU1] epochs: [18/100] train_acc: 0.246 train_loss_sup: 3.884
[GPU1] epochs: [19/100] train_acc: 0.250 train_loss_sup: 3.846
[GPU1] epochs: [20/100] train_acc: 0.252 train_loss_sup: 3.815
[GPU1] Test Accuracy at epoch: 20: 0.273
[GPU1] epochs: [21/100] train_acc: 0.255 train_loss_sup: 3.787
[GPU1] epochs: [22/100] train_acc: 0.259 train_loss_sup: 3.757
[GPU1] epochs: [23/100] train_acc: 0.260 train_loss_sup: 3.730
[GPU1] epochs: [24/100] train_acc: 0.263 train_loss_sup: 3.702
[GPU1] epochs: [25/100] train_acc: 0.267 train_loss_sup: 3.678
[GPU1] epochs: [26/100] train_acc: 0.268 train_loss_sup: 3.654
[GPU1] epochs: [27/100] train_acc: 0.270 train_loss_sup: 3.632
[GPU1] epochs: [28/100] train_acc: 0.273 train_loss_sup: 3.612
[GPU1] epochs: [29/100] train_acc: 0.275 train_loss_sup: 3.588
[GPU1] epochs: [30/100] train_acc: 0.278 train_loss_sup: 3.567
[GPU1] Test Accuracy at epoch: 30: 0.299
[GPU1] epochs: [31/100] train_acc: 0.279 train_loss_sup: 3.551
[GPU1] epochs: [32/100] train_acc: 0.281 train_loss_sup: 3.534
[GPU1] epochs: [33/100] train_acc: 0.283 train_loss_sup: 3.515
[GPU1] epochs: [34/100] train_acc: 0.286 train_loss_sup: 3.501
[GPU1] epochs: [35/100] train_acc: 0.286 train_loss_sup: 3.481
[GPU1] epochs: [36/100] train_acc: 0.287 train_loss_sup: 3.467
[GPU1] epochs: [37/100] train_acc: 0.289 train_loss_sup: 3.452
[GPU1] epochs: [38/100] train_acc: 0.292 train_loss_sup: 3.437
[GPU1] epochs: [39/100] train_acc: 0.293 train_loss_sup: 3.424
[GPU1] epochs: [40/100] train_acc: 0.294 train_loss_sup: 3.410
[GPU1] Test Accuracy at epoch: 40: 0.313
[GPU1] epochs: [41/100] train_acc: 0.298 train_loss_sup: 3.398
[GPU1] epochs: [42/100] train_acc: 0.298 train_loss_sup: 3.389
[GPU1] epochs: [43/100] train_acc: 0.300 train_loss_sup: 3.376
[GPU1] epochs: [44/100] train_acc: 0.300 train_loss_sup: 3.362
[GPU1] epochs: [45/100] train_acc: 0.300 train_loss_sup: 3.352
[GPU1] epochs: [46/100] train_acc: 0.301 train_loss_sup: 3.343
[GPU1] epochs: [47/100] train_acc: 0.304 train_loss_sup: 3.331
[GPU1] epochs: [48/100] train_acc: 0.304 train_loss_sup: 3.319
[GPU1] epochs: [49/100] train_acc: 0.307 train_loss_sup: 3.311
[GPU1] epochs: [50/100] train_acc: 0.307 train_loss_sup: 3.297
[GPU1] Test Accuracy at epoch: 50: 0.324
[GPU1] epochs: [51/100] train_acc: 0.309 train_loss_sup: 3.292
[GPU1] epochs: [52/100] train_acc: 0.309 train_loss_sup: 3.284
[GPU1] epochs: [53/100] train_acc: 0.312 train_loss_sup: 3.271
[GPU1] epochs: [54/100] train_acc: 0.312 train_loss_sup: 3.265
[GPU1] epochs: [55/100] train_acc: 0.313 train_loss_sup: 3.254
[GPU1] epochs: [56/100] train_acc: 0.315 train_loss_sup: 3.248
[GPU1] epochs: [57/100] train_acc: 0.316 train_loss_sup: 3.237
[GPU1] epochs: [58/100] train_acc: 0.316 train_loss_sup: 3.232
[GPU1] epochs: [59/100] train_acc: 0.316 train_loss_sup: 3.223
[GPU1] epochs: [60/100] train_acc: 0.317 train_loss_sup: 3.216
[GPU1] Test Accuracy at epoch: 60: 0.338
[GPU1] epochs: [61/100] train_acc: 0.320 train_loss_sup: 3.206
[GPU1] epochs: [62/100] train_acc: 0.319 train_loss_sup: 3.203
[GPU1] epochs: [63/100] train_acc: 0.321 train_loss_sup: 3.191
[GPU1] epochs: [64/100] train_acc: 0.323 train_loss_sup: 3.186
[GPU1] epochs: [65/100] train_acc: 0.321 train_loss_sup: 3.179
[GPU1] epochs: [66/100] train_acc: 0.324 train_loss_sup: 3.173
[GPU1] epochs: [67/100] train_acc: 0.326 train_loss_sup: 3.165
[GPU1] epochs: [68/100] train_acc: 0.324 train_loss_sup: 3.161
[GPU1] epochs: [69/100] train_acc: 0.327 train_loss_sup: 3.150
[GPU1] epochs: [70/100] train_acc: 0.328 train_loss_sup: 3.145
[GPU1] Test Accuracy at epoch: 70: 0.345
[GPU1] epochs: [71/100] train_acc: 0.328 train_loss_sup: 3.142
[GPU1] epochs: [72/100] train_acc: 0.329 train_loss_sup: 3.135
[GPU1] epochs: [73/100] train_acc: 0.330 train_loss_sup: 3.130
[GPU1] epochs: [74/100] train_acc: 0.329 train_loss_sup: 3.130
[GPU1] epochs: [75/100] train_acc: 0.331 train_loss_sup: 3.115
[GPU1] epochs: [76/100] train_acc: 0.331 train_loss_sup: 3.114
[GPU1] epochs: [77/100] train_acc: 0.330 train_loss_sup: 3.111
[GPU1] epochs: [78/100] train_acc: 0.333 train_loss_sup: 3.104
[GPU1] epochs: [79/100] train_acc: 0.334 train_loss_sup: 3.097
[GPU1] epochs: [80/100] train_acc: 0.335 train_loss_sup: 3.095
[GPU1] Test Accuracy at epoch: 80: 0.35
[GPU1] epochs: [81/100] train_acc: 0.336 train_loss_sup: 3.088
[GPU1] epochs: [82/100] train_acc: 0.335 train_loss_sup: 3.083
[GPU1] epochs: [83/100] train_acc: 0.335 train_loss_sup: 3.077
[GPU1] epochs: [84/100] train_acc: 0.336 train_loss_sup: 3.075
[GPU1] epochs: [85/100] train_acc: 0.337 train_loss_sup: 3.070
[GPU1] epochs: [86/100] train_acc: 0.337 train_loss_sup: 3.066
[GPU1] epochs: [87/100] train_acc: 0.339 train_loss_sup: 3.062
[GPU1] epochs: [88/100] train_acc: 0.340 train_loss_sup: 3.058
[GPU1] epochs: [89/100] train_acc: 0.339 train_loss_sup: 3.054
[GPU1] epochs: [90/100] train_acc: 0.341 train_loss_sup: 3.044
[GPU1] Test Accuracy at epoch: 90: 0.358
[GPU1] epochs: [91/100] train_acc: 0.341 train_loss_sup: 3.046
[GPU1] epochs: [92/100] train_acc: 0.341 train_loss_sup: 3.041
[GPU1] epochs: [93/100] train_acc: 0.341 train_loss_sup: 3.040
[GPU1] epochs: [94/100] train_acc: 0.341 train_loss_sup: 3.034
[GPU1] epochs: [95/100] train_acc: 0.344 train_loss_sup: 3.027
[GPU1] epochs: [96/100] train_acc: 0.343 train_loss_sup: 3.026
[GPU1] epochs: [97/100] train_acc: 0.346 train_loss_sup: 3.018
[GPU1] epochs: [98/100] train_acc: 0.344 train_loss_sup: 3.017
[GPU1] epochs: [99/100] train_acc: 0.345 train_loss_sup: 3.009
[GPU1] epochs: [100/100] train_acc: 0.346 train_loss_sup: 3.009
[GPU1] Final Test Accuracy: 0.363
LR: 0.100 | WD: 0.000001 | Cosine: False | test Acc: 0.363%
===> using linear mlp
Scheduler: None
MLP: MLP(
  (mlp): Linear(in_features=384, out_features=200, bias=True)
)
[GPU1] Test Accuracy at epoch: 0: 0.092
[GPU1] epochs: [1/100] train_acc: 0.035 train_loss_sup: 5.223
[GPU1] epochs: [2/100] train_acc: 0.106 train_loss_sup: 5.061
[GPU1] epochs: [3/100] train_acc: 0.134 train_loss_sup: 4.921
[GPU1] epochs: [4/100] train_acc: 0.158 train_loss_sup: 4.801
[GPU1] epochs: [5/100] train_acc: 0.170 train_loss_sup: 4.696
[GPU1] epochs: [6/100] train_acc: 0.182 train_loss_sup: 4.605
[GPU1] epochs: [7/100] train_acc: 0.190 train_loss_sup: 4.523
[GPU1] epochs: [8/100] train_acc: 0.197 train_loss_sup: 4.452
[GPU1] epochs: [9/100] train_acc: 0.204 train_loss_sup: 4.384
[GPU1] epochs: [10/100] train_acc: 0.208 train_loss_sup: 4.329
[GPU1] Test Accuracy at epoch: 10: 0.228
[GPU1] epochs: [11/100] train_acc: 0.214 train_loss_sup: 4.274
[GPU1] epochs: [12/100] train_acc: 0.217 train_loss_sup: 4.227
[GPU1] epochs: [13/100] train_acc: 0.221 train_loss_sup: 4.182
[GPU1] epochs: [14/100] train_acc: 0.225 train_loss_sup: 4.142
[GPU1] epochs: [15/100] train_acc: 0.230 train_loss_sup: 4.104
[GPU1] epochs: [16/100] train_acc: 0.235 train_loss_sup: 4.067
[GPU1] epochs: [17/100] train_acc: 0.237 train_loss_sup: 4.038
[GPU1] epochs: [18/100] train_acc: 0.239 train_loss_sup: 4.008
[GPU1] epochs: [19/100] train_acc: 0.242 train_loss_sup: 3.980
[GPU1] epochs: [20/100] train_acc: 0.244 train_loss_sup: 3.954
[GPU1] Test Accuracy at epoch: 20: 0.264
[GPU1] epochs: [21/100] train_acc: 0.246 train_loss_sup: 3.929
[GPU1] epochs: [22/100] train_acc: 0.249 train_loss_sup: 3.908
[GPU1] epochs: [23/100] train_acc: 0.251 train_loss_sup: 3.888
[GPU1] epochs: [24/100] train_acc: 0.254 train_loss_sup: 3.867
[GPU1] epochs: [25/100] train_acc: 0.256 train_loss_sup: 3.851
[GPU1] epochs: [26/100] train_acc: 0.258 train_loss_sup: 3.832
[GPU1] epochs: [27/100] train_acc: 0.259 train_loss_sup: 3.817
[GPU1] epochs: [28/100] train_acc: 0.260 train_loss_sup: 3.801
[GPU1] epochs: [29/100] train_acc: 0.263 train_loss_sup: 3.788
[GPU1] epochs: [30/100] train_acc: 0.264 train_loss_sup: 3.773
[GPU1] Test Accuracy at epoch: 30: 0.282
[GPU1] epochs: [31/100] train_acc: 0.266 train_loss_sup: 3.759
[GPU1] epochs: [32/100] train_acc: 0.269 train_loss_sup: 3.745
[GPU1] epochs: [33/100] train_acc: 0.268 train_loss_sup: 3.737
[GPU1] epochs: [34/100] train_acc: 0.270 train_loss_sup: 3.725
[GPU1] epochs: [35/100] train_acc: 0.271 train_loss_sup: 3.716
[GPU1] epochs: [36/100] train_acc: 0.274 train_loss_sup: 3.704
[GPU1] epochs: [37/100] train_acc: 0.274 train_loss_sup: 3.696
[GPU1] epochs: [38/100] train_acc: 0.274 train_loss_sup: 3.688
[GPU1] epochs: [39/100] train_acc: 0.275 train_loss_sup: 3.677
[GPU1] epochs: [40/100] train_acc: 0.277 train_loss_sup: 3.671
[GPU1] Test Accuracy at epoch: 40: 0.299
[GPU1] epochs: [41/100] train_acc: 0.278 train_loss_sup: 3.662
[GPU1] epochs: [42/100] train_acc: 0.281 train_loss_sup: 3.654
[GPU1] epochs: [43/100] train_acc: 0.280 train_loss_sup: 3.650
[GPU1] epochs: [44/100] train_acc: 0.281 train_loss_sup: 3.640
[GPU1] epochs: [45/100] train_acc: 0.283 train_loss_sup: 3.633
[GPU1] epochs: [46/100] train_acc: 0.284 train_loss_sup: 3.628
[GPU1] epochs: [47/100] train_acc: 0.283 train_loss_sup: 3.624
[GPU1] epochs: [48/100] train_acc: 0.284 train_loss_sup: 3.618
[GPU1] epochs: [49/100] train_acc: 0.285 train_loss_sup: 3.611
[GPU1] epochs: [50/100] train_acc: 0.286 train_loss_sup: 3.605
[GPU1] Test Accuracy at epoch: 50: 0.304
[GPU1] epochs: [51/100] train_acc: 0.287 train_loss_sup: 3.600
[GPU1] epochs: [52/100] train_acc: 0.288 train_loss_sup: 3.593
[GPU1] epochs: [53/100] train_acc: 0.289 train_loss_sup: 3.593
[GPU1] epochs: [54/100] train_acc: 0.290 train_loss_sup: 3.587
[GPU1] epochs: [55/100] train_acc: 0.288 train_loss_sup: 3.589
[GPU1] epochs: [56/100] train_acc: 0.291 train_loss_sup: 3.581
[GPU1] epochs: [57/100] train_acc: 0.291 train_loss_sup: 3.577
[GPU1] epochs: [58/100] train_acc: 0.290 train_loss_sup: 3.573
[GPU1] epochs: [59/100] train_acc: 0.293 train_loss_sup: 3.568
[GPU1] epochs: [60/100] train_acc: 0.293 train_loss_sup: 3.564
[GPU1] Test Accuracy at epoch: 60: 0.311
[GPU1] epochs: [61/100] train_acc: 0.293 train_loss_sup: 3.564
[GPU1] epochs: [62/100] train_acc: 0.295 train_loss_sup: 3.558
[GPU1] epochs: [63/100] train_acc: 0.295 train_loss_sup: 3.555
[GPU1] epochs: [64/100] train_acc: 0.294 train_loss_sup: 3.551
[GPU1] epochs: [65/100] train_acc: 0.296 train_loss_sup: 3.551
[GPU1] epochs: [66/100] train_acc: 0.294 train_loss_sup: 3.548
[GPU1] epochs: [67/100] train_acc: 0.295 train_loss_sup: 3.547
[GPU1] epochs: [68/100] train_acc: 0.297 train_loss_sup: 3.542
[GPU1] epochs: [69/100] train_acc: 0.295 train_loss_sup: 3.540
[GPU1] epochs: [70/100] train_acc: 0.298 train_loss_sup: 3.538
[GPU1] Test Accuracy at epoch: 70: 0.312
[GPU1] epochs: [71/100] train_acc: 0.298 train_loss_sup: 3.537
[GPU1] epochs: [72/100] train_acc: 0.297 train_loss_sup: 3.533
[GPU1] epochs: [73/100] train_acc: 0.298 train_loss_sup: 3.531
[GPU1] epochs: [74/100] train_acc: 0.298 train_loss_sup: 3.530
[GPU1] epochs: [75/100] train_acc: 0.300 train_loss_sup: 3.526
[GPU1] epochs: [76/100] train_acc: 0.299 train_loss_sup: 3.527
[GPU1] epochs: [77/100] train_acc: 0.300 train_loss_sup: 3.525
[GPU1] epochs: [78/100] train_acc: 0.300 train_loss_sup: 3.523
[GPU1] epochs: [79/100] train_acc: 0.300 train_loss_sup: 3.521
[GPU1] epochs: [80/100] train_acc: 0.300 train_loss_sup: 3.518
[GPU1] Test Accuracy at epoch: 80: 0.319
[GPU1] epochs: [81/100] train_acc: 0.302 train_loss_sup: 3.516
[GPU1] epochs: [82/100] train_acc: 0.301 train_loss_sup: 3.516
[GPU1] epochs: [83/100] train_acc: 0.301 train_loss_sup: 3.515
[GPU1] epochs: [84/100] train_acc: 0.301 train_loss_sup: 3.516
[GPU1] epochs: [85/100] train_acc: 0.301 train_loss_sup: 3.511
[GPU1] epochs: [86/100] train_acc: 0.305 train_loss_sup: 3.508
[GPU1] epochs: [87/100] train_acc: 0.303 train_loss_sup: 3.509
[GPU1] epochs: [88/100] train_acc: 0.303 train_loss_sup: 3.508
[GPU1] epochs: [89/100] train_acc: 0.302 train_loss_sup: 3.506
[GPU1] epochs: [90/100] train_acc: 0.304 train_loss_sup: 3.503
[GPU1] Test Accuracy at epoch: 90: 0.318
[GPU1] epochs: [91/100] train_acc: 0.304 train_loss_sup: 3.504
[GPU1] epochs: [92/100] train_acc: 0.303 train_loss_sup: 3.504
[GPU1] epochs: [93/100] train_acc: 0.304 train_loss_sup: 3.502
[GPU1] epochs: [94/100] train_acc: 0.302 train_loss_sup: 3.505
[GPU1] epochs: [95/100] train_acc: 0.304 train_loss_sup: 3.501
[GPU1] epochs: [96/100] train_acc: 0.304 train_loss_sup: 3.499
[GPU1] epochs: [97/100] train_acc: 0.305 train_loss_sup: 3.498
[GPU1] epochs: [98/100] train_acc: 0.305 train_loss_sup: 3.497
[GPU1] epochs: [99/100] train_acc: 0.304 train_loss_sup: 3.498
[GPU1] epochs: [100/100] train_acc: 0.308 train_loss_sup: 3.492
[GPU1] Final Test Accuracy: 0.324
LR: 0.100 | WD: 0.000100 | Cosine: False | test Acc: 0.324%
===> using linear mlp
Scheduler: None
MLP: MLP(
  (mlp): Linear(in_features=384, out_features=200, bias=True)
)
[GPU1] Test Accuracy at epoch: 0: 0.086
[GPU1] epochs: [1/100] train_acc: 0.041 train_loss_sup: 5.223
[GPU1] epochs: [2/100] train_acc: 0.104 train_loss_sup: 5.058
[GPU1] epochs: [3/100] train_acc: 0.136 train_loss_sup: 4.914
[GPU1] epochs: [4/100] train_acc: 0.156 train_loss_sup: 4.788
[GPU1] epochs: [5/100] train_acc: 0.173 train_loss_sup: 4.677
[GPU1] epochs: [6/100] train_acc: 0.185 train_loss_sup: 4.576
[GPU1] epochs: [7/100] train_acc: 0.193 train_loss_sup: 4.487
[GPU1] epochs: [8/100] train_acc: 0.200 train_loss_sup: 4.406
[GPU1] epochs: [9/100] train_acc: 0.206 train_loss_sup: 4.332
[GPU1] epochs: [10/100] train_acc: 0.210 train_loss_sup: 4.266
[GPU1] Test Accuracy at epoch: 10: 0.242
[GPU1] epochs: [11/100] train_acc: 0.218 train_loss_sup: 4.204
[GPU1] epochs: [12/100] train_acc: 0.223 train_loss_sup: 4.146
[GPU1] epochs: [13/100] train_acc: 0.227 train_loss_sup: 4.093
[GPU1] epochs: [14/100] train_acc: 0.231 train_loss_sup: 4.047
[GPU1] epochs: [15/100] train_acc: 0.236 train_loss_sup: 4.000
[GPU1] epochs: [16/100] train_acc: 0.239 train_loss_sup: 3.961
[GPU1] epochs: [17/100] train_acc: 0.241 train_loss_sup: 3.919
[GPU1] epochs: [18/100] train_acc: 0.246 train_loss_sup: 3.883
[GPU1] epochs: [19/100] train_acc: 0.250 train_loss_sup: 3.847
[GPU1] epochs: [20/100] train_acc: 0.254 train_loss_sup: 3.815
[GPU1] Test Accuracy at epoch: 20: 0.274
[GPU1] epochs: [21/100] train_acc: 0.255 train_loss_sup: 3.785
[GPU1] epochs: [22/100] train_acc: 0.257 train_loss_sup: 3.755
[GPU1] epochs: [23/100] train_acc: 0.262 train_loss_sup: 3.727
[GPU1] epochs: [24/100] train_acc: 0.263 train_loss_sup: 3.701
[GPU1] epochs: [25/100] train_acc: 0.265 train_loss_sup: 3.676
[GPU1] epochs: [26/100] train_acc: 0.269 train_loss_sup: 3.650
[GPU1] epochs: [27/100] train_acc: 0.270 train_loss_sup: 3.632
[GPU1] epochs: [28/100] train_acc: 0.273 train_loss_sup: 3.608
[GPU1] epochs: [29/100] train_acc: 0.276 train_loss_sup: 3.587
[GPU1] epochs: [30/100] train_acc: 0.279 train_loss_sup: 3.564
[GPU1] Test Accuracy at epoch: 30: 0.297
[GPU1] epochs: [31/100] train_acc: 0.280 train_loss_sup: 3.548
[GPU1] epochs: [32/100] train_acc: 0.282 train_loss_sup: 3.531
[GPU1] epochs: [33/100] train_acc: 0.284 train_loss_sup: 3.511
[GPU1] epochs: [34/100] train_acc: 0.284 train_loss_sup: 3.497
[GPU1] epochs: [35/100] train_acc: 0.287 train_loss_sup: 3.481
[GPU1] epochs: [36/100] train_acc: 0.288 train_loss_sup: 3.465
[GPU1] epochs: [37/100] train_acc: 0.290 train_loss_sup: 3.451
[GPU1] epochs: [38/100] train_acc: 0.292 train_loss_sup: 3.437
[GPU1] epochs: [39/100] train_acc: 0.294 train_loss_sup: 3.420
[GPU1] epochs: [40/100] train_acc: 0.296 train_loss_sup: 3.407
[GPU1] Test Accuracy at epoch: 40: 0.317
[GPU1] epochs: [41/100] train_acc: 0.296 train_loss_sup: 3.395
[GPU1] epochs: [42/100] train_acc: 0.298 train_loss_sup: 3.385
[GPU1] epochs: [43/100] train_acc: 0.300 train_loss_sup: 3.372
[GPU1] epochs: [44/100] train_acc: 0.300 train_loss_sup: 3.359
[GPU1] epochs: [45/100] train_acc: 0.303 train_loss_sup: 3.348
[GPU1] epochs: [46/100] train_acc: 0.303 train_loss_sup: 3.338
[GPU1] epochs: [47/100] train_acc: 0.305 train_loss_sup: 3.325
[GPU1] epochs: [48/100] train_acc: 0.306 train_loss_sup: 3.314
[GPU1] epochs: [49/100] train_acc: 0.307 train_loss_sup: 3.304
[GPU1] epochs: [50/100] train_acc: 0.308 train_loss_sup: 3.296
[GPU1] Test Accuracy at epoch: 50: 0.326
[GPU1] epochs: [51/100] train_acc: 0.310 train_loss_sup: 3.289
[GPU1] epochs: [52/100] train_acc: 0.311 train_loss_sup: 3.280
[GPU1] epochs: [53/100] train_acc: 0.313 train_loss_sup: 3.269
[GPU1] epochs: [54/100] train_acc: 0.313 train_loss_sup: 3.257
[GPU1] epochs: [55/100] train_acc: 0.314 train_loss_sup: 3.249
[GPU1] epochs: [56/100] train_acc: 0.315 train_loss_sup: 3.241
[GPU1] epochs: [57/100] train_acc: 0.315 train_loss_sup: 3.234
[GPU1] epochs: [58/100] train_acc: 0.316 train_loss_sup: 3.227
[GPU1] epochs: [59/100] train_acc: 0.319 train_loss_sup: 3.216
[GPU1] epochs: [60/100] train_acc: 0.319 train_loss_sup: 3.211
[GPU1] Test Accuracy at epoch: 60: 0.333
[GPU1] epochs: [61/100] train_acc: 0.319 train_loss_sup: 3.202
[GPU1] epochs: [62/100] train_acc: 0.321 train_loss_sup: 3.197
[GPU1] epochs: [63/100] train_acc: 0.322 train_loss_sup: 3.191
[GPU1] epochs: [64/100] train_acc: 0.322 train_loss_sup: 3.184
[GPU1] epochs: [65/100] train_acc: 0.324 train_loss_sup: 3.175
[GPU1] epochs: [66/100] train_acc: 0.324 train_loss_sup: 3.168
[GPU1] epochs: [67/100] train_acc: 0.323 train_loss_sup: 3.166
[GPU1] epochs: [68/100] train_acc: 0.326 train_loss_sup: 3.156
[GPU1] epochs: [69/100] train_acc: 0.327 train_loss_sup: 3.150
[GPU1] epochs: [70/100] train_acc: 0.326 train_loss_sup: 3.146
[GPU1] Test Accuracy at epoch: 70: 0.346
[GPU1] epochs: [71/100] train_acc: 0.328 train_loss_sup: 3.138
[GPU1] epochs: [72/100] train_acc: 0.328 train_loss_sup: 3.136
[GPU1] epochs: [73/100] train_acc: 0.330 train_loss_sup: 3.128
[GPU1] epochs: [74/100] train_acc: 0.331 train_loss_sup: 3.120
[GPU1] epochs: [75/100] train_acc: 0.330 train_loss_sup: 3.116
[GPU1] epochs: [76/100] train_acc: 0.331 train_loss_sup: 3.110
[GPU1] epochs: [77/100] train_acc: 0.334 train_loss_sup: 3.102
[GPU1] epochs: [78/100] train_acc: 0.333 train_loss_sup: 3.098
[GPU1] epochs: [79/100] train_acc: 0.333 train_loss_sup: 3.097
[GPU1] epochs: [80/100] train_acc: 0.334 train_loss_sup: 3.088
[GPU1] Test Accuracy at epoch: 80: 0.353
[GPU1] epochs: [81/100] train_acc: 0.336 train_loss_sup: 3.084
[GPU1] epochs: [82/100] train_acc: 0.336 train_loss_sup: 3.081
[GPU1] epochs: [83/100] train_acc: 0.335 train_loss_sup: 3.075
[GPU1] epochs: [84/100] train_acc: 0.338 train_loss_sup: 3.068
[GPU1] epochs: [85/100] train_acc: 0.336 train_loss_sup: 3.066
[GPU1] epochs: [86/100] train_acc: 0.340 train_loss_sup: 3.059
[GPU1] epochs: [87/100] train_acc: 0.339 train_loss_sup: 3.057
[GPU1] epochs: [88/100] train_acc: 0.339 train_loss_sup: 3.051
[GPU1] epochs: [89/100] train_acc: 0.339 train_loss_sup: 3.046
[GPU1] epochs: [90/100] train_acc: 0.339 train_loss_sup: 3.046
[GPU1] Test Accuracy at epoch: 90: 0.359
[GPU1] epochs: [91/100] train_acc: 0.341 train_loss_sup: 3.038
[GPU1] epochs: [92/100] train_acc: 0.342 train_loss_sup: 3.033
[GPU1] epochs: [93/100] train_acc: 0.342 train_loss_sup: 3.028
[GPU1] epochs: [94/100] train_acc: 0.343 train_loss_sup: 3.027
[GPU1] epochs: [95/100] train_acc: 0.345 train_loss_sup: 3.021
[GPU1] epochs: [96/100] train_acc: 0.345 train_loss_sup: 3.013
[GPU1] epochs: [97/100] train_acc: 0.345 train_loss_sup: 3.020
[GPU1] epochs: [98/100] train_acc: 0.345 train_loss_sup: 3.015
[GPU1] epochs: [99/100] train_acc: 0.347 train_loss_sup: 3.005
[GPU1] epochs: [100/100] train_acc: 0.347 train_loss_sup: 3.001
[GPU1] Final Test Accuracy: 0.364
LR: 0.100 | WD: 0.000000 | Cosine: False | test Acc: 0.364%
===> using linear mlp
Scheduler: None
MLP: MLP(
  (mlp): Linear(in_features=384, out_features=200, bias=True)
)
[GPU1] Test Accuracy at epoch: 0: 0.194
[GPU1] epochs: [1/100] train_acc: 0.099 train_loss_sup: 4.762
[GPU1] epochs: [2/100] train_acc: 0.200 train_loss_sup: 4.058
[GPU1] epochs: [3/100] train_acc: 0.242 train_loss_sup: 3.728
[GPU1] epochs: [4/100] train_acc: 0.264 train_loss_sup: 3.535
[GPU1] epochs: [5/100] train_acc: 0.281 train_loss_sup: 3.401
[GPU1] epochs: [6/100] train_acc: 0.294 train_loss_sup: 3.304
[GPU1] epochs: [7/100] train_acc: 0.305 train_loss_sup: 3.222
[GPU1] epochs: [8/100] train_acc: 0.315 train_loss_sup: 3.162
[GPU1] epochs: [9/100] train_acc: 0.320 train_loss_sup: 3.118
[GPU1] epochs: [10/100] train_acc: 0.325 train_loss_sup: 3.077
[GPU1] Test Accuracy at epoch: 10: 0.348
[GPU1] epochs: [11/100] train_acc: 0.332 train_loss_sup: 3.035
[GPU1] epochs: [12/100] train_acc: 0.337 train_loss_sup: 3.003
[GPU1] epochs: [13/100] train_acc: 0.342 train_loss_sup: 2.977
[GPU1] epochs: [14/100] train_acc: 0.346 train_loss_sup: 2.952
[GPU1] epochs: [15/100] train_acc: 0.348 train_loss_sup: 2.927
[GPU1] epochs: [16/100] train_acc: 0.353 train_loss_sup: 2.910
[GPU1] epochs: [17/100] train_acc: 0.355 train_loss_sup: 2.890
[GPU1] epochs: [18/100] train_acc: 0.359 train_loss_sup: 2.872
[GPU1] epochs: [19/100] train_acc: 0.360 train_loss_sup: 2.859
[GPU1] epochs: [20/100] train_acc: 0.361 train_loss_sup: 2.845
[GPU1] Test Accuracy at epoch: 20: 0.382
[GPU1] epochs: [21/100] train_acc: 0.364 train_loss_sup: 2.832
[GPU1] epochs: [22/100] train_acc: 0.367 train_loss_sup: 2.813
[GPU1] epochs: [23/100] train_acc: 0.367 train_loss_sup: 2.807
[GPU1] epochs: [24/100] train_acc: 0.371 train_loss_sup: 2.793
[GPU1] epochs: [25/100] train_acc: 0.372 train_loss_sup: 2.784
[GPU1] epochs: [26/100] train_acc: 0.374 train_loss_sup: 2.775
[GPU1] epochs: [27/100] train_acc: 0.374 train_loss_sup: 2.767
[GPU1] epochs: [28/100] train_acc: 0.378 train_loss_sup: 2.758
[GPU1] epochs: [29/100] train_acc: 0.378 train_loss_sup: 2.748
[GPU1] epochs: [30/100] train_acc: 0.380 train_loss_sup: 2.743
[GPU1] Test Accuracy at epoch: 30: 0.399
[GPU1] epochs: [31/100] train_acc: 0.382 train_loss_sup: 2.730
[GPU1] epochs: [32/100] train_acc: 0.383 train_loss_sup: 2.721
[GPU1] epochs: [33/100] train_acc: 0.384 train_loss_sup: 2.718
[GPU1] epochs: [34/100] train_acc: 0.386 train_loss_sup: 2.712
[GPU1] epochs: [35/100] train_acc: 0.387 train_loss_sup: 2.702
[GPU1] epochs: [36/100] train_acc: 0.387 train_loss_sup: 2.700
[GPU1] epochs: [37/100] train_acc: 0.388 train_loss_sup: 2.697
[GPU1] epochs: [38/100] train_acc: 0.388 train_loss_sup: 2.689
[GPU1] epochs: [39/100] train_acc: 0.389 train_loss_sup: 2.681
[GPU1] epochs: [40/100] train_acc: 0.390 train_loss_sup: 2.680
[GPU1] Test Accuracy at epoch: 40: 0.406
[GPU1] epochs: [41/100] train_acc: 0.393 train_loss_sup: 2.672
[GPU1] epochs: [42/100] train_acc: 0.394 train_loss_sup: 2.667
[GPU1] epochs: [43/100] train_acc: 0.393 train_loss_sup: 2.662
[GPU1] epochs: [44/100] train_acc: 0.395 train_loss_sup: 2.655
[GPU1] epochs: [45/100] train_acc: 0.395 train_loss_sup: 2.657
[GPU1] epochs: [46/100] train_acc: 0.397 train_loss_sup: 2.646
[GPU1] epochs: [47/100] train_acc: 0.396 train_loss_sup: 2.645
[GPU1] epochs: [48/100] train_acc: 0.398 train_loss_sup: 2.642
[GPU1] epochs: [49/100] train_acc: 0.397 train_loss_sup: 2.639
[GPU1] epochs: [50/100] train_acc: 0.398 train_loss_sup: 2.635
[GPU1] Test Accuracy at epoch: 50: 0.408
[GPU1] epochs: [51/100] train_acc: 0.399 train_loss_sup: 2.631
[GPU1] epochs: [52/100] train_acc: 0.400 train_loss_sup: 2.625
[GPU1] epochs: [53/100] train_acc: 0.402 train_loss_sup: 2.622
[GPU1] epochs: [54/100] train_acc: 0.402 train_loss_sup: 2.617
[GPU1] epochs: [55/100] train_acc: 0.401 train_loss_sup: 2.621
[GPU1] epochs: [56/100] train_acc: 0.400 train_loss_sup: 2.618
[GPU1] epochs: [57/100] train_acc: 0.402 train_loss_sup: 2.612
[GPU1] epochs: [58/100] train_acc: 0.401 train_loss_sup: 2.614
[GPU1] epochs: [59/100] train_acc: 0.403 train_loss_sup: 2.609
[GPU1] epochs: [60/100] train_acc: 0.405 train_loss_sup: 2.604
[GPU1] Test Accuracy at epoch: 60: 0.413
[GPU1] epochs: [61/100] train_acc: 0.406 train_loss_sup: 2.599
[GPU1] epochs: [62/100] train_acc: 0.406 train_loss_sup: 2.599
[GPU1] epochs: [63/100] train_acc: 0.404 train_loss_sup: 2.597
[GPU1] epochs: [64/100] train_acc: 0.406 train_loss_sup: 2.590
[GPU1] epochs: [65/100] train_acc: 0.407 train_loss_sup: 2.585
[GPU1] epochs: [66/100] train_acc: 0.408 train_loss_sup: 2.588
[GPU1] epochs: [67/100] train_acc: 0.407 train_loss_sup: 2.585
[GPU1] epochs: [68/100] train_acc: 0.407 train_loss_sup: 2.580
[GPU1] epochs: [69/100] train_acc: 0.409 train_loss_sup: 2.579
[GPU1] epochs: [70/100] train_acc: 0.409 train_loss_sup: 2.575
[GPU1] Test Accuracy at epoch: 70: 0.421
[GPU1] epochs: [71/100] train_acc: 0.409 train_loss_sup: 2.575
[GPU1] epochs: [72/100] train_acc: 0.409 train_loss_sup: 2.569
[GPU1] epochs: [73/100] train_acc: 0.410 train_loss_sup: 2.572
[GPU1] epochs: [74/100] train_acc: 0.411 train_loss_sup: 2.569
[GPU1] epochs: [75/100] train_acc: 0.410 train_loss_sup: 2.568
[GPU1] epochs: [76/100] train_acc: 0.409 train_loss_sup: 2.568
[GPU1] epochs: [77/100] train_acc: 0.413 train_loss_sup: 2.560
[GPU1] epochs: [78/100] train_acc: 0.413 train_loss_sup: 2.554
[GPU1] epochs: [79/100] train_acc: 0.412 train_loss_sup: 2.563
[GPU1] epochs: [80/100] train_acc: 0.413 train_loss_sup: 2.560
[GPU1] Test Accuracy at epoch: 80: 0.427
[GPU1] epochs: [81/100] train_acc: 0.414 train_loss_sup: 2.552
[GPU1] epochs: [82/100] train_acc: 0.414 train_loss_sup: 2.552
[GPU1] epochs: [83/100] train_acc: 0.414 train_loss_sup: 2.544
[GPU1] epochs: [84/100] train_acc: 0.416 train_loss_sup: 2.551
[GPU1] epochs: [85/100] train_acc: 0.415 train_loss_sup: 2.548
[GPU1] epochs: [86/100] train_acc: 0.414 train_loss_sup: 2.547
[GPU1] epochs: [87/100] train_acc: 0.415 train_loss_sup: 2.543
[GPU1] epochs: [88/100] train_acc: 0.415 train_loss_sup: 2.543
[GPU1] epochs: [89/100] train_acc: 0.415 train_loss_sup: 2.541
[GPU1] epochs: [90/100] train_acc: 0.415 train_loss_sup: 2.540
[GPU1] Test Accuracy at epoch: 90: 0.427
[GPU1] epochs: [91/100] train_acc: 0.414 train_loss_sup: 2.548
[GPU1] epochs: [92/100] train_acc: 0.418 train_loss_sup: 2.534
[GPU1] epochs: [93/100] train_acc: 0.416 train_loss_sup: 2.533
[GPU1] epochs: [94/100] train_acc: 0.415 train_loss_sup: 2.536
[GPU1] epochs: [95/100] train_acc: 0.416 train_loss_sup: 2.538
[GPU1] epochs: [96/100] train_acc: 0.416 train_loss_sup: 2.536
[GPU1] epochs: [97/100] train_acc: 0.419 train_loss_sup: 2.526
[GPU1] epochs: [98/100] train_acc: 0.416 train_loss_sup: 2.531
[GPU1] epochs: [99/100] train_acc: 0.419 train_loss_sup: 2.523
[GPU1] epochs: [100/100] train_acc: 0.419 train_loss_sup: 2.524
[GPU1] Final Test Accuracy: 0.428
LR: 1.000 | WD: 0.000001 | Cosine: False | test Acc: 0.428%
===> using linear mlp
Scheduler: None
MLP: MLP(
  (mlp): Linear(in_features=384, out_features=200, bias=True)
)
[GPU1] Test Accuracy at epoch: 0: 0.177
[GPU1] epochs: [1/100] train_acc: 0.097 train_loss_sup: 4.787
[GPU1] epochs: [2/100] train_acc: 0.190 train_loss_sup: 4.158
[GPU1] epochs: [3/100] train_acc: 0.224 train_loss_sup: 3.898
[GPU1] epochs: [4/100] train_acc: 0.244 train_loss_sup: 3.765
[GPU1] epochs: [5/100] train_acc: 0.255 train_loss_sup: 3.682
[GPU1] epochs: [6/100] train_acc: 0.264 train_loss_sup: 3.632
[GPU1] epochs: [7/100] train_acc: 0.270 train_loss_sup: 3.599
[GPU1] epochs: [8/100] train_acc: 0.272 train_loss_sup: 3.579
[GPU1] epochs: [9/100] train_acc: 0.275 train_loss_sup: 3.560
[GPU1] epochs: [10/100] train_acc: 0.278 train_loss_sup: 3.547
[GPU1] Test Accuracy at epoch: 10: 0.306
[GPU1] epochs: [11/100] train_acc: 0.279 train_loss_sup: 3.541
[GPU1] epochs: [12/100] train_acc: 0.281 train_loss_sup: 3.534
[GPU1] epochs: [13/100] train_acc: 0.282 train_loss_sup: 3.533
[GPU1] epochs: [14/100] train_acc: 0.282 train_loss_sup: 3.529
[GPU1] epochs: [15/100] train_acc: 0.283 train_loss_sup: 3.524
[GPU1] epochs: [16/100] train_acc: 0.281 train_loss_sup: 3.525
[GPU1] epochs: [17/100] train_acc: 0.285 train_loss_sup: 3.522
[GPU1] epochs: [18/100] train_acc: 0.285 train_loss_sup: 3.519
[GPU1] epochs: [19/100] train_acc: 0.283 train_loss_sup: 3.525
[GPU1] epochs: [20/100] train_acc: 0.283 train_loss_sup: 3.519
[GPU1] Test Accuracy at epoch: 20: 0.305
[GPU1] epochs: [21/100] train_acc: 0.284 train_loss_sup: 3.520
[GPU1] epochs: [22/100] train_acc: 0.286 train_loss_sup: 3.518
[GPU1] epochs: [23/100] train_acc: 0.285 train_loss_sup: 3.519
[GPU1] epochs: [24/100] train_acc: 0.282 train_loss_sup: 3.519
[GPU1] epochs: [25/100] train_acc: 0.283 train_loss_sup: 3.518
[GPU1] epochs: [26/100] train_acc: 0.284 train_loss_sup: 3.522
[GPU1] epochs: [27/100] train_acc: 0.287 train_loss_sup: 3.517
[GPU1] epochs: [28/100] train_acc: 0.284 train_loss_sup: 3.517
[GPU1] epochs: [29/100] train_acc: 0.286 train_loss_sup: 3.516
[GPU1] epochs: [30/100] train_acc: 0.285 train_loss_sup: 3.516
[GPU1] Test Accuracy at epoch: 30: 0.304
[GPU1] epochs: [31/100] train_acc: 0.286 train_loss_sup: 3.518
[GPU1] epochs: [32/100] train_acc: 0.284 train_loss_sup: 3.519
[GPU1] epochs: [33/100] train_acc: 0.284 train_loss_sup: 3.519
[GPU1] epochs: [34/100] train_acc: 0.284 train_loss_sup: 3.521
[GPU1] epochs: [35/100] train_acc: 0.284 train_loss_sup: 3.521
[GPU1] epochs: [36/100] train_acc: 0.285 train_loss_sup: 3.514
[GPU1] epochs: [37/100] train_acc: 0.287 train_loss_sup: 3.513
[GPU1] epochs: [38/100] train_acc: 0.286 train_loss_sup: 3.517
[GPU1] epochs: [39/100] train_acc: 0.287 train_loss_sup: 3.516
[GPU1] epochs: [40/100] train_acc: 0.286 train_loss_sup: 3.518
[GPU1] Test Accuracy at epoch: 40: 0.303
[GPU1] epochs: [41/100] train_acc: 0.285 train_loss_sup: 3.515
[GPU1] epochs: [42/100] train_acc: 0.285 train_loss_sup: 3.517
[GPU1] epochs: [43/100] train_acc: 0.285 train_loss_sup: 3.520
[GPU1] epochs: [44/100] train_acc: 0.287 train_loss_sup: 3.518
[GPU1] epochs: [45/100] train_acc: 0.286 train_loss_sup: 3.518
[GPU1] epochs: [46/100] train_acc: 0.285 train_loss_sup: 3.517
[GPU1] epochs: [47/100] train_acc: 0.285 train_loss_sup: 3.518
[GPU1] epochs: [48/100] train_acc: 0.285 train_loss_sup: 3.517
[GPU1] epochs: [49/100] train_acc: 0.284 train_loss_sup: 3.522
[GPU1] epochs: [50/100] train_acc: 0.283 train_loss_sup: 3.519
[GPU1] Test Accuracy at epoch: 50: 0.302
[GPU1] epochs: [51/100] train_acc: 0.284 train_loss_sup: 3.518
[GPU1] epochs: [52/100] train_acc: 0.286 train_loss_sup: 3.516
[GPU1] epochs: [53/100] train_acc: 0.285 train_loss_sup: 3.517
[GPU1] epochs: [54/100] train_acc: 0.285 train_loss_sup: 3.517
[GPU1] epochs: [55/100] train_acc: 0.287 train_loss_sup: 3.512
[GPU1] epochs: [56/100] train_acc: 0.284 train_loss_sup: 3.515
[GPU1] epochs: [57/100] train_acc: 0.286 train_loss_sup: 3.517
[GPU1] epochs: [58/100] train_acc: 0.284 train_loss_sup: 3.519
[GPU1] epochs: [59/100] train_acc: 0.284 train_loss_sup: 3.517
[GPU1] epochs: [60/100] train_acc: 0.286 train_loss_sup: 3.517
[GPU1] Test Accuracy at epoch: 60: 0.3
[GPU1] epochs: [61/100] train_acc: 0.286 train_loss_sup: 3.516
[GPU1] epochs: [62/100] train_acc: 0.285 train_loss_sup: 3.520
[GPU1] epochs: [63/100] train_acc: 0.284 train_loss_sup: 3.520
[GPU1] epochs: [64/100] train_acc: 0.285 train_loss_sup: 3.517
[GPU1] epochs: [65/100] train_acc: 0.284 train_loss_sup: 3.515
[GPU1] epochs: [66/100] train_acc: 0.284 train_loss_sup: 3.513
[GPU1] epochs: [67/100] train_acc: 0.285 train_loss_sup: 3.520
[GPU1] epochs: [68/100] train_acc: 0.284 train_loss_sup: 3.518
[GPU1] epochs: [69/100] train_acc: 0.287 train_loss_sup: 3.516
[GPU1] epochs: [70/100] train_acc: 0.284 train_loss_sup: 3.523
[GPU1] Test Accuracy at epoch: 70: 0.302
[GPU1] epochs: [71/100] train_acc: 0.285 train_loss_sup: 3.519
[GPU1] epochs: [72/100] train_acc: 0.284 train_loss_sup: 3.517
[GPU1] epochs: [73/100] train_acc: 0.286 train_loss_sup: 3.516
[GPU1] epochs: [74/100] train_acc: 0.287 train_loss_sup: 3.518
[GPU1] epochs: [75/100] train_acc: 0.285 train_loss_sup: 3.515
[GPU1] epochs: [76/100] train_acc: 0.286 train_loss_sup: 3.515
[GPU1] epochs: [77/100] train_acc: 0.284 train_loss_sup: 3.519
[GPU1] epochs: [78/100] train_acc: 0.286 train_loss_sup: 3.516
[GPU1] epochs: [79/100] train_acc: 0.285 train_loss_sup: 3.517
[GPU1] epochs: [80/100] train_acc: 0.285 train_loss_sup: 3.515
[GPU1] Test Accuracy at epoch: 80: 0.303
[GPU1] epochs: [81/100] train_acc: 0.284 train_loss_sup: 3.520
[GPU1] epochs: [82/100] train_acc: 0.285 train_loss_sup: 3.520
[GPU1] epochs: [83/100] train_acc: 0.283 train_loss_sup: 3.521
[GPU1] epochs: [84/100] train_acc: 0.285 train_loss_sup: 3.520
[GPU1] epochs: [85/100] train_acc: 0.284 train_loss_sup: 3.517
[GPU1] epochs: [86/100] train_acc: 0.284 train_loss_sup: 3.515
[GPU1] epochs: [87/100] train_acc: 0.287 train_loss_sup: 3.512
[GPU1] epochs: [88/100] train_acc: 0.284 train_loss_sup: 3.515
[GPU1] epochs: [89/100] train_acc: 0.286 train_loss_sup: 3.515
[GPU1] epochs: [90/100] train_acc: 0.285 train_loss_sup: 3.518
[GPU1] Test Accuracy at epoch: 90: 0.307
[GPU1] epochs: [91/100] train_acc: 0.283 train_loss_sup: 3.518
[GPU1] epochs: [92/100] train_acc: 0.283 train_loss_sup: 3.517
[GPU1] epochs: [93/100] train_acc: 0.285 train_loss_sup: 3.515
[GPU1] epochs: [94/100] train_acc: 0.284 train_loss_sup: 3.516
[GPU1] epochs: [95/100] train_acc: 0.286 train_loss_sup: 3.516
[GPU1] epochs: [96/100] train_acc: 0.286 train_loss_sup: 3.513
[GPU1] epochs: [97/100] train_acc: 0.286 train_loss_sup: 3.514
[GPU1] epochs: [98/100] train_acc: 0.285 train_loss_sup: 3.518
[GPU1] epochs: [99/100] train_acc: 0.285 train_loss_sup: 3.519
[GPU1] epochs: [100/100] train_acc: 0.286 train_loss_sup: 3.516
[GPU1] Final Test Accuracy: 0.298
LR: 1.000 | WD: 0.000100 | Cosine: False | test Acc: 0.307%
===> using linear mlp
Scheduler: None
MLP: MLP(
  (mlp): Linear(in_features=384, out_features=200, bias=True)
)
[GPU1] Test Accuracy at epoch: 0: 0.19
[GPU1] epochs: [1/100] train_acc: 0.098 train_loss_sup: 4.765
[GPU1] epochs: [2/100] train_acc: 0.201 train_loss_sup: 4.058
[GPU1] epochs: [3/100] train_acc: 0.239 train_loss_sup: 3.726
[GPU1] epochs: [4/100] train_acc: 0.265 train_loss_sup: 3.529
[GPU1] epochs: [5/100] train_acc: 0.282 train_loss_sup: 3.396
[GPU1] epochs: [6/100] train_acc: 0.295 train_loss_sup: 3.295
[GPU1] epochs: [7/100] train_acc: 0.306 train_loss_sup: 3.222
[GPU1] epochs: [8/100] train_acc: 0.313 train_loss_sup: 3.160
[GPU1] epochs: [9/100] train_acc: 0.322 train_loss_sup: 3.112
[GPU1] epochs: [10/100] train_acc: 0.327 train_loss_sup: 3.070
[GPU1] Test Accuracy at epoch: 10: 0.346
[GPU1] epochs: [11/100] train_acc: 0.334 train_loss_sup: 3.030
[GPU1] epochs: [12/100] train_acc: 0.338 train_loss_sup: 3.000
[GPU1] epochs: [13/100] train_acc: 0.341 train_loss_sup: 2.972
[GPU1] epochs: [14/100] train_acc: 0.347 train_loss_sup: 2.941
[GPU1] epochs: [15/100] train_acc: 0.349 train_loss_sup: 2.928
[GPU1] epochs: [16/100] train_acc: 0.351 train_loss_sup: 2.908
[GPU1] epochs: [17/100] train_acc: 0.357 train_loss_sup: 2.885
[GPU1] epochs: [18/100] train_acc: 0.359 train_loss_sup: 2.867
[GPU1] epochs: [19/100] train_acc: 0.361 train_loss_sup: 2.859
[GPU1] epochs: [20/100] train_acc: 0.365 train_loss_sup: 2.836
[GPU1] Test Accuracy at epoch: 20: 0.383
[GPU1] epochs: [21/100] train_acc: 0.366 train_loss_sup: 2.819
[GPU1] epochs: [22/100] train_acc: 0.368 train_loss_sup: 2.809
[GPU1] epochs: [23/100] train_acc: 0.369 train_loss_sup: 2.799
[GPU1] epochs: [24/100] train_acc: 0.371 train_loss_sup: 2.784
[GPU1] epochs: [25/100] train_acc: 0.374 train_loss_sup: 2.774
[GPU1] epochs: [26/100] train_acc: 0.376 train_loss_sup: 2.763
[GPU1] epochs: [27/100] train_acc: 0.377 train_loss_sup: 2.760
[GPU1] epochs: [28/100] train_acc: 0.378 train_loss_sup: 2.744
[GPU1] epochs: [29/100] train_acc: 0.382 train_loss_sup: 2.736
[GPU1] epochs: [30/100] train_acc: 0.381 train_loss_sup: 2.731
[GPU1] Test Accuracy at epoch: 30: 0.401
[GPU1] epochs: [31/100] train_acc: 0.382 train_loss_sup: 2.721
[GPU1] epochs: [32/100] train_acc: 0.382 train_loss_sup: 2.720
[GPU1] epochs: [33/100] train_acc: 0.385 train_loss_sup: 2.710
[GPU1] epochs: [34/100] train_acc: 0.385 train_loss_sup: 2.701
[GPU1] epochs: [35/100] train_acc: 0.387 train_loss_sup: 2.697
[GPU1] epochs: [36/100] train_acc: 0.388 train_loss_sup: 2.692
[GPU1] epochs: [37/100] train_acc: 0.390 train_loss_sup: 2.682
[GPU1] epochs: [38/100] train_acc: 0.391 train_loss_sup: 2.673
[GPU1] epochs: [39/100] train_acc: 0.391 train_loss_sup: 2.675
[GPU1] epochs: [40/100] train_acc: 0.393 train_loss_sup: 2.664
[GPU1] Test Accuracy at epoch: 40: 0.412
[GPU1] epochs: [41/100] train_acc: 0.394 train_loss_sup: 2.660
[GPU1] epochs: [42/100] train_acc: 0.397 train_loss_sup: 2.652
[GPU1] epochs: [43/100] train_acc: 0.395 train_loss_sup: 2.654
[GPU1] epochs: [44/100] train_acc: 0.396 train_loss_sup: 2.646
[GPU1] epochs: [45/100] train_acc: 0.396 train_loss_sup: 2.644
[GPU1] epochs: [46/100] train_acc: 0.396 train_loss_sup: 2.640
[GPU1] epochs: [47/100] train_acc: 0.398 train_loss_sup: 2.633
[GPU1] epochs: [48/100] train_acc: 0.398 train_loss_sup: 2.628
[GPU1] epochs: [49/100] train_acc: 0.400 train_loss_sup: 2.623
[GPU1] epochs: [50/100] train_acc: 0.400 train_loss_sup: 2.620
[GPU1] Test Accuracy at epoch: 50: 0.41
[GPU1] epochs: [51/100] train_acc: 0.399 train_loss_sup: 2.623
[GPU1] epochs: [52/100] train_acc: 0.400 train_loss_sup: 2.612
[GPU1] epochs: [53/100] train_acc: 0.402 train_loss_sup: 2.606
[GPU1] epochs: [54/100] train_acc: 0.403 train_loss_sup: 2.609
[GPU1] epochs: [55/100] train_acc: 0.404 train_loss_sup: 2.599
[GPU1] epochs: [56/100] train_acc: 0.404 train_loss_sup: 2.601
[GPU1] epochs: [57/100] train_acc: 0.403 train_loss_sup: 2.597
[GPU1] epochs: [58/100] train_acc: 0.405 train_loss_sup: 2.591
[GPU1] epochs: [59/100] train_acc: 0.405 train_loss_sup: 2.593
[GPU1] epochs: [60/100] train_acc: 0.405 train_loss_sup: 2.589
[GPU1] Test Accuracy at epoch: 60: 0.419
[GPU1] epochs: [61/100] train_acc: 0.407 train_loss_sup: 2.584
[GPU1] epochs: [62/100] train_acc: 0.407 train_loss_sup: 2.579
[GPU1] epochs: [63/100] train_acc: 0.409 train_loss_sup: 2.576
[GPU1] epochs: [64/100] train_acc: 0.409 train_loss_sup: 2.568
[GPU1] epochs: [65/100] train_acc: 0.409 train_loss_sup: 2.567
[GPU1] epochs: [66/100] train_acc: 0.408 train_loss_sup: 2.572
[GPU1] epochs: [67/100] train_acc: 0.410 train_loss_sup: 2.568
[GPU1] epochs: [68/100] train_acc: 0.411 train_loss_sup: 2.560
[GPU1] epochs: [69/100] train_acc: 0.411 train_loss_sup: 2.563
[GPU1] epochs: [70/100] train_acc: 0.412 train_loss_sup: 2.555
[GPU1] Test Accuracy at epoch: 70: 0.426
[GPU1] epochs: [71/100] train_acc: 0.413 train_loss_sup: 2.555
[GPU1] epochs: [72/100] train_acc: 0.412 train_loss_sup: 2.552
[GPU1] epochs: [73/100] train_acc: 0.414 train_loss_sup: 2.553
[GPU1] epochs: [74/100] train_acc: 0.412 train_loss_sup: 2.556
[GPU1] epochs: [75/100] train_acc: 0.414 train_loss_sup: 2.547
[GPU1] epochs: [76/100] train_acc: 0.414 train_loss_sup: 2.545
[GPU1] epochs: [77/100] train_acc: 0.414 train_loss_sup: 2.547
[GPU1] epochs: [78/100] train_acc: 0.415 train_loss_sup: 2.535
[GPU1] epochs: [79/100] train_acc: 0.416 train_loss_sup: 2.539
[GPU1] epochs: [80/100] train_acc: 0.417 train_loss_sup: 2.538
[GPU1] Test Accuracy at epoch: 80: 0.426
[GPU1] epochs: [81/100] train_acc: 0.414 train_loss_sup: 2.537
[GPU1] epochs: [82/100] train_acc: 0.415 train_loss_sup: 2.541
[GPU1] epochs: [83/100] train_acc: 0.416 train_loss_sup: 2.530
[GPU1] epochs: [84/100] train_acc: 0.415 train_loss_sup: 2.532
[GPU1] epochs: [85/100] train_acc: 0.417 train_loss_sup: 2.530
[GPU1] epochs: [86/100] train_acc: 0.417 train_loss_sup: 2.529
[GPU1] epochs: [87/100] train_acc: 0.417 train_loss_sup: 2.529
[GPU1] epochs: [88/100] train_acc: 0.419 train_loss_sup: 2.518
[GPU1] epochs: [89/100] train_acc: 0.419 train_loss_sup: 2.515
[GPU1] epochs: [90/100] train_acc: 0.420 train_loss_sup: 2.516
[GPU1] Test Accuracy at epoch: 90: 0.428
[GPU1] epochs: [91/100] train_acc: 0.420 train_loss_sup: 2.512
[GPU1] epochs: [92/100] train_acc: 0.419 train_loss_sup: 2.520
[GPU1] epochs: [93/100] train_acc: 0.421 train_loss_sup: 2.515
[GPU1] epochs: [94/100] train_acc: 0.420 train_loss_sup: 2.511
[GPU1] epochs: [95/100] train_acc: 0.420 train_loss_sup: 2.512
[GPU1] epochs: [96/100] train_acc: 0.421 train_loss_sup: 2.510
[GPU1] epochs: [97/100] train_acc: 0.419 train_loss_sup: 2.514
[GPU1] epochs: [98/100] train_acc: 0.422 train_loss_sup: 2.504
[GPU1] epochs: [99/100] train_acc: 0.422 train_loss_sup: 2.506
[GPU1] epochs: [100/100] train_acc: 0.420 train_loss_sup: 2.512
[GPU1] Final Test Accuracy: 0.431
LR: 1.000 | WD: 0.000000 | Cosine: False | test Acc: 0.431%
===> using linear mlp
Scheduler: <torch.optim.lr_scheduler.CosineAnnealingLR object at 0x75f243706e00>
MLP: MLP(
  (mlp): Linear(in_features=384, out_features=200, bias=True)
)
[GPU1] Test Accuracy at epoch: 0: 0.086
[GPU1] epochs: [1/100] train_acc: 0.040 train_loss_sup: 5.222
[GPU1] epochs: [2/100] train_acc: 0.106 train_loss_sup: 5.058
[GPU1] epochs: [3/100] train_acc: 0.140 train_loss_sup: 4.914
[GPU1] epochs: [4/100] train_acc: 0.160 train_loss_sup: 4.788
[GPU1] epochs: [5/100] train_acc: 0.173 train_loss_sup: 4.676
[GPU1] epochs: [6/100] train_acc: 0.183 train_loss_sup: 4.578
[GPU1] epochs: [7/100] train_acc: 0.192 train_loss_sup: 4.489
[GPU1] epochs: [8/100] train_acc: 0.202 train_loss_sup: 4.409
[GPU1] epochs: [9/100] train_acc: 0.204 train_loss_sup: 4.337
[GPU1] epochs: [10/100] train_acc: 0.211 train_loss_sup: 4.271
[GPU1] Test Accuracy at epoch: 10: 0.234
[GPU1] epochs: [11/100] train_acc: 0.218 train_loss_sup: 4.211
[GPU1] epochs: [12/100] train_acc: 0.222 train_loss_sup: 4.155
[GPU1] epochs: [13/100] train_acc: 0.227 train_loss_sup: 4.105
[GPU1] epochs: [14/100] train_acc: 0.232 train_loss_sup: 4.057
[GPU1] epochs: [15/100] train_acc: 0.233 train_loss_sup: 4.011
[GPU1] epochs: [16/100] train_acc: 0.238 train_loss_sup: 3.972
[GPU1] epochs: [17/100] train_acc: 0.242 train_loss_sup: 3.933
[GPU1] epochs: [18/100] train_acc: 0.244 train_loss_sup: 3.896
[GPU1] epochs: [19/100] train_acc: 0.248 train_loss_sup: 3.866
[GPU1] epochs: [20/100] train_acc: 0.251 train_loss_sup: 3.832
[GPU1] Test Accuracy at epoch: 20: 0.273
[GPU1] epochs: [21/100] train_acc: 0.255 train_loss_sup: 3.803
[GPU1] epochs: [22/100] train_acc: 0.257 train_loss_sup: 3.777
[GPU1] epochs: [23/100] train_acc: 0.260 train_loss_sup: 3.750
[GPU1] epochs: [24/100] train_acc: 0.262 train_loss_sup: 3.726
[GPU1] epochs: [25/100] train_acc: 0.265 train_loss_sup: 3.704
[GPU1] epochs: [26/100] train_acc: 0.265 train_loss_sup: 3.682
[GPU1] epochs: [27/100] train_acc: 0.269 train_loss_sup: 3.659
[GPU1] epochs: [28/100] train_acc: 0.270 train_loss_sup: 3.643
[GPU1] epochs: [29/100] train_acc: 0.273 train_loss_sup: 3.623
[GPU1] epochs: [30/100] train_acc: 0.274 train_loss_sup: 3.605
[GPU1] Test Accuracy at epoch: 30: 0.292
[GPU1] epochs: [31/100] train_acc: 0.277 train_loss_sup: 3.590
[GPU1] epochs: [32/100] train_acc: 0.277 train_loss_sup: 3.578
[GPU1] epochs: [33/100] train_acc: 0.279 train_loss_sup: 3.560
[GPU1] epochs: [34/100] train_acc: 0.280 train_loss_sup: 3.544
[GPU1] epochs: [35/100] train_acc: 0.284 train_loss_sup: 3.530
[GPU1] epochs: [36/100] train_acc: 0.284 train_loss_sup: 3.519
[GPU1] epochs: [37/100] train_acc: 0.285 train_loss_sup: 3.508
[GPU1] epochs: [38/100] train_acc: 0.287 train_loss_sup: 3.495
[GPU1] epochs: [39/100] train_acc: 0.289 train_loss_sup: 3.481
[GPU1] epochs: [40/100] train_acc: 0.288 train_loss_sup: 3.475
[GPU1] Test Accuracy at epoch: 40: 0.307
[GPU1] epochs: [41/100] train_acc: 0.291 train_loss_sup: 3.463
[GPU1] epochs: [42/100] train_acc: 0.293 train_loss_sup: 3.451
[GPU1] epochs: [43/100] train_acc: 0.292 train_loss_sup: 3.443
[GPU1] epochs: [44/100] train_acc: 0.293 train_loss_sup: 3.436
[GPU1] epochs: [45/100] train_acc: 0.293 train_loss_sup: 3.432
[GPU1] epochs: [46/100] train_acc: 0.295 train_loss_sup: 3.420
[GPU1] epochs: [47/100] train_acc: 0.296 train_loss_sup: 3.411
[GPU1] epochs: [48/100] train_acc: 0.297 train_loss_sup: 3.403
[GPU1] epochs: [49/100] train_acc: 0.298 train_loss_sup: 3.396
[GPU1] epochs: [50/100] train_acc: 0.296 train_loss_sup: 3.393
[GPU1] Test Accuracy at epoch: 50: 0.315
[GPU1] epochs: [51/100] train_acc: 0.299 train_loss_sup: 3.385
[GPU1] epochs: [52/100] train_acc: 0.300 train_loss_sup: 3.377
[GPU1] epochs: [53/100] train_acc: 0.300 train_loss_sup: 3.371
[GPU1] epochs: [54/100] train_acc: 0.304 train_loss_sup: 3.365
[GPU1] epochs: [55/100] train_acc: 0.302 train_loss_sup: 3.360
[GPU1] epochs: [56/100] train_acc: 0.305 train_loss_sup: 3.353
[GPU1] epochs: [57/100] train_acc: 0.303 train_loss_sup: 3.351
[GPU1] epochs: [58/100] train_acc: 0.303 train_loss_sup: 3.347
[GPU1] epochs: [59/100] train_acc: 0.305 train_loss_sup: 3.342
[GPU1] epochs: [60/100] train_acc: 0.305 train_loss_sup: 3.336
[GPU1] Test Accuracy at epoch: 60: 0.32
[GPU1] epochs: [61/100] train_acc: 0.306 train_loss_sup: 3.332
[GPU1] epochs: [62/100] train_acc: 0.306 train_loss_sup: 3.331
[GPU1] epochs: [63/100] train_acc: 0.306 train_loss_sup: 3.327
[GPU1] epochs: [64/100] train_acc: 0.307 train_loss_sup: 3.323
[GPU1] epochs: [65/100] train_acc: 0.308 train_loss_sup: 3.318
[GPU1] epochs: [66/100] train_acc: 0.307 train_loss_sup: 3.321
[GPU1] epochs: [67/100] train_acc: 0.308 train_loss_sup: 3.312
[GPU1] epochs: [68/100] train_acc: 0.306 train_loss_sup: 3.316
[GPU1] epochs: [69/100] train_acc: 0.308 train_loss_sup: 3.315
[GPU1] epochs: [70/100] train_acc: 0.309 train_loss_sup: 3.307
[GPU1] Test Accuracy at epoch: 70: 0.324
[GPU1] epochs: [71/100] train_acc: 0.308 train_loss_sup: 3.309
[GPU1] epochs: [72/100] train_acc: 0.309 train_loss_sup: 3.305
[GPU1] epochs: [73/100] train_acc: 0.308 train_loss_sup: 3.303
[GPU1] epochs: [74/100] train_acc: 0.309 train_loss_sup: 3.299
[GPU1] epochs: [75/100] train_acc: 0.310 train_loss_sup: 3.300
[GPU1] epochs: [76/100] train_acc: 0.308 train_loss_sup: 3.297
[GPU1] epochs: [77/100] train_acc: 0.312 train_loss_sup: 3.293
[GPU1] epochs: [78/100] train_acc: 0.310 train_loss_sup: 3.295
[GPU1] epochs: [79/100] train_acc: 0.311 train_loss_sup: 3.293
[GPU1] epochs: [80/100] train_acc: 0.312 train_loss_sup: 3.292
[GPU1] Test Accuracy at epoch: 80: 0.324
[GPU1] epochs: [81/100] train_acc: 0.311 train_loss_sup: 3.290
[GPU1] epochs: [82/100] train_acc: 0.310 train_loss_sup: 3.292
[GPU1] epochs: [83/100] train_acc: 0.310 train_loss_sup: 3.288
[GPU1] epochs: [84/100] train_acc: 0.311 train_loss_sup: 3.290
[GPU1] epochs: [85/100] train_acc: 0.310 train_loss_sup: 3.291
[GPU1] epochs: [86/100] train_acc: 0.310 train_loss_sup: 3.294
[GPU1] epochs: [87/100] train_acc: 0.312 train_loss_sup: 3.285
[GPU1] epochs: [88/100] train_acc: 0.311 train_loss_sup: 3.285
[GPU1] epochs: [89/100] train_acc: 0.312 train_loss_sup: 3.285
[GPU1] epochs: [90/100] train_acc: 0.312 train_loss_sup: 3.280
[GPU1] Test Accuracy at epoch: 90: 0.325
[GPU1] epochs: [91/100] train_acc: 0.311 train_loss_sup: 3.289
[GPU1] epochs: [92/100] train_acc: 0.311 train_loss_sup: 3.286
[GPU1] epochs: [93/100] train_acc: 0.312 train_loss_sup: 3.282
[GPU1] epochs: [94/100] train_acc: 0.313 train_loss_sup: 3.281
[GPU1] epochs: [95/100] train_acc: 0.311 train_loss_sup: 3.285
[GPU1] epochs: [96/100] train_acc: 0.311 train_loss_sup: 3.287
[GPU1] epochs: [97/100] train_acc: 0.310 train_loss_sup: 3.288
[GPU1] epochs: [98/100] train_acc: 0.310 train_loss_sup: 3.283
[GPU1] epochs: [99/100] train_acc: 0.310 train_loss_sup: 3.287
Namespace(dataset='timg', saved_path='saved_models/mae.bt.rot.timg.ec300.pth', gpu=0, model='vit', verbose=False, epochs=100, eval_every=10, knn=True, lreg=True, linprobe=True, tsne=False, umap=False, cmet=True, nw=4, pf=2, aug='v1')
<All keys matched successfully>
Starting Hyperparameter Sweep on 0...
===> using linear mlp
Scheduler: None
MLP: MLP(
  (mlp): Linear(in_features=384, out_features=200, bias=True)
)
===> using linear mlp
Scheduler: None
MLP: MLP(
  (mlp): Linear(in_features=384, out_features=200, bias=True)
)
===> using linear mlp
Scheduler: None
MLP: MLP(
  (mlp): Linear(in_features=384, out_features=200, bias=True)
)
===> using linear mlp
Scheduler: None
MLP: MLP(
  (mlp): Linear(in_features=384, out_features=200, bias=True)
)
===> using linear mlp
Scheduler: None
MLP: MLP(
  (mlp): Linear(in_features=384, out_features=200, bias=True)
)
===> using linear mlp
Scheduler: None
MLP: MLP(
  (mlp): Linear(in_features=384, out_features=200, bias=True)
)
===> using linear mlp
Scheduler: None
MLP: MLP(
  (mlp): Linear(in_features=384, out_features=200, bias=True)
)
===> using linear mlp
Scheduler: None
MLP: MLP(
  (mlp): Linear(in_features=384, out_features=200, bias=True)
)
===> using linear mlp
Scheduler: None
MLP: MLP(
  (mlp): Linear(in_features=384, out_features=200, bias=True)
)
===> using linear mlp
Scheduler: None
MLP: MLP(
  (mlp): Linear(in_features=384, out_features=200, bias=True)
)
===> using linear mlp
Scheduler: None
MLP: MLP(
  (mlp): Linear(in_features=384, out_features=200, bias=True)
)
===> using linear mlp
Scheduler: None
MLP: MLP(
  (mlp): Linear(in_features=384, out_features=200, bias=True)
)
===> using linear mlp
Scheduler: None
MLP: MLP(
  (mlp): Linear(in_features=384, out_features=200, bias=True)
)
===> using linear mlp
Scheduler: None
MLP: MLP(
  (mlp): Linear(in_features=384, out_features=200, bias=True)
)
===> using linear mlp
Scheduler: None
MLP: MLP(
  (mlp): Linear(in_features=384, out_features=200, bias=True)
)
===> using linear mlp
Scheduler: <torch.optim.lr_scheduler.CosineAnnealingLR object at 0x7129c9949e40>
MLP: MLP(
  (mlp): Linear(in_features=384, out_features=200, bias=True)
)
===> using linear mlp
Scheduler: <torch.optim.lr_scheduler.CosineAnnealingLR object at 0x7129c994a2c0>
MLP: MLP(
  (mlp): Linear(in_features=384, out_features=200, bias=True)
)
===> using linear mlp
Scheduler: <torch.optim.lr_scheduler.CosineAnnealingLR object at 0x7129c994a140>
MLP: MLP(
  (mlp): Linear(in_features=384, out_features=200, bias=True)
)
===> using linear mlp
Scheduler: <torch.optim.lr_scheduler.CosineAnnealingLR object at 0x7129c994b640>
MLP: MLP(
  (mlp): Linear(in_features=384, out_features=200, bias=True)
)
===> using linear mlp
Scheduler: <torch.optim.lr_scheduler.CosineAnnealingLR object at 0x7129c9948910>
MLP: MLP(
  (mlp): Linear(in_features=384, out_features=200, bias=True)
)
===> using linear mlp
Scheduler: <torch.optim.lr_scheduler.CosineAnnealingLR object at 0x7129c994b2b0>
MLP: MLP(
  (mlp): Linear(in_features=384, out_features=200, bias=True)
)
===> using linear mlp
Scheduler: <torch.optim.lr_scheduler.CosineAnnealingLR object at 0x7129c994ae00>
MLP: MLP(
  (mlp): Linear(in_features=384, out_features=200, bias=True)
)
===> using linear mlp
Scheduler: <torch.optim.lr_scheduler.CosineAnnealingLR object at 0x7129c994b430>
MLP: MLP(
  (mlp): Linear(in_features=384, out_features=200, bias=True)
)
===> using linear mlp
Scheduler: <torch.optim.lr_scheduler.CosineAnnealingLR object at 0x7129c9949ba0>
MLP: MLP(
  (mlp): Linear(in_features=384, out_features=200, bias=True)
)
===> using linear mlp
Scheduler: <torch.optim.lr_scheduler.CosineAnnealingLR object at 0x7129c9949120>
MLP: MLP(
  (mlp): Linear(in_features=384, out_features=200, bias=True)
)
===> using linear mlp
Scheduler: <torch.optim.lr_scheduler.CosineAnnealingLR object at 0x7129c9949b70>
MLP: MLP(
  (mlp): Linear(in_features=384, out_features=200, bias=True)
)
===> using linear mlp
Scheduler: <torch.optim.lr_scheduler.CosineAnnealingLR object at 0x7129c994b460>
MLP: MLP(
  (mlp): Linear(in_features=384, out_features=200, bias=True)
)
===> using linear mlp
Scheduler: <torch.optim.lr_scheduler.CosineAnnealingLR object at 0x7129c994ab90>
MLP: MLP(
  (mlp): Linear(in_features=384, out_features=200, bias=True)
)
===> using linear mlp
Scheduler: <torch.optim.lr_scheduler.CosineAnnealingLR object at 0x7129c994b580>
MLP: MLP(
  (mlp): Linear(in_features=384, out_features=200, bias=True)
)
===> using linear mlp
Scheduler: <torch.optim.lr_scheduler.CosineAnnealingLR object at 0x7129c9949960>
MLP: MLP(
  (mlp): Linear(in_features=384, out_features=200, bias=True)
)
