2026-05-04 09:59:43.704387: I tensorflow/core/platform/cpu_feature_guard.cc:193] This TensorFlow binary is optimized with oneAPI Deep Neural Network Library (oneDNN) to use the following CPU instructions in performance-critical operations:  AVX2 FMA
To enable them in other operations, rebuild TensorFlow with the appropriate compiler flags.
2026-05-04 09:59:47.099271: W tensorflow/compiler/xla/stream_executor/platform/default/dso_loader.cc:64] Could not load dynamic library 'libnvinfer.so.7'; dlerror: libnvinfer.so.7: cannot open shared object file: No such file or directory; LD_LIBRARY_PATH: /usr/local/cuda-12.8/lib64:/usr/local/cuda-12.8/lib64:
2026-05-04 09:59:47.099359: W tensorflow/compiler/xla/stream_executor/platform/default/dso_loader.cc:64] Could not load dynamic library 'libnvinfer_plugin.so.7'; dlerror: libnvinfer_plugin.so.7: cannot open shared object file: No such file or directory; LD_LIBRARY_PATH: /usr/local/cuda-12.8/lib64:/usr/local/cuda-12.8/lib64:
2026-05-04 09:59:47.099366: W tensorflow/compiler/tf2tensorrt/utils/py_utils.cc:38] TF-TRT Warning: Cannot dlopen some TensorRT libraries. If you would like to use Nvidia GPU with TensorRT, please make sure the missing libraries mentioned above are installed properly.
Namespace(dataset='img100', saved_path='saved_models/mae.bt.rot.i100.wt20.8.dist.v2.ec200.pth', gpu=1, model='vit', verbose=False, epochs=100, eval_every=10, knn=True, lreg=True, linprobe=True, tsne=True, umap=False, cmet=True, nw=4, pf=2, aug='v1', lrs=[1.0, 1.5, 2.0, 5.0, 10.0])
<All keys matched successfully>
sweeping through lr: [1.0, 1.5, 2.0, 5.0, 10.0]
sweeping through wd: [1e-06, 0.0001, 0.0]
Starting Hyperparameter Sweep on 1...
===> using linear mlp
linear probe with LR: 1.0, WD: 1e-06, Cosine: False
===> using linear mlp
linear probe with LR: 1.0, WD: 0.0001, Cosine: False
===> using linear mlp
linear probe with LR: 1.0, WD: 0.0, Cosine: False
===> using linear mlp
linear probe with LR: 1.5, WD: 1e-06, Cosine: False
===> using linear mlp
linear probe with LR: 1.5, WD: 0.0001, Cosine: False
===> using linear mlp
linear probe with LR: 1.5, WD: 0.0, Cosine: False
===> using linear mlp
linear probe with LR: 2.0, WD: 1e-06, Cosine: False
===> using linear mlp
linear probe with LR: 2.0, WD: 0.0001, Cosine: False
===> using linear mlp
linear probe with LR: 2.0, WD: 0.0, Cosine: False
===> using linear mlp
linear probe with LR: 5.0, WD: 1e-06, Cosine: False
===> using linear mlp
linear probe with LR: 5.0, WD: 0.0001, Cosine: False
===> using linear mlp
linear probe with LR: 5.0, WD: 0.0, Cosine: False
===> using linear mlp
linear probe with LR: 10.0, WD: 1e-06, Cosine: False
===> using linear mlp
linear probe with LR: 10.0, WD: 0.0001, Cosine: False
===> using linear mlp
linear probe with LR: 10.0, WD: 0.0, Cosine: False
===> using linear mlp
linear probe with LR: 1.0, WD: 1e-06, Cosine: True
===> using linear mlp
linear probe with LR: 1.0, WD: 0.0001, Cosine: True
===> using linear mlp
linear probe with LR: 1.0, WD: 0.0, Cosine: True
===> using linear mlp
linear probe with LR: 1.5, WD: 1e-06, Cosine: True
===> using linear mlp
linear probe with LR: 1.5, WD: 0.0001, Cosine: True
===> using linear mlp
linear probe with LR: 1.5, WD: 0.0, Cosine: True
===> using linear mlp
linear probe with LR: 2.0, WD: 1e-06, Cosine: True
===> using linear mlp
linear probe with LR: 2.0, WD: 0.0001, Cosine: True
===> using linear mlp
linear probe with LR: 2.0, WD: 0.0, Cosine: True
===> using linear mlp
linear probe with LR: 5.0, WD: 1e-06, Cosine: True
===> using linear mlp
linear probe with LR: 5.0, WD: 0.0001, Cosine: True
===> using linear mlp
linear probe with LR: 5.0, WD: 0.0, Cosine: True
===> using linear mlp
linear probe with LR: 10.0, WD: 1e-06, Cosine: True
===> using linear mlp
linear probe with LR: 10.0, WD: 0.0001, Cosine: True
===> using linear mlp
linear probe with LR: 10.0, WD: 0.0, Cosine: True
