Namespace(dataset='img100', saved_path='saved_models/mae.clr.rot.i100.ec300.pth', gpu=2, model='vit', verbose=False, epochs=100, eval_every=10, knn=True, lreg=True, linprobe=True, tsne=False, umap=False, cmet=True, nw=5)
<All keys matched successfully>
Starting Hyperparameter Sweep on 2...
===> using linear mlp
Scheduler: None
MLP: MLP(
  (mlp): Linear(in_features=384, out_features=100, bias=True)
)
[GPU2] Test Accuracy at epoch: 0: 0.441
[GPU2] epochs: [1/100] train_acc: 0.346 train_loss_sup: 3.456
[GPU2] epochs: [2/100] train_acc: 0.478 train_loss_sup: 2.469
[GPU2] epochs: [3/100] train_acc: 0.511 train_loss_sup: 2.144
[GPU2] epochs: [4/100] train_acc: 0.530 train_loss_sup: 1.980
[GPU2] epochs: [5/100] train_acc: 0.543 train_loss_sup: 1.875
[GPU2] epochs: [6/100] train_acc: 0.552 train_loss_sup: 1.804
[GPU2] epochs: [7/100] train_acc: 0.563 train_loss_sup: 1.744
[GPU2] epochs: [8/100] train_acc: 0.567 train_loss_sup: 1.702
[GPU2] epochs: [9/100] train_acc: 0.572 train_loss_sup: 1.672
[GPU2] epochs: [10/100] train_acc: 0.577 train_loss_sup: 1.643
[GPU2] Test Accuracy at epoch: 10: 0.578
[GPU2] epochs: [11/100] train_acc: 0.583 train_loss_sup: 1.613
[GPU2] epochs: [12/100] train_acc: 0.586 train_loss_sup: 1.592
[GPU2] epochs: [13/100] train_acc: 0.590 train_loss_sup: 1.573
[GPU2] epochs: [14/100] train_acc: 0.592 train_loss_sup: 1.556
[GPU2] epochs: [15/100] train_acc: 0.595 train_loss_sup: 1.540
[GPU2] epochs: [16/100] train_acc: 0.597 train_loss_sup: 1.530
[GPU2] epochs: [17/100] train_acc: 0.600 train_loss_sup: 1.514
[GPU2] epochs: [18/100] train_acc: 0.601 train_loss_sup: 1.506
[GPU2] epochs: [19/100] train_acc: 0.605 train_loss_sup: 1.495
[GPU2] epochs: [20/100] train_acc: 0.605 train_loss_sup: 1.487
[GPU2] Test Accuracy at epoch: 20: 0.607
[GPU2] epochs: [21/100] train_acc: 0.608 train_loss_sup: 1.476
[GPU2] epochs: [22/100] train_acc: 0.609 train_loss_sup: 1.464
[GPU2] epochs: [23/100] train_acc: 0.611 train_loss_sup: 1.460
[GPU2] epochs: [24/100] train_acc: 0.611 train_loss_sup: 1.457
[GPU2] epochs: [25/100] train_acc: 0.614 train_loss_sup: 1.446
[GPU2] epochs: [26/100] train_acc: 0.615 train_loss_sup: 1.442
[GPU2] epochs: [27/100] train_acc: 0.616 train_loss_sup: 1.439
[GPU2] epochs: [28/100] train_acc: 0.617 train_loss_sup: 1.427
[GPU2] epochs: [29/100] train_acc: 0.618 train_loss_sup: 1.423
[GPU2] epochs: [30/100] train_acc: 0.618 train_loss_sup: 1.421
[GPU2] Test Accuracy at epoch: 30: 0.618
[GPU2] epochs: [31/100] train_acc: 0.620 train_loss_sup: 1.416
[GPU2] epochs: [32/100] train_acc: 0.622 train_loss_sup: 1.408
[GPU2] epochs: [33/100] train_acc: 0.623 train_loss_sup: 1.402
[GPU2] epochs: [34/100] train_acc: 0.623 train_loss_sup: 1.400
[GPU2] epochs: [35/100] train_acc: 0.624 train_loss_sup: 1.392
[GPU2] epochs: [36/100] train_acc: 0.625 train_loss_sup: 1.391
[GPU2] epochs: [37/100] train_acc: 0.626 train_loss_sup: 1.389
[GPU2] epochs: [38/100] train_acc: 0.627 train_loss_sup: 1.381
[GPU2] epochs: [39/100] train_acc: 0.628 train_loss_sup: 1.378
[GPU2] epochs: [40/100] train_acc: 0.628 train_loss_sup: 1.376
[GPU2] Test Accuracy at epoch: 40: 0.625
[GPU2] epochs: [41/100] train_acc: 0.628 train_loss_sup: 1.374
[GPU2] epochs: [42/100] train_acc: 0.628 train_loss_sup: 1.374
[GPU2] epochs: [43/100] train_acc: 0.629 train_loss_sup: 1.370
[GPU2] epochs: [44/100] train_acc: 0.629 train_loss_sup: 1.368
[GPU2] epochs: [45/100] train_acc: 0.630 train_loss_sup: 1.365
[GPU2] epochs: [46/100] train_acc: 0.632 train_loss_sup: 1.358
[GPU2] epochs: [47/100] train_acc: 0.631 train_loss_sup: 1.358
[GPU2] epochs: [48/100] train_acc: 0.632 train_loss_sup: 1.357
[GPU2] epochs: [49/100] train_acc: 0.633 train_loss_sup: 1.353
[GPU2] epochs: [50/100] train_acc: 0.633 train_loss_sup: 1.352
[GPU2] Test Accuracy at epoch: 50: 0.629
[GPU2] epochs: [51/100] train_acc: 0.635 train_loss_sup: 1.348
[GPU2] epochs: [52/100] train_acc: 0.634 train_loss_sup: 1.348
[GPU2] epochs: [53/100] train_acc: 0.634 train_loss_sup: 1.345
[GPU2] epochs: [54/100] train_acc: 0.636 train_loss_sup: 1.341
[GPU2] epochs: [55/100] train_acc: 0.637 train_loss_sup: 1.336
[GPU2] epochs: [56/100] train_acc: 0.638 train_loss_sup: 1.334
[GPU2] epochs: [57/100] train_acc: 0.637 train_loss_sup: 1.336
[GPU2] epochs: [58/100] train_acc: 0.636 train_loss_sup: 1.335
[GPU2] epochs: [59/100] train_acc: 0.638 train_loss_sup: 1.330
[GPU2] epochs: [60/100] train_acc: 0.639 train_loss_sup: 1.331
[GPU2] Test Accuracy at epoch: 60: 0.636
[GPU2] epochs: [61/100] train_acc: 0.640 train_loss_sup: 1.324
[GPU2] epochs: [62/100] train_acc: 0.640 train_loss_sup: 1.326
[GPU2] epochs: [63/100] train_acc: 0.639 train_loss_sup: 1.331
[GPU2] epochs: [64/100] train_acc: 0.638 train_loss_sup: 1.327
[GPU2] epochs: [65/100] train_acc: 0.640 train_loss_sup: 1.322
[GPU2] epochs: [66/100] train_acc: 0.641 train_loss_sup: 1.319
[GPU2] epochs: [67/100] train_acc: 0.640 train_loss_sup: 1.317
[GPU2] epochs: [68/100] train_acc: 0.641 train_loss_sup: 1.316
[GPU2] epochs: [69/100] train_acc: 0.641 train_loss_sup: 1.317
[GPU2] epochs: [70/100] train_acc: 0.641 train_loss_sup: 1.316
[GPU2] Test Accuracy at epoch: 70: 0.639
[GPU2] epochs: [71/100] train_acc: 0.643 train_loss_sup: 1.312
[GPU2] epochs: [72/100] train_acc: 0.645 train_loss_sup: 1.309
[GPU2] epochs: [73/100] train_acc: 0.641 train_loss_sup: 1.314
[GPU2] epochs: [74/100] train_acc: 0.643 train_loss_sup: 1.313
[GPU2] epochs: [75/100] train_acc: 0.643 train_loss_sup: 1.310
[GPU2] epochs: [76/100] train_acc: 0.643 train_loss_sup: 1.311
[GPU2] epochs: [77/100] train_acc: 0.643 train_loss_sup: 1.307
[GPU2] epochs: [78/100] train_acc: 0.646 train_loss_sup: 1.302
[GPU2] epochs: [79/100] train_acc: 0.645 train_loss_sup: 1.303
[GPU2] epochs: [80/100] train_acc: 0.646 train_loss_sup: 1.301
[GPU2] Test Accuracy at epoch: 80: 0.639
[GPU2] epochs: [81/100] train_acc: 0.643 train_loss_sup: 1.305
[GPU2] epochs: [82/100] train_acc: 0.647 train_loss_sup: 1.300
[GPU2] epochs: [83/100] train_acc: 0.645 train_loss_sup: 1.301
[GPU2] epochs: [84/100] train_acc: 0.645 train_loss_sup: 1.297
[GPU2] epochs: [85/100] train_acc: 0.646 train_loss_sup: 1.298
[GPU2] epochs: [86/100] train_acc: 0.646 train_loss_sup: 1.299
[GPU2] epochs: [87/100] train_acc: 0.646 train_loss_sup: 1.299
[GPU2] epochs: [88/100] train_acc: 0.647 train_loss_sup: 1.296
[GPU2] epochs: [89/100] train_acc: 0.646 train_loss_sup: 1.292
[GPU2] epochs: [90/100] train_acc: 0.647 train_loss_sup: 1.296
[GPU2] Test Accuracy at epoch: 90: 0.641
[GPU2] epochs: [91/100] train_acc: 0.648 train_loss_sup: 1.288
[GPU2] epochs: [92/100] train_acc: 0.646 train_loss_sup: 1.291
[GPU2] epochs: [93/100] train_acc: 0.647 train_loss_sup: 1.294
[GPU2] epochs: [94/100] train_acc: 0.648 train_loss_sup: 1.287
[GPU2] epochs: [95/100] train_acc: 0.649 train_loss_sup: 1.287
[GPU2] epochs: [96/100] train_acc: 0.649 train_loss_sup: 1.283
[GPU2] epochs: [97/100] train_acc: 0.649 train_loss_sup: 1.286
[GPU2] epochs: [98/100] train_acc: 0.650 train_loss_sup: 1.285
[GPU2] epochs: [99/100] train_acc: 0.648 train_loss_sup: 1.286
[GPU2] epochs: [100/100] train_acc: 0.650 train_loss_sup: 1.283
[GPU2] Final Test Accuracy: 0.642
LR: 0.100 | WD: 0.000001 | Cosine: False | test Acc: 0.642%
===> using linear mlp
Scheduler: None
MLP: MLP(
  (mlp): Linear(in_features=384, out_features=100, bias=True)
)
[GPU2] Test Accuracy at epoch: 0: 0.438
[GPU2] epochs: [1/100] train_acc: 0.344 train_loss_sup: 3.464
[GPU2] epochs: [2/100] train_acc: 0.474 train_loss_sup: 2.500
[GPU2] epochs: [3/100] train_acc: 0.508 train_loss_sup: 2.195
[GPU2] epochs: [4/100] train_acc: 0.525 train_loss_sup: 2.040
[GPU2] epochs: [5/100] train_acc: 0.538 train_loss_sup: 1.950
[GPU2] epochs: [6/100] train_acc: 0.547 train_loss_sup: 1.888
[GPU2] epochs: [7/100] train_acc: 0.555 train_loss_sup: 1.837
[GPU2] epochs: [8/100] train_acc: 0.562 train_loss_sup: 1.801
[GPU2] epochs: [9/100] train_acc: 0.566 train_loss_sup: 1.775
[GPU2] epochs: [10/100] train_acc: 0.569 train_loss_sup: 1.755
[GPU2] Test Accuracy at epoch: 10: 0.571
[GPU2] epochs: [11/100] train_acc: 0.573 train_loss_sup: 1.737
[GPU2] epochs: [12/100] train_acc: 0.577 train_loss_sup: 1.716
[GPU2] epochs: [13/100] train_acc: 0.580 train_loss_sup: 1.706
[GPU2] epochs: [14/100] train_acc: 0.581 train_loss_sup: 1.696
[GPU2] epochs: [15/100] train_acc: 0.583 train_loss_sup: 1.687
[GPU2] epochs: [16/100] train_acc: 0.584 train_loss_sup: 1.678
[GPU2] epochs: [17/100] train_acc: 0.586 train_loss_sup: 1.672
[GPU2] epochs: [18/100] train_acc: 0.586 train_loss_sup: 1.672
[GPU2] epochs: [19/100] train_acc: 0.588 train_loss_sup: 1.663
[GPU2] epochs: [20/100] train_acc: 0.591 train_loss_sup: 1.660
[GPU2] Test Accuracy at epoch: 20: 0.583
[GPU2] epochs: [21/100] train_acc: 0.590 train_loss_sup: 1.654
[GPU2] epochs: [22/100] train_acc: 0.591 train_loss_sup: 1.651
[GPU2] epochs: [23/100] train_acc: 0.595 train_loss_sup: 1.642
[GPU2] epochs: [24/100] train_acc: 0.594 train_loss_sup: 1.643
[GPU2] epochs: [25/100] train_acc: 0.594 train_loss_sup: 1.643
[GPU2] epochs: [26/100] train_acc: 0.593 train_loss_sup: 1.639
[GPU2] epochs: [27/100] train_acc: 0.594 train_loss_sup: 1.638
[GPU2] epochs: [28/100] train_acc: 0.595 train_loss_sup: 1.635
[GPU2] epochs: [29/100] train_acc: 0.596 train_loss_sup: 1.634
[GPU2] epochs: [30/100] train_acc: 0.596 train_loss_sup: 1.634
[GPU2] Test Accuracy at epoch: 30: 0.595
[GPU2] epochs: [31/100] train_acc: 0.597 train_loss_sup: 1.628
[GPU2] epochs: [32/100] train_acc: 0.597 train_loss_sup: 1.629
[GPU2] epochs: [33/100] train_acc: 0.598 train_loss_sup: 1.628
[GPU2] epochs: [34/100] train_acc: 0.598 train_loss_sup: 1.625
[GPU2] epochs: [35/100] train_acc: 0.599 train_loss_sup: 1.624
[GPU2] epochs: [36/100] train_acc: 0.599 train_loss_sup: 1.625
[GPU2] epochs: [37/100] train_acc: 0.599 train_loss_sup: 1.625
[GPU2] epochs: [38/100] train_acc: 0.599 train_loss_sup: 1.628
[GPU2] epochs: [39/100] train_acc: 0.599 train_loss_sup: 1.621
[GPU2] epochs: [40/100] train_acc: 0.599 train_loss_sup: 1.623
[GPU2] Test Accuracy at epoch: 40: 0.594
[GPU2] epochs: [41/100] train_acc: 0.600 train_loss_sup: 1.619
[GPU2] epochs: [42/100] train_acc: 0.600 train_loss_sup: 1.621
[GPU2] epochs: [43/100] train_acc: 0.599 train_loss_sup: 1.620
[GPU2] epochs: [44/100] train_acc: 0.599 train_loss_sup: 1.621
[GPU2] epochs: [45/100] train_acc: 0.600 train_loss_sup: 1.618
[GPU2] epochs: [46/100] train_acc: 0.601 train_loss_sup: 1.620
[GPU2] epochs: [47/100] train_acc: 0.601 train_loss_sup: 1.619
[GPU2] epochs: [48/100] train_acc: 0.600 train_loss_sup: 1.621
[GPU2] epochs: [49/100] train_acc: 0.600 train_loss_sup: 1.619
[GPU2] epochs: [50/100] train_acc: 0.600 train_loss_sup: 1.617
[GPU2] Test Accuracy at epoch: 50: 0.595
[GPU2] epochs: [51/100] train_acc: 0.601 train_loss_sup: 1.618
[GPU2] epochs: [52/100] train_acc: 0.600 train_loss_sup: 1.619
[GPU2] epochs: [53/100] train_acc: 0.600 train_loss_sup: 1.617
[GPU2] epochs: [54/100] train_acc: 0.601 train_loss_sup: 1.617
[GPU2] epochs: [55/100] train_acc: 0.599 train_loss_sup: 1.621
[GPU2] epochs: [56/100] train_acc: 0.601 train_loss_sup: 1.617
[GPU2] epochs: [57/100] train_acc: 0.602 train_loss_sup: 1.618
[GPU2] epochs: [58/100] train_acc: 0.600 train_loss_sup: 1.619
[GPU2] epochs: [59/100] train_acc: 0.600 train_loss_sup: 1.619
[GPU2] epochs: [60/100] train_acc: 0.599 train_loss_sup: 1.618
[GPU2] Test Accuracy at epoch: 60: 0.597
[GPU2] epochs: [61/100] train_acc: 0.600 train_loss_sup: 1.617
[GPU2] epochs: [62/100] train_acc: 0.600 train_loss_sup: 1.617
[GPU2] epochs: [63/100] train_acc: 0.601 train_loss_sup: 1.618
[GPU2] epochs: [64/100] train_acc: 0.599 train_loss_sup: 1.619
[GPU2] epochs: [65/100] train_acc: 0.602 train_loss_sup: 1.618
[GPU2] epochs: [66/100] train_acc: 0.602 train_loss_sup: 1.614
[GPU2] epochs: [67/100] train_acc: 0.600 train_loss_sup: 1.620
[GPU2] epochs: [68/100] train_acc: 0.601 train_loss_sup: 1.616
[GPU2] epochs: [69/100] train_acc: 0.600 train_loss_sup: 1.616
[GPU2] epochs: [70/100] train_acc: 0.602 train_loss_sup: 1.617
[GPU2] Test Accuracy at epoch: 70: 0.6
[GPU2] epochs: [71/100] train_acc: 0.601 train_loss_sup: 1.616
[GPU2] epochs: [72/100] train_acc: 0.600 train_loss_sup: 1.618
[GPU2] epochs: [73/100] train_acc: 0.601 train_loss_sup: 1.618
[GPU2] epochs: [74/100] train_acc: 0.600 train_loss_sup: 1.619
[GPU2] epochs: [75/100] train_acc: 0.602 train_loss_sup: 1.617
[GPU2] epochs: [76/100] train_acc: 0.601 train_loss_sup: 1.617
[GPU2] epochs: [77/100] train_acc: 0.600 train_loss_sup: 1.618
[GPU2] epochs: [78/100] train_acc: 0.602 train_loss_sup: 1.618
[GPU2] epochs: [79/100] train_acc: 0.601 train_loss_sup: 1.617
[GPU2] epochs: [80/100] train_acc: 0.601 train_loss_sup: 1.619
[GPU2] Test Accuracy at epoch: 80: 0.601
[GPU2] epochs: [81/100] train_acc: 0.601 train_loss_sup: 1.617
[GPU2] epochs: [82/100] train_acc: 0.602 train_loss_sup: 1.617
[GPU2] epochs: [83/100] train_acc: 0.601 train_loss_sup: 1.616
[GPU2] epochs: [84/100] train_acc: 0.601 train_loss_sup: 1.617
[GPU2] epochs: [85/100] train_acc: 0.602 train_loss_sup: 1.615
[GPU2] epochs: [86/100] train_acc: 0.600 train_loss_sup: 1.615
[GPU2] epochs: [87/100] train_acc: 0.601 train_loss_sup: 1.617
[GPU2] epochs: [88/100] train_acc: 0.601 train_loss_sup: 1.616
[GPU2] epochs: [89/100] train_acc: 0.602 train_loss_sup: 1.613
[GPU2] epochs: [90/100] train_acc: 0.600 train_loss_sup: 1.617
[GPU2] Test Accuracy at epoch: 90: 0.597
[GPU2] epochs: [91/100] train_acc: 0.600 train_loss_sup: 1.616
[GPU2] epochs: [92/100] train_acc: 0.601 train_loss_sup: 1.614
[GPU2] epochs: [93/100] train_acc: 0.602 train_loss_sup: 1.616
[GPU2] epochs: [94/100] train_acc: 0.601 train_loss_sup: 1.616
[GPU2] epochs: [95/100] train_acc: 0.601 train_loss_sup: 1.619
[GPU2] epochs: [96/100] train_acc: 0.603 train_loss_sup: 1.615
[GPU2] epochs: [97/100] train_acc: 0.604 train_loss_sup: 1.611
[GPU2] epochs: [98/100] train_acc: 0.601 train_loss_sup: 1.616
[GPU2] epochs: [99/100] train_acc: 0.602 train_loss_sup: 1.616
[GPU2] epochs: [100/100] train_acc: 0.602 train_loss_sup: 1.618
[GPU2] Final Test Accuracy: 0.598
LR: 0.100 | WD: 0.000100 | Cosine: False | test Acc: 0.601%
===> using linear mlp
Scheduler: None
MLP: MLP(
  (mlp): Linear(in_features=384, out_features=100, bias=True)
)
[GPU2] Test Accuracy at epoch: 0: 0.44
[GPU2] epochs: [1/100] train_acc: 0.345 train_loss_sup: 3.452
[GPU2] epochs: [2/100] train_acc: 0.477 train_loss_sup: 2.466
[GPU2] epochs: [3/100] train_acc: 0.509 train_loss_sup: 2.147
[GPU2] epochs: [4/100] train_acc: 0.530 train_loss_sup: 1.980
[GPU2] epochs: [5/100] train_acc: 0.544 train_loss_sup: 1.873
[GPU2] epochs: [6/100] train_acc: 0.554 train_loss_sup: 1.798
[GPU2] epochs: [7/100] train_acc: 0.561 train_loss_sup: 1.746
[GPU2] epochs: [8/100] train_acc: 0.568 train_loss_sup: 1.704
[GPU2] epochs: [9/100] train_acc: 0.573 train_loss_sup: 1.668
[GPU2] epochs: [10/100] train_acc: 0.578 train_loss_sup: 1.635
[GPU2] Test Accuracy at epoch: 10: 0.58
[GPU2] epochs: [11/100] train_acc: 0.584 train_loss_sup: 1.611
[GPU2] epochs: [12/100] train_acc: 0.586 train_loss_sup: 1.590
[GPU2] epochs: [13/100] train_acc: 0.588 train_loss_sup: 1.573
[GPU2] epochs: [14/100] train_acc: 0.592 train_loss_sup: 1.553
[GPU2] epochs: [15/100] train_acc: 0.596 train_loss_sup: 1.538
[GPU2] epochs: [16/100] train_acc: 0.598 train_loss_sup: 1.525
[GPU2] epochs: [17/100] train_acc: 0.599 train_loss_sup: 1.514
[GPU2] epochs: [18/100] train_acc: 0.603 train_loss_sup: 1.499
[GPU2] epochs: [19/100] train_acc: 0.603 train_loss_sup: 1.496
[GPU2] epochs: [20/100] train_acc: 0.604 train_loss_sup: 1.487
[GPU2] Test Accuracy at epoch: 20: 0.605
[GPU2] epochs: [21/100] train_acc: 0.608 train_loss_sup: 1.472
[GPU2] epochs: [22/100] train_acc: 0.609 train_loss_sup: 1.467
[GPU2] epochs: [23/100] train_acc: 0.610 train_loss_sup: 1.462
[GPU2] epochs: [24/100] train_acc: 0.613 train_loss_sup: 1.449
[GPU2] epochs: [25/100] train_acc: 0.613 train_loss_sup: 1.444
[GPU2] epochs: [26/100] train_acc: 0.616 train_loss_sup: 1.436
[GPU2] epochs: [27/100] train_acc: 0.616 train_loss_sup: 1.427
[GPU2] epochs: [28/100] train_acc: 0.616 train_loss_sup: 1.430
[GPU2] epochs: [29/100] train_acc: 0.620 train_loss_sup: 1.419
[GPU2] epochs: [30/100] train_acc: 0.620 train_loss_sup: 1.418
[GPU2] Test Accuracy at epoch: 30: 0.618
[GPU2] epochs: [31/100] train_acc: 0.621 train_loss_sup: 1.411
[GPU2] epochs: [32/100] train_acc: 0.620 train_loss_sup: 1.407
[GPU2] epochs: [33/100] train_acc: 0.622 train_loss_sup: 1.405
[GPU2] epochs: [34/100] train_acc: 0.625 train_loss_sup: 1.395
[GPU2] epochs: [35/100] train_acc: 0.625 train_loss_sup: 1.395
[GPU2] epochs: [36/100] train_acc: 0.625 train_loss_sup: 1.389
[GPU2] epochs: [37/100] train_acc: 0.626 train_loss_sup: 1.389
[GPU2] epochs: [38/100] train_acc: 0.627 train_loss_sup: 1.382
[GPU2] epochs: [39/100] train_acc: 0.626 train_loss_sup: 1.384
[GPU2] epochs: [40/100] train_acc: 0.628 train_loss_sup: 1.376
[GPU2] Test Accuracy at epoch: 40: 0.626
[GPU2] epochs: [41/100] train_acc: 0.628 train_loss_sup: 1.377
[GPU2] epochs: [42/100] train_acc: 0.629 train_loss_sup: 1.371
[GPU2] epochs: [43/100] train_acc: 0.630 train_loss_sup: 1.368
[GPU2] epochs: [44/100] train_acc: 0.631 train_loss_sup: 1.361
[GPU2] epochs: [45/100] train_acc: 0.631 train_loss_sup: 1.363
[GPU2] epochs: [46/100] train_acc: 0.631 train_loss_sup: 1.358
[GPU2] epochs: [47/100] train_acc: 0.633 train_loss_sup: 1.353
[GPU2] epochs: [48/100] train_acc: 0.633 train_loss_sup: 1.354
[GPU2] epochs: [49/100] train_acc: 0.634 train_loss_sup: 1.353
[GPU2] epochs: [50/100] train_acc: 0.634 train_loss_sup: 1.347
[GPU2] Test Accuracy at epoch: 50: 0.63
[GPU2] epochs: [51/100] train_acc: 0.634 train_loss_sup: 1.349
[GPU2] epochs: [52/100] train_acc: 0.635 train_loss_sup: 1.346
[GPU2] epochs: [53/100] train_acc: 0.636 train_loss_sup: 1.343
[GPU2] epochs: [54/100] train_acc: 0.635 train_loss_sup: 1.340
[GPU2] epochs: [55/100] train_acc: 0.637 train_loss_sup: 1.335
[GPU2] epochs: [56/100] train_acc: 0.637 train_loss_sup: 1.334
[GPU2] epochs: [57/100] train_acc: 0.637 train_loss_sup: 1.329
[GPU2] epochs: [58/100] train_acc: 0.637 train_loss_sup: 1.334
[GPU2] epochs: [59/100] train_acc: 0.638 train_loss_sup: 1.331
[GPU2] epochs: [60/100] train_acc: 0.638 train_loss_sup: 1.328
[GPU2] Test Accuracy at epoch: 60: 0.635
[GPU2] epochs: [61/100] train_acc: 0.638 train_loss_sup: 1.331
[GPU2] epochs: [62/100] train_acc: 0.639 train_loss_sup: 1.324
[GPU2] epochs: [63/100] train_acc: 0.641 train_loss_sup: 1.319
[GPU2] epochs: [64/100] train_acc: 0.639 train_loss_sup: 1.323
[GPU2] epochs: [65/100] train_acc: 0.640 train_loss_sup: 1.321
[GPU2] epochs: [66/100] train_acc: 0.641 train_loss_sup: 1.317
[GPU2] epochs: [67/100] train_acc: 0.641 train_loss_sup: 1.317
[GPU2] epochs: [68/100] train_acc: 0.640 train_loss_sup: 1.316
[GPU2] epochs: [69/100] train_acc: 0.642 train_loss_sup: 1.313
[GPU2] epochs: [70/100] train_acc: 0.642 train_loss_sup: 1.311
[GPU2] Test Accuracy at epoch: 70: 0.636
[GPU2] epochs: [71/100] train_acc: 0.643 train_loss_sup: 1.312
[GPU2] epochs: [72/100] train_acc: 0.642 train_loss_sup: 1.309
[GPU2] epochs: [73/100] train_acc: 0.643 train_loss_sup: 1.309
[GPU2] epochs: [74/100] train_acc: 0.644 train_loss_sup: 1.309
[GPU2] epochs: [75/100] train_acc: 0.646 train_loss_sup: 1.306
[GPU2] epochs: [76/100] train_acc: 0.643 train_loss_sup: 1.306
[GPU2] epochs: [77/100] train_acc: 0.644 train_loss_sup: 1.303
[GPU2] epochs: [78/100] train_acc: 0.645 train_loss_sup: 1.300
[GPU2] epochs: [79/100] train_acc: 0.645 train_loss_sup: 1.297
[GPU2] epochs: [80/100] train_acc: 0.646 train_loss_sup: 1.299
[GPU2] Test Accuracy at epoch: 80: 0.641
[GPU2] epochs: [81/100] train_acc: 0.647 train_loss_sup: 1.297
[GPU2] epochs: [82/100] train_acc: 0.647 train_loss_sup: 1.295
[GPU2] epochs: [83/100] train_acc: 0.646 train_loss_sup: 1.295
[GPU2] epochs: [84/100] train_acc: 0.644 train_loss_sup: 1.297
[GPU2] epochs: [85/100] train_acc: 0.648 train_loss_sup: 1.293
[GPU2] epochs: [86/100] train_acc: 0.647 train_loss_sup: 1.293
[GPU2] epochs: [87/100] train_acc: 0.647 train_loss_sup: 1.294
[GPU2] epochs: [88/100] train_acc: 0.648 train_loss_sup: 1.285
[GPU2] epochs: [89/100] train_acc: 0.647 train_loss_sup: 1.294
[GPU2] epochs: [90/100] train_acc: 0.648 train_loss_sup: 1.292
[GPU2] Test Accuracy at epoch: 90: 0.642
[GPU2] epochs: [91/100] train_acc: 0.648 train_loss_sup: 1.283
[GPU2] epochs: [92/100] train_acc: 0.645 train_loss_sup: 1.292
[GPU2] epochs: [93/100] train_acc: 0.648 train_loss_sup: 1.290
[GPU2] epochs: [94/100] train_acc: 0.648 train_loss_sup: 1.285
[GPU2] epochs: [95/100] train_acc: 0.648 train_loss_sup: 1.287
[GPU2] epochs: [96/100] train_acc: 0.649 train_loss_sup: 1.284
[GPU2] epochs: [97/100] train_acc: 0.650 train_loss_sup: 1.279
[GPU2] epochs: [98/100] train_acc: 0.649 train_loss_sup: 1.281
[GPU2] epochs: [99/100] train_acc: 0.651 train_loss_sup: 1.283
[GPU2] epochs: [100/100] train_acc: 0.649 train_loss_sup: 1.284
[GPU2] Final Test Accuracy: 0.645
LR: 0.100 | WD: 0.000000 | Cosine: False | test Acc: 0.645%
===> using linear mlp
Scheduler: None
MLP: MLP(
  (mlp): Linear(in_features=384, out_features=100, bias=True)
)
[GPU2] Test Accuracy at epoch: 0: 0.546
[GPU2] epochs: [1/100] train_acc: 0.474 train_loss_sup: 2.139
[GPU2] epochs: [2/100] train_acc: 0.570 train_loss_sup: 1.598
[GPU2] epochs: [3/100] train_acc: 0.593 train_loss_sup: 1.499
[GPU2] epochs: [4/100] train_acc: 0.606 train_loss_sup: 1.442
[GPU2] epochs: [5/100] train_acc: 0.612 train_loss_sup: 1.413
[GPU2] epochs: [6/100] train_acc: 0.618 train_loss_sup: 1.390
[GPU2] epochs: [7/100] train_acc: 0.623 train_loss_sup: 1.374
[GPU2] epochs: [8/100] train_acc: 0.624 train_loss_sup: 1.359
[GPU2] epochs: [9/100] train_acc: 0.628 train_loss_sup: 1.350
[GPU2] epochs: [10/100] train_acc: 0.631 train_loss_sup: 1.339
[GPU2] Test Accuracy at epoch: 10: 0.637
[GPU2] epochs: [11/100] train_acc: 0.633 train_loss_sup: 1.333
[GPU2] epochs: [12/100] train_acc: 0.634 train_loss_sup: 1.325
[GPU2] epochs: [13/100] train_acc: 0.636 train_loss_sup: 1.317
[GPU2] epochs: [14/100] train_acc: 0.635 train_loss_sup: 1.316
[GPU2] epochs: [15/100] train_acc: 0.638 train_loss_sup: 1.308
[GPU2] epochs: [16/100] train_acc: 0.640 train_loss_sup: 1.301
[GPU2] epochs: [17/100] train_acc: 0.642 train_loss_sup: 1.296
[GPU2] epochs: [18/100] train_acc: 0.641 train_loss_sup: 1.294
[GPU2] epochs: [19/100] train_acc: 0.644 train_loss_sup: 1.288
[GPU2] epochs: [20/100] train_acc: 0.644 train_loss_sup: 1.282
[GPU2] Test Accuracy at epoch: 20: 0.641
[GPU2] epochs: [21/100] train_acc: 0.645 train_loss_sup: 1.287
[GPU2] epochs: [22/100] train_acc: 0.645 train_loss_sup: 1.279
[GPU2] epochs: [23/100] train_acc: 0.649 train_loss_sup: 1.272
[GPU2] epochs: [24/100] train_acc: 0.647 train_loss_sup: 1.272
[GPU2] epochs: [25/100] train_acc: 0.648 train_loss_sup: 1.274
[GPU2] epochs: [26/100] train_acc: 0.649 train_loss_sup: 1.266
[GPU2] epochs: [27/100] train_acc: 0.648 train_loss_sup: 1.271
[GPU2] epochs: [28/100] train_acc: 0.649 train_loss_sup: 1.266
[GPU2] epochs: [29/100] train_acc: 0.649 train_loss_sup: 1.264
[GPU2] epochs: [30/100] train_acc: 0.650 train_loss_sup: 1.261
[GPU2] Test Accuracy at epoch: 30: 0.642
[GPU2] epochs: [31/100] train_acc: 0.651 train_loss_sup: 1.256
[GPU2] epochs: [32/100] train_acc: 0.652 train_loss_sup: 1.259
[GPU2] epochs: [33/100] train_acc: 0.651 train_loss_sup: 1.257
[GPU2] epochs: [34/100] train_acc: 0.654 train_loss_sup: 1.253
[GPU2] epochs: [35/100] train_acc: 0.651 train_loss_sup: 1.257
[GPU2] epochs: [36/100] train_acc: 0.654 train_loss_sup: 1.253
[GPU2] epochs: [37/100] train_acc: 0.653 train_loss_sup: 1.253
[GPU2] epochs: [38/100] train_acc: 0.653 train_loss_sup: 1.253
[GPU2] epochs: [39/100] train_acc: 0.654 train_loss_sup: 1.249
[GPU2] epochs: [40/100] train_acc: 0.653 train_loss_sup: 1.250
[GPU2] Test Accuracy at epoch: 40: 0.649
[GPU2] epochs: [41/100] train_acc: 0.656 train_loss_sup: 1.243
[GPU2] epochs: [42/100] train_acc: 0.654 train_loss_sup: 1.242
[GPU2] epochs: [43/100] train_acc: 0.655 train_loss_sup: 1.243
[GPU2] epochs: [44/100] train_acc: 0.655 train_loss_sup: 1.242
[GPU2] epochs: [45/100] train_acc: 0.655 train_loss_sup: 1.244
[GPU2] epochs: [46/100] train_acc: 0.656 train_loss_sup: 1.242
[GPU2] epochs: [47/100] train_acc: 0.656 train_loss_sup: 1.244
[GPU2] epochs: [48/100] train_acc: 0.657 train_loss_sup: 1.237
[GPU2] epochs: [49/100] train_acc: 0.655 train_loss_sup: 1.241
[GPU2] epochs: [50/100] train_acc: 0.655 train_loss_sup: 1.237
[GPU2] Test Accuracy at epoch: 50: 0.645
[GPU2] epochs: [51/100] train_acc: 0.657 train_loss_sup: 1.239
[GPU2] epochs: [52/100] train_acc: 0.656 train_loss_sup: 1.239
[GPU2] epochs: [53/100] train_acc: 0.656 train_loss_sup: 1.244
[GPU2] epochs: [54/100] train_acc: 0.657 train_loss_sup: 1.237
[GPU2] epochs: [55/100] train_acc: 0.656 train_loss_sup: 1.238
[GPU2] epochs: [56/100] train_acc: 0.658 train_loss_sup: 1.232
[GPU2] epochs: [57/100] train_acc: 0.657 train_loss_sup: 1.237
[GPU2] epochs: [58/100] train_acc: 0.658 train_loss_sup: 1.232
[GPU2] epochs: [59/100] train_acc: 0.659 train_loss_sup: 1.230
[GPU2] epochs: [60/100] train_acc: 0.658 train_loss_sup: 1.230
[GPU2] Test Accuracy at epoch: 60: 0.649
[GPU2] epochs: [61/100] train_acc: 0.659 train_loss_sup: 1.230
[GPU2] epochs: [62/100] train_acc: 0.657 train_loss_sup: 1.234
[GPU2] epochs: [63/100] train_acc: 0.658 train_loss_sup: 1.228
[GPU2] epochs: [64/100] train_acc: 0.659 train_loss_sup: 1.230
[GPU2] epochs: [65/100] train_acc: 0.659 train_loss_sup: 1.231
[GPU2] epochs: [66/100] train_acc: 0.658 train_loss_sup: 1.228
[GPU2] epochs: [67/100] train_acc: 0.659 train_loss_sup: 1.232
[GPU2] epochs: [68/100] train_acc: 0.659 train_loss_sup: 1.229
[GPU2] epochs: [69/100] train_acc: 0.659 train_loss_sup: 1.226
[GPU2] epochs: [70/100] train_acc: 0.659 train_loss_sup: 1.228
[GPU2] Test Accuracy at epoch: 70: 0.647
[GPU2] epochs: [71/100] train_acc: 0.660 train_loss_sup: 1.228
[GPU2] epochs: [72/100] train_acc: 0.660 train_loss_sup: 1.226
[GPU2] epochs: [73/100] train_acc: 0.659 train_loss_sup: 1.229
[GPU2] epochs: [74/100] train_acc: 0.659 train_loss_sup: 1.229
[GPU2] epochs: [75/100] train_acc: 0.663 train_loss_sup: 1.219
[GPU2] epochs: [76/100] train_acc: 0.660 train_loss_sup: 1.223
[GPU2] epochs: [77/100] train_acc: 0.662 train_loss_sup: 1.222
[GPU2] epochs: [78/100] train_acc: 0.658 train_loss_sup: 1.232
[GPU2] epochs: [79/100] train_acc: 0.660 train_loss_sup: 1.227
[GPU2] epochs: [80/100] train_acc: 0.659 train_loss_sup: 1.226
[GPU2] Test Accuracy at epoch: 80: 0.648
[GPU2] epochs: [81/100] train_acc: 0.661 train_loss_sup: 1.221
[GPU2] epochs: [82/100] train_acc: 0.660 train_loss_sup: 1.227
[GPU2] epochs: [83/100] train_acc: 0.661 train_loss_sup: 1.222
[GPU2] epochs: [84/100] train_acc: 0.661 train_loss_sup: 1.220
[GPU2] epochs: [85/100] train_acc: 0.660 train_loss_sup: 1.222
[GPU2] epochs: [86/100] train_acc: 0.659 train_loss_sup: 1.226
[GPU2] epochs: [87/100] train_acc: 0.660 train_loss_sup: 1.221
[GPU2] epochs: [88/100] train_acc: 0.660 train_loss_sup: 1.224
[GPU2] epochs: [89/100] train_acc: 0.662 train_loss_sup: 1.219
[GPU2] epochs: [90/100] train_acc: 0.660 train_loss_sup: 1.221
[GPU2] Test Accuracy at epoch: 90: 0.653
[GPU2] epochs: [91/100] train_acc: 0.663 train_loss_sup: 1.212
[GPU2] epochs: [92/100] train_acc: 0.662 train_loss_sup: 1.218
[GPU2] epochs: [93/100] train_acc: 0.662 train_loss_sup: 1.217
[GPU2] epochs: [94/100] train_acc: 0.661 train_loss_sup: 1.219
[GPU2] epochs: [95/100] train_acc: 0.661 train_loss_sup: 1.218
[GPU2] epochs: [96/100] train_acc: 0.662 train_loss_sup: 1.219
[GPU2] epochs: [97/100] train_acc: 0.662 train_loss_sup: 1.219
[GPU2] epochs: [98/100] train_acc: 0.660 train_loss_sup: 1.219
[GPU2] epochs: [99/100] train_acc: 0.661 train_loss_sup: 1.221
[GPU2] epochs: [100/100] train_acc: 0.660 train_loss_sup: 1.220
[GPU2] Final Test Accuracy: 0.656
LR: 1.000 | WD: 0.000001 | Cosine: False | test Acc: 0.656%
===> using linear mlp
Scheduler: None
MLP: MLP(
  (mlp): Linear(in_features=384, out_features=100, bias=True)
)
[GPU2] Test Accuracy at epoch: 0: 0.538
[GPU2] epochs: [1/100] train_acc: 0.466 train_loss_sup: 2.209
[GPU2] epochs: [2/100] train_acc: 0.554 train_loss_sup: 1.745
[GPU2] epochs: [3/100] train_acc: 0.566 train_loss_sup: 1.696
[GPU2] epochs: [4/100] train_acc: 0.568 train_loss_sup: 1.679
[GPU2] epochs: [5/100] train_acc: 0.572 train_loss_sup: 1.675
[GPU2] epochs: [6/100] train_acc: 0.571 train_loss_sup: 1.677
[GPU2] epochs: [7/100] train_acc: 0.571 train_loss_sup: 1.675
[GPU2] epochs: [8/100] train_acc: 0.573 train_loss_sup: 1.672
[GPU2] epochs: [9/100] train_acc: 0.571 train_loss_sup: 1.674
[GPU2] epochs: [10/100] train_acc: 0.571 train_loss_sup: 1.673
[GPU2] Test Accuracy at epoch: 10: 0.568
[GPU2] epochs: [11/100] train_acc: 0.571 train_loss_sup: 1.672
[GPU2] epochs: [12/100] train_acc: 0.573 train_loss_sup: 1.669
[GPU2] epochs: [13/100] train_acc: 0.571 train_loss_sup: 1.668
[GPU2] epochs: [14/100] train_acc: 0.572 train_loss_sup: 1.673
[GPU2] epochs: [15/100] train_acc: 0.571 train_loss_sup: 1.673
[GPU2] epochs: [16/100] train_acc: 0.572 train_loss_sup: 1.674
[GPU2] epochs: [17/100] train_acc: 0.572 train_loss_sup: 1.671
[GPU2] epochs: [18/100] train_acc: 0.573 train_loss_sup: 1.667
[GPU2] epochs: [19/100] train_acc: 0.571 train_loss_sup: 1.674
[GPU2] epochs: [20/100] train_acc: 0.572 train_loss_sup: 1.671
[GPU2] Test Accuracy at epoch: 20: 0.573
[GPU2] epochs: [21/100] train_acc: 0.572 train_loss_sup: 1.671
[GPU2] epochs: [22/100] train_acc: 0.573 train_loss_sup: 1.671
[GPU2] epochs: [23/100] train_acc: 0.571 train_loss_sup: 1.673
[GPU2] epochs: [24/100] train_acc: 0.571 train_loss_sup: 1.674
[GPU2] epochs: [25/100] train_acc: 0.571 train_loss_sup: 1.676
[GPU2] epochs: [26/100] train_acc: 0.571 train_loss_sup: 1.677
[GPU2] epochs: [27/100] train_acc: 0.572 train_loss_sup: 1.670
[GPU2] epochs: [28/100] train_acc: 0.571 train_loss_sup: 1.673
[GPU2] epochs: [29/100] train_acc: 0.573 train_loss_sup: 1.670
[GPU2] epochs: [30/100] train_acc: 0.571 train_loss_sup: 1.678
[GPU2] Test Accuracy at epoch: 30: 0.58
[GPU2] epochs: [31/100] train_acc: 0.574 train_loss_sup: 1.668
[GPU2] epochs: [32/100] train_acc: 0.571 train_loss_sup: 1.673
[GPU2] epochs: [33/100] train_acc: 0.574 train_loss_sup: 1.673
[GPU2] epochs: [34/100] train_acc: 0.572 train_loss_sup: 1.669
[GPU2] epochs: [35/100] train_acc: 0.573 train_loss_sup: 1.670
[GPU2] epochs: [36/100] train_acc: 0.572 train_loss_sup: 1.673
[GPU2] epochs: [37/100] train_acc: 0.572 train_loss_sup: 1.672
[GPU2] epochs: [38/100] train_acc: 0.571 train_loss_sup: 1.674
[GPU2] epochs: [39/100] train_acc: 0.571 train_loss_sup: 1.673
[GPU2] epochs: [40/100] train_acc: 0.574 train_loss_sup: 1.670
[GPU2] Test Accuracy at epoch: 40: 0.562
[GPU2] epochs: [41/100] train_acc: 0.572 train_loss_sup: 1.672
[GPU2] epochs: [42/100] train_acc: 0.572 train_loss_sup: 1.672
[GPU2] epochs: [43/100] train_acc: 0.571 train_loss_sup: 1.675
[GPU2] epochs: [44/100] train_acc: 0.573 train_loss_sup: 1.671
[GPU2] epochs: [45/100] train_acc: 0.572 train_loss_sup: 1.673
[GPU2] epochs: [46/100] train_acc: 0.574 train_loss_sup: 1.672
[GPU2] epochs: [47/100] train_acc: 0.571 train_loss_sup: 1.674
[GPU2] epochs: [48/100] train_acc: 0.573 train_loss_sup: 1.672
[GPU2] epochs: [49/100] train_acc: 0.573 train_loss_sup: 1.674
[GPU2] epochs: [50/100] train_acc: 0.571 train_loss_sup: 1.671
[GPU2] Test Accuracy at epoch: 50: 0.563
[GPU2] epochs: [51/100] train_acc: 0.571 train_loss_sup: 1.673
[GPU2] epochs: [52/100] train_acc: 0.572 train_loss_sup: 1.673
[GPU2] epochs: [53/100] train_acc: 0.571 train_loss_sup: 1.674
[GPU2] epochs: [54/100] train_acc: 0.570 train_loss_sup: 1.677
[GPU2] epochs: [55/100] train_acc: 0.573 train_loss_sup: 1.669
[GPU2] epochs: [56/100] train_acc: 0.571 train_loss_sup: 1.671
[GPU2] epochs: [57/100] train_acc: 0.572 train_loss_sup: 1.671
[GPU2] epochs: [58/100] train_acc: 0.573 train_loss_sup: 1.672
[GPU2] epochs: [59/100] train_acc: 0.573 train_loss_sup: 1.670
[GPU2] epochs: [60/100] train_acc: 0.572 train_loss_sup: 1.671
[GPU2] Test Accuracy at epoch: 60: 0.566
[GPU2] epochs: [61/100] train_acc: 0.572 train_loss_sup: 1.671
[GPU2] epochs: [62/100] train_acc: 0.573 train_loss_sup: 1.673
[GPU2] epochs: [63/100] train_acc: 0.573 train_loss_sup: 1.669
[GPU2] epochs: [64/100] train_acc: 0.573 train_loss_sup: 1.671
[GPU2] epochs: [65/100] train_acc: 0.572 train_loss_sup: 1.673
[GPU2] epochs: [66/100] train_acc: 0.573 train_loss_sup: 1.672
[GPU2] epochs: [67/100] train_acc: 0.572 train_loss_sup: 1.672
[GPU2] epochs: [68/100] train_acc: 0.573 train_loss_sup: 1.673
[GPU2] epochs: [69/100] train_acc: 0.573 train_loss_sup: 1.673
[GPU2] epochs: [70/100] train_acc: 0.573 train_loss_sup: 1.672
[GPU2] Test Accuracy at epoch: 70: 0.567
[GPU2] epochs: [71/100] train_acc: 0.572 train_loss_sup: 1.673
[GPU2] epochs: [72/100] train_acc: 0.572 train_loss_sup: 1.673
[GPU2] epochs: [73/100] train_acc: 0.572 train_loss_sup: 1.672
[GPU2] epochs: [74/100] train_acc: 0.570 train_loss_sup: 1.678
[GPU2] epochs: [75/100] train_acc: 0.571 train_loss_sup: 1.673
[GPU2] epochs: [76/100] train_acc: 0.573 train_loss_sup: 1.669
[GPU2] epochs: [77/100] train_acc: 0.573 train_loss_sup: 1.671
[GPU2] epochs: [78/100] train_acc: 0.572 train_loss_sup: 1.673
[GPU2] epochs: [79/100] train_acc: 0.572 train_loss_sup: 1.671
[GPU2] epochs: [80/100] train_acc: 0.573 train_loss_sup: 1.670
[GPU2] Test Accuracy at epoch: 80: 0.568
[GPU2] epochs: [81/100] train_acc: 0.572 train_loss_sup: 1.671
[GPU2] epochs: [82/100] train_acc: 0.573 train_loss_sup: 1.673
[GPU2] epochs: [83/100] train_acc: 0.571 train_loss_sup: 1.673
[GPU2] epochs: [84/100] train_acc: 0.572 train_loss_sup: 1.671
[GPU2] epochs: [85/100] train_acc: 0.572 train_loss_sup: 1.670
[GPU2] epochs: [86/100] train_acc: 0.572 train_loss_sup: 1.676
[GPU2] epochs: [87/100] train_acc: 0.572 train_loss_sup: 1.673
[GPU2] epochs: [88/100] train_acc: 0.572 train_loss_sup: 1.671
[GPU2] epochs: [89/100] train_acc: 0.574 train_loss_sup: 1.672
[GPU2] epochs: [90/100] train_acc: 0.573 train_loss_sup: 1.673
[GPU2] Test Accuracy at epoch: 90: 0.574
[GPU2] epochs: [91/100] train_acc: 0.571 train_loss_sup: 1.674
[GPU2] epochs: [92/100] train_acc: 0.574 train_loss_sup: 1.670
[GPU2] epochs: [93/100] train_acc: 0.571 train_loss_sup: 1.673
[GPU2] epochs: [94/100] train_acc: 0.570 train_loss_sup: 1.672
[GPU2] epochs: [95/100] train_acc: 0.572 train_loss_sup: 1.671
[GPU2] epochs: [96/100] train_acc: 0.572 train_loss_sup: 1.671
[GPU2] epochs: [97/100] train_acc: 0.572 train_loss_sup: 1.675
[GPU2] epochs: [98/100] train_acc: 0.573 train_loss_sup: 1.670
[GPU2] epochs: [99/100] train_acc: 0.571 train_loss_sup: 1.672
[GPU2] epochs: [100/100] train_acc: 0.573 train_loss_sup: 1.675
[GPU2] Final Test Accuracy: 0.575
LR: 1.000 | WD: 0.000100 | Cosine: False | test Acc: 0.580%
===> using linear mlp
Scheduler: None
MLP: MLP(
  (mlp): Linear(in_features=384, out_features=100, bias=True)
)
[GPU2] Test Accuracy at epoch: 0: 0.551
[GPU2] epochs: [1/100] train_acc: 0.471 train_loss_sup: 2.146
[GPU2] epochs: [2/100] train_acc: 0.573 train_loss_sup: 1.593
[GPU2] epochs: [3/100] train_acc: 0.588 train_loss_sup: 1.507
[GPU2] epochs: [4/100] train_acc: 0.606 train_loss_sup: 1.445
[GPU2] epochs: [5/100] train_acc: 0.610 train_loss_sup: 1.416
[GPU2] epochs: [6/100] train_acc: 0.618 train_loss_sup: 1.395
[GPU2] epochs: [7/100] train_acc: 0.622 train_loss_sup: 1.369
[GPU2] epochs: [8/100] train_acc: 0.626 train_loss_sup: 1.357
[GPU2] epochs: [9/100] train_acc: 0.629 train_loss_sup: 1.345
[GPU2] epochs: [10/100] train_acc: 0.630 train_loss_sup: 1.339
[GPU2] Test Accuracy at epoch: 10: 0.635
[GPU2] epochs: [11/100] train_acc: 0.635 train_loss_sup: 1.326
[GPU2] epochs: [12/100] train_acc: 0.636 train_loss_sup: 1.317
[GPU2] epochs: [13/100] train_acc: 0.636 train_loss_sup: 1.316
[GPU2] epochs: [14/100] train_acc: 0.638 train_loss_sup: 1.311
[GPU2] epochs: [15/100] train_acc: 0.641 train_loss_sup: 1.303
[GPU2] epochs: [16/100] train_acc: 0.643 train_loss_sup: 1.294
[GPU2] epochs: [17/100] train_acc: 0.643 train_loss_sup: 1.290
[GPU2] epochs: [18/100] train_acc: 0.643 train_loss_sup: 1.287
[GPU2] epochs: [19/100] train_acc: 0.645 train_loss_sup: 1.285
[GPU2] epochs: [20/100] train_acc: 0.644 train_loss_sup: 1.280
[GPU2] Test Accuracy at epoch: 20: 0.634
[GPU2] epochs: [21/100] train_acc: 0.646 train_loss_sup: 1.280
[GPU2] epochs: [22/100] train_acc: 0.647 train_loss_sup: 1.276
[GPU2] epochs: [23/100] train_acc: 0.648 train_loss_sup: 1.272
[GPU2] epochs: [24/100] train_acc: 0.647 train_loss_sup: 1.273
[GPU2] epochs: [25/100] train_acc: 0.649 train_loss_sup: 1.267
[GPU2] epochs: [26/100] train_acc: 0.648 train_loss_sup: 1.267
[GPU2] epochs: [27/100] train_acc: 0.651 train_loss_sup: 1.258
[GPU2] epochs: [28/100] train_acc: 0.651 train_loss_sup: 1.259
[GPU2] epochs: [29/100] train_acc: 0.650 train_loss_sup: 1.260
[GPU2] epochs: [30/100] train_acc: 0.653 train_loss_sup: 1.253
[GPU2] Test Accuracy at epoch: 30: 0.647
[GPU2] epochs: [31/100] train_acc: 0.653 train_loss_sup: 1.254
[GPU2] epochs: [32/100] train_acc: 0.654 train_loss_sup: 1.253
[GPU2] epochs: [33/100] train_acc: 0.654 train_loss_sup: 1.245
[GPU2] epochs: [34/100] train_acc: 0.655 train_loss_sup: 1.242
[GPU2] epochs: [35/100] train_acc: 0.654 train_loss_sup: 1.248
[GPU2] epochs: [36/100] train_acc: 0.655 train_loss_sup: 1.246
[GPU2] epochs: [37/100] train_acc: 0.655 train_loss_sup: 1.243
[GPU2] epochs: [38/100] train_acc: 0.655 train_loss_sup: 1.244
[GPU2] epochs: [39/100] train_acc: 0.657 train_loss_sup: 1.238
[GPU2] epochs: [40/100] train_acc: 0.656 train_loss_sup: 1.244
[GPU2] Test Accuracy at epoch: 40: 0.651
[GPU2] epochs: [41/100] train_acc: 0.656 train_loss_sup: 1.239
[GPU2] epochs: [42/100] train_acc: 0.656 train_loss_sup: 1.244
[GPU2] epochs: [43/100] train_acc: 0.659 train_loss_sup: 1.234
[GPU2] epochs: [44/100] train_acc: 0.656 train_loss_sup: 1.235
[GPU2] epochs: [45/100] train_acc: 0.656 train_loss_sup: 1.237
[GPU2] epochs: [46/100] train_acc: 0.658 train_loss_sup: 1.231
[GPU2] epochs: [47/100] train_acc: 0.656 train_loss_sup: 1.240
[GPU2] epochs: [48/100] train_acc: 0.658 train_loss_sup: 1.233
[GPU2] epochs: [49/100] train_acc: 0.658 train_loss_sup: 1.230
[GPU2] epochs: [50/100] train_acc: 0.658 train_loss_sup: 1.230
[GPU2] Test Accuracy at epoch: 50: 0.649
[GPU2] epochs: [51/100] train_acc: 0.662 train_loss_sup: 1.220
[GPU2] epochs: [52/100] train_acc: 0.661 train_loss_sup: 1.227
[GPU2] epochs: [53/100] train_acc: 0.658 train_loss_sup: 1.232
[GPU2] epochs: [54/100] train_acc: 0.657 train_loss_sup: 1.225
[GPU2] epochs: [55/100] train_acc: 0.658 train_loss_sup: 1.232
[GPU2] epochs: [56/100] train_acc: 0.659 train_loss_sup: 1.227
[GPU2] epochs: [57/100] train_acc: 0.660 train_loss_sup: 1.226
[GPU2] epochs: [58/100] train_acc: 0.661 train_loss_sup: 1.222
[GPU2] epochs: [59/100] train_acc: 0.660 train_loss_sup: 1.225
[GPU2] epochs: [60/100] train_acc: 0.661 train_loss_sup: 1.222
[GPU2] Test Accuracy at epoch: 60: 0.649
[GPU2] epochs: [61/100] train_acc: 0.662 train_loss_sup: 1.222
[GPU2] epochs: [62/100] train_acc: 0.661 train_loss_sup: 1.219
[GPU2] epochs: [63/100] train_acc: 0.661 train_loss_sup: 1.222
[GPU2] epochs: [64/100] train_acc: 0.661 train_loss_sup: 1.222
[GPU2] epochs: [65/100] train_acc: 0.662 train_loss_sup: 1.218
[GPU2] epochs: [66/100] train_acc: 0.661 train_loss_sup: 1.220
[GPU2] epochs: [67/100] train_acc: 0.662 train_loss_sup: 1.216
[GPU2] epochs: [68/100] train_acc: 0.662 train_loss_sup: 1.218
[GPU2] epochs: [69/100] train_acc: 0.661 train_loss_sup: 1.223
[GPU2] epochs: [70/100] train_acc: 0.663 train_loss_sup: 1.218
[GPU2] Test Accuracy at epoch: 70: 0.651
[GPU2] epochs: [71/100] train_acc: 0.664 train_loss_sup: 1.217
[GPU2] epochs: [72/100] train_acc: 0.662 train_loss_sup: 1.215
[GPU2] epochs: [73/100] train_acc: 0.664 train_loss_sup: 1.212
[GPU2] epochs: [74/100] train_acc: 0.663 train_loss_sup: 1.217
[GPU2] epochs: [75/100] train_acc: 0.663 train_loss_sup: 1.217
[GPU2] epochs: [76/100] train_acc: 0.664 train_loss_sup: 1.216
[GPU2] epochs: [77/100] train_acc: 0.664 train_loss_sup: 1.213
[GPU2] epochs: [78/100] train_acc: 0.663 train_loss_sup: 1.212
[GPU2] epochs: [79/100] train_acc: 0.665 train_loss_sup: 1.210
[GPU2] epochs: [80/100] train_acc: 0.663 train_loss_sup: 1.213
[GPU2] Test Accuracy at epoch: 80: 0.659
[GPU2] epochs: [81/100] train_acc: 0.665 train_loss_sup: 1.210
[GPU2] epochs: [82/100] train_acc: 0.664 train_loss_sup: 1.212
[GPU2] epochs: [83/100] train_acc: 0.664 train_loss_sup: 1.214
[GPU2] epochs: [84/100] train_acc: 0.663 train_loss_sup: 1.214
[GPU2] epochs: [85/100] train_acc: 0.665 train_loss_sup: 1.210
[GPU2] epochs: [86/100] train_acc: 0.665 train_loss_sup: 1.208
[GPU2] epochs: [87/100] train_acc: 0.664 train_loss_sup: 1.209
[GPU2] epochs: [88/100] train_acc: 0.663 train_loss_sup: 1.218
[GPU2] epochs: [89/100] train_acc: 0.663 train_loss_sup: 1.211
[GPU2] epochs: [90/100] train_acc: 0.664 train_loss_sup: 1.207
[GPU2] Test Accuracy at epoch: 90: 0.654
[GPU2] epochs: [91/100] train_acc: 0.665 train_loss_sup: 1.210
[GPU2] epochs: [92/100] train_acc: 0.664 train_loss_sup: 1.210
[GPU2] epochs: [93/100] train_acc: 0.666 train_loss_sup: 1.205
[GPU2] epochs: [94/100] train_acc: 0.664 train_loss_sup: 1.205
[GPU2] epochs: [95/100] train_acc: 0.663 train_loss_sup: 1.206
[GPU2] epochs: [96/100] train_acc: 0.664 train_loss_sup: 1.208
[GPU2] epochs: [97/100] train_acc: 0.665 train_loss_sup: 1.208
[GPU2] epochs: [98/100] train_acc: 0.665 train_loss_sup: 1.206
[GPU2] epochs: [99/100] train_acc: 0.665 train_loss_sup: 1.207
[GPU2] epochs: [100/100] train_acc: 0.665 train_loss_sup: 1.206
[GPU2] Final Test Accuracy: 0.662
LR: 1.000 | WD: 0.000000 | Cosine: False | test Acc: 0.662%
===> using linear mlp
Scheduler: <torch.optim.lr_scheduler.CosineAnnealingLR object at 0x724b94447f10>
MLP: MLP(
  (mlp): Linear(in_features=384, out_features=100, bias=True)
)
[GPU2] Test Accuracy at epoch: 0: 0.445
[GPU2] epochs: [1/100] train_acc: 0.347 train_loss_sup: 3.454
[GPU2] epochs: [2/100] train_acc: 0.476 train_loss_sup: 2.465
[GPU2] epochs: [3/100] train_acc: 0.511 train_loss_sup: 2.144
[GPU2] epochs: [4/100] train_acc: 0.529 train_loss_sup: 1.981
[GPU2] epochs: [5/100] train_acc: 0.545 train_loss_sup: 1.873
[GPU2] epochs: [6/100] train_acc: 0.554 train_loss_sup: 1.803
[GPU2] epochs: [7/100] train_acc: 0.560 train_loss_sup: 1.747
[GPU2] epochs: [8/100] train_acc: 0.567 train_loss_sup: 1.704
[GPU2] epochs: [9/100] train_acc: 0.573 train_loss_sup: 1.670
[GPU2] epochs: [10/100] train_acc: 0.577 train_loss_sup: 1.643
[GPU2] Test Accuracy at epoch: 10: 0.576
[GPU2] epochs: [11/100] train_acc: 0.583 train_loss_sup: 1.617
[GPU2] epochs: [12/100] train_acc: 0.584 train_loss_sup: 1.598
[GPU2] epochs: [13/100] train_acc: 0.587 train_loss_sup: 1.576
[GPU2] epochs: [14/100] train_acc: 0.592 train_loss_sup: 1.561
[GPU2] epochs: [15/100] train_acc: 0.595 train_loss_sup: 1.543
[GPU2] epochs: [16/100] train_acc: 0.598 train_loss_sup: 1.528
[GPU2] epochs: [17/100] train_acc: 0.599 train_loss_sup: 1.522
[GPU2] epochs: [18/100] train_acc: 0.600 train_loss_sup: 1.508
[GPU2] epochs: [19/100] train_acc: 0.603 train_loss_sup: 1.499
[GPU2] epochs: [20/100] train_acc: 0.605 train_loss_sup: 1.492
[GPU2] Test Accuracy at epoch: 20: 0.606
[GPU2] epochs: [21/100] train_acc: 0.610 train_loss_sup: 1.476
[GPU2] epochs: [22/100] train_acc: 0.608 train_loss_sup: 1.471
[GPU2] epochs: [23/100] train_acc: 0.609 train_loss_sup: 1.467
[GPU2] epochs: [24/100] train_acc: 0.611 train_loss_sup: 1.459
[GPU2] epochs: [25/100] train_acc: 0.613 train_loss_sup: 1.453
[GPU2] epochs: [26/100] train_acc: 0.613 train_loss_sup: 1.449
[GPU2] epochs: [27/100] train_acc: 0.615 train_loss_sup: 1.438
[GPU2] epochs: [28/100] train_acc: 0.616 train_loss_sup: 1.436
[GPU2] epochs: [29/100] train_acc: 0.618 train_loss_sup: 1.430
[GPU2] epochs: [30/100] train_acc: 0.617 train_loss_sup: 1.427
[GPU2] Test Accuracy at epoch: 30: 0.616
[GPU2] epochs: [31/100] train_acc: 0.619 train_loss_sup: 1.422
[GPU2] epochs: [32/100] train_acc: 0.621 train_loss_sup: 1.416
[GPU2] epochs: [33/100] train_acc: 0.619 train_loss_sup: 1.414
[GPU2] epochs: [34/100] train_acc: 0.622 train_loss_sup: 1.408
[GPU2] epochs: [35/100] train_acc: 0.621 train_loss_sup: 1.407
[GPU2] epochs: [36/100] train_acc: 0.622 train_loss_sup: 1.405
[GPU2] epochs: [37/100] train_acc: 0.623 train_loss_sup: 1.399
[GPU2] epochs: [38/100] train_acc: 0.624 train_loss_sup: 1.401
[GPU2] epochs: [39/100] train_acc: 0.625 train_loss_sup: 1.397
[GPU2] epochs: [40/100] train_acc: 0.625 train_loss_sup: 1.392
[GPU2] Test Accuracy at epoch: 40: 0.623
[GPU2] epochs: [41/100] train_acc: 0.626 train_loss_sup: 1.391
[GPU2] epochs: [42/100] train_acc: 0.627 train_loss_sup: 1.386
[GPU2] epochs: [43/100] train_acc: 0.628 train_loss_sup: 1.382
[GPU2] epochs: [44/100] train_acc: 0.627 train_loss_sup: 1.381
[GPU2] epochs: [45/100] train_acc: 0.628 train_loss_sup: 1.380
[GPU2] epochs: [46/100] train_acc: 0.628 train_loss_sup: 1.376
[GPU2] epochs: [47/100] train_acc: 0.628 train_loss_sup: 1.382
[GPU2] epochs: [48/100] train_acc: 0.628 train_loss_sup: 1.375
[GPU2] epochs: [49/100] train_acc: 0.630 train_loss_sup: 1.372
[GPU2] epochs: [50/100] train_acc: 0.630 train_loss_sup: 1.370
[GPU2] Test Accuracy at epoch: 50: 0.628
[GPU2] epochs: [51/100] train_acc: 0.630 train_loss_sup: 1.371
[GPU2] epochs: [52/100] train_acc: 0.629 train_loss_sup: 1.370
[GPU2] epochs: [53/100] train_acc: 0.630 train_loss_sup: 1.368
[GPU2] epochs: [54/100] train_acc: 0.631 train_loss_sup: 1.365
[GPU2] epochs: [55/100] train_acc: 0.632 train_loss_sup: 1.364
[GPU2] epochs: [56/100] train_acc: 0.631 train_loss_sup: 1.360
[GPU2] epochs: [57/100] train_acc: 0.633 train_loss_sup: 1.363
[GPU2] epochs: [58/100] train_acc: 0.632 train_loss_sup: 1.360
[GPU2] epochs: [59/100] train_acc: 0.633 train_loss_sup: 1.361
[GPU2] epochs: [60/100] train_acc: 0.632 train_loss_sup: 1.358
[GPU2] Test Accuracy at epoch: 60: 0.63
[GPU2] epochs: [61/100] train_acc: 0.632 train_loss_sup: 1.361
[GPU2] epochs: [62/100] train_acc: 0.633 train_loss_sup: 1.356
[GPU2] epochs: [63/100] train_acc: 0.634 train_loss_sup: 1.355
[GPU2] epochs: [64/100] train_acc: 0.635 train_loss_sup: 1.350
[GPU2] epochs: [65/100] train_acc: 0.633 train_loss_sup: 1.353
[GPU2] epochs: [66/100] train_acc: 0.634 train_loss_sup: 1.354
[GPU2] epochs: [67/100] train_acc: 0.635 train_loss_sup: 1.352
[GPU2] epochs: [68/100] train_acc: 0.634 train_loss_sup: 1.349
[GPU2] epochs: [69/100] train_acc: 0.636 train_loss_sup: 1.349
[GPU2] epochs: [70/100] train_acc: 0.635 train_loss_sup: 1.349
[GPU2] Test Accuracy at epoch: 70: 0.629
[GPU2] epochs: [71/100] train_acc: 0.637 train_loss_sup: 1.348
[GPU2] epochs: [72/100] train_acc: 0.636 train_loss_sup: 1.346
[GPU2] epochs: [73/100] train_acc: 0.635 train_loss_sup: 1.347
[GPU2] epochs: [74/100] train_acc: 0.635 train_loss_sup: 1.346
[GPU2] epochs: [75/100] train_acc: 0.637 train_loss_sup: 1.346
[GPU2] epochs: [76/100] train_acc: 0.634 train_loss_sup: 1.346
[GPU2] epochs: [77/100] train_acc: 0.635 train_loss_sup: 1.346
[GPU2] epochs: [78/100] train_acc: 0.635 train_loss_sup: 1.348
[GPU2] epochs: [79/100] train_acc: 0.635 train_loss_sup: 1.347
[GPU2] epochs: [80/100] train_acc: 0.635 train_loss_sup: 1.348
[GPU2] Test Accuracy at epoch: 80: 0.631
[GPU2] epochs: [81/100] train_acc: 0.638 train_loss_sup: 1.343
[GPU2] epochs: [82/100] train_acc: 0.635 train_loss_sup: 1.346
[GPU2] epochs: [83/100] train_acc: 0.634 train_loss_sup: 1.349
[GPU2] epochs: [84/100] train_acc: 0.638 train_loss_sup: 1.345
[GPU2] epochs: [85/100] train_acc: 0.637 train_loss_sup: 1.342
[GPU2] epochs: [86/100] train_acc: 0.635 train_loss_sup: 1.345
[GPU2] epochs: [87/100] train_acc: 0.637 train_loss_sup: 1.339
[GPU2] epochs: [88/100] train_acc: 0.636 train_loss_sup: 1.343
[GPU2] epochs: [89/100] train_acc: 0.637 train_loss_sup: 1.341
[GPU2] epochs: [90/100] train_acc: 0.635 train_loss_sup: 1.345
[GPU2] Test Accuracy at epoch: 90: 0.632
[GPU2] epochs: [91/100] train_acc: 0.638 train_loss_sup: 1.340
[GPU2] epochs: [92/100] train_acc: 0.637 train_loss_sup: 1.338
[GPU2] epochs: [93/100] train_acc: 0.637 train_loss_sup: 1.344
[GPU2] epochs: [94/100] train_acc: 0.635 train_loss_sup: 1.343
[GPU2] epochs: [95/100] train_acc: 0.635 train_loss_sup: 1.344
[GPU2] epochs: [96/100] train_acc: 0.636 train_loss_sup: 1.346
[GPU2] epochs: [97/100] train_acc: 0.636 train_loss_sup: 1.344
[GPU2] epochs: [98/100] train_acc: 0.638 train_loss_sup: 1.340
[GPU2] epochs: [99/100] train_acc: 0.636 train_loss_sup: 1.342
[GPU2] epochs: [100/100] train_acc: 0.637 train_loss_sup: 1.341
[GPU2] Final Test Accuracy: 0.632
LR: 0.100 | WD: 0.000001 | Cosine: True | test Acc: 0.632%
===> using linear mlp
Scheduler: <torch.optim.lr_scheduler.CosineAnnealingLR object at 0x724b94444430>
MLP: MLP(
  (mlp): Linear(in_features=384, out_features=100, bias=True)
)
[GPU2] Test Accuracy at epoch: 0: 0.441
[GPU2] epochs: [1/100] train_acc: 0.342 train_loss_sup: 3.468
[GPU2] epochs: [2/100] train_acc: 0.476 train_loss_sup: 2.500
[GPU2] epochs: [3/100] train_acc: 0.508 train_loss_sup: 2.193
[GPU2] epochs: [4/100] train_acc: 0.525 train_loss_sup: 2.039
[GPU2] epochs: [5/100] train_acc: 0.539 train_loss_sup: 1.945
[GPU2] epochs: [6/100] train_acc: 0.548 train_loss_sup: 1.884
[GPU2] epochs: [7/100] train_acc: 0.557 train_loss_sup: 1.835
[GPU2] epochs: [8/100] train_acc: 0.562 train_loss_sup: 1.804
[GPU2] epochs: [9/100] train_acc: 0.566 train_loss_sup: 1.778
[GPU2] epochs: [10/100] train_acc: 0.569 train_loss_sup: 1.757
[GPU2] Test Accuracy at epoch: 10: 0.571
[GPU2] epochs: [11/100] train_acc: 0.574 train_loss_sup: 1.736
[GPU2] epochs: [12/100] train_acc: 0.576 train_loss_sup: 1.723
[GPU2] epochs: [13/100] train_acc: 0.579 train_loss_sup: 1.708
[GPU2] epochs: [14/100] train_acc: 0.580 train_loss_sup: 1.698
[GPU2] epochs: [15/100] train_acc: 0.584 train_loss_sup: 1.690
[GPU2] epochs: [16/100] train_acc: 0.583 train_loss_sup: 1.682
[GPU2] epochs: [17/100] train_acc: 0.587 train_loss_sup: 1.672
[GPU2] epochs: [18/100] train_acc: 0.588 train_loss_sup: 1.669
[GPU2] epochs: [19/100] train_acc: 0.590 train_loss_sup: 1.663
[GPU2] epochs: [20/100] train_acc: 0.589 train_loss_sup: 1.660
[GPU2] Test Accuracy at epoch: 20: 0.586
[GPU2] epochs: [21/100] train_acc: 0.590 train_loss_sup: 1.658
[GPU2] epochs: [22/100] train_acc: 0.591 train_loss_sup: 1.655
[GPU2] epochs: [23/100] train_acc: 0.590 train_loss_sup: 1.652
[GPU2] epochs: [24/100] train_acc: 0.592 train_loss_sup: 1.647
[GPU2] epochs: [25/100] train_acc: 0.593 train_loss_sup: 1.646
[GPU2] epochs: [26/100] train_acc: 0.594 train_loss_sup: 1.643
[GPU2] epochs: [27/100] train_acc: 0.596 train_loss_sup: 1.639
[GPU2] epochs: [28/100] train_acc: 0.595 train_loss_sup: 1.637
[GPU2] epochs: [29/100] train_acc: 0.595 train_loss_sup: 1.636
[GPU2] epochs: [30/100] train_acc: 0.596 train_loss_sup: 1.637
[GPU2] Test Accuracy at epoch: 30: 0.593
[GPU2] epochs: [31/100] train_acc: 0.598 train_loss_sup: 1.630
[GPU2] epochs: [32/100] train_acc: 0.599 train_loss_sup: 1.632
[GPU2] epochs: [33/100] train_acc: 0.597 train_loss_sup: 1.629
[GPU2] epochs: [34/100] train_acc: 0.598 train_loss_sup: 1.631
[GPU2] epochs: [35/100] train_acc: 0.598 train_loss_sup: 1.627
[GPU2] epochs: [36/100] train_acc: 0.598 train_loss_sup: 1.627
[GPU2] epochs: [37/100] train_acc: 0.598 train_loss_sup: 1.627
[GPU2] epochs: [38/100] train_acc: 0.599 train_loss_sup: 1.626
[GPU2] epochs: [39/100] train_acc: 0.601 train_loss_sup: 1.623
[GPU2] epochs: [40/100] train_acc: 0.600 train_loss_sup: 1.624
[GPU2] Test Accuracy at epoch: 40: 0.597
[GPU2] epochs: [41/100] train_acc: 0.600 train_loss_sup: 1.622
[GPU2] epochs: [42/100] train_acc: 0.601 train_loss_sup: 1.620
[GPU2] epochs: [43/100] train_acc: 0.600 train_loss_sup: 1.624
[GPU2] epochs: [44/100] train_acc: 0.600 train_loss_sup: 1.618
[GPU2] epochs: [45/100] train_acc: 0.600 train_loss_sup: 1.618
[GPU2] epochs: [46/100] train_acc: 0.600 train_loss_sup: 1.622
[GPU2] epochs: [47/100] train_acc: 0.601 train_loss_sup: 1.622
[GPU2] epochs: [48/100] train_acc: 0.601 train_loss_sup: 1.621
[GPU2] epochs: [49/100] train_acc: 0.600 train_loss_sup: 1.620
[GPU2] epochs: [50/100] train_acc: 0.601 train_loss_sup: 1.620
[GPU2] Test Accuracy at epoch: 50: 0.598
[GPU2] epochs: [51/100] train_acc: 0.602 train_loss_sup: 1.617
[GPU2] epochs: [52/100] train_acc: 0.601 train_loss_sup: 1.619
[GPU2] epochs: [53/100] train_acc: 0.602 train_loss_sup: 1.618
[GPU2] epochs: [54/100] train_acc: 0.601 train_loss_sup: 1.619
[GPU2] epochs: [55/100] train_acc: 0.601 train_loss_sup: 1.616
[GPU2] epochs: [56/100] train_acc: 0.603 train_loss_sup: 1.615
[GPU2] epochs: [57/100] train_acc: 0.601 train_loss_sup: 1.618
[GPU2] epochs: [58/100] train_acc: 0.602 train_loss_sup: 1.617
[GPU2] epochs: [59/100] train_acc: 0.602 train_loss_sup: 1.617
[GPU2] epochs: [60/100] train_acc: 0.602 train_loss_sup: 1.614
[GPU2] Test Accuracy at epoch: 60: 0.6
[GPU2] epochs: [61/100] train_acc: 0.604 train_loss_sup: 1.613
[GPU2] epochs: [62/100] train_acc: 0.602 train_loss_sup: 1.614
[GPU2] epochs: [63/100] train_acc: 0.602 train_loss_sup: 1.614
[GPU2] epochs: [64/100] train_acc: 0.602 train_loss_sup: 1.617
[GPU2] epochs: [65/100] train_acc: 0.601 train_loss_sup: 1.616
[GPU2] epochs: [66/100] train_acc: 0.603 train_loss_sup: 1.612
[GPU2] epochs: [67/100] train_acc: 0.602 train_loss_sup: 1.617
[GPU2] epochs: [68/100] train_acc: 0.604 train_loss_sup: 1.610
[GPU2] epochs: [69/100] train_acc: 0.603 train_loss_sup: 1.614
[GPU2] epochs: [70/100] train_acc: 0.602 train_loss_sup: 1.617
[GPU2] Test Accuracy at epoch: 70: 0.597
[GPU2] epochs: [71/100] train_acc: 0.602 train_loss_sup: 1.613
[GPU2] epochs: [72/100] train_acc: 0.604 train_loss_sup: 1.611
[GPU2] epochs: [73/100] train_acc: 0.602 train_loss_sup: 1.615
[GPU2] epochs: [74/100] train_acc: 0.603 train_loss_sup: 1.614
[GPU2] epochs: [75/100] train_acc: 0.604 train_loss_sup: 1.612
[GPU2] epochs: [76/100] train_acc: 0.603 train_loss_sup: 1.613
[GPU2] epochs: [77/100] train_acc: 0.602 train_loss_sup: 1.615
[GPU2] epochs: [78/100] train_acc: 0.604 train_loss_sup: 1.611
[GPU2] epochs: [79/100] train_acc: 0.603 train_loss_sup: 1.614
[GPU2] epochs: [80/100] train_acc: 0.604 train_loss_sup: 1.612
[GPU2] Test Accuracy at epoch: 80: 0.6
[GPU2] epochs: [81/100] train_acc: 0.604 train_loss_sup: 1.613
[GPU2] epochs: [82/100] train_acc: 0.602 train_loss_sup: 1.615
[GPU2] epochs: [83/100] train_acc: 0.603 train_loss_sup: 1.613
[GPU2] epochs: [84/100] train_acc: 0.604 train_loss_sup: 1.612
[GPU2] epochs: [85/100] train_acc: 0.603 train_loss_sup: 1.611
[GPU2] epochs: [86/100] train_acc: 0.605 train_loss_sup: 1.610
[GPU2] epochs: [87/100] train_acc: 0.604 train_loss_sup: 1.613
[GPU2] epochs: [88/100] train_acc: 0.603 train_loss_sup: 1.611
[GPU2] epochs: [89/100] train_acc: 0.603 train_loss_sup: 1.613
[GPU2] epochs: [90/100] train_acc: 0.605 train_loss_sup: 1.612
[GPU2] Test Accuracy at epoch: 90: 0.601
[GPU2] epochs: [91/100] train_acc: 0.604 train_loss_sup: 1.613
[GPU2] epochs: [92/100] train_acc: 0.605 train_loss_sup: 1.611
[GPU2] epochs: [93/100] train_acc: 0.604 train_loss_sup: 1.612
[GPU2] epochs: [94/100] train_acc: 0.604 train_loss_sup: 1.611
[GPU2] epochs: [95/100] train_acc: 0.604 train_loss_sup: 1.610
[GPU2] epochs: [96/100] train_acc: 0.607 train_loss_sup: 1.606
[GPU2] epochs: [97/100] train_acc: 0.605 train_loss_sup: 1.611
[GPU2] epochs: [98/100] train_acc: 0.603 train_loss_sup: 1.614
[GPU2] epochs: [99/100] train_acc: 0.603 train_loss_sup: 1.611
[GPU2] epochs: [100/100] train_acc: 0.603 train_loss_sup: 1.614
[GPU2] Final Test Accuracy: 0.601
LR: 0.100 | WD: 0.000100 | Cosine: True | test Acc: 0.601%
===> using linear mlp
Scheduler: <torch.optim.lr_scheduler.CosineAnnealingLR object at 0x724b944476d0>
MLP: MLP(
  (mlp): Linear(in_features=384, out_features=100, bias=True)
)
[GPU2] Test Accuracy at epoch: 0: 0.442
[GPU2] epochs: [1/100] train_acc: 0.350 train_loss_sup: 3.452
[GPU2] epochs: [2/100] train_acc: 0.477 train_loss_sup: 2.466
[GPU2] epochs: [3/100] train_acc: 0.510 train_loss_sup: 2.146
[GPU2] epochs: [4/100] train_acc: 0.529 train_loss_sup: 1.979
[GPU2] epochs: [5/100] train_acc: 0.542 train_loss_sup: 1.876
[GPU2] epochs: [6/100] train_acc: 0.553 train_loss_sup: 1.805
[GPU2] epochs: [7/100] train_acc: 0.560 train_loss_sup: 1.750
[GPU2] epochs: [8/100] train_acc: 0.568 train_loss_sup: 1.703
[GPU2] epochs: [9/100] train_acc: 0.574 train_loss_sup: 1.670
[GPU2] epochs: [10/100] train_acc: 0.577 train_loss_sup: 1.641
[GPU2] Test Accuracy at epoch: 10: 0.58
[GPU2] epochs: [11/100] train_acc: 0.580 train_loss_sup: 1.618
[GPU2] epochs: [12/100] train_acc: 0.586 train_loss_sup: 1.593
[GPU2] epochs: [13/100] train_acc: 0.591 train_loss_sup: 1.573
[GPU2] epochs: [14/100] train_acc: 0.593 train_loss_sup: 1.557
[GPU2] epochs: [15/100] train_acc: 0.595 train_loss_sup: 1.540
[GPU2] epochs: [16/100] train_acc: 0.596 train_loss_sup: 1.530
[GPU2] epochs: [17/100] train_acc: 0.600 train_loss_sup: 1.518
[GPU2] epochs: [18/100] train_acc: 0.600 train_loss_sup: 1.508
[GPU2] epochs: [19/100] train_acc: 0.603 train_loss_sup: 1.496
[GPU2] epochs: [20/100] train_acc: 0.605 train_loss_sup: 1.488
[GPU2] Test Accuracy at epoch: 20: 0.604
[GPU2] epochs: [21/100] train_acc: 0.605 train_loss_sup: 1.482
[GPU2] epochs: [22/100] train_acc: 0.609 train_loss_sup: 1.473
[GPU2] epochs: [23/100] train_acc: 0.610 train_loss_sup: 1.460
[GPU2] epochs: [24/100] train_acc: 0.612 train_loss_sup: 1.458
[GPU2] epochs: [25/100] train_acc: 0.612 train_loss_sup: 1.451
[GPU2] epochs: [26/100] train_acc: 0.613 train_loss_sup: 1.444
[GPU2] epochs: [27/100] train_acc: 0.616 train_loss_sup: 1.440
[GPU2] epochs: [28/100] train_acc: 0.616 train_loss_sup: 1.431
[GPU2] epochs: [29/100] train_acc: 0.617 train_loss_sup: 1.427
[GPU2] epochs: [30/100] train_acc: 0.619 train_loss_sup: 1.422
[GPU2] Test Accuracy at epoch: 30: 0.615
[GPU2] epochs: [31/100] train_acc: 0.618 train_loss_sup: 1.424
[GPU2] epochs: [32/100] train_acc: 0.619 train_loss_sup: 1.416
[GPU2] epochs: [33/100] train_acc: 0.620 train_loss_sup: 1.415
[GPU2] epochs: [34/100] train_acc: 0.620 train_loss_sup: 1.410
[GPU2] epochs: [35/100] train_acc: 0.621 train_loss_sup: 1.406
[GPU2] epochs: [36/100] train_acc: 0.622 train_loss_sup: 1.399
[GPU2] epochs: [37/100] train_acc: 0.623 train_loss_sup: 1.398
[GPU2] epochs: [38/100] train_acc: 0.624 train_loss_sup: 1.399
[GPU2] epochs: [39/100] train_acc: 0.625 train_loss_sup: 1.394
[GPU2] epochs: [40/100] train_acc: 0.625 train_loss_sup: 1.391
[GPU2] Test Accuracy at epoch: 40: 0.623
[GPU2] epochs: [41/100] train_acc: 0.625 train_loss_sup: 1.388
[GPU2] epochs: [42/100] train_acc: 0.626 train_loss_sup: 1.386
[GPU2] epochs: [43/100] train_acc: 0.627 train_loss_sup: 1.379
[GPU2] epochs: [44/100] train_acc: 0.626 train_loss_sup: 1.382
[GPU2] epochs: [45/100] train_acc: 0.628 train_loss_sup: 1.375
[GPU2] epochs: [46/100] train_acc: 0.628 train_loss_sup: 1.374
[GPU2] epochs: [47/100] train_acc: 0.629 train_loss_sup: 1.372
[GPU2] epochs: [48/100] train_acc: 0.628 train_loss_sup: 1.374
[GPU2] epochs: [49/100] train_acc: 0.629 train_loss_sup: 1.370
[GPU2] epochs: [50/100] train_acc: 0.630 train_loss_sup: 1.367
[GPU2] Test Accuracy at epoch: 50: 0.627
[GPU2] epochs: [51/100] train_acc: 0.629 train_loss_sup: 1.367
[GPU2] epochs: [52/100] train_acc: 0.630 train_loss_sup: 1.365
[GPU2] epochs: [53/100] train_acc: 0.631 train_loss_sup: 1.364
[GPU2] epochs: [54/100] train_acc: 0.633 train_loss_sup: 1.361
[GPU2] epochs: [55/100] train_acc: 0.632 train_loss_sup: 1.362
[GPU2] epochs: [56/100] train_acc: 0.631 train_loss_sup: 1.362
[GPU2] epochs: [57/100] train_acc: 0.634 train_loss_sup: 1.357
[GPU2] epochs: [58/100] train_acc: 0.631 train_loss_sup: 1.360
[GPU2] epochs: [59/100] train_acc: 0.632 train_loss_sup: 1.357
[GPU2] epochs: [60/100] train_acc: 0.633 train_loss_sup: 1.354
[GPU2] Test Accuracy at epoch: 60: 0.629
[GPU2] epochs: [61/100] train_acc: 0.634 train_loss_sup: 1.354
[GPU2] epochs: [62/100] train_acc: 0.632 train_loss_sup: 1.358
[GPU2] epochs: [63/100] train_acc: 0.633 train_loss_sup: 1.355
[GPU2] epochs: [64/100] train_acc: 0.633 train_loss_sup: 1.355
[GPU2] epochs: [65/100] train_acc: 0.634 train_loss_sup: 1.351
[GPU2] epochs: [66/100] train_acc: 0.633 train_loss_sup: 1.351
[GPU2] epochs: [67/100] train_acc: 0.635 train_loss_sup: 1.348
[GPU2] epochs: [68/100] train_acc: 0.634 train_loss_sup: 1.346
[GPU2] epochs: [69/100] train_acc: 0.634 train_loss_sup: 1.351
[GPU2] epochs: [70/100] train_acc: 0.634 train_loss_sup: 1.352
[GPU2] Test Accuracy at epoch: 70: 0.631
[GPU2] epochs: [71/100] train_acc: 0.636 train_loss_sup: 1.348
[GPU2] epochs: [72/100] train_acc: 0.635 train_loss_sup: 1.346
[GPU2] epochs: [73/100] train_acc: 0.634 train_loss_sup: 1.350
[GPU2] epochs: [74/100] train_acc: 0.635 train_loss_sup: 1.345
[GPU2] epochs: [75/100] train_acc: 0.635 train_loss_sup: 1.345
[GPU2] epochs: [76/100] train_acc: 0.636 train_loss_sup: 1.344
[GPU2] epochs: [77/100] train_acc: 0.637 train_loss_sup: 1.344
[GPU2] epochs: [78/100] train_acc: 0.636 train_loss_sup: 1.344
[GPU2] epochs: [79/100] train_acc: 0.637 train_loss_sup: 1.343
[GPU2] epochs: [80/100] train_acc: 0.637 train_loss_sup: 1.339
[GPU2] Test Accuracy at epoch: 80: 0.631
[GPU2] epochs: [81/100] train_acc: 0.636 train_loss_sup: 1.342
[GPU2] epochs: [82/100] train_acc: 0.636 train_loss_sup: 1.345
[GPU2] epochs: [83/100] train_acc: 0.636 train_loss_sup: 1.340
[GPU2] epochs: [84/100] train_acc: 0.637 train_loss_sup: 1.339
[GPU2] epochs: [85/100] train_acc: 0.634 train_loss_sup: 1.345
[GPU2] epochs: [86/100] train_acc: 0.635 train_loss_sup: 1.343
[GPU2] epochs: [87/100] train_acc: 0.635 train_loss_sup: 1.343
[GPU2] epochs: [88/100] train_acc: 0.636 train_loss_sup: 1.341
[GPU2] epochs: [89/100] train_acc: 0.637 train_loss_sup: 1.337
[GPU2] epochs: [90/100] train_acc: 0.638 train_loss_sup: 1.338
[GPU2] Test Accuracy at epoch: 90: 0.632
[GPU2] epochs: [91/100] train_acc: 0.635 train_loss_sup: 1.345
[GPU2] epochs: [92/100] train_acc: 0.636 train_loss_sup: 1.344
[GPU2] epochs: [93/100] train_acc: 0.636 train_loss_sup: 1.343
[GPU2] epochs: [94/100] train_acc: 0.636 train_loss_sup: 1.341
[GPU2] epochs: [95/100] train_acc: 0.638 train_loss_sup: 1.338
[GPU2] epochs: [96/100] train_acc: 0.636 train_loss_sup: 1.345
[GPU2] epochs: [97/100] train_acc: 0.636 train_loss_sup: 1.341
[GPU2] epochs: [98/100] train_acc: 0.636 train_loss_sup: 1.342
[GPU2] epochs: [99/100] train_acc: 0.637 train_loss_sup: 1.338
[GPU2] epochs: [100/100] train_acc: 0.635 train_loss_sup: 1.346
[GPU2] Final Test Accuracy: 0.631
LR: 0.100 | WD: 0.000000 | Cosine: True | test Acc: 0.632%
===> using linear mlp
Scheduler: <torch.optim.lr_scheduler.CosineAnnealingLR object at 0x724b94447220>
MLP: MLP(
  (mlp): Linear(in_features=384, out_features=100, bias=True)
)
[GPU2] Test Accuracy at epoch: 0: 0.551
[GPU2] epochs: [1/100] train_acc: 0.472 train_loss_sup: 2.143
[GPU2] epochs: [2/100] train_acc: 0.572 train_loss_sup: 1.597
[GPU2] epochs: [3/100] train_acc: 0.591 train_loss_sup: 1.502
[GPU2] epochs: [4/100] train_acc: 0.602 train_loss_sup: 1.449
[GPU2] epochs: [5/100] train_acc: 0.611 train_loss_sup: 1.418
[GPU2] epochs: [6/100] train_acc: 0.616 train_loss_sup: 1.393
[GPU2] epochs: [7/100] train_acc: 0.620 train_loss_sup: 1.382
[GPU2] epochs: [8/100] train_acc: 0.626 train_loss_sup: 1.363
[GPU2] epochs: [9/100] train_acc: 0.628 train_loss_sup: 1.350
[GPU2] epochs: [10/100] train_acc: 0.630 train_loss_sup: 1.337
[GPU2] Test Accuracy at epoch: 10: 0.631
[GPU2] epochs: [11/100] train_acc: 0.632 train_loss_sup: 1.331
[GPU2] epochs: [12/100] train_acc: 0.634 train_loss_sup: 1.319
[GPU2] epochs: [13/100] train_acc: 0.638 train_loss_sup: 1.313
[GPU2] epochs: [14/100] train_acc: 0.639 train_loss_sup: 1.309
[GPU2] epochs: [15/100] train_acc: 0.639 train_loss_sup: 1.307
[GPU2] epochs: [16/100] train_acc: 0.641 train_loss_sup: 1.295
[GPU2] epochs: [17/100] train_acc: 0.643 train_loss_sup: 1.291
[GPU2] epochs: [18/100] train_acc: 0.644 train_loss_sup: 1.292
[GPU2] epochs: [19/100] train_acc: 0.645 train_loss_sup: 1.285
[GPU2] epochs: [20/100] train_acc: 0.646 train_loss_sup: 1.283
[GPU2] Test Accuracy at epoch: 20: 0.642
[GPU2] epochs: [21/100] train_acc: 0.646 train_loss_sup: 1.278
[GPU2] epochs: [22/100] train_acc: 0.646 train_loss_sup: 1.278
[GPU2] epochs: [23/100] train_acc: 0.648 train_loss_sup: 1.270
[GPU2] epochs: [24/100] train_acc: 0.650 train_loss_sup: 1.266
[GPU2] epochs: [25/100] train_acc: 0.650 train_loss_sup: 1.266
[GPU2] epochs: [26/100] train_acc: 0.651 train_loss_sup: 1.266
[GPU2] epochs: [27/100] train_acc: 0.651 train_loss_sup: 1.259
[GPU2] epochs: [28/100] train_acc: 0.651 train_loss_sup: 1.265
[GPU2] epochs: [29/100] train_acc: 0.652 train_loss_sup: 1.257
[GPU2] epochs: [30/100] train_acc: 0.653 train_loss_sup: 1.255
[GPU2] Test Accuracy at epoch: 30: 0.653
[GPU2] epochs: [31/100] train_acc: 0.653 train_loss_sup: 1.251
[GPU2] epochs: [32/100] train_acc: 0.653 train_loss_sup: 1.252
[GPU2] epochs: [33/100] train_acc: 0.655 train_loss_sup: 1.245
[GPU2] epochs: [34/100] train_acc: 0.657 train_loss_sup: 1.242
[GPU2] epochs: [35/100] train_acc: 0.657 train_loss_sup: 1.243
[GPU2] epochs: [36/100] train_acc: 0.657 train_loss_sup: 1.242
[GPU2] epochs: [37/100] train_acc: 0.658 train_loss_sup: 1.238
[GPU2] epochs: [38/100] train_acc: 0.657 train_loss_sup: 1.238
[GPU2] epochs: [39/100] train_acc: 0.658 train_loss_sup: 1.236
[GPU2] epochs: [40/100] train_acc: 0.658 train_loss_sup: 1.235
[GPU2] Test Accuracy at epoch: 40: 0.653
[GPU2] epochs: [41/100] train_acc: 0.660 train_loss_sup: 1.226
[GPU2] epochs: [42/100] train_acc: 0.661 train_loss_sup: 1.230
[GPU2] epochs: [43/100] train_acc: 0.661 train_loss_sup: 1.227
[GPU2] epochs: [44/100] train_acc: 0.659 train_loss_sup: 1.230
[GPU2] epochs: [45/100] train_acc: 0.659 train_loss_sup: 1.225
[GPU2] epochs: [46/100] train_acc: 0.660 train_loss_sup: 1.226
[GPU2] epochs: [47/100] train_acc: 0.662 train_loss_sup: 1.224
[GPU2] epochs: [48/100] train_acc: 0.661 train_loss_sup: 1.223
[GPU2] epochs: [49/100] train_acc: 0.662 train_loss_sup: 1.223
[GPU2] epochs: [50/100] train_acc: 0.663 train_loss_sup: 1.217
[GPU2] Test Accuracy at epoch: 50: 0.653
[GPU2] epochs: [51/100] train_acc: 0.663 train_loss_sup: 1.216
[GPU2] epochs: [52/100] train_acc: 0.664 train_loss_sup: 1.216
[GPU2] epochs: [53/100] train_acc: 0.664 train_loss_sup: 1.213
[GPU2] epochs: [54/100] train_acc: 0.664 train_loss_sup: 1.214
[GPU2] epochs: [55/100] train_acc: 0.664 train_loss_sup: 1.213
[GPU2] epochs: [56/100] train_acc: 0.666 train_loss_sup: 1.212
[GPU2] epochs: [57/100] train_acc: 0.665 train_loss_sup: 1.210
[GPU2] epochs: [58/100] train_acc: 0.666 train_loss_sup: 1.212
[GPU2] epochs: [59/100] train_acc: 0.666 train_loss_sup: 1.209
[GPU2] epochs: [60/100] train_acc: 0.667 train_loss_sup: 1.206
[GPU2] Test Accuracy at epoch: 60: 0.66
[GPU2] epochs: [61/100] train_acc: 0.666 train_loss_sup: 1.207
[GPU2] epochs: [62/100] train_acc: 0.669 train_loss_sup: 1.202
[GPU2] epochs: [63/100] train_acc: 0.668 train_loss_sup: 1.201
[GPU2] epochs: [64/100] train_acc: 0.668 train_loss_sup: 1.201
[GPU2] epochs: [65/100] train_acc: 0.668 train_loss_sup: 1.202
[GPU2] epochs: [66/100] train_acc: 0.669 train_loss_sup: 1.203
[GPU2] epochs: [67/100] train_acc: 0.668 train_loss_sup: 1.197
[GPU2] epochs: [68/100] train_acc: 0.670 train_loss_sup: 1.196
[GPU2] epochs: [69/100] train_acc: 0.670 train_loss_sup: 1.198
[GPU2] epochs: [70/100] train_acc: 0.669 train_loss_sup: 1.197
[GPU2] Test Accuracy at epoch: 70: 0.658
[GPU2] epochs: [71/100] train_acc: 0.671 train_loss_sup: 1.193
[GPU2] epochs: [72/100] train_acc: 0.670 train_loss_sup: 1.196
[GPU2] epochs: [73/100] train_acc: 0.671 train_loss_sup: 1.191
[GPU2] epochs: [74/100] train_acc: 0.671 train_loss_sup: 1.194
[GPU2] epochs: [75/100] train_acc: 0.670 train_loss_sup: 1.195
[GPU2] epochs: [76/100] train_acc: 0.672 train_loss_sup: 1.192
[GPU2] epochs: [77/100] train_acc: 0.671 train_loss_sup: 1.196
[GPU2] epochs: [78/100] train_acc: 0.670 train_loss_sup: 1.197
[GPU2] epochs: [79/100] train_acc: 0.673 train_loss_sup: 1.188
[GPU2] epochs: [80/100] train_acc: 0.674 train_loss_sup: 1.189
[GPU2] Test Accuracy at epoch: 80: 0.661
[GPU2] epochs: [81/100] train_acc: 0.673 train_loss_sup: 1.189
[GPU2] epochs: [82/100] train_acc: 0.674 train_loss_sup: 1.187
[GPU2] epochs: [83/100] train_acc: 0.672 train_loss_sup: 1.189
[GPU2] epochs: [84/100] train_acc: 0.674 train_loss_sup: 1.183
[GPU2] epochs: [85/100] train_acc: 0.673 train_loss_sup: 1.191
[GPU2] epochs: [86/100] train_acc: 0.674 train_loss_sup: 1.187
[GPU2] epochs: [87/100] train_acc: 0.674 train_loss_sup: 1.182
[GPU2] epochs: [88/100] train_acc: 0.673 train_loss_sup: 1.189
[GPU2] epochs: [89/100] train_acc: 0.675 train_loss_sup: 1.185
[GPU2] epochs: [90/100] train_acc: 0.674 train_loss_sup: 1.183
[GPU2] Test Accuracy at epoch: 90: 0.661
[GPU2] epochs: [91/100] train_acc: 0.673 train_loss_sup: 1.188
[GPU2] epochs: [92/100] train_acc: 0.674 train_loss_sup: 1.184
[GPU2] epochs: [93/100] train_acc: 0.674 train_loss_sup: 1.184
[GPU2] epochs: [94/100] train_acc: 0.674 train_loss_sup: 1.186
[GPU2] epochs: [95/100] train_acc: 0.674 train_loss_sup: 1.184
[GPU2] epochs: [96/100] train_acc: 0.675 train_loss_sup: 1.183
[GPU2] epochs: [97/100] train_acc: 0.675 train_loss_sup: 1.183
[GPU2] epochs: [98/100] train_acc: 0.675 train_loss_sup: 1.180
[GPU2] epochs: [99/100] train_acc: 0.675 train_loss_sup: 1.184
[GPU2] epochs: [100/100] train_acc: 0.675 train_loss_sup: 1.184
[GPU2] Final Test Accuracy: 0.661
LR: 1.000 | WD: 0.000001 | Cosine: True | test Acc: 0.661%
===> using linear mlp
Scheduler: <torch.optim.lr_scheduler.CosineAnnealingLR object at 0x724b94446470>
MLP: MLP(
  (mlp): Linear(in_features=384, out_features=100, bias=True)
)
[GPU2] Test Accuracy at epoch: 0: 0.537
[GPU2] epochs: [1/100] train_acc: 0.465 train_loss_sup: 2.210
[GPU2] epochs: [2/100] train_acc: 0.553 train_loss_sup: 1.748
[GPU2] epochs: [3/100] train_acc: 0.565 train_loss_sup: 1.697
[GPU2] epochs: [4/100] train_acc: 0.570 train_loss_sup: 1.681
[GPU2] epochs: [5/100] train_acc: 0.571 train_loss_sup: 1.676
[GPU2] epochs: [6/100] train_acc: 0.571 train_loss_sup: 1.676
[GPU2] epochs: [7/100] train_acc: 0.571 train_loss_sup: 1.675
[GPU2] epochs: [8/100] train_acc: 0.572 train_loss_sup: 1.671
[GPU2] epochs: [9/100] train_acc: 0.572 train_loss_sup: 1.670
[GPU2] epochs: [10/100] train_acc: 0.572 train_loss_sup: 1.669
[GPU2] Test Accuracy at epoch: 10: 0.574
[GPU2] epochs: [11/100] train_acc: 0.572 train_loss_sup: 1.674
[GPU2] epochs: [12/100] train_acc: 0.574 train_loss_sup: 1.667
[GPU2] epochs: [13/100] train_acc: 0.574 train_loss_sup: 1.668
[GPU2] epochs: [14/100] train_acc: 0.574 train_loss_sup: 1.670
[GPU2] epochs: [15/100] train_acc: 0.574 train_loss_sup: 1.669
[GPU2] epochs: [16/100] train_acc: 0.576 train_loss_sup: 1.665
[GPU2] epochs: [17/100] train_acc: 0.574 train_loss_sup: 1.670
[GPU2] epochs: [18/100] train_acc: 0.574 train_loss_sup: 1.666
[GPU2] epochs: [19/100] train_acc: 0.573 train_loss_sup: 1.669
[GPU2] epochs: [20/100] train_acc: 0.575 train_loss_sup: 1.665
[GPU2] Test Accuracy at epoch: 20: 0.575
[GPU2] epochs: [21/100] train_acc: 0.574 train_loss_sup: 1.666
[GPU2] epochs: [22/100] train_acc: 0.577 train_loss_sup: 1.663
[GPU2] epochs: [23/100] train_acc: 0.576 train_loss_sup: 1.663
[GPU2] epochs: [24/100] train_acc: 0.575 train_loss_sup: 1.665
[GPU2] epochs: [25/100] train_acc: 0.577 train_loss_sup: 1.663
[GPU2] epochs: [26/100] train_acc: 0.578 train_loss_sup: 1.658
[GPU2] epochs: [27/100] train_acc: 0.576 train_loss_sup: 1.667
[GPU2] epochs: [28/100] train_acc: 0.578 train_loss_sup: 1.663
[GPU2] epochs: [29/100] train_acc: 0.578 train_loss_sup: 1.657
[GPU2] epochs: [30/100] train_acc: 0.579 train_loss_sup: 1.659
[GPU2] Test Accuracy at epoch: 30: 0.581
[GPU2] epochs: [31/100] train_acc: 0.579 train_loss_sup: 1.657
[GPU2] epochs: [32/100] train_acc: 0.579 train_loss_sup: 1.658
[GPU2] epochs: [33/100] train_acc: 0.578 train_loss_sup: 1.659
[GPU2] epochs: [34/100] train_acc: 0.579 train_loss_sup: 1.654
[GPU2] epochs: [35/100] train_acc: 0.581 train_loss_sup: 1.654
[GPU2] epochs: [36/100] train_acc: 0.579 train_loss_sup: 1.659
[GPU2] epochs: [37/100] train_acc: 0.581 train_loss_sup: 1.655
[GPU2] epochs: [38/100] train_acc: 0.583 train_loss_sup: 1.652
[GPU2] epochs: [39/100] train_acc: 0.583 train_loss_sup: 1.650
[GPU2] epochs: [40/100] train_acc: 0.583 train_loss_sup: 1.650
[GPU2] Test Accuracy at epoch: 40: 0.577
[GPU2] epochs: [41/100] train_acc: 0.584 train_loss_sup: 1.650
[GPU2] epochs: [42/100] train_acc: 0.582 train_loss_sup: 1.647
[GPU2] epochs: [43/100] train_acc: 0.583 train_loss_sup: 1.650
[GPU2] epochs: [44/100] train_acc: 0.585 train_loss_sup: 1.644
[GPU2] epochs: [45/100] train_acc: 0.583 train_loss_sup: 1.647
[GPU2] epochs: [46/100] train_acc: 0.585 train_loss_sup: 1.648
[GPU2] epochs: [47/100] train_acc: 0.587 train_loss_sup: 1.643
[GPU2] epochs: [48/100] train_acc: 0.587 train_loss_sup: 1.643
[GPU2] epochs: [49/100] train_acc: 0.587 train_loss_sup: 1.644
[GPU2] epochs: [50/100] train_acc: 0.588 train_loss_sup: 1.641
[GPU2] Test Accuracy at epoch: 50: 0.589
[GPU2] epochs: [51/100] train_acc: 0.588 train_loss_sup: 1.642
[GPU2] epochs: [52/100] train_acc: 0.587 train_loss_sup: 1.643
[GPU2] epochs: [53/100] train_acc: 0.588 train_loss_sup: 1.640
[GPU2] epochs: [54/100] train_acc: 0.588 train_loss_sup: 1.639
[GPU2] epochs: [55/100] train_acc: 0.590 train_loss_sup: 1.634
[GPU2] epochs: [56/100] train_acc: 0.591 train_loss_sup: 1.633
[GPU2] epochs: [57/100] train_acc: 0.592 train_loss_sup: 1.630
[GPU2] epochs: [58/100] train_acc: 0.591 train_loss_sup: 1.633
[GPU2] epochs: [59/100] train_acc: 0.591 train_loss_sup: 1.634
[GPU2] epochs: [60/100] train_acc: 0.593 train_loss_sup: 1.633
[GPU2] Test Accuracy at epoch: 60: 0.59
[GPU2] epochs: [61/100] train_acc: 0.591 train_loss_sup: 1.631
[GPU2] epochs: [62/100] train_acc: 0.593 train_loss_sup: 1.633
[GPU2] epochs: [63/100] train_acc: 0.595 train_loss_sup: 1.629
[GPU2] epochs: [64/100] train_acc: 0.592 train_loss_sup: 1.629
[GPU2] epochs: [65/100] train_acc: 0.593 train_loss_sup: 1.629
[GPU2] epochs: [66/100] train_acc: 0.596 train_loss_sup: 1.622
[GPU2] epochs: [67/100] train_acc: 0.595 train_loss_sup: 1.626
[GPU2] epochs: [68/100] train_acc: 0.597 train_loss_sup: 1.624
[GPU2] epochs: [69/100] train_acc: 0.595 train_loss_sup: 1.625
[GPU2] epochs: [70/100] train_acc: 0.597 train_loss_sup: 1.625
[GPU2] Test Accuracy at epoch: 70: 0.592
[GPU2] epochs: [71/100] train_acc: 0.598 train_loss_sup: 1.621
[GPU2] epochs: [72/100] train_acc: 0.598 train_loss_sup: 1.622
[GPU2] epochs: [73/100] train_acc: 0.599 train_loss_sup: 1.622
[GPU2] epochs: [74/100] train_acc: 0.599 train_loss_sup: 1.622
[GPU2] epochs: [75/100] train_acc: 0.599 train_loss_sup: 1.619
[GPU2] epochs: [76/100] train_acc: 0.600 train_loss_sup: 1.618
[GPU2] epochs: [77/100] train_acc: 0.601 train_loss_sup: 1.619
[GPU2] epochs: [78/100] train_acc: 0.601 train_loss_sup: 1.617
[GPU2] epochs: [79/100] train_acc: 0.600 train_loss_sup: 1.618
[GPU2] epochs: [80/100] train_acc: 0.600 train_loss_sup: 1.616
[GPU2] Test Accuracy at epoch: 80: 0.598
[GPU2] epochs: [81/100] train_acc: 0.602 train_loss_sup: 1.614
[GPU2] epochs: [82/100] train_acc: 0.602 train_loss_sup: 1.615
[GPU2] epochs: [83/100] train_acc: 0.603 train_loss_sup: 1.614
[GPU2] epochs: [84/100] train_acc: 0.603 train_loss_sup: 1.612
[GPU2] epochs: [85/100] train_acc: 0.604 train_loss_sup: 1.610
[GPU2] epochs: [86/100] train_acc: 0.602 train_loss_sup: 1.614
[GPU2] epochs: [87/100] train_acc: 0.602 train_loss_sup: 1.614
[GPU2] epochs: [88/100] train_acc: 0.603 train_loss_sup: 1.614
[GPU2] epochs: [89/100] train_acc: 0.604 train_loss_sup: 1.609
[GPU2] epochs: [90/100] train_acc: 0.605 train_loss_sup: 1.610
[GPU2] Test Accuracy at epoch: 90: 0.602
[GPU2] epochs: [91/100] train_acc: 0.604 train_loss_sup: 1.612
[GPU2] epochs: [92/100] train_acc: 0.605 train_loss_sup: 1.609
[GPU2] epochs: [93/100] train_acc: 0.605 train_loss_sup: 1.610
[GPU2] epochs: [94/100] train_acc: 0.605 train_loss_sup: 1.609
[GPU2] epochs: [95/100] train_acc: 0.604 train_loss_sup: 1.610
[GPU2] epochs: [96/100] train_acc: 0.605 train_loss_sup: 1.610
[GPU2] epochs: [97/100] train_acc: 0.605 train_loss_sup: 1.610
[GPU2] epochs: [98/100] train_acc: 0.607 train_loss_sup: 1.607
[GPU2] epochs: [99/100] train_acc: 0.606 train_loss_sup: 1.606
[GPU2] epochs: [100/100] train_acc: 0.604 train_loss_sup: 1.609
[GPU2] Final Test Accuracy: 0.601
LR: 1.000 | WD: 0.000100 | Cosine: True | test Acc: 0.602%
===> using linear mlp
Scheduler: <torch.optim.lr_scheduler.CosineAnnealingLR object at 0x724b94446920>
MLP: MLP(
  (mlp): Linear(in_features=384, out_features=100, bias=True)
)
[GPU2] Test Accuracy at epoch: 0: 0.542
[GPU2] epochs: [1/100] train_acc: 0.470 train_loss_sup: 2.147
[GPU2] epochs: [2/100] train_acc: 0.571 train_loss_sup: 1.598
[GPU2] epochs: [3/100] train_acc: 0.591 train_loss_sup: 1.503
[GPU2] epochs: [4/100] train_acc: 0.602 train_loss_sup: 1.452
[GPU2] epochs: [5/100] train_acc: 0.610 train_loss_sup: 1.418
[GPU2] epochs: [6/100] train_acc: 0.619 train_loss_sup: 1.388
[GPU2] epochs: [7/100] train_acc: 0.621 train_loss_sup: 1.377
[GPU2] epochs: [8/100] train_acc: 0.626 train_loss_sup: 1.356
[GPU2] epochs: [9/100] train_acc: 0.628 train_loss_sup: 1.346
[GPU2] epochs: [10/100] train_acc: 0.632 train_loss_sup: 1.337
[GPU2] Test Accuracy at epoch: 10: 0.632
[GPU2] epochs: [11/100] train_acc: 0.633 train_loss_sup: 1.329
