Namespace(dataset='img100', saved_path='saved_models/mae.clr.rot.i100.ec200.pth', gpu=2, model='vit', verbose=False, epochs=100, eval_every=10, knn=True, lreg=True, linprobe=True, tsne=False, umap=False, cmet=True, nw=5)
<All keys matched successfully>
Starting Hyperparameter Sweep on 2...
===> using linear mlp
Scheduler: None
MLP: MLP(
  (mlp): Linear(in_features=384, out_features=100, bias=True)
)
[GPU2] Test Accuracy at epoch: 0: 0.496
[GPU2] epochs: [1/100] train_acc: 0.397 train_loss_sup: 2.722
[GPU2] epochs: [2/100] train_acc: 0.514 train_loss_sup: 1.948
[GPU2] epochs: [3/100] train_acc: 0.543 train_loss_sup: 1.780
[GPU2] epochs: [4/100] train_acc: 0.557 train_loss_sup: 1.695
[GPU2] epochs: [5/100] train_acc: 0.568 train_loss_sup: 1.638
[GPU2] epochs: [6/100] train_acc: 0.577 train_loss_sup: 1.595
[GPU2] epochs: [7/100] train_acc: 0.581 train_loss_sup: 1.571
[GPU2] epochs: [8/100] train_acc: 0.587 train_loss_sup: 1.541
[GPU2] epochs: [9/100] train_acc: 0.590 train_loss_sup: 1.528
[GPU2] epochs: [10/100] train_acc: 0.595 train_loss_sup: 1.507
[GPU2] Test Accuracy at epoch: 10: 0.598
[GPU2] epochs: [11/100] train_acc: 0.597 train_loss_sup: 1.498
[GPU2] epochs: [12/100] train_acc: 0.600 train_loss_sup: 1.480
[GPU2] epochs: [13/100] train_acc: 0.603 train_loss_sup: 1.469
[GPU2] epochs: [14/100] train_acc: 0.604 train_loss_sup: 1.465
[GPU2] epochs: [15/100] train_acc: 0.605 train_loss_sup: 1.455
[GPU2] epochs: [16/100] train_acc: 0.607 train_loss_sup: 1.450
[GPU2] epochs: [17/100] train_acc: 0.611 train_loss_sup: 1.441
[GPU2] epochs: [18/100] train_acc: 0.612 train_loss_sup: 1.431
[GPU2] epochs: [19/100] train_acc: 0.613 train_loss_sup: 1.426
[GPU2] epochs: [20/100] train_acc: 0.615 train_loss_sup: 1.419
[GPU2] Test Accuracy at epoch: 20: 0.616
[GPU2] epochs: [21/100] train_acc: 0.614 train_loss_sup: 1.419
[GPU2] epochs: [22/100] train_acc: 0.616 train_loss_sup: 1.409
[GPU2] epochs: [23/100] train_acc: 0.617 train_loss_sup: 1.409
[GPU2] epochs: [24/100] train_acc: 0.618 train_loss_sup: 1.407
[GPU2] epochs: [25/100] train_acc: 0.620 train_loss_sup: 1.396
[GPU2] epochs: [26/100] train_acc: 0.620 train_loss_sup: 1.396
[GPU2] epochs: [27/100] train_acc: 0.622 train_loss_sup: 1.390
[GPU2] epochs: [28/100] train_acc: 0.621 train_loss_sup: 1.392
[GPU2] epochs: [29/100] train_acc: 0.622 train_loss_sup: 1.390
[GPU2] epochs: [30/100] train_acc: 0.623 train_loss_sup: 1.385
[GPU2] Test Accuracy at epoch: 30: 0.623
[GPU2] epochs: [31/100] train_acc: 0.624 train_loss_sup: 1.378
[GPU2] epochs: [32/100] train_acc: 0.625 train_loss_sup: 1.378
[GPU2] epochs: [33/100] train_acc: 0.626 train_loss_sup: 1.375
[GPU2] epochs: [34/100] train_acc: 0.626 train_loss_sup: 1.371
[GPU2] epochs: [35/100] train_acc: 0.629 train_loss_sup: 1.365
[GPU2] epochs: [36/100] train_acc: 0.629 train_loss_sup: 1.364
[GPU2] epochs: [37/100] train_acc: 0.629 train_loss_sup: 1.365
[GPU2] epochs: [38/100] train_acc: 0.629 train_loss_sup: 1.361
[GPU2] epochs: [39/100] train_acc: 0.628 train_loss_sup: 1.362
[GPU2] epochs: [40/100] train_acc: 0.629 train_loss_sup: 1.360
[GPU2] Test Accuracy at epoch: 40: 0.631
[GPU2] epochs: [41/100] train_acc: 0.629 train_loss_sup: 1.357
[GPU2] epochs: [42/100] train_acc: 0.629 train_loss_sup: 1.357
[GPU2] epochs: [43/100] train_acc: 0.631 train_loss_sup: 1.349
[GPU2] epochs: [44/100] train_acc: 0.630 train_loss_sup: 1.356
[GPU2] epochs: [45/100] train_acc: 0.635 train_loss_sup: 1.345
[GPU2] epochs: [46/100] train_acc: 0.633 train_loss_sup: 1.345
[GPU2] epochs: [47/100] train_acc: 0.632 train_loss_sup: 1.345
[GPU2] epochs: [48/100] train_acc: 0.633 train_loss_sup: 1.344
[GPU2] epochs: [49/100] train_acc: 0.633 train_loss_sup: 1.346
[GPU2] epochs: [50/100] train_acc: 0.632 train_loss_sup: 1.346
[GPU2] Test Accuracy at epoch: 50: 0.634
[GPU2] epochs: [51/100] train_acc: 0.635 train_loss_sup: 1.338
[GPU2] epochs: [52/100] train_acc: 0.635 train_loss_sup: 1.337
[GPU2] epochs: [53/100] train_acc: 0.633 train_loss_sup: 1.343
[GPU2] epochs: [54/100] train_acc: 0.635 train_loss_sup: 1.334
[GPU2] epochs: [55/100] train_acc: 0.635 train_loss_sup: 1.334
[GPU2] epochs: [56/100] train_acc: 0.635 train_loss_sup: 1.335
[GPU2] epochs: [57/100] train_acc: 0.637 train_loss_sup: 1.332
[GPU2] epochs: [58/100] train_acc: 0.636 train_loss_sup: 1.329
[GPU2] epochs: [59/100] train_acc: 0.636 train_loss_sup: 1.332
[GPU2] epochs: [60/100] train_acc: 0.638 train_loss_sup: 1.328
[GPU2] Test Accuracy at epoch: 60: 0.634
[GPU2] epochs: [61/100] train_acc: 0.640 train_loss_sup: 1.326
[GPU2] epochs: [62/100] train_acc: 0.636 train_loss_sup: 1.327
[GPU2] epochs: [63/100] train_acc: 0.637 train_loss_sup: 1.329
[GPU2] epochs: [64/100] train_acc: 0.638 train_loss_sup: 1.326
[GPU2] epochs: [65/100] train_acc: 0.637 train_loss_sup: 1.326
[GPU2] epochs: [66/100] train_acc: 0.638 train_loss_sup: 1.322
[GPU2] epochs: [67/100] train_acc: 0.638 train_loss_sup: 1.322
[GPU2] epochs: [68/100] train_acc: 0.638 train_loss_sup: 1.319
[GPU2] epochs: [69/100] train_acc: 0.639 train_loss_sup: 1.319
[GPU2] epochs: [70/100] train_acc: 0.639 train_loss_sup: 1.320
[GPU2] Test Accuracy at epoch: 70: 0.638
[GPU2] epochs: [71/100] train_acc: 0.639 train_loss_sup: 1.322
[GPU2] epochs: [72/100] train_acc: 0.639 train_loss_sup: 1.319
[GPU2] epochs: [73/100] train_acc: 0.640 train_loss_sup: 1.314
[GPU2] epochs: [74/100] train_acc: 0.640 train_loss_sup: 1.315
[GPU2] epochs: [75/100] train_acc: 0.642 train_loss_sup: 1.314
[GPU2] epochs: [76/100] train_acc: 0.641 train_loss_sup: 1.315
[GPU2] epochs: [77/100] train_acc: 0.641 train_loss_sup: 1.314
[GPU2] epochs: [78/100] train_acc: 0.640 train_loss_sup: 1.316
[GPU2] epochs: [79/100] train_acc: 0.640 train_loss_sup: 1.315
[GPU2] epochs: [80/100] train_acc: 0.642 train_loss_sup: 1.314
[GPU2] Test Accuracy at epoch: 80: 0.639
[GPU2] epochs: [81/100] train_acc: 0.643 train_loss_sup: 1.308
[GPU2] epochs: [82/100] train_acc: 0.639 train_loss_sup: 1.318
[GPU2] epochs: [83/100] train_acc: 0.641 train_loss_sup: 1.309
[GPU2] epochs: [84/100] train_acc: 0.641 train_loss_sup: 1.306
[GPU2] epochs: [85/100] train_acc: 0.642 train_loss_sup: 1.308
[GPU2] epochs: [86/100] train_acc: 0.642 train_loss_sup: 1.310
[GPU2] epochs: [87/100] train_acc: 0.643 train_loss_sup: 1.305
[GPU2] epochs: [88/100] train_acc: 0.643 train_loss_sup: 1.304
[GPU2] epochs: [89/100] train_acc: 0.642 train_loss_sup: 1.305
[GPU2] epochs: [90/100] train_acc: 0.645 train_loss_sup: 1.301
[GPU2] Test Accuracy at epoch: 90: 0.639
[GPU2] epochs: [91/100] train_acc: 0.644 train_loss_sup: 1.301
[GPU2] epochs: [92/100] train_acc: 0.644 train_loss_sup: 1.301
[GPU2] epochs: [93/100] train_acc: 0.643 train_loss_sup: 1.306
[GPU2] epochs: [94/100] train_acc: 0.643 train_loss_sup: 1.306
[GPU2] epochs: [95/100] train_acc: 0.642 train_loss_sup: 1.305
[GPU2] epochs: [96/100] train_acc: 0.645 train_loss_sup: 1.301
[GPU2] epochs: [97/100] train_acc: 0.643 train_loss_sup: 1.301
[GPU2] epochs: [98/100] train_acc: 0.643 train_loss_sup: 1.305
[GPU2] epochs: [99/100] train_acc: 0.642 train_loss_sup: 1.301
[GPU2] epochs: [100/100] train_acc: 0.644 train_loss_sup: 1.303
[GPU2] Final Test Accuracy: 0.637
LR: 0.100 | WD: 0.000001 | Cosine: False | test Acc: 0.639%
===> using linear mlp
Scheduler: None
MLP: MLP(
  (mlp): Linear(in_features=384, out_features=100, bias=True)
)
[GPU2] Test Accuracy at epoch: 0: 0.492
[GPU2] epochs: [1/100] train_acc: 0.398 train_loss_sup: 2.731
[GPU2] epochs: [2/100] train_acc: 0.510 train_loss_sup: 1.974
[GPU2] epochs: [3/100] train_acc: 0.539 train_loss_sup: 1.809
[GPU2] epochs: [4/100] train_acc: 0.554 train_loss_sup: 1.728
[GPU2] epochs: [5/100] train_acc: 0.565 train_loss_sup: 1.680
[GPU2] epochs: [6/100] train_acc: 0.571 train_loss_sup: 1.645
[GPU2] epochs: [7/100] train_acc: 0.577 train_loss_sup: 1.619
[GPU2] epochs: [8/100] train_acc: 0.581 train_loss_sup: 1.599
[GPU2] epochs: [9/100] train_acc: 0.585 train_loss_sup: 1.585
[GPU2] epochs: [10/100] train_acc: 0.587 train_loss_sup: 1.574
[GPU2] Test Accuracy at epoch: 10: 0.595
[GPU2] epochs: [11/100] train_acc: 0.590 train_loss_sup: 1.557
[GPU2] epochs: [12/100] train_acc: 0.590 train_loss_sup: 1.554
[GPU2] epochs: [13/100] train_acc: 0.592 train_loss_sup: 1.547
[GPU2] epochs: [14/100] train_acc: 0.594 train_loss_sup: 1.541
[GPU2] epochs: [15/100] train_acc: 0.595 train_loss_sup: 1.535
[GPU2] epochs: [16/100] train_acc: 0.596 train_loss_sup: 1.533
[GPU2] epochs: [17/100] train_acc: 0.597 train_loss_sup: 1.527
[GPU2] epochs: [18/100] train_acc: 0.598 train_loss_sup: 1.527
[GPU2] epochs: [19/100] train_acc: 0.599 train_loss_sup: 1.523
[GPU2] epochs: [20/100] train_acc: 0.599 train_loss_sup: 1.520
[GPU2] Test Accuracy at epoch: 20: 0.603
[GPU2] epochs: [21/100] train_acc: 0.602 train_loss_sup: 1.516
[GPU2] epochs: [22/100] train_acc: 0.600 train_loss_sup: 1.513
[GPU2] epochs: [23/100] train_acc: 0.600 train_loss_sup: 1.516
[GPU2] epochs: [24/100] train_acc: 0.601 train_loss_sup: 1.509
[GPU2] epochs: [25/100] train_acc: 0.603 train_loss_sup: 1.510
[GPU2] epochs: [26/100] train_acc: 0.603 train_loss_sup: 1.506
[GPU2] epochs: [27/100] train_acc: 0.603 train_loss_sup: 1.506
[GPU2] epochs: [28/100] train_acc: 0.606 train_loss_sup: 1.504
[GPU2] epochs: [29/100] train_acc: 0.605 train_loss_sup: 1.500
[GPU2] epochs: [30/100] train_acc: 0.604 train_loss_sup: 1.505
[GPU2] Test Accuracy at epoch: 30: 0.612
[GPU2] epochs: [31/100] train_acc: 0.604 train_loss_sup: 1.501
[GPU2] epochs: [32/100] train_acc: 0.604 train_loss_sup: 1.505
[GPU2] epochs: [33/100] train_acc: 0.605 train_loss_sup: 1.501
[GPU2] epochs: [34/100] train_acc: 0.605 train_loss_sup: 1.501
[GPU2] epochs: [35/100] train_acc: 0.605 train_loss_sup: 1.503
[GPU2] epochs: [36/100] train_acc: 0.604 train_loss_sup: 1.501
[GPU2] epochs: [37/100] train_acc: 0.605 train_loss_sup: 1.500
[GPU2] epochs: [38/100] train_acc: 0.606 train_loss_sup: 1.497
[GPU2] epochs: [39/100] train_acc: 0.606 train_loss_sup: 1.495
[GPU2] epochs: [40/100] train_acc: 0.605 train_loss_sup: 1.499
[GPU2] Test Accuracy at epoch: 40: 0.606
[GPU2] epochs: [41/100] train_acc: 0.604 train_loss_sup: 1.498
[GPU2] epochs: [42/100] train_acc: 0.606 train_loss_sup: 1.501
[GPU2] epochs: [43/100] train_acc: 0.606 train_loss_sup: 1.498
[GPU2] epochs: [44/100] train_acc: 0.606 train_loss_sup: 1.495
[GPU2] epochs: [45/100] train_acc: 0.607 train_loss_sup: 1.496
[GPU2] epochs: [46/100] train_acc: 0.607 train_loss_sup: 1.494
[GPU2] epochs: [47/100] train_acc: 0.606 train_loss_sup: 1.492
[GPU2] epochs: [48/100] train_acc: 0.607 train_loss_sup: 1.494
[GPU2] epochs: [49/100] train_acc: 0.605 train_loss_sup: 1.498
[GPU2] epochs: [50/100] train_acc: 0.608 train_loss_sup: 1.496
[GPU2] Test Accuracy at epoch: 50: 0.607
[GPU2] epochs: [51/100] train_acc: 0.607 train_loss_sup: 1.492
[GPU2] epochs: [52/100] train_acc: 0.610 train_loss_sup: 1.490
[GPU2] epochs: [53/100] train_acc: 0.607 train_loss_sup: 1.492
[GPU2] epochs: [54/100] train_acc: 0.607 train_loss_sup: 1.496
[GPU2] epochs: [55/100] train_acc: 0.606 train_loss_sup: 1.496
[GPU2] epochs: [56/100] train_acc: 0.608 train_loss_sup: 1.492
[GPU2] epochs: [57/100] train_acc: 0.607 train_loss_sup: 1.492
[GPU2] epochs: [58/100] train_acc: 0.608 train_loss_sup: 1.495
[GPU2] epochs: [59/100] train_acc: 0.609 train_loss_sup: 1.490
[GPU2] epochs: [60/100] train_acc: 0.605 train_loss_sup: 1.494
[GPU2] Test Accuracy at epoch: 60: 0.6
[GPU2] epochs: [61/100] train_acc: 0.606 train_loss_sup: 1.492
[GPU2] epochs: [62/100] train_acc: 0.608 train_loss_sup: 1.493
[GPU2] epochs: [63/100] train_acc: 0.607 train_loss_sup: 1.497
[GPU2] epochs: [64/100] train_acc: 0.608 train_loss_sup: 1.496
[GPU2] epochs: [65/100] train_acc: 0.608 train_loss_sup: 1.493
[GPU2] epochs: [66/100] train_acc: 0.608 train_loss_sup: 1.491
[GPU2] epochs: [67/100] train_acc: 0.607 train_loss_sup: 1.494
[GPU2] epochs: [68/100] train_acc: 0.608 train_loss_sup: 1.495
[GPU2] epochs: [69/100] train_acc: 0.607 train_loss_sup: 1.492
[GPU2] epochs: [70/100] train_acc: 0.608 train_loss_sup: 1.491
[GPU2] Test Accuracy at epoch: 70: 0.607
[GPU2] epochs: [71/100] train_acc: 0.606 train_loss_sup: 1.494
[GPU2] epochs: [72/100] train_acc: 0.608 train_loss_sup: 1.494
[GPU2] epochs: [73/100] train_acc: 0.607 train_loss_sup: 1.492
[GPU2] epochs: [74/100] train_acc: 0.606 train_loss_sup: 1.494
[GPU2] epochs: [75/100] train_acc: 0.607 train_loss_sup: 1.493
[GPU2] epochs: [76/100] train_acc: 0.609 train_loss_sup: 1.491
[GPU2] epochs: [77/100] train_acc: 0.609 train_loss_sup: 1.491
[GPU2] epochs: [78/100] train_acc: 0.606 train_loss_sup: 1.493
[GPU2] epochs: [79/100] train_acc: 0.607 train_loss_sup: 1.489
[GPU2] epochs: [80/100] train_acc: 0.606 train_loss_sup: 1.494
[GPU2] Test Accuracy at epoch: 80: 0.609
[GPU2] epochs: [81/100] train_acc: 0.607 train_loss_sup: 1.493
[GPU2] epochs: [82/100] train_acc: 0.607 train_loss_sup: 1.493
[GPU2] epochs: [83/100] train_acc: 0.609 train_loss_sup: 1.489
[GPU2] epochs: [84/100] train_acc: 0.607 train_loss_sup: 1.492
[GPU2] epochs: [85/100] train_acc: 0.607 train_loss_sup: 1.495
[GPU2] epochs: [86/100] train_acc: 0.607 train_loss_sup: 1.492
[GPU2] epochs: [87/100] train_acc: 0.606 train_loss_sup: 1.496
[GPU2] epochs: [88/100] train_acc: 0.607 train_loss_sup: 1.494
[GPU2] epochs: [89/100] train_acc: 0.607 train_loss_sup: 1.495
[GPU2] epochs: [90/100] train_acc: 0.607 train_loss_sup: 1.491
[GPU2] Test Accuracy at epoch: 90: 0.612
[GPU2] epochs: [91/100] train_acc: 0.607 train_loss_sup: 1.493
[GPU2] epochs: [92/100] train_acc: 0.607 train_loss_sup: 1.495
[GPU2] epochs: [93/100] train_acc: 0.607 train_loss_sup: 1.496
[GPU2] epochs: [94/100] train_acc: 0.608 train_loss_sup: 1.490
[GPU2] epochs: [95/100] train_acc: 0.607 train_loss_sup: 1.492
[GPU2] epochs: [96/100] train_acc: 0.610 train_loss_sup: 1.488
[GPU2] epochs: [97/100] train_acc: 0.606 train_loss_sup: 1.493
[GPU2] epochs: [98/100] train_acc: 0.609 train_loss_sup: 1.491
[GPU2] epochs: [99/100] train_acc: 0.607 train_loss_sup: 1.492
[GPU2] epochs: [100/100] train_acc: 0.607 train_loss_sup: 1.490
[GPU2] Final Test Accuracy: 0.607
LR: 0.100 | WD: 0.000100 | Cosine: False | test Acc: 0.612%
===> using linear mlp
Scheduler: None
MLP: MLP(
  (mlp): Linear(in_features=384, out_features=100, bias=True)
)
[GPU2] Test Accuracy at epoch: 0: 0.496
[GPU2] epochs: [1/100] train_acc: 0.397 train_loss_sup: 2.719
[GPU2] epochs: [2/100] train_acc: 0.515 train_loss_sup: 1.948
[GPU2] epochs: [3/100] train_acc: 0.542 train_loss_sup: 1.781
[GPU2] epochs: [4/100] train_acc: 0.559 train_loss_sup: 1.692
[GPU2] epochs: [5/100] train_acc: 0.570 train_loss_sup: 1.635
[GPU2] epochs: [6/100] train_acc: 0.577 train_loss_sup: 1.595
[GPU2] epochs: [7/100] train_acc: 0.584 train_loss_sup: 1.565
[GPU2] epochs: [8/100] train_acc: 0.588 train_loss_sup: 1.545
[GPU2] epochs: [9/100] train_acc: 0.591 train_loss_sup: 1.526
[GPU2] epochs: [10/100] train_acc: 0.595 train_loss_sup: 1.509
[GPU2] Test Accuracy at epoch: 10: 0.6
[GPU2] epochs: [11/100] train_acc: 0.597 train_loss_sup: 1.494
[GPU2] epochs: [12/100] train_acc: 0.599 train_loss_sup: 1.484
[GPU2] epochs: [13/100] train_acc: 0.603 train_loss_sup: 1.474
[GPU2] epochs: [14/100] train_acc: 0.603 train_loss_sup: 1.462
[GPU2] epochs: [15/100] train_acc: 0.606 train_loss_sup: 1.454
[GPU2] epochs: [16/100] train_acc: 0.607 train_loss_sup: 1.449
[GPU2] epochs: [17/100] train_acc: 0.610 train_loss_sup: 1.440
[GPU2] epochs: [18/100] train_acc: 0.612 train_loss_sup: 1.429
[GPU2] epochs: [19/100] train_acc: 0.611 train_loss_sup: 1.427
[GPU2] epochs: [20/100] train_acc: 0.614 train_loss_sup: 1.422
[GPU2] Test Accuracy at epoch: 20: 0.618
[GPU2] epochs: [21/100] train_acc: 0.614 train_loss_sup: 1.419
[GPU2] epochs: [22/100] train_acc: 0.617 train_loss_sup: 1.408
[GPU2] epochs: [23/100] train_acc: 0.617 train_loss_sup: 1.409
[GPU2] epochs: [24/100] train_acc: 0.618 train_loss_sup: 1.403
[GPU2] epochs: [25/100] train_acc: 0.619 train_loss_sup: 1.400
[GPU2] epochs: [26/100] train_acc: 0.622 train_loss_sup: 1.389
[GPU2] epochs: [27/100] train_acc: 0.623 train_loss_sup: 1.389
[GPU2] epochs: [28/100] train_acc: 0.621 train_loss_sup: 1.385
[GPU2] epochs: [29/100] train_acc: 0.622 train_loss_sup: 1.382
[GPU2] epochs: [30/100] train_acc: 0.624 train_loss_sup: 1.383
[GPU2] Test Accuracy at epoch: 30: 0.619
[GPU2] epochs: [31/100] train_acc: 0.624 train_loss_sup: 1.378
[GPU2] epochs: [32/100] train_acc: 0.624 train_loss_sup: 1.376
[GPU2] epochs: [33/100] train_acc: 0.626 train_loss_sup: 1.372
[GPU2] epochs: [34/100] train_acc: 0.629 train_loss_sup: 1.366
[GPU2] epochs: [35/100] train_acc: 0.626 train_loss_sup: 1.370
[GPU2] epochs: [36/100] train_acc: 0.628 train_loss_sup: 1.366
[GPU2] epochs: [37/100] train_acc: 0.628 train_loss_sup: 1.364
[GPU2] epochs: [38/100] train_acc: 0.629 train_loss_sup: 1.361
[GPU2] epochs: [39/100] train_acc: 0.630 train_loss_sup: 1.356
[GPU2] epochs: [40/100] train_acc: 0.631 train_loss_sup: 1.357
[GPU2] Test Accuracy at epoch: 40: 0.628
[GPU2] epochs: [41/100] train_acc: 0.629 train_loss_sup: 1.356
[GPU2] epochs: [42/100] train_acc: 0.629 train_loss_sup: 1.358
[GPU2] epochs: [43/100] train_acc: 0.631 train_loss_sup: 1.352
[GPU2] epochs: [44/100] train_acc: 0.629 train_loss_sup: 1.352
[GPU2] epochs: [45/100] train_acc: 0.632 train_loss_sup: 1.348
[GPU2] epochs: [46/100] train_acc: 0.632 train_loss_sup: 1.348
[GPU2] epochs: [47/100] train_acc: 0.631 train_loss_sup: 1.349
[GPU2] epochs: [48/100] train_acc: 0.633 train_loss_sup: 1.348
[GPU2] epochs: [49/100] train_acc: 0.633 train_loss_sup: 1.341
[GPU2] epochs: [50/100] train_acc: 0.634 train_loss_sup: 1.342
[GPU2] Test Accuracy at epoch: 50: 0.63
[GPU2] epochs: [51/100] train_acc: 0.633 train_loss_sup: 1.339
[GPU2] epochs: [52/100] train_acc: 0.634 train_loss_sup: 1.336
[GPU2] epochs: [53/100] train_acc: 0.633 train_loss_sup: 1.336
[GPU2] epochs: [54/100] train_acc: 0.635 train_loss_sup: 1.336
[GPU2] epochs: [55/100] train_acc: 0.636 train_loss_sup: 1.334
[GPU2] epochs: [56/100] train_acc: 0.635 train_loss_sup: 1.333
[GPU2] epochs: [57/100] train_acc: 0.636 train_loss_sup: 1.335
[GPU2] epochs: [58/100] train_acc: 0.636 train_loss_sup: 1.332
[GPU2] epochs: [59/100] train_acc: 0.638 train_loss_sup: 1.327
[GPU2] epochs: [60/100] train_acc: 0.638 train_loss_sup: 1.328
[GPU2] Test Accuracy at epoch: 60: 0.631
[GPU2] epochs: [61/100] train_acc: 0.639 train_loss_sup: 1.321
[GPU2] epochs: [62/100] train_acc: 0.637 train_loss_sup: 1.328
[GPU2] epochs: [63/100] train_acc: 0.639 train_loss_sup: 1.319
[GPU2] epochs: [64/100] train_acc: 0.638 train_loss_sup: 1.324
[GPU2] epochs: [65/100] train_acc: 0.640 train_loss_sup: 1.319
[GPU2] epochs: [66/100] train_acc: 0.640 train_loss_sup: 1.317
[GPU2] epochs: [67/100] train_acc: 0.639 train_loss_sup: 1.320
[GPU2] epochs: [68/100] train_acc: 0.640 train_loss_sup: 1.322
[GPU2] epochs: [69/100] train_acc: 0.640 train_loss_sup: 1.319
[GPU2] epochs: [70/100] train_acc: 0.639 train_loss_sup: 1.317
[GPU2] Test Accuracy at epoch: 70: 0.638
[GPU2] epochs: [71/100] train_acc: 0.639 train_loss_sup: 1.318
[GPU2] epochs: [72/100] train_acc: 0.640 train_loss_sup: 1.314
[GPU2] epochs: [73/100] train_acc: 0.640 train_loss_sup: 1.323
[GPU2] epochs: [74/100] train_acc: 0.641 train_loss_sup: 1.317
[GPU2] epochs: [75/100] train_acc: 0.640 train_loss_sup: 1.316
[GPU2] epochs: [76/100] train_acc: 0.641 train_loss_sup: 1.313
[GPU2] epochs: [77/100] train_acc: 0.641 train_loss_sup: 1.312
[GPU2] epochs: [78/100] train_acc: 0.641 train_loss_sup: 1.310
[GPU2] epochs: [79/100] train_acc: 0.642 train_loss_sup: 1.308
[GPU2] epochs: [80/100] train_acc: 0.642 train_loss_sup: 1.306
[GPU2] Test Accuracy at epoch: 80: 0.64
[GPU2] epochs: [81/100] train_acc: 0.643 train_loss_sup: 1.305
[GPU2] epochs: [82/100] train_acc: 0.641 train_loss_sup: 1.309
[GPU2] epochs: [83/100] train_acc: 0.643 train_loss_sup: 1.306
[GPU2] epochs: [84/100] train_acc: 0.642 train_loss_sup: 1.309
[GPU2] epochs: [85/100] train_acc: 0.642 train_loss_sup: 1.308
[GPU2] epochs: [86/100] train_acc: 0.643 train_loss_sup: 1.307
[GPU2] epochs: [87/100] train_acc: 0.643 train_loss_sup: 1.306
[GPU2] epochs: [88/100] train_acc: 0.643 train_loss_sup: 1.306
[GPU2] epochs: [89/100] train_acc: 0.642 train_loss_sup: 1.309
[GPU2] epochs: [90/100] train_acc: 0.644 train_loss_sup: 1.303
[GPU2] Test Accuracy at epoch: 90: 0.636
[GPU2] epochs: [91/100] train_acc: 0.643 train_loss_sup: 1.300
[GPU2] epochs: [92/100] train_acc: 0.642 train_loss_sup: 1.301
[GPU2] epochs: [93/100] train_acc: 0.643 train_loss_sup: 1.302
[GPU2] epochs: [94/100] train_acc: 0.644 train_loss_sup: 1.304
[GPU2] epochs: [95/100] train_acc: 0.643 train_loss_sup: 1.302
[GPU2] epochs: [96/100] train_acc: 0.644 train_loss_sup: 1.297
[GPU2] epochs: [97/100] train_acc: 0.644 train_loss_sup: 1.298
[GPU2] epochs: [98/100] train_acc: 0.643 train_loss_sup: 1.301
[GPU2] epochs: [99/100] train_acc: 0.645 train_loss_sup: 1.300
[GPU2] epochs: [100/100] train_acc: 0.646 train_loss_sup: 1.297
[GPU2] Final Test Accuracy: 0.641
LR: 0.100 | WD: 0.000000 | Cosine: False | test Acc: 0.641%
===> using linear mlp
Scheduler: None
MLP: MLP(
  (mlp): Linear(in_features=384, out_features=100, bias=True)
)
[GPU2] Test Accuracy at epoch: 0: 0.547
[GPU2] epochs: [1/100] train_acc: 0.467 train_loss_sup: 2.027
[GPU2] epochs: [2/100] train_acc: 0.544 train_loss_sup: 1.691
[GPU2] epochs: [3/100] train_acc: 0.558 train_loss_sup: 1.633
[GPU2] epochs: [4/100] train_acc: 0.570 train_loss_sup: 1.598
[GPU2] epochs: [5/100] train_acc: 0.574 train_loss_sup: 1.581
[GPU2] epochs: [6/100] train_acc: 0.578 train_loss_sup: 1.570
[GPU2] epochs: [7/100] train_acc: 0.585 train_loss_sup: 1.544
[GPU2] epochs: [8/100] train_acc: 0.585 train_loss_sup: 1.544
[GPU2] epochs: [9/100] train_acc: 0.589 train_loss_sup: 1.527
[GPU2] epochs: [10/100] train_acc: 0.589 train_loss_sup: 1.529
[GPU2] Test Accuracy at epoch: 10: 0.588
[GPU2] epochs: [11/100] train_acc: 0.591 train_loss_sup: 1.522
[GPU2] epochs: [12/100] train_acc: 0.594 train_loss_sup: 1.513
[GPU2] epochs: [13/100] train_acc: 0.596 train_loss_sup: 1.506
[GPU2] epochs: [14/100] train_acc: 0.595 train_loss_sup: 1.505
[GPU2] epochs: [15/100] train_acc: 0.596 train_loss_sup: 1.511
[GPU2] epochs: [16/100] train_acc: 0.599 train_loss_sup: 1.501
[GPU2] epochs: [17/100] train_acc: 0.597 train_loss_sup: 1.511
[GPU2] epochs: [18/100] train_acc: 0.601 train_loss_sup: 1.493
[GPU2] epochs: [19/100] train_acc: 0.597 train_loss_sup: 1.495
[GPU2] epochs: [20/100] train_acc: 0.600 train_loss_sup: 1.495
[GPU2] Test Accuracy at epoch: 20: 0.598
[GPU2] epochs: [21/100] train_acc: 0.599 train_loss_sup: 1.492
[GPU2] epochs: [22/100] train_acc: 0.600 train_loss_sup: 1.494
[GPU2] epochs: [23/100] train_acc: 0.601 train_loss_sup: 1.488
[GPU2] epochs: [24/100] train_acc: 0.602 train_loss_sup: 1.484
[GPU2] epochs: [25/100] train_acc: 0.605 train_loss_sup: 1.477
[GPU2] epochs: [26/100] train_acc: 0.603 train_loss_sup: 1.487
[GPU2] epochs: [27/100] train_acc: 0.602 train_loss_sup: 1.482
[GPU2] epochs: [28/100] train_acc: 0.606 train_loss_sup: 1.474
[GPU2] epochs: [29/100] train_acc: 0.601 train_loss_sup: 1.495
[GPU2] epochs: [30/100] train_acc: 0.603 train_loss_sup: 1.476
[GPU2] Test Accuracy at epoch: 30: 0.599
[GPU2] epochs: [31/100] train_acc: 0.605 train_loss_sup: 1.476
[GPU2] epochs: [32/100] train_acc: 0.604 train_loss_sup: 1.473
[GPU2] epochs: [33/100] train_acc: 0.604 train_loss_sup: 1.472
[GPU2] epochs: [34/100] train_acc: 0.606 train_loss_sup: 1.475
[GPU2] epochs: [35/100] train_acc: 0.607 train_loss_sup: 1.472
[GPU2] epochs: [36/100] train_acc: 0.607 train_loss_sup: 1.465
[GPU2] epochs: [37/100] train_acc: 0.607 train_loss_sup: 1.468
[GPU2] epochs: [38/100] train_acc: 0.606 train_loss_sup: 1.469
[GPU2] epochs: [39/100] train_acc: 0.604 train_loss_sup: 1.477
[GPU2] epochs: [40/100] train_acc: 0.606 train_loss_sup: 1.468
[GPU2] Test Accuracy at epoch: 40: 0.597
[GPU2] epochs: [41/100] train_acc: 0.607 train_loss_sup: 1.473
[GPU2] epochs: [42/100] train_acc: 0.607 train_loss_sup: 1.463
[GPU2] epochs: [43/100] train_acc: 0.608 train_loss_sup: 1.462
[GPU2] epochs: [44/100] train_acc: 0.609 train_loss_sup: 1.460
[GPU2] epochs: [45/100] train_acc: 0.607 train_loss_sup: 1.459
[GPU2] epochs: [46/100] train_acc: 0.608 train_loss_sup: 1.466
[GPU2] epochs: [47/100] train_acc: 0.608 train_loss_sup: 1.465
[GPU2] epochs: [48/100] train_acc: 0.605 train_loss_sup: 1.476
[GPU2] epochs: [49/100] train_acc: 0.610 train_loss_sup: 1.457
[GPU2] epochs: [50/100] train_acc: 0.611 train_loss_sup: 1.458
[GPU2] Test Accuracy at epoch: 50: 0.613
[GPU2] epochs: [51/100] train_acc: 0.607 train_loss_sup: 1.467
[GPU2] epochs: [52/100] train_acc: 0.607 train_loss_sup: 1.466
[GPU2] epochs: [53/100] train_acc: 0.606 train_loss_sup: 1.465
[GPU2] epochs: [54/100] train_acc: 0.609 train_loss_sup: 1.458
[GPU2] epochs: [55/100] train_acc: 0.609 train_loss_sup: 1.458
[GPU2] epochs: [56/100] train_acc: 0.609 train_loss_sup: 1.466
[GPU2] epochs: [57/100] train_acc: 0.609 train_loss_sup: 1.460
[GPU2] epochs: [58/100] train_acc: 0.611 train_loss_sup: 1.459
[GPU2] epochs: [59/100] train_acc: 0.608 train_loss_sup: 1.463
[GPU2] epochs: [60/100] train_acc: 0.609 train_loss_sup: 1.460
[GPU2] Test Accuracy at epoch: 60: 0.602
[GPU2] epochs: [61/100] train_acc: 0.612 train_loss_sup: 1.451
[GPU2] epochs: [62/100] train_acc: 0.608 train_loss_sup: 1.462
[GPU2] epochs: [63/100] train_acc: 0.609 train_loss_sup: 1.457
[GPU2] epochs: [64/100] train_acc: 0.609 train_loss_sup: 1.464
[GPU2] epochs: [65/100] train_acc: 0.609 train_loss_sup: 1.462
[GPU2] epochs: [66/100] train_acc: 0.611 train_loss_sup: 1.454
[GPU2] epochs: [67/100] train_acc: 0.609 train_loss_sup: 1.456
[GPU2] epochs: [68/100] train_acc: 0.610 train_loss_sup: 1.458
[GPU2] epochs: [69/100] train_acc: 0.611 train_loss_sup: 1.447
[GPU2] epochs: [70/100] train_acc: 0.608 train_loss_sup: 1.464
[GPU2] Test Accuracy at epoch: 70: 0.613
[GPU2] epochs: [71/100] train_acc: 0.610 train_loss_sup: 1.455
[GPU2] epochs: [72/100] train_acc: 0.611 train_loss_sup: 1.453
[GPU2] epochs: [73/100] train_acc: 0.609 train_loss_sup: 1.460
[GPU2] epochs: [74/100] train_acc: 0.610 train_loss_sup: 1.456
[GPU2] epochs: [75/100] train_acc: 0.612 train_loss_sup: 1.450
[GPU2] epochs: [76/100] train_acc: 0.609 train_loss_sup: 1.463
[GPU2] epochs: [77/100] train_acc: 0.612 train_loss_sup: 1.445
[GPU2] epochs: [78/100] train_acc: 0.610 train_loss_sup: 1.450
[GPU2] epochs: [79/100] train_acc: 0.609 train_loss_sup: 1.459
[GPU2] epochs: [80/100] train_acc: 0.610 train_loss_sup: 1.461
[GPU2] Test Accuracy at epoch: 80: 0.619
[GPU2] epochs: [81/100] train_acc: 0.611 train_loss_sup: 1.458
[GPU2] epochs: [82/100] train_acc: 0.610 train_loss_sup: 1.455
[GPU2] epochs: [83/100] train_acc: 0.610 train_loss_sup: 1.459
[GPU2] epochs: [84/100] train_acc: 0.610 train_loss_sup: 1.455
[GPU2] epochs: [85/100] train_acc: 0.612 train_loss_sup: 1.453
[GPU2] epochs: [86/100] train_acc: 0.611 train_loss_sup: 1.454
[GPU2] epochs: [87/100] train_acc: 0.611 train_loss_sup: 1.456
[GPU2] epochs: [88/100] train_acc: 0.608 train_loss_sup: 1.463
[GPU2] epochs: [89/100] train_acc: 0.611 train_loss_sup: 1.448
[GPU2] epochs: [90/100] train_acc: 0.611 train_loss_sup: 1.454
[GPU2] Test Accuracy at epoch: 90: 0.611
[GPU2] epochs: [91/100] train_acc: 0.610 train_loss_sup: 1.461
[GPU2] epochs: [92/100] train_acc: 0.611 train_loss_sup: 1.455
[GPU2] epochs: [93/100] train_acc: 0.612 train_loss_sup: 1.452
[GPU2] epochs: [94/100] train_acc: 0.609 train_loss_sup: 1.452
[GPU2] epochs: [95/100] train_acc: 0.611 train_loss_sup: 1.449
[GPU2] epochs: [96/100] train_acc: 0.610 train_loss_sup: 1.456
[GPU2] epochs: [97/100] train_acc: 0.612 train_loss_sup: 1.449
[GPU2] epochs: [98/100] train_acc: 0.613 train_loss_sup: 1.450
[GPU2] epochs: [99/100] train_acc: 0.611 train_loss_sup: 1.458
[GPU2] epochs: [100/100] train_acc: 0.613 train_loss_sup: 1.440
[GPU2] Final Test Accuracy: 0.618
LR: 1.000 | WD: 0.000001 | Cosine: False | test Acc: 0.619%
===> using linear mlp
Scheduler: None
MLP: MLP(
  (mlp): Linear(in_features=384, out_features=100, bias=True)
)
[GPU2] Test Accuracy at epoch: 0: 0.512
[GPU2] epochs: [1/100] train_acc: 0.459 train_loss_sup: 2.075
[GPU2] epochs: [2/100] train_acc: 0.523 train_loss_sup: 1.769
[GPU2] epochs: [3/100] train_acc: 0.530 train_loss_sup: 1.737
[GPU2] epochs: [4/100] train_acc: 0.533 train_loss_sup: 1.728
[GPU2] epochs: [5/100] train_acc: 0.536 train_loss_sup: 1.718
[GPU2] epochs: [6/100] train_acc: 0.536 train_loss_sup: 1.718
[GPU2] epochs: [7/100] train_acc: 0.537 train_loss_sup: 1.711
[GPU2] epochs: [8/100] train_acc: 0.535 train_loss_sup: 1.720
[GPU2] epochs: [9/100] train_acc: 0.538 train_loss_sup: 1.710
[GPU2] epochs: [10/100] train_acc: 0.538 train_loss_sup: 1.713
[GPU2] Test Accuracy at epoch: 10: 0.547
[GPU2] epochs: [11/100] train_acc: 0.539 train_loss_sup: 1.702
[GPU2] epochs: [12/100] train_acc: 0.536 train_loss_sup: 1.719
[GPU2] epochs: [13/100] train_acc: 0.537 train_loss_sup: 1.720
[GPU2] epochs: [14/100] train_acc: 0.536 train_loss_sup: 1.719
[GPU2] epochs: [15/100] train_acc: 0.538 train_loss_sup: 1.716
[GPU2] epochs: [16/100] train_acc: 0.535 train_loss_sup: 1.723
[GPU2] epochs: [17/100] train_acc: 0.534 train_loss_sup: 1.731
[GPU2] epochs: [18/100] train_acc: 0.535 train_loss_sup: 1.725
[GPU2] epochs: [19/100] train_acc: 0.536 train_loss_sup: 1.720
[GPU2] epochs: [20/100] train_acc: 0.534 train_loss_sup: 1.721
[GPU2] Test Accuracy at epoch: 20: 0.529
[GPU2] epochs: [21/100] train_acc: 0.539 train_loss_sup: 1.705
[GPU2] epochs: [22/100] train_acc: 0.536 train_loss_sup: 1.717
[GPU2] epochs: [23/100] train_acc: 0.539 train_loss_sup: 1.711
[GPU2] epochs: [24/100] train_acc: 0.537 train_loss_sup: 1.721
[GPU2] epochs: [25/100] train_acc: 0.538 train_loss_sup: 1.717
[GPU2] epochs: [26/100] train_acc: 0.539 train_loss_sup: 1.709
[GPU2] epochs: [27/100] train_acc: 0.533 train_loss_sup: 1.728
[GPU2] epochs: [28/100] train_acc: 0.538 train_loss_sup: 1.712
[GPU2] epochs: [29/100] train_acc: 0.535 train_loss_sup: 1.721
[GPU2] epochs: [30/100] train_acc: 0.537 train_loss_sup: 1.715
[GPU2] Test Accuracy at epoch: 30: 0.545
[GPU2] epochs: [31/100] train_acc: 0.539 train_loss_sup: 1.711
[GPU2] epochs: [32/100] train_acc: 0.536 train_loss_sup: 1.722
[GPU2] epochs: [33/100] train_acc: 0.537 train_loss_sup: 1.717
[GPU2] epochs: [34/100] train_acc: 0.538 train_loss_sup: 1.713
[GPU2] epochs: [35/100] train_acc: 0.537 train_loss_sup: 1.715
[GPU2] epochs: [36/100] train_acc: 0.538 train_loss_sup: 1.709
[GPU2] epochs: [37/100] train_acc: 0.539 train_loss_sup: 1.714
[GPU2] epochs: [38/100] train_acc: 0.535 train_loss_sup: 1.720
[GPU2] epochs: [39/100] train_acc: 0.536 train_loss_sup: 1.717
[GPU2] epochs: [40/100] train_acc: 0.537 train_loss_sup: 1.714
[GPU2] Test Accuracy at epoch: 40: 0.541
[GPU2] epochs: [41/100] train_acc: 0.536 train_loss_sup: 1.721
[GPU2] epochs: [42/100] train_acc: 0.537 train_loss_sup: 1.713
[GPU2] epochs: [43/100] train_acc: 0.538 train_loss_sup: 1.712
[GPU2] epochs: [44/100] train_acc: 0.537 train_loss_sup: 1.711
[GPU2] epochs: [45/100] train_acc: 0.535 train_loss_sup: 1.721
[GPU2] epochs: [46/100] train_acc: 0.537 train_loss_sup: 1.715
[GPU2] epochs: [47/100] train_acc: 0.535 train_loss_sup: 1.724
[GPU2] epochs: [48/100] train_acc: 0.535 train_loss_sup: 1.727
[GPU2] epochs: [49/100] train_acc: 0.539 train_loss_sup: 1.708
[GPU2] epochs: [50/100] train_acc: 0.536 train_loss_sup: 1.716
[GPU2] Test Accuracy at epoch: 50: 0.541
[GPU2] epochs: [51/100] train_acc: 0.538 train_loss_sup: 1.715
[GPU2] epochs: [52/100] train_acc: 0.538 train_loss_sup: 1.712
[GPU2] epochs: [53/100] train_acc: 0.536 train_loss_sup: 1.719
[GPU2] epochs: [54/100] train_acc: 0.539 train_loss_sup: 1.706
[GPU2] epochs: [55/100] train_acc: 0.535 train_loss_sup: 1.718
[GPU2] epochs: [56/100] train_acc: 0.536 train_loss_sup: 1.716
[GPU2] epochs: [57/100] train_acc: 0.536 train_loss_sup: 1.717
[GPU2] epochs: [58/100] train_acc: 0.537 train_loss_sup: 1.719
[GPU2] epochs: [59/100] train_acc: 0.538 train_loss_sup: 1.711
[GPU2] epochs: [60/100] train_acc: 0.538 train_loss_sup: 1.713
[GPU2] Test Accuracy at epoch: 60: 0.543
[GPU2] epochs: [61/100] train_acc: 0.537 train_loss_sup: 1.716
[GPU2] epochs: [62/100] train_acc: 0.536 train_loss_sup: 1.711
[GPU2] epochs: [63/100] train_acc: 0.538 train_loss_sup: 1.707
[GPU2] epochs: [64/100] train_acc: 0.537 train_loss_sup: 1.713
[GPU2] epochs: [65/100] train_acc: 0.538 train_loss_sup: 1.714
[GPU2] epochs: [66/100] train_acc: 0.535 train_loss_sup: 1.718
[GPU2] epochs: [67/100] train_acc: 0.537 train_loss_sup: 1.719
[GPU2] epochs: [68/100] train_acc: 0.538 train_loss_sup: 1.714
[GPU2] epochs: [69/100] train_acc: 0.537 train_loss_sup: 1.721
[GPU2] epochs: [70/100] train_acc: 0.536 train_loss_sup: 1.723
[GPU2] Test Accuracy at epoch: 70: 0.541
[GPU2] epochs: [71/100] train_acc: 0.536 train_loss_sup: 1.727
[GPU2] epochs: [72/100] train_acc: 0.538 train_loss_sup: 1.711
[GPU2] epochs: [73/100] train_acc: 0.538 train_loss_sup: 1.712
[GPU2] epochs: [74/100] train_acc: 0.536 train_loss_sup: 1.722
[GPU2] epochs: [75/100] train_acc: 0.537 train_loss_sup: 1.722
[GPU2] epochs: [76/100] train_acc: 0.537 train_loss_sup: 1.718
[GPU2] epochs: [77/100] train_acc: 0.536 train_loss_sup: 1.722
[GPU2] epochs: [78/100] train_acc: 0.538 train_loss_sup: 1.713
[GPU2] epochs: [79/100] train_acc: 0.537 train_loss_sup: 1.715
[GPU2] epochs: [80/100] train_acc: 0.538 train_loss_sup: 1.714
[GPU2] Test Accuracy at epoch: 80: 0.547
[GPU2] epochs: [81/100] train_acc: 0.536 train_loss_sup: 1.721
[GPU2] epochs: [82/100] train_acc: 0.536 train_loss_sup: 1.724
[GPU2] epochs: [83/100] train_acc: 0.538 train_loss_sup: 1.714
[GPU2] epochs: [84/100] train_acc: 0.536 train_loss_sup: 1.724
[GPU2] epochs: [85/100] train_acc: 0.536 train_loss_sup: 1.719
[GPU2] epochs: [86/100] train_acc: 0.534 train_loss_sup: 1.724
[GPU2] epochs: [87/100] train_acc: 0.538 train_loss_sup: 1.713
[GPU2] epochs: [88/100] train_acc: 0.539 train_loss_sup: 1.709
[GPU2] epochs: [89/100] train_acc: 0.538 train_loss_sup: 1.713
[GPU2] epochs: [90/100] train_acc: 0.536 train_loss_sup: 1.722
[GPU2] Test Accuracy at epoch: 90: 0.538
[GPU2] epochs: [91/100] train_acc: 0.536 train_loss_sup: 1.723
[GPU2] epochs: [92/100] train_acc: 0.538 train_loss_sup: 1.713
[GPU2] epochs: [93/100] train_acc: 0.536 train_loss_sup: 1.723
[GPU2] epochs: [94/100] train_acc: 0.538 train_loss_sup: 1.707
[GPU2] epochs: [95/100] train_acc: 0.536 train_loss_sup: 1.711
[GPU2] epochs: [96/100] train_acc: 0.537 train_loss_sup: 1.710
[GPU2] epochs: [97/100] train_acc: 0.534 train_loss_sup: 1.727
[GPU2] epochs: [98/100] train_acc: 0.537 train_loss_sup: 1.717
[GPU2] epochs: [99/100] train_acc: 0.536 train_loss_sup: 1.717
[GPU2] epochs: [100/100] train_acc: 0.535 train_loss_sup: 1.724
[GPU2] Final Test Accuracy: 0.548
LR: 1.000 | WD: 0.000100 | Cosine: False | test Acc: 0.548%
===> using linear mlp
Scheduler: None
MLP: MLP(
  (mlp): Linear(in_features=384, out_features=100, bias=True)
)
[GPU2] Test Accuracy at epoch: 0: 0.54
[GPU2] epochs: [1/100] train_acc: 0.466 train_loss_sup: 2.033
[GPU2] epochs: [2/100] train_acc: 0.545 train_loss_sup: 1.692
[GPU2] epochs: [3/100] train_acc: 0.560 train_loss_sup: 1.625
[GPU2] epochs: [4/100] train_acc: 0.568 train_loss_sup: 1.605
[GPU2] epochs: [5/100] train_acc: 0.575 train_loss_sup: 1.579
[GPU2] epochs: [6/100] train_acc: 0.580 train_loss_sup: 1.563
[GPU2] epochs: [7/100] train_acc: 0.582 train_loss_sup: 1.553
[GPU2] epochs: [8/100] train_acc: 0.585 train_loss_sup: 1.545
[GPU2] epochs: [9/100] train_acc: 0.588 train_loss_sup: 1.536
[GPU2] epochs: [10/100] train_acc: 0.589 train_loss_sup: 1.536
[GPU2] Test Accuracy at epoch: 10: 0.584
[GPU2] epochs: [11/100] train_acc: 0.592 train_loss_sup: 1.520
[GPU2] epochs: [12/100] train_acc: 0.593 train_loss_sup: 1.516
[GPU2] epochs: [13/100] train_acc: 0.594 train_loss_sup: 1.518
[GPU2] epochs: [14/100] train_acc: 0.596 train_loss_sup: 1.504
[GPU2] epochs: [15/100] train_acc: 0.598 train_loss_sup: 1.497
[GPU2] epochs: [16/100] train_acc: 0.597 train_loss_sup: 1.501
[GPU2] epochs: [17/100] train_acc: 0.599 train_loss_sup: 1.497
[GPU2] epochs: [18/100] train_acc: 0.600 train_loss_sup: 1.494
[GPU2] epochs: [19/100] train_acc: 0.598 train_loss_sup: 1.506
[GPU2] epochs: [20/100] train_acc: 0.602 train_loss_sup: 1.492
[GPU2] Test Accuracy at epoch: 20: 0.6
[GPU2] epochs: [21/100] train_acc: 0.602 train_loss_sup: 1.481
[GPU2] epochs: [22/100] train_acc: 0.600 train_loss_sup: 1.494
[GPU2] epochs: [23/100] train_acc: 0.604 train_loss_sup: 1.483
[GPU2] epochs: [24/100] train_acc: 0.604 train_loss_sup: 1.479
[GPU2] epochs: [25/100] train_acc: 0.606 train_loss_sup: 1.478
[GPU2] epochs: [26/100] train_acc: 0.602 train_loss_sup: 1.490
[GPU2] epochs: [27/100] train_acc: 0.604 train_loss_sup: 1.480
[GPU2] epochs: [28/100] train_acc: 0.605 train_loss_sup: 1.469
[GPU2] epochs: [29/100] train_acc: 0.606 train_loss_sup: 1.473
[GPU2] epochs: [30/100] train_acc: 0.604 train_loss_sup: 1.483
[GPU2] Test Accuracy at epoch: 30: 0.619
[GPU2] epochs: [31/100] train_acc: 0.606 train_loss_sup: 1.472
[GPU2] epochs: [32/100] train_acc: 0.607 train_loss_sup: 1.470
[GPU2] epochs: [33/100] train_acc: 0.605 train_loss_sup: 1.474
[GPU2] epochs: [34/100] train_acc: 0.607 train_loss_sup: 1.465
[GPU2] epochs: [35/100] train_acc: 0.609 train_loss_sup: 1.467
[GPU2] epochs: [36/100] train_acc: 0.608 train_loss_sup: 1.468
[GPU2] epochs: [37/100] train_acc: 0.607 train_loss_sup: 1.465
[GPU2] epochs: [38/100] train_acc: 0.609 train_loss_sup: 1.458
[GPU2] epochs: [39/100] train_acc: 0.606 train_loss_sup: 1.474
[GPU2] epochs: [40/100] train_acc: 0.610 train_loss_sup: 1.459
[GPU2] Test Accuracy at epoch: 40: 0.599
[GPU2] epochs: [41/100] train_acc: 0.608 train_loss_sup: 1.470
[GPU2] epochs: [42/100] train_acc: 0.608 train_loss_sup: 1.470
[GPU2] epochs: [43/100] train_acc: 0.608 train_loss_sup: 1.472
[GPU2] epochs: [44/100] train_acc: 0.609 train_loss_sup: 1.465
[GPU2] epochs: [45/100] train_acc: 0.610 train_loss_sup: 1.461
[GPU2] epochs: [46/100] train_acc: 0.609 train_loss_sup: 1.470
[GPU2] epochs: [47/100] train_acc: 0.608 train_loss_sup: 1.471
[GPU2] epochs: [48/100] train_acc: 0.609 train_loss_sup: 1.469
[GPU2] epochs: [49/100] train_acc: 0.610 train_loss_sup: 1.454
[GPU2] epochs: [50/100] train_acc: 0.610 train_loss_sup: 1.463
[GPU2] Test Accuracy at epoch: 50: 0.59
[GPU2] epochs: [51/100] train_acc: 0.610 train_loss_sup: 1.461
[GPU2] epochs: [52/100] train_acc: 0.612 train_loss_sup: 1.454
[GPU2] epochs: [53/100] train_acc: 0.611 train_loss_sup: 1.456
[GPU2] epochs: [54/100] train_acc: 0.610 train_loss_sup: 1.462
[GPU2] epochs: [55/100] train_acc: 0.613 train_loss_sup: 1.456
[GPU2] epochs: [56/100] train_acc: 0.610 train_loss_sup: 1.462
[GPU2] epochs: [57/100] train_acc: 0.611 train_loss_sup: 1.458
[GPU2] epochs: [58/100] train_acc: 0.611 train_loss_sup: 1.457
[GPU2] epochs: [59/100] train_acc: 0.609 train_loss_sup: 1.466
[GPU2] epochs: [60/100] train_acc: 0.610 train_loss_sup: 1.460
[GPU2] Test Accuracy at epoch: 60: 0.611
[GPU2] epochs: [61/100] train_acc: 0.611 train_loss_sup: 1.463
[GPU2] epochs: [62/100] train_acc: 0.612 train_loss_sup: 1.458
[GPU2] epochs: [63/100] train_acc: 0.615 train_loss_sup: 1.447
[GPU2] epochs: [64/100] train_acc: 0.611 train_loss_sup: 1.465
[GPU2] epochs: [65/100] train_acc: 0.609 train_loss_sup: 1.473
[GPU2] epochs: [66/100] train_acc: 0.612 train_loss_sup: 1.456
[GPU2] epochs: [67/100] train_acc: 0.611 train_loss_sup: 1.466
[GPU2] epochs: [68/100] train_acc: 0.614 train_loss_sup: 1.447
[GPU2] epochs: [69/100] train_acc: 0.613 train_loss_sup: 1.449
[GPU2] epochs: [70/100] train_acc: 0.614 train_loss_sup: 1.447
[GPU2] Test Accuracy at epoch: 70: 0.611
[GPU2] epochs: [71/100] train_acc: 0.614 train_loss_sup: 1.448
[GPU2] epochs: [72/100] train_acc: 0.611 train_loss_sup: 1.450
[GPU2] epochs: [73/100] train_acc: 0.612 train_loss_sup: 1.455
[GPU2] epochs: [74/100] train_acc: 0.613 train_loss_sup: 1.450
[GPU2] epochs: [75/100] train_acc: 0.613 train_loss_sup: 1.450
[GPU2] epochs: [76/100] train_acc: 0.617 train_loss_sup: 1.438
[GPU2] epochs: [77/100] train_acc: 0.613 train_loss_sup: 1.455
[GPU2] epochs: [78/100] train_acc: 0.611 train_loss_sup: 1.462
[GPU2] epochs: [79/100] train_acc: 0.613 train_loss_sup: 1.445
[GPU2] epochs: [80/100] train_acc: 0.614 train_loss_sup: 1.448
[GPU2] Test Accuracy at epoch: 80: 0.596
[GPU2] epochs: [81/100] train_acc: 0.611 train_loss_sup: 1.456
[GPU2] epochs: [82/100] train_acc: 0.613 train_loss_sup: 1.463
[GPU2] epochs: [83/100] train_acc: 0.613 train_loss_sup: 1.446
[GPU2] epochs: [84/100] train_acc: 0.613 train_loss_sup: 1.455
[GPU2] epochs: [85/100] train_acc: 0.614 train_loss_sup: 1.452
[GPU2] epochs: [86/100] train_acc: 0.614 train_loss_sup: 1.448
[GPU2] epochs: [87/100] train_acc: 0.614 train_loss_sup: 1.452
[GPU2] epochs: [88/100] train_acc: 0.611 train_loss_sup: 1.456
[GPU2] epochs: [89/100] train_acc: 0.614 train_loss_sup: 1.443
[GPU2] epochs: [90/100] train_acc: 0.615 train_loss_sup: 1.446
[GPU2] Test Accuracy at epoch: 90: 0.605
[GPU2] epochs: [91/100] train_acc: 0.614 train_loss_sup: 1.448
[GPU2] epochs: [92/100] train_acc: 0.616 train_loss_sup: 1.446
[GPU2] epochs: [93/100] train_acc: 0.614 train_loss_sup: 1.451
[GPU2] epochs: [94/100] train_acc: 0.613 train_loss_sup: 1.450
[GPU2] epochs: [95/100] train_acc: 0.615 train_loss_sup: 1.447
[GPU2] epochs: [96/100] train_acc: 0.614 train_loss_sup: 1.446
[GPU2] epochs: [97/100] train_acc: 0.615 train_loss_sup: 1.448
[GPU2] epochs: [98/100] train_acc: 0.615 train_loss_sup: 1.450
[GPU2] epochs: [99/100] train_acc: 0.615 train_loss_sup: 1.450
[GPU2] epochs: [100/100] train_acc: 0.615 train_loss_sup: 1.438
[GPU2] Final Test Accuracy: 0.613
LR: 1.000 | WD: 0.000000 | Cosine: False | test Acc: 0.619%
===> using linear mlp
Scheduler: <torch.optim.lr_scheduler.CosineAnnealingLR object at 0x796d315b1c90>
MLP: MLP(
  (mlp): Linear(in_features=384, out_features=100, bias=True)
)
[GPU2] Test Accuracy at epoch: 0: 0.497
[GPU2] epochs: [1/100] train_acc: 0.399 train_loss_sup: 2.716
[GPU2] epochs: [2/100] train_acc: 0.515 train_loss_sup: 1.949
[GPU2] epochs: [3/100] train_acc: 0.543 train_loss_sup: 1.776
[GPU2] epochs: [4/100] train_acc: 0.557 train_loss_sup: 1.694
[GPU2] epochs: [5/100] train_acc: 0.568 train_loss_sup: 1.639
[GPU2] epochs: [6/100] train_acc: 0.575 train_loss_sup: 1.597
[GPU2] epochs: [7/100] train_acc: 0.582 train_loss_sup: 1.566
[GPU2] epochs: [8/100] train_acc: 0.587 train_loss_sup: 1.544
[GPU2] epochs: [9/100] train_acc: 0.591 train_loss_sup: 1.529
[GPU2] epochs: [10/100] train_acc: 0.594 train_loss_sup: 1.512
[GPU2] Test Accuracy at epoch: 10: 0.609
[GPU2] epochs: [11/100] train_acc: 0.598 train_loss_sup: 1.495
[GPU2] epochs: [12/100] train_acc: 0.600 train_loss_sup: 1.484
[GPU2] epochs: [13/100] train_acc: 0.602 train_loss_sup: 1.474
[GPU2] epochs: [14/100] train_acc: 0.605 train_loss_sup: 1.463
[GPU2] epochs: [15/100] train_acc: 0.606 train_loss_sup: 1.454
[GPU2] epochs: [16/100] train_acc: 0.608 train_loss_sup: 1.446
[GPU2] epochs: [17/100] train_acc: 0.609 train_loss_sup: 1.439
[GPU2] epochs: [18/100] train_acc: 0.613 train_loss_sup: 1.433
[GPU2] epochs: [19/100] train_acc: 0.613 train_loss_sup: 1.429
[GPU2] epochs: [20/100] train_acc: 0.613 train_loss_sup: 1.426
[GPU2] Test Accuracy at epoch: 20: 0.612
[GPU2] epochs: [21/100] train_acc: 0.614 train_loss_sup: 1.420
[GPU2] epochs: [22/100] train_acc: 0.617 train_loss_sup: 1.412
[GPU2] epochs: [23/100] train_acc: 0.616 train_loss_sup: 1.415
[GPU2] epochs: [24/100] train_acc: 0.618 train_loss_sup: 1.406
[GPU2] epochs: [25/100] train_acc: 0.619 train_loss_sup: 1.399
[GPU2] epochs: [26/100] train_acc: 0.619 train_loss_sup: 1.400
[GPU2] epochs: [27/100] train_acc: 0.622 train_loss_sup: 1.392
[GPU2] epochs: [28/100] train_acc: 0.621 train_loss_sup: 1.387
[GPU2] epochs: [29/100] train_acc: 0.624 train_loss_sup: 1.383
[GPU2] epochs: [30/100] train_acc: 0.623 train_loss_sup: 1.388
[GPU2] Test Accuracy at epoch: 30: 0.626
[GPU2] epochs: [31/100] train_acc: 0.625 train_loss_sup: 1.383
[GPU2] epochs: [32/100] train_acc: 0.625 train_loss_sup: 1.381
[GPU2] epochs: [33/100] train_acc: 0.625 train_loss_sup: 1.376
[GPU2] epochs: [34/100] train_acc: 0.626 train_loss_sup: 1.373
[GPU2] epochs: [35/100] train_acc: 0.626 train_loss_sup: 1.372
[GPU2] epochs: [36/100] train_acc: 0.628 train_loss_sup: 1.365
[GPU2] epochs: [37/100] train_acc: 0.627 train_loss_sup: 1.368
[GPU2] epochs: [38/100] train_acc: 0.629 train_loss_sup: 1.364
[GPU2] epochs: [39/100] train_acc: 0.629 train_loss_sup: 1.362
[GPU2] epochs: [40/100] train_acc: 0.629 train_loss_sup: 1.364
[GPU2] Test Accuracy at epoch: 40: 0.63
[GPU2] epochs: [41/100] train_acc: 0.629 train_loss_sup: 1.361
[GPU2] epochs: [42/100] train_acc: 0.631 train_loss_sup: 1.357
[GPU2] epochs: [43/100] train_acc: 0.631 train_loss_sup: 1.356
[GPU2] epochs: [44/100] train_acc: 0.631 train_loss_sup: 1.358
[GPU2] epochs: [45/100] train_acc: 0.633 train_loss_sup: 1.353
[GPU2] epochs: [46/100] train_acc: 0.632 train_loss_sup: 1.354
[GPU2] epochs: [47/100] train_acc: 0.632 train_loss_sup: 1.353
[GPU2] epochs: [48/100] train_acc: 0.633 train_loss_sup: 1.347
[GPU2] epochs: [49/100] train_acc: 0.633 train_loss_sup: 1.346
[GPU2] epochs: [50/100] train_acc: 0.634 train_loss_sup: 1.344
[GPU2] Test Accuracy at epoch: 50: 0.633
[GPU2] epochs: [51/100] train_acc: 0.634 train_loss_sup: 1.345
[GPU2] epochs: [52/100] train_acc: 0.635 train_loss_sup: 1.344
[GPU2] epochs: [53/100] train_acc: 0.634 train_loss_sup: 1.344
[GPU2] epochs: [54/100] train_acc: 0.637 train_loss_sup: 1.337
[GPU2] epochs: [55/100] train_acc: 0.636 train_loss_sup: 1.344
[GPU2] epochs: [56/100] train_acc: 0.636 train_loss_sup: 1.335
[GPU2] epochs: [57/100] train_acc: 0.637 train_loss_sup: 1.331
[GPU2] epochs: [58/100] train_acc: 0.635 train_loss_sup: 1.336
[GPU2] epochs: [59/100] train_acc: 0.637 train_loss_sup: 1.334
[GPU2] epochs: [60/100] train_acc: 0.637 train_loss_sup: 1.332
[GPU2] Test Accuracy at epoch: 60: 0.636
[GPU2] epochs: [61/100] train_acc: 0.636 train_loss_sup: 1.333
[GPU2] epochs: [62/100] train_acc: 0.638 train_loss_sup: 1.336
[GPU2] epochs: [63/100] train_acc: 0.638 train_loss_sup: 1.328
[GPU2] epochs: [64/100] train_acc: 0.638 train_loss_sup: 1.331
[GPU2] epochs: [65/100] train_acc: 0.637 train_loss_sup: 1.332
[GPU2] epochs: [66/100] train_acc: 0.637 train_loss_sup: 1.330
[GPU2] epochs: [67/100] train_acc: 0.638 train_loss_sup: 1.330
[GPU2] epochs: [68/100] train_acc: 0.636 train_loss_sup: 1.330
[GPU2] epochs: [69/100] train_acc: 0.637 train_loss_sup: 1.333
[GPU2] epochs: [70/100] train_acc: 0.639 train_loss_sup: 1.326
[GPU2] Test Accuracy at epoch: 70: 0.635
[GPU2] epochs: [71/100] train_acc: 0.640 train_loss_sup: 1.325
[GPU2] epochs: [72/100] train_acc: 0.640 train_loss_sup: 1.322
[GPU2] epochs: [73/100] train_acc: 0.640 train_loss_sup: 1.323
[GPU2] epochs: [74/100] train_acc: 0.639 train_loss_sup: 1.328
[GPU2] epochs: [75/100] train_acc: 0.639 train_loss_sup: 1.327
[GPU2] epochs: [76/100] train_acc: 0.638 train_loss_sup: 1.327
[GPU2] epochs: [77/100] train_acc: 0.638 train_loss_sup: 1.325
[GPU2] epochs: [78/100] train_acc: 0.639 train_loss_sup: 1.324
[GPU2] epochs: [79/100] train_acc: 0.640 train_loss_sup: 1.320
[GPU2] epochs: [80/100] train_acc: 0.641 train_loss_sup: 1.322
[GPU2] Test Accuracy at epoch: 80: 0.635
[GPU2] epochs: [81/100] train_acc: 0.640 train_loss_sup: 1.325
[GPU2] epochs: [82/100] train_acc: 0.640 train_loss_sup: 1.323
[GPU2] epochs: [83/100] train_acc: 0.642 train_loss_sup: 1.321
[GPU2] epochs: [84/100] train_acc: 0.641 train_loss_sup: 1.321
[GPU2] epochs: [85/100] train_acc: 0.641 train_loss_sup: 1.320
[GPU2] epochs: [86/100] train_acc: 0.640 train_loss_sup: 1.321
[GPU2] epochs: [87/100] train_acc: 0.639 train_loss_sup: 1.322
[GPU2] epochs: [88/100] train_acc: 0.641 train_loss_sup: 1.316
[GPU2] epochs: [89/100] train_acc: 0.641 train_loss_sup: 1.318
[GPU2] epochs: [90/100] train_acc: 0.642 train_loss_sup: 1.316
[GPU2] Test Accuracy at epoch: 90: 0.634
[GPU2] epochs: [91/100] train_acc: 0.641 train_loss_sup: 1.319
[GPU2] epochs: [92/100] train_acc: 0.641 train_loss_sup: 1.319
[GPU2] epochs: [93/100] train_acc: 0.640 train_loss_sup: 1.323
[GPU2] epochs: [94/100] train_acc: 0.641 train_loss_sup: 1.319
[GPU2] epochs: [95/100] train_acc: 0.640 train_loss_sup: 1.322
[GPU2] epochs: [96/100] train_acc: 0.642 train_loss_sup: 1.319
[GPU2] epochs: [97/100] train_acc: 0.641 train_loss_sup: 1.318
[GPU2] epochs: [98/100] train_acc: 0.640 train_loss_sup: 1.324
[GPU2] epochs: [99/100] train_acc: 0.642 train_loss_sup: 1.319
[GPU2] epochs: [100/100] train_acc: 0.642 train_loss_sup: 1.313
[GPU2] Final Test Accuracy: 0.633
LR: 0.100 | WD: 0.000001 | Cosine: True | test Acc: 0.636%
===> using linear mlp
Scheduler: <torch.optim.lr_scheduler.CosineAnnealingLR object at 0x796d31af9810>
MLP: MLP(
  (mlp): Linear(in_features=384, out_features=100, bias=True)
)
[GPU2] Test Accuracy at epoch: 0: 0.497
[GPU2] epochs: [1/100] train_acc: 0.398 train_loss_sup: 2.731
[GPU2] epochs: [2/100] train_acc: 0.512 train_loss_sup: 1.972
[GPU2] epochs: [3/100] train_acc: 0.539 train_loss_sup: 1.808
[GPU2] epochs: [4/100] train_acc: 0.555 train_loss_sup: 1.731
[GPU2] epochs: [5/100] train_acc: 0.566 train_loss_sup: 1.678
[GPU2] epochs: [6/100] train_acc: 0.570 train_loss_sup: 1.642
[GPU2] epochs: [7/100] train_acc: 0.577 train_loss_sup: 1.617
[GPU2] epochs: [8/100] train_acc: 0.580 train_loss_sup: 1.602
[GPU2] epochs: [9/100] train_acc: 0.585 train_loss_sup: 1.584
[GPU2] epochs: [10/100] train_acc: 0.586 train_loss_sup: 1.577
[GPU2] Test Accuracy at epoch: 10: 0.593
[GPU2] epochs: [11/100] train_acc: 0.590 train_loss_sup: 1.563
[GPU2] epochs: [12/100] train_acc: 0.591 train_loss_sup: 1.558
[GPU2] epochs: [13/100] train_acc: 0.594 train_loss_sup: 1.546
[GPU2] epochs: [14/100] train_acc: 0.593 train_loss_sup: 1.543
[GPU2] epochs: [15/100] train_acc: 0.595 train_loss_sup: 1.539
[GPU2] epochs: [16/100] train_acc: 0.598 train_loss_sup: 1.526
[GPU2] epochs: [17/100] train_acc: 0.598 train_loss_sup: 1.527
[GPU2] epochs: [18/100] train_acc: 0.600 train_loss_sup: 1.524
[GPU2] epochs: [19/100] train_acc: 0.599 train_loss_sup: 1.522
[GPU2] epochs: [20/100] train_acc: 0.601 train_loss_sup: 1.517
[GPU2] Test Accuracy at epoch: 20: 0.601
[GPU2] epochs: [21/100] train_acc: 0.600 train_loss_sup: 1.513
[GPU2] epochs: [22/100] train_acc: 0.599 train_loss_sup: 1.515
[GPU2] epochs: [23/100] train_acc: 0.602 train_loss_sup: 1.509
[GPU2] epochs: [24/100] train_acc: 0.605 train_loss_sup: 1.507
[GPU2] epochs: [25/100] train_acc: 0.605 train_loss_sup: 1.506
[GPU2] epochs: [26/100] train_acc: 0.604 train_loss_sup: 1.509
[GPU2] epochs: [27/100] train_acc: 0.605 train_loss_sup: 1.505
[GPU2] epochs: [28/100] train_acc: 0.606 train_loss_sup: 1.501
[GPU2] epochs: [29/100] train_acc: 0.605 train_loss_sup: 1.504
[GPU2] epochs: [30/100] train_acc: 0.606 train_loss_sup: 1.501
[GPU2] Test Accuracy at epoch: 30: 0.607
[GPU2] epochs: [31/100] train_acc: 0.605 train_loss_sup: 1.504
[GPU2] epochs: [32/100] train_acc: 0.609 train_loss_sup: 1.498
[GPU2] epochs: [33/100] train_acc: 0.608 train_loss_sup: 1.494
[GPU2] epochs: [34/100] train_acc: 0.606 train_loss_sup: 1.499
[GPU2] epochs: [35/100] train_acc: 0.608 train_loss_sup: 1.494
[GPU2] epochs: [36/100] train_acc: 0.609 train_loss_sup: 1.491
[GPU2] epochs: [37/100] train_acc: 0.606 train_loss_sup: 1.500
[GPU2] epochs: [38/100] train_acc: 0.608 train_loss_sup: 1.494
[GPU2] epochs: [39/100] train_acc: 0.609 train_loss_sup: 1.492
[GPU2] epochs: [40/100] train_acc: 0.609 train_loss_sup: 1.494
[GPU2] Test Accuracy at epoch: 40: 0.607
[GPU2] epochs: [41/100] train_acc: 0.608 train_loss_sup: 1.494
[GPU2] epochs: [42/100] train_acc: 0.609 train_loss_sup: 1.492
[GPU2] epochs: [43/100] train_acc: 0.609 train_loss_sup: 1.490
[GPU2] epochs: [44/100] train_acc: 0.611 train_loss_sup: 1.487
[GPU2] epochs: [45/100] train_acc: 0.610 train_loss_sup: 1.489
[GPU2] epochs: [46/100] train_acc: 0.610 train_loss_sup: 1.485
[GPU2] epochs: [47/100] train_acc: 0.609 train_loss_sup: 1.492
[GPU2] epochs: [48/100] train_acc: 0.610 train_loss_sup: 1.485
[GPU2] epochs: [49/100] train_acc: 0.610 train_loss_sup: 1.489
[GPU2] epochs: [50/100] train_acc: 0.612 train_loss_sup: 1.485
[GPU2] Test Accuracy at epoch: 50: 0.613
[GPU2] epochs: [51/100] train_acc: 0.610 train_loss_sup: 1.485
[GPU2] epochs: [52/100] train_acc: 0.611 train_loss_sup: 1.487
[GPU2] epochs: [53/100] train_acc: 0.611 train_loss_sup: 1.485
[GPU2] epochs: [54/100] train_acc: 0.612 train_loss_sup: 1.481
[GPU2] epochs: [55/100] train_acc: 0.611 train_loss_sup: 1.486
[GPU2] epochs: [56/100] train_acc: 0.611 train_loss_sup: 1.484
[GPU2] epochs: [57/100] train_acc: 0.612 train_loss_sup: 1.484
[GPU2] epochs: [58/100] train_acc: 0.612 train_loss_sup: 1.483
[GPU2] epochs: [59/100] train_acc: 0.611 train_loss_sup: 1.486
[GPU2] epochs: [60/100] train_acc: 0.614 train_loss_sup: 1.478
[GPU2] Test Accuracy at epoch: 60: 0.613
[GPU2] epochs: [61/100] train_acc: 0.614 train_loss_sup: 1.477
[GPU2] epochs: [62/100] train_acc: 0.613 train_loss_sup: 1.480
[GPU2] epochs: [63/100] train_acc: 0.614 train_loss_sup: 1.479
[GPU2] epochs: [64/100] train_acc: 0.613 train_loss_sup: 1.478
[GPU2] epochs: [65/100] train_acc: 0.614 train_loss_sup: 1.479
[GPU2] epochs: [66/100] train_acc: 0.613 train_loss_sup: 1.482
[GPU2] epochs: [67/100] train_acc: 0.613 train_loss_sup: 1.483
[GPU2] epochs: [68/100] train_acc: 0.614 train_loss_sup: 1.479
[GPU2] epochs: [69/100] train_acc: 0.613 train_loss_sup: 1.480
[GPU2] epochs: [70/100] train_acc: 0.615 train_loss_sup: 1.476
[GPU2] Test Accuracy at epoch: 70: 0.614
[GPU2] epochs: [71/100] train_acc: 0.615 train_loss_sup: 1.477
[GPU2] epochs: [72/100] train_acc: 0.614 train_loss_sup: 1.477
[GPU2] epochs: [73/100] train_acc: 0.614 train_loss_sup: 1.478
[GPU2] epochs: [74/100] train_acc: 0.614 train_loss_sup: 1.477
[GPU2] epochs: [75/100] train_acc: 0.614 train_loss_sup: 1.476
[GPU2] epochs: [76/100] train_acc: 0.615 train_loss_sup: 1.478
[GPU2] epochs: [77/100] train_acc: 0.617 train_loss_sup: 1.474
[GPU2] epochs: [78/100] train_acc: 0.616 train_loss_sup: 1.476
[GPU2] epochs: [79/100] train_acc: 0.614 train_loss_sup: 1.477
[GPU2] epochs: [80/100] train_acc: 0.615 train_loss_sup: 1.473
[GPU2] Test Accuracy at epoch: 80: 0.617
[GPU2] epochs: [81/100] train_acc: 0.615 train_loss_sup: 1.475
[GPU2] epochs: [82/100] train_acc: 0.615 train_loss_sup: 1.475
[GPU2] epochs: [83/100] train_acc: 0.616 train_loss_sup: 1.474
[GPU2] epochs: [84/100] train_acc: 0.615 train_loss_sup: 1.479
[GPU2] epochs: [85/100] train_acc: 0.614 train_loss_sup: 1.474
[GPU2] epochs: [86/100] train_acc: 0.617 train_loss_sup: 1.475
[GPU2] epochs: [87/100] train_acc: 0.617 train_loss_sup: 1.474
[GPU2] epochs: [88/100] train_acc: 0.616 train_loss_sup: 1.475
[GPU2] epochs: [89/100] train_acc: 0.617 train_loss_sup: 1.471
[GPU2] epochs: [90/100] train_acc: 0.616 train_loss_sup: 1.476
[GPU2] Test Accuracy at epoch: 90: 0.619
[GPU2] epochs: [91/100] train_acc: 0.616 train_loss_sup: 1.473
[GPU2] epochs: [92/100] train_acc: 0.616 train_loss_sup: 1.474
[GPU2] epochs: [93/100] train_acc: 0.616 train_loss_sup: 1.477
[GPU2] epochs: [94/100] train_acc: 0.618 train_loss_sup: 1.469
[GPU2] epochs: [95/100] train_acc: 0.618 train_loss_sup: 1.469
[GPU2] epochs: [96/100] train_acc: 0.616 train_loss_sup: 1.474
[GPU2] epochs: [97/100] train_acc: 0.617 train_loss_sup: 1.473
[GPU2] epochs: [98/100] train_acc: 0.617 train_loss_sup: 1.473
[GPU2] epochs: [99/100] train_acc: 0.616 train_loss_sup: 1.476
[GPU2] epochs: [100/100] train_acc: 0.615 train_loss_sup: 1.476
[GPU2] Final Test Accuracy: 0.619
LR: 0.100 | WD: 0.000100 | Cosine: True | test Acc: 0.619%
===> using linear mlp
Scheduler: <torch.optim.lr_scheduler.CosineAnnealingLR object at 0x796d31afa500>
MLP: MLP(
  (mlp): Linear(in_features=384, out_features=100, bias=True)
)
[GPU2] Test Accuracy at epoch: 0: 0.496
[GPU2] epochs: [1/100] train_acc: 0.397 train_loss_sup: 2.723
[GPU2] epochs: [2/100] train_acc: 0.515 train_loss_sup: 1.949
[GPU2] epochs: [3/100] train_acc: 0.542 train_loss_sup: 1.780
[GPU2] epochs: [4/100] train_acc: 0.558 train_loss_sup: 1.691
[GPU2] epochs: [5/100] train_acc: 0.568 train_loss_sup: 1.635
[GPU2] epochs: [6/100] train_acc: 0.577 train_loss_sup: 1.593
[GPU2] epochs: [7/100] train_acc: 0.584 train_loss_sup: 1.567
[GPU2] epochs: [8/100] train_acc: 0.586 train_loss_sup: 1.544
[GPU2] epochs: [9/100] train_acc: 0.592 train_loss_sup: 1.523
[GPU2] epochs: [10/100] train_acc: 0.595 train_loss_sup: 1.510
[GPU2] Test Accuracy at epoch: 10: 0.596
[GPU2] epochs: [11/100] train_acc: 0.598 train_loss_sup: 1.495
[GPU2] epochs: [12/100] train_acc: 0.600 train_loss_sup: 1.484
[GPU2] epochs: [13/100] train_acc: 0.602 train_loss_sup: 1.475
[GPU2] epochs: [14/100] train_acc: 0.606 train_loss_sup: 1.463
[GPU2] epochs: [15/100] train_acc: 0.608 train_loss_sup: 1.452
[GPU2] epochs: [16/100] train_acc: 0.609 train_loss_sup: 1.445
[GPU2] epochs: [17/100] train_acc: 0.611 train_loss_sup: 1.439
[GPU2] epochs: [18/100] train_acc: 0.612 train_loss_sup: 1.433
[GPU2] epochs: [19/100] train_acc: 0.613 train_loss_sup: 1.424
[GPU2] epochs: [20/100] train_acc: 0.615 train_loss_sup: 1.422
[GPU2] Test Accuracy at epoch: 20: 0.613
[GPU2] epochs: [21/100] train_acc: 0.615 train_loss_sup: 1.415
[GPU2] epochs: [22/100] train_acc: 0.616 train_loss_sup: 1.412
[GPU2] epochs: [23/100] train_acc: 0.619 train_loss_sup: 1.408
[GPU2] epochs: [24/100] train_acc: 0.619 train_loss_sup: 1.402
[GPU2] epochs: [25/100] train_acc: 0.620 train_loss_sup: 1.402
[GPU2] epochs: [26/100] train_acc: 0.620 train_loss_sup: 1.396
[GPU2] epochs: [27/100] train_acc: 0.622 train_loss_sup: 1.392
[GPU2] epochs: [28/100] train_acc: 0.620 train_loss_sup: 1.390
[GPU2] epochs: [29/100] train_acc: 0.625 train_loss_sup: 1.384
[GPU2] epochs: [30/100] train_acc: 0.624 train_loss_sup: 1.381
[GPU2] Test Accuracy at epoch: 30: 0.626
[GPU2] epochs: [31/100] train_acc: 0.624 train_loss_sup: 1.381
[GPU2] epochs: [32/100] train_acc: 0.625 train_loss_sup: 1.374
[GPU2] epochs: [33/100] train_acc: 0.625 train_loss_sup: 1.374
[GPU2] epochs: [34/100] train_acc: 0.626 train_loss_sup: 1.371
[GPU2] epochs: [35/100] train_acc: 0.626 train_loss_sup: 1.372
[GPU2] epochs: [36/100] train_acc: 0.629 train_loss_sup: 1.369
[GPU2] epochs: [37/100] train_acc: 0.628 train_loss_sup: 1.366
[GPU2] epochs: [38/100] train_acc: 0.630 train_loss_sup: 1.362
[GPU2] epochs: [39/100] train_acc: 0.629 train_loss_sup: 1.363
[GPU2] epochs: [40/100] train_acc: 0.629 train_loss_sup: 1.359
[GPU2] Test Accuracy at epoch: 40: 0.629
[GPU2] epochs: [41/100] train_acc: 0.631 train_loss_sup: 1.360
[GPU2] epochs: [42/100] train_acc: 0.630 train_loss_sup: 1.358
[GPU2] epochs: [43/100] train_acc: 0.631 train_loss_sup: 1.351
[GPU2] epochs: [44/100] train_acc: 0.632 train_loss_sup: 1.353
[GPU2] epochs: [45/100] train_acc: 0.632 train_loss_sup: 1.352
[GPU2] epochs: [46/100] train_acc: 0.633 train_loss_sup: 1.350
[GPU2] epochs: [47/100] train_acc: 0.633 train_loss_sup: 1.350
[GPU2] epochs: [48/100] train_acc: 0.634 train_loss_sup: 1.345
[GPU2] epochs: [49/100] train_acc: 0.633 train_loss_sup: 1.346
[GPU2] epochs: [50/100] train_acc: 0.635 train_loss_sup: 1.342
[GPU2] Test Accuracy at epoch: 50: 0.627
[GPU2] epochs: [51/100] train_acc: 0.633 train_loss_sup: 1.345
[GPU2] epochs: [52/100] train_acc: 0.633 train_loss_sup: 1.345
[GPU2] epochs: [53/100] train_acc: 0.633 train_loss_sup: 1.343
[GPU2] epochs: [54/100] train_acc: 0.635 train_loss_sup: 1.338
[GPU2] epochs: [55/100] train_acc: 0.637 train_loss_sup: 1.337
[GPU2] epochs: [56/100] train_acc: 0.635 train_loss_sup: 1.340
[GPU2] epochs: [57/100] train_acc: 0.636 train_loss_sup: 1.339
[GPU2] epochs: [58/100] train_acc: 0.637 train_loss_sup: 1.336
[GPU2] epochs: [59/100] train_acc: 0.638 train_loss_sup: 1.332
[GPU2] epochs: [60/100] train_acc: 0.637 train_loss_sup: 1.332
[GPU2] Test Accuracy at epoch: 60: 0.63
[GPU2] epochs: [61/100] train_acc: 0.638 train_loss_sup: 1.329
[GPU2] epochs: [62/100] train_acc: 0.637 train_loss_sup: 1.333
[GPU2] epochs: [63/100] train_acc: 0.637 train_loss_sup: 1.334
[GPU2] epochs: [64/100] train_acc: 0.636 train_loss_sup: 1.336
[GPU2] epochs: [65/100] train_acc: 0.639 train_loss_sup: 1.328
[GPU2] epochs: [66/100] train_acc: 0.637 train_loss_sup: 1.330
[GPU2] epochs: [67/100] train_acc: 0.640 train_loss_sup: 1.326
[GPU2] epochs: [68/100] train_acc: 0.637 train_loss_sup: 1.332
[GPU2] epochs: [69/100] train_acc: 0.639 train_loss_sup: 1.328
[GPU2] epochs: [70/100] train_acc: 0.640 train_loss_sup: 1.326
[GPU2] Test Accuracy at epoch: 70: 0.634
[GPU2] epochs: [71/100] train_acc: 0.639 train_loss_sup: 1.325
[GPU2] epochs: [72/100] train_acc: 0.640 train_loss_sup: 1.328
[GPU2] epochs: [73/100] train_acc: 0.641 train_loss_sup: 1.323
[GPU2] epochs: [74/100] train_acc: 0.639 train_loss_sup: 1.323
[GPU2] epochs: [75/100] train_acc: 0.639 train_loss_sup: 1.325
[GPU2] epochs: [76/100] train_acc: 0.640 train_loss_sup: 1.322
[GPU2] epochs: [77/100] train_acc: 0.640 train_loss_sup: 1.324
[GPU2] epochs: [78/100] train_acc: 0.642 train_loss_sup: 1.324
[GPU2] epochs: [79/100] train_acc: 0.641 train_loss_sup: 1.320
[GPU2] epochs: [80/100] train_acc: 0.640 train_loss_sup: 1.317
[GPU2] Test Accuracy at epoch: 80: 0.638
[GPU2] epochs: [81/100] train_acc: 0.641 train_loss_sup: 1.318
[GPU2] epochs: [82/100] train_acc: 0.641 train_loss_sup: 1.323
[GPU2] epochs: [83/100] train_acc: 0.641 train_loss_sup: 1.321
[GPU2] epochs: [84/100] train_acc: 0.640 train_loss_sup: 1.320
[GPU2] epochs: [85/100] train_acc: 0.640 train_loss_sup: 1.324
[GPU2] epochs: [86/100] train_acc: 0.641 train_loss_sup: 1.324
[GPU2] epochs: [87/100] train_acc: 0.639 train_loss_sup: 1.323
[GPU2] epochs: [88/100] train_acc: 0.641 train_loss_sup: 1.321
[GPU2] epochs: [89/100] train_acc: 0.641 train_loss_sup: 1.315
[GPU2] epochs: [90/100] train_acc: 0.642 train_loss_sup: 1.317
[GPU2] Test Accuracy at epoch: 90: 0.637
[GPU2] epochs: [91/100] train_acc: 0.641 train_loss_sup: 1.317
[GPU2] epochs: [92/100] train_acc: 0.641 train_loss_sup: 1.319
[GPU2] epochs: [93/100] train_acc: 0.643 train_loss_sup: 1.318
[GPU2] epochs: [94/100] train_acc: 0.641 train_loss_sup: 1.319
[GPU2] epochs: [95/100] train_acc: 0.641 train_loss_sup: 1.320
[GPU2] epochs: [96/100] train_acc: 0.639 train_loss_sup: 1.325
[GPU2] epochs: [97/100] train_acc: 0.642 train_loss_sup: 1.316
[GPU2] epochs: [98/100] train_acc: 0.642 train_loss_sup: 1.315
[GPU2] epochs: [99/100] train_acc: 0.641 train_loss_sup: 1.318
[GPU2] epochs: [100/100] train_acc: 0.640 train_loss_sup: 1.319
[GPU2] Final Test Accuracy: 0.637
LR: 0.100 | WD: 0.000000 | Cosine: True | test Acc: 0.638%
===> using linear mlp
Scheduler: <torch.optim.lr_scheduler.CosineAnnealingLR object at 0x796d315b0c10>
MLP: MLP(
  (mlp): Linear(in_features=384, out_features=100, bias=True)
)
[GPU2] Test Accuracy at epoch: 0: 0.522
[GPU2] epochs: [1/100] train_acc: 0.466 train_loss_sup: 2.034
[GPU2] epochs: [2/100] train_acc: 0.546 train_loss_sup: 1.681
[GPU2] epochs: [3/100] train_acc: 0.562 train_loss_sup: 1.623
[GPU2] epochs: [4/100] train_acc: 0.572 train_loss_sup: 1.592
[GPU2] epochs: [5/100] train_acc: 0.576 train_loss_sup: 1.577
[GPU2] epochs: [6/100] train_acc: 0.580 train_loss_sup: 1.561
[GPU2] epochs: [7/100] train_acc: 0.583 train_loss_sup: 1.553
[GPU2] epochs: [8/100] train_acc: 0.589 train_loss_sup: 1.530
[GPU2] epochs: [9/100] train_acc: 0.589 train_loss_sup: 1.527
[GPU2] epochs: [10/100] train_acc: 0.591 train_loss_sup: 1.516
[GPU2] Test Accuracy at epoch: 10: 0.569
[GPU2] epochs: [11/100] train_acc: 0.594 train_loss_sup: 1.509
[GPU2] epochs: [12/100] train_acc: 0.595 train_loss_sup: 1.509
[GPU2] epochs: [13/100] train_acc: 0.597 train_loss_sup: 1.495
[GPU2] epochs: [14/100] train_acc: 0.595 train_loss_sup: 1.503
[GPU2] epochs: [15/100] train_acc: 0.597 train_loss_sup: 1.491
[GPU2] epochs: [16/100] train_acc: 0.601 train_loss_sup: 1.481
[GPU2] epochs: [17/100] train_acc: 0.604 train_loss_sup: 1.477
[GPU2] epochs: [18/100] train_acc: 0.603 train_loss_sup: 1.472
[GPU2] epochs: [19/100] train_acc: 0.604 train_loss_sup: 1.469
[GPU2] epochs: [20/100] train_acc: 0.603 train_loss_sup: 1.460
[GPU2] Test Accuracy at epoch: 20: 0.599
[GPU2] epochs: [21/100] train_acc: 0.607 train_loss_sup: 1.456
[GPU2] epochs: [22/100] train_acc: 0.606 train_loss_sup: 1.459
[GPU2] epochs: [23/100] train_acc: 0.606 train_loss_sup: 1.459
[GPU2] epochs: [24/100] train_acc: 0.608 train_loss_sup: 1.453
[GPU2] epochs: [25/100] train_acc: 0.609 train_loss_sup: 1.442
[GPU2] epochs: [26/100] train_acc: 0.610 train_loss_sup: 1.442
[GPU2] epochs: [27/100] train_acc: 0.611 train_loss_sup: 1.434
[GPU2] epochs: [28/100] train_acc: 0.611 train_loss_sup: 1.435
[GPU2] epochs: [29/100] train_acc: 0.613 train_loss_sup: 1.425
[GPU2] epochs: [30/100] train_acc: 0.614 train_loss_sup: 1.427
[GPU2] Test Accuracy at epoch: 30: 0.61
[GPU2] epochs: [31/100] train_acc: 0.617 train_loss_sup: 1.419
[GPU2] epochs: [32/100] train_acc: 0.613 train_loss_sup: 1.428
[GPU2] epochs: [33/100] train_acc: 0.616 train_loss_sup: 1.413
[GPU2] epochs: [34/100] train_acc: 0.616 train_loss_sup: 1.408
[GPU2] epochs: [35/100] train_acc: 0.617 train_loss_sup: 1.402
[GPU2] epochs: [36/100] train_acc: 0.619 train_loss_sup: 1.398
[GPU2] epochs: [37/100] train_acc: 0.619 train_loss_sup: 1.399
[GPU2] epochs: [38/100] train_acc: 0.621 train_loss_sup: 1.387
[GPU2] epochs: [39/100] train_acc: 0.622 train_loss_sup: 1.382
[GPU2] epochs: [40/100] train_acc: 0.622 train_loss_sup: 1.385
[GPU2] Test Accuracy at epoch: 40: 0.612
[GPU2] epochs: [41/100] train_acc: 0.623 train_loss_sup: 1.379
[GPU2] epochs: [42/100] train_acc: 0.624 train_loss_sup: 1.374
[GPU2] epochs: [43/100] train_acc: 0.625 train_loss_sup: 1.371
[GPU2] epochs: [44/100] train_acc: 0.626 train_loss_sup: 1.367
[GPU2] epochs: [45/100] train_acc: 0.627 train_loss_sup: 1.360
[GPU2] epochs: [46/100] train_acc: 0.629 train_loss_sup: 1.352
[GPU2] epochs: [47/100] train_acc: 0.630 train_loss_sup: 1.350
[GPU2] epochs: [48/100] train_acc: 0.631 train_loss_sup: 1.347
[GPU2] epochs: [49/100] train_acc: 0.630 train_loss_sup: 1.349
[GPU2] epochs: [50/100] train_acc: 0.630 train_loss_sup: 1.341
[GPU2] Test Accuracy at epoch: 50: 0.635
[GPU2] epochs: [51/100] train_acc: 0.635 train_loss_sup: 1.331
[GPU2] epochs: [52/100] train_acc: 0.635 train_loss_sup: 1.328
[GPU2] epochs: [53/100] train_acc: 0.638 train_loss_sup: 1.321
[GPU2] epochs: [54/100] train_acc: 0.637 train_loss_sup: 1.321
[GPU2] epochs: [55/100] train_acc: 0.636 train_loss_sup: 1.325
[GPU2] epochs: [56/100] train_acc: 0.638 train_loss_sup: 1.316
[GPU2] epochs: [57/100] train_acc: 0.638 train_loss_sup: 1.317
[GPU2] epochs: [58/100] train_acc: 0.640 train_loss_sup: 1.308
[GPU2] epochs: [59/100] train_acc: 0.640 train_loss_sup: 1.305
[GPU2] epochs: [60/100] train_acc: 0.641 train_loss_sup: 1.301
[GPU2] Test Accuracy at epoch: 60: 0.637
[GPU2] epochs: [61/100] train_acc: 0.643 train_loss_sup: 1.296
[GPU2] epochs: [62/100] train_acc: 0.644 train_loss_sup: 1.290
[GPU2] epochs: [63/100] train_acc: 0.645 train_loss_sup: 1.287
[GPU2] epochs: [64/100] train_acc: 0.646 train_loss_sup: 1.287
[GPU2] epochs: [65/100] train_acc: 0.646 train_loss_sup: 1.285
[GPU2] epochs: [66/100] train_acc: 0.647 train_loss_sup: 1.287
[GPU2] epochs: [67/100] train_acc: 0.650 train_loss_sup: 1.275
[GPU2] epochs: [68/100] train_acc: 0.648 train_loss_sup: 1.276
[GPU2] epochs: [69/100] train_acc: 0.647 train_loss_sup: 1.276
[GPU2] epochs: [70/100] train_acc: 0.651 train_loss_sup: 1.269
[GPU2] Test Accuracy at epoch: 70: 0.646
[GPU2] epochs: [71/100] train_acc: 0.652 train_loss_sup: 1.268
[GPU2] epochs: [72/100] train_acc: 0.652 train_loss_sup: 1.268
[GPU2] epochs: [73/100] train_acc: 0.654 train_loss_sup: 1.262
[GPU2] epochs: [74/100] train_acc: 0.655 train_loss_sup: 1.257
[GPU2] epochs: [75/100] train_acc: 0.656 train_loss_sup: 1.252
[GPU2] epochs: [76/100] train_acc: 0.654 train_loss_sup: 1.253
[GPU2] epochs: [77/100] train_acc: 0.655 train_loss_sup: 1.249
[GPU2] epochs: [78/100] train_acc: 0.657 train_loss_sup: 1.251
[GPU2] epochs: [79/100] train_acc: 0.657 train_loss_sup: 1.249
[GPU2] epochs: [80/100] train_acc: 0.659 train_loss_sup: 1.243
[GPU2] Test Accuracy at epoch: 80: 0.654
[GPU2] epochs: [81/100] train_acc: 0.658 train_loss_sup: 1.243
[GPU2] epochs: [82/100] train_acc: 0.658 train_loss_sup: 1.244
[GPU2] epochs: [83/100] train_acc: 0.658 train_loss_sup: 1.240
[GPU2] epochs: [84/100] train_acc: 0.659 train_loss_sup: 1.241
[GPU2] epochs: [85/100] train_acc: 0.661 train_loss_sup: 1.236
[GPU2] epochs: [86/100] train_acc: 0.661 train_loss_sup: 1.237
[GPU2] epochs: [87/100] train_acc: 0.660 train_loss_sup: 1.238
[GPU2] epochs: [88/100] train_acc: 0.662 train_loss_sup: 1.230
[GPU2] epochs: [89/100] train_acc: 0.662 train_loss_sup: 1.234
[GPU2] epochs: [90/100] train_acc: 0.662 train_loss_sup: 1.230
[GPU2] Test Accuracy at epoch: 90: 0.652
[GPU2] epochs: [91/100] train_acc: 0.662 train_loss_sup: 1.231
[GPU2] epochs: [92/100] train_acc: 0.663 train_loss_sup: 1.235
[GPU2] epochs: [93/100] train_acc: 0.660 train_loss_sup: 1.230
[GPU2] epochs: [94/100] train_acc: 0.664 train_loss_sup: 1.225
[GPU2] epochs: [95/100] train_acc: 0.663 train_loss_sup: 1.226
[GPU2] epochs: [96/100] train_acc: 0.663 train_loss_sup: 1.228
[GPU2] epochs: [97/100] train_acc: 0.663 train_loss_sup: 1.231
[GPU2] epochs: [98/100] train_acc: 0.664 train_loss_sup: 1.222
[GPU2] epochs: [99/100] train_acc: 0.666 train_loss_sup: 1.222
[GPU2] epochs: [100/100] train_acc: 0.663 train_loss_sup: 1.226
[GPU2] Final Test Accuracy: 0.657
LR: 1.000 | WD: 0.000001 | Cosine: True | test Acc: 0.657%
===> using linear mlp
Scheduler: <torch.optim.lr_scheduler.CosineAnnealingLR object at 0x796d315b2b90>
MLP: MLP(
  (mlp): Linear(in_features=384, out_features=100, bias=True)
)
[GPU2] Test Accuracy at epoch: 0: 0.515
[GPU2] epochs: [1/100] train_acc: 0.459 train_loss_sup: 2.062
[GPU2] epochs: [2/100] train_acc: 0.522 train_loss_sup: 1.779
[GPU2] epochs: [3/100] train_acc: 0.529 train_loss_sup: 1.752
[GPU2] epochs: [4/100] train_acc: 0.535 train_loss_sup: 1.723
[GPU2] epochs: [5/100] train_acc: 0.537 train_loss_sup: 1.714
[GPU2] epochs: [6/100] train_acc: 0.537 train_loss_sup: 1.720
[GPU2] epochs: [7/100] train_acc: 0.537 train_loss_sup: 1.717
[GPU2] epochs: [8/100] train_acc: 0.537 train_loss_sup: 1.724
[GPU2] epochs: [9/100] train_acc: 0.537 train_loss_sup: 1.713
[GPU2] epochs: [10/100] train_acc: 0.538 train_loss_sup: 1.707
[GPU2] Test Accuracy at epoch: 10: 0.541
[GPU2] epochs: [11/100] train_acc: 0.539 train_loss_sup: 1.705
[GPU2] epochs: [12/100] train_acc: 0.537 train_loss_sup: 1.710
[GPU2] epochs: [13/100] train_acc: 0.539 train_loss_sup: 1.706
[GPU2] epochs: [14/100] train_acc: 0.540 train_loss_sup: 1.702
[GPU2] epochs: [15/100] train_acc: 0.539 train_loss_sup: 1.703
[GPU2] epochs: [16/100] train_acc: 0.541 train_loss_sup: 1.701
[GPU2] epochs: [17/100] train_acc: 0.541 train_loss_sup: 1.700
[GPU2] epochs: [18/100] train_acc: 0.541 train_loss_sup: 1.696
[GPU2] epochs: [19/100] train_acc: 0.542 train_loss_sup: 1.692
[GPU2] epochs: [20/100] train_acc: 0.540 train_loss_sup: 1.694
[GPU2] Test Accuracy at epoch: 20: 0.554
[GPU2] epochs: [21/100] train_acc: 0.545 train_loss_sup: 1.685
[GPU2] epochs: [22/100] train_acc: 0.547 train_loss_sup: 1.679
[GPU2] epochs: [23/100] train_acc: 0.543 train_loss_sup: 1.691
[GPU2] epochs: [24/100] train_acc: 0.544 train_loss_sup: 1.686
[GPU2] epochs: [25/100] train_acc: 0.548 train_loss_sup: 1.674
[GPU2] epochs: [26/100] train_acc: 0.546 train_loss_sup: 1.672
[GPU2] epochs: [27/100] train_acc: 0.548 train_loss_sup: 1.673
[GPU2] epochs: [28/100] train_acc: 0.548 train_loss_sup: 1.668
[GPU2] epochs: [29/100] train_acc: 0.549 train_loss_sup: 1.666
[GPU2] epochs: [30/100] train_acc: 0.551 train_loss_sup: 1.656
[GPU2] Test Accuracy at epoch: 30: 0.568
[GPU2] epochs: [31/100] train_acc: 0.550 train_loss_sup: 1.659
[GPU2] epochs: [32/100] train_acc: 0.550 train_loss_sup: 1.659
[GPU2] epochs: [33/100] train_acc: 0.551 train_loss_sup: 1.663
[GPU2] epochs: [34/100] train_acc: 0.554 train_loss_sup: 1.645
[GPU2] epochs: [35/100] train_acc: 0.555 train_loss_sup: 1.642
[GPU2] epochs: [36/100] train_acc: 0.556 train_loss_sup: 1.642
[GPU2] epochs: [37/100] train_acc: 0.558 train_loss_sup: 1.635
[GPU2] epochs: [38/100] train_acc: 0.559 train_loss_sup: 1.630
[GPU2] epochs: [39/100] train_acc: 0.558 train_loss_sup: 1.628
[GPU2] epochs: [40/100] train_acc: 0.562 train_loss_sup: 1.620
[GPU2] Test Accuracy at epoch: 40: 0.569
[GPU2] epochs: [41/100] train_acc: 0.561 train_loss_sup: 1.619
[GPU2] epochs: [42/100] train_acc: 0.561 train_loss_sup: 1.622
[GPU2] epochs: [43/100] train_acc: 0.564 train_loss_sup: 1.611
[GPU2] epochs: [44/100] train_acc: 0.564 train_loss_sup: 1.606
[GPU2] epochs: [45/100] train_acc: 0.563 train_loss_sup: 1.608
[GPU2] epochs: [46/100] train_acc: 0.567 train_loss_sup: 1.603
[GPU2] epochs: [47/100] train_acc: 0.568 train_loss_sup: 1.599
[GPU2] epochs: [48/100] train_acc: 0.569 train_loss_sup: 1.594
[GPU2] epochs: [49/100] train_acc: 0.569 train_loss_sup: 1.591
[GPU2] epochs: [50/100] train_acc: 0.573 train_loss_sup: 1.584
[GPU2] Test Accuracy at epoch: 50: 0.568
[GPU2] epochs: [51/100] train_acc: 0.573 train_loss_sup: 1.585
[GPU2] epochs: [52/100] train_acc: 0.573 train_loss_sup: 1.581
[GPU2] epochs: [53/100] train_acc: 0.575 train_loss_sup: 1.577
[GPU2] epochs: [54/100] train_acc: 0.574 train_loss_sup: 1.578
[GPU2] epochs: [55/100] train_acc: 0.576 train_loss_sup: 1.573
[GPU2] epochs: [56/100] train_acc: 0.580 train_loss_sup: 1.562
[GPU2] epochs: [57/100] train_acc: 0.579 train_loss_sup: 1.562
[GPU2] epochs: [58/100] train_acc: 0.581 train_loss_sup: 1.559
[GPU2] epochs: [59/100] train_acc: 0.584 train_loss_sup: 1.547
[GPU2] epochs: [60/100] train_acc: 0.585 train_loss_sup: 1.549
[GPU2] Test Accuracy at epoch: 60: 0.582
[GPU2] epochs: [61/100] train_acc: 0.586 train_loss_sup: 1.545
[GPU2] epochs: [62/100] train_acc: 0.587 train_loss_sup: 1.544
[GPU2] epochs: [63/100] train_acc: 0.588 train_loss_sup: 1.538
[GPU2] epochs: [64/100] train_acc: 0.590 train_loss_sup: 1.533
[GPU2] epochs: [65/100] train_acc: 0.590 train_loss_sup: 1.535
[GPU2] epochs: [66/100] train_acc: 0.591 train_loss_sup: 1.531
[GPU2] epochs: [67/100] train_acc: 0.594 train_loss_sup: 1.522
[GPU2] epochs: [68/100] train_acc: 0.594 train_loss_sup: 1.523
[GPU2] epochs: [69/100] train_acc: 0.595 train_loss_sup: 1.520
[GPU2] epochs: [70/100] train_acc: 0.598 train_loss_sup: 1.520
[GPU2] Test Accuracy at epoch: 70: 0.595
[GPU2] epochs: [71/100] train_acc: 0.597 train_loss_sup: 1.513
[GPU2] epochs: [72/100] train_acc: 0.600 train_loss_sup: 1.514
[GPU2] epochs: [73/100] train_acc: 0.600 train_loss_sup: 1.508
[GPU2] epochs: [74/100] train_acc: 0.601 train_loss_sup: 1.508
[GPU2] epochs: [75/100] train_acc: 0.602 train_loss_sup: 1.503
[GPU2] epochs: [76/100] train_acc: 0.604 train_loss_sup: 1.497
[GPU2] epochs: [77/100] train_acc: 0.603 train_loss_sup: 1.502
[GPU2] epochs: [78/100] train_acc: 0.605 train_loss_sup: 1.498
[GPU2] epochs: [79/100] train_acc: 0.606 train_loss_sup: 1.493
[GPU2] epochs: [80/100] train_acc: 0.607 train_loss_sup: 1.493
[GPU2] Test Accuracy at epoch: 80: 0.612
[GPU2] epochs: [81/100] train_acc: 0.606 train_loss_sup: 1.493
[GPU2] epochs: [82/100] train_acc: 0.609 train_loss_sup: 1.491
[GPU2] epochs: [83/100] train_acc: 0.609 train_loss_sup: 1.487
[GPU2] epochs: [84/100] train_acc: 0.610 train_loss_sup: 1.483
[GPU2] epochs: [85/100] train_acc: 0.612 train_loss_sup: 1.479
[GPU2] epochs: [86/100] train_acc: 0.612 train_loss_sup: 1.484
[GPU2] epochs: [87/100] train_acc: 0.612 train_loss_sup: 1.478
[GPU2] epochs: [88/100] train_acc: 0.611 train_loss_sup: 1.481
[GPU2] epochs: [89/100] train_acc: 0.613 train_loss_sup: 1.478
[GPU2] epochs: [90/100] train_acc: 0.613 train_loss_sup: 1.477
[GPU2] Test Accuracy at epoch: 90: 0.619
[GPU2] epochs: [91/100] train_acc: 0.615 train_loss_sup: 1.474
[GPU2] epochs: [92/100] train_acc: 0.615 train_loss_sup: 1.473
[GPU2] epochs: [93/100] train_acc: 0.614 train_loss_sup: 1.476
[GPU2] epochs: [94/100] train_acc: 0.616 train_loss_sup: 1.473
[GPU2] epochs: [95/100] train_acc: 0.616 train_loss_sup: 1.472
[GPU2] epochs: [96/100] train_acc: 0.615 train_loss_sup: 1.475
[GPU2] epochs: [97/100] train_acc: 0.616 train_loss_sup: 1.474
[GPU2] epochs: [98/100] train_acc: 0.617 train_loss_sup: 1.472
[GPU2] epochs: [99/100] train_acc: 0.618 train_loss_sup: 1.471
[GPU2] epochs: [100/100] train_acc: 0.618 train_loss_sup: 1.466
[GPU2] Final Test Accuracy: 0.62
LR: 1.000 | WD: 0.000100 | Cosine: True | test Acc: 0.620%
===> using linear mlp
Scheduler: <torch.optim.lr_scheduler.CosineAnnealingLR object at 0x796d31afa650>
MLP: MLP(
  (mlp): Linear(in_features=384, out_features=100, bias=True)
)
[GPU2] Test Accuracy at epoch: 0: 0.525
[GPU2] epochs: [1/100] train_acc: 0.465 train_loss_sup: 2.040
[GPU2] epochs: [2/100] train_acc: 0.545 train_loss_sup: 1.693
[GPU2] epochs: [3/100] train_acc: 0.560 train_loss_sup: 1.636
[GPU2] epochs: [4/100] train_acc: 0.571 train_loss_sup: 1.601
[GPU2] epochs: [5/100] train_acc: 0.575 train_loss_sup: 1.579
[GPU2] epochs: [6/100] train_acc: 0.579 train_loss_sup: 1.565
[GPU2] epochs: [7/100] train_acc: 0.587 train_loss_sup: 1.534
[GPU2] epochs: [8/100] train_acc: 0.587 train_loss_sup: 1.536
[GPU2] epochs: [9/100] train_acc: 0.590 train_loss_sup: 1.528
