Namespace(dataset='timg', saved_path='saved_models/mae.clr.rot.timg.ec200.pth', gpu=1, model='vit', verbose=False, epochs=100, eval_every=10, knn=True, lreg=True, linprobe=True, tsne=False, umap=False, cmet=True, nw=5)
<All keys matched successfully>
Starting Hyperparameter Sweep on 1...
===> using linear mlp
Scheduler: None
MLP: MLP(
  (mlp): Linear(in_features=384, out_features=200, bias=True)
)
[GPU1] Test Accuracy at epoch: 0: 0.08
[GPU1] epochs: [1/100] train_acc: 0.035 train_loss_sup: 5.160
[GPU1] epochs: [2/100] train_acc: 0.093 train_loss_sup: 4.850
[GPU1] epochs: [3/100] train_acc: 0.125 train_loss_sup: 4.606
[GPU1] epochs: [4/100] train_acc: 0.151 train_loss_sup: 4.416
[GPU1] epochs: [5/100] train_acc: 0.169 train_loss_sup: 4.260
[GPU1] epochs: [6/100] train_acc: 0.185 train_loss_sup: 4.137
[GPU1] epochs: [7/100] train_acc: 0.197 train_loss_sup: 4.029
[GPU1] epochs: [8/100] train_acc: 0.205 train_loss_sup: 3.945
[GPU1] epochs: [9/100] train_acc: 0.216 train_loss_sup: 3.864
[GPU1] epochs: [10/100] train_acc: 0.226 train_loss_sup: 3.794
[GPU1] Test Accuracy at epoch: 10: 0.235
[GPU1] epochs: [11/100] train_acc: 0.232 train_loss_sup: 3.738
[GPU1] epochs: [12/100] train_acc: 0.238 train_loss_sup: 3.688
[GPU1] epochs: [13/100] train_acc: 0.243 train_loss_sup: 3.642
[GPU1] epochs: [14/100] train_acc: 0.248 train_loss_sup: 3.596
[GPU1] epochs: [15/100] train_acc: 0.254 train_loss_sup: 3.563
[GPU1] epochs: [16/100] train_acc: 0.257 train_loss_sup: 3.526
[GPU1] epochs: [17/100] train_acc: 0.261 train_loss_sup: 3.492
[GPU1] epochs: [18/100] train_acc: 0.264 train_loss_sup: 3.465
[GPU1] epochs: [19/100] train_acc: 0.267 train_loss_sup: 3.439
[GPU1] epochs: [20/100] train_acc: 0.270 train_loss_sup: 3.414
[GPU1] Test Accuracy at epoch: 20: 0.279
[GPU1] epochs: [21/100] train_acc: 0.272 train_loss_sup: 3.393
[GPU1] epochs: [22/100] train_acc: 0.276 train_loss_sup: 3.371
[GPU1] epochs: [23/100] train_acc: 0.278 train_loss_sup: 3.352
[GPU1] epochs: [24/100] train_acc: 0.280 train_loss_sup: 3.332
[GPU1] epochs: [25/100] train_acc: 0.285 train_loss_sup: 3.311
[GPU1] epochs: [26/100] train_acc: 0.286 train_loss_sup: 3.295
[GPU1] epochs: [27/100] train_acc: 0.287 train_loss_sup: 3.284
[GPU1] epochs: [28/100] train_acc: 0.289 train_loss_sup: 3.269
[GPU1] epochs: [29/100] train_acc: 0.290 train_loss_sup: 3.253
[GPU1] epochs: [30/100] train_acc: 0.292 train_loss_sup: 3.242
[GPU1] Test Accuracy at epoch: 30: 0.299
[GPU1] epochs: [31/100] train_acc: 0.295 train_loss_sup: 3.224
[GPU1] epochs: [32/100] train_acc: 0.294 train_loss_sup: 3.217
[GPU1] epochs: [33/100] train_acc: 0.297 train_loss_sup: 3.202
[GPU1] epochs: [34/100] train_acc: 0.299 train_loss_sup: 3.188
[GPU1] epochs: [35/100] train_acc: 0.300 train_loss_sup: 3.183
[GPU1] epochs: [36/100] train_acc: 0.303 train_loss_sup: 3.168
[GPU1] epochs: [37/100] train_acc: 0.304 train_loss_sup: 3.160
[GPU1] epochs: [38/100] train_acc: 0.303 train_loss_sup: 3.150
[GPU1] epochs: [39/100] train_acc: 0.305 train_loss_sup: 3.140
[GPU1] epochs: [40/100] train_acc: 0.306 train_loss_sup: 3.137
[GPU1] Test Accuracy at epoch: 40: 0.315
[GPU1] epochs: [41/100] train_acc: 0.307 train_loss_sup: 3.125
[GPU1] epochs: [42/100] train_acc: 0.309 train_loss_sup: 3.112
[GPU1] epochs: [43/100] train_acc: 0.309 train_loss_sup: 3.113
[GPU1] epochs: [44/100] train_acc: 0.312 train_loss_sup: 3.097
[GPU1] epochs: [45/100] train_acc: 0.311 train_loss_sup: 3.097
[GPU1] epochs: [46/100] train_acc: 0.312 train_loss_sup: 3.091
[GPU1] epochs: [47/100] train_acc: 0.313 train_loss_sup: 3.084
[GPU1] epochs: [48/100] train_acc: 0.316 train_loss_sup: 3.075
[GPU1] epochs: [49/100] train_acc: 0.315 train_loss_sup: 3.072
[GPU1] epochs: [50/100] train_acc: 0.315 train_loss_sup: 3.066
[GPU1] Test Accuracy at epoch: 50: 0.326
[GPU1] epochs: [51/100] train_acc: 0.315 train_loss_sup: 3.059
[GPU1] epochs: [52/100] train_acc: 0.318 train_loss_sup: 3.050
[GPU1] epochs: [53/100] train_acc: 0.320 train_loss_sup: 3.041
[GPU1] epochs: [54/100] train_acc: 0.320 train_loss_sup: 3.040
[GPU1] epochs: [55/100] train_acc: 0.321 train_loss_sup: 3.037
[GPU1] epochs: [56/100] train_acc: 0.323 train_loss_sup: 3.025
[GPU1] epochs: [57/100] train_acc: 0.322 train_loss_sup: 3.028
[GPU1] epochs: [58/100] train_acc: 0.322 train_loss_sup: 3.023
[GPU1] epochs: [59/100] train_acc: 0.322 train_loss_sup: 3.017
[GPU1] epochs: [60/100] train_acc: 0.323 train_loss_sup: 3.016
[GPU1] Test Accuracy at epoch: 60: 0.333
[GPU1] epochs: [61/100] train_acc: 0.324 train_loss_sup: 3.008
[GPU1] epochs: [62/100] train_acc: 0.326 train_loss_sup: 3.004
[GPU1] epochs: [63/100] train_acc: 0.326 train_loss_sup: 3.000
[GPU1] epochs: [64/100] train_acc: 0.327 train_loss_sup: 2.997
[GPU1] epochs: [65/100] train_acc: 0.326 train_loss_sup: 2.991
[GPU1] epochs: [66/100] train_acc: 0.328 train_loss_sup: 2.986
[GPU1] epochs: [67/100] train_acc: 0.328 train_loss_sup: 2.983
[GPU1] epochs: [68/100] train_acc: 0.328 train_loss_sup: 2.984
[GPU1] epochs: [69/100] train_acc: 0.329 train_loss_sup: 2.978
[GPU1] epochs: [70/100] train_acc: 0.331 train_loss_sup: 2.973
[GPU1] Test Accuracy at epoch: 70: 0.336
[GPU1] epochs: [71/100] train_acc: 0.329 train_loss_sup: 2.972
[GPU1] epochs: [72/100] train_acc: 0.332 train_loss_sup: 2.967
[GPU1] epochs: [73/100] train_acc: 0.333 train_loss_sup: 2.958
[GPU1] epochs: [74/100] train_acc: 0.333 train_loss_sup: 2.955
[GPU1] epochs: [75/100] train_acc: 0.334 train_loss_sup: 2.952
[GPU1] epochs: [76/100] train_acc: 0.332 train_loss_sup: 2.954
[GPU1] epochs: [77/100] train_acc: 0.332 train_loss_sup: 2.956
[GPU1] epochs: [78/100] train_acc: 0.333 train_loss_sup: 2.945
[GPU1] epochs: [79/100] train_acc: 0.334 train_loss_sup: 2.942
[GPU1] epochs: [80/100] train_acc: 0.333 train_loss_sup: 2.947
[GPU1] Test Accuracy at epoch: 80: 0.343
[GPU1] epochs: [81/100] train_acc: 0.336 train_loss_sup: 2.932
[GPU1] epochs: [82/100] train_acc: 0.336 train_loss_sup: 2.934
[GPU1] epochs: [83/100] train_acc: 0.337 train_loss_sup: 2.932
[GPU1] epochs: [84/100] train_acc: 0.335 train_loss_sup: 2.933
[GPU1] epochs: [85/100] train_acc: 0.336 train_loss_sup: 2.929
[GPU1] epochs: [86/100] train_acc: 0.339 train_loss_sup: 2.921
[GPU1] epochs: [87/100] train_acc: 0.338 train_loss_sup: 2.922
[GPU1] epochs: [88/100] train_acc: 0.338 train_loss_sup: 2.916
[GPU1] epochs: [89/100] train_acc: 0.340 train_loss_sup: 2.919
[GPU1] epochs: [90/100] train_acc: 0.340 train_loss_sup: 2.913
[GPU1] Test Accuracy at epoch: 90: 0.344
[GPU1] epochs: [91/100] train_acc: 0.338 train_loss_sup: 2.910
[GPU1] epochs: [92/100] train_acc: 0.340 train_loss_sup: 2.906
[GPU1] epochs: [93/100] train_acc: 0.341 train_loss_sup: 2.904
[GPU1] epochs: [94/100] train_acc: 0.340 train_loss_sup: 2.903
[GPU1] epochs: [95/100] train_acc: 0.340 train_loss_sup: 2.904
[GPU1] epochs: [96/100] train_acc: 0.340 train_loss_sup: 2.900
[GPU1] epochs: [97/100] train_acc: 0.344 train_loss_sup: 2.891
[GPU1] epochs: [98/100] train_acc: 0.343 train_loss_sup: 2.891
[GPU1] epochs: [99/100] train_acc: 0.344 train_loss_sup: 2.888
[GPU1] epochs: [100/100] train_acc: 0.344 train_loss_sup: 2.887
[GPU1] Final Test Accuracy: 0.353
LR: 0.100 | WD: 0.000001 | Cosine: False | test Acc: 0.353%
===> using linear mlp
Scheduler: None
MLP: MLP(
  (mlp): Linear(in_features=384, out_features=200, bias=True)
)
[GPU1] Test Accuracy at epoch: 0: 0.06
[GPU1] epochs: [1/100] train_acc: 0.032 train_loss_sup: 5.163
[GPU1] epochs: [2/100] train_acc: 0.087 train_loss_sup: 4.857
[GPU1] epochs: [3/100] train_acc: 0.126 train_loss_sup: 4.619
[GPU1] epochs: [4/100] train_acc: 0.145 train_loss_sup: 4.439
[GPU1] epochs: [5/100] train_acc: 0.165 train_loss_sup: 4.296
[GPU1] epochs: [6/100] train_acc: 0.181 train_loss_sup: 4.174
[GPU1] epochs: [7/100] train_acc: 0.192 train_loss_sup: 4.078
[GPU1] epochs: [8/100] train_acc: 0.204 train_loss_sup: 3.995
[GPU1] epochs: [9/100] train_acc: 0.212 train_loss_sup: 3.927
[GPU1] epochs: [10/100] train_acc: 0.219 train_loss_sup: 3.869
[GPU1] Test Accuracy at epoch: 10: 0.238
[GPU1] epochs: [11/100] train_acc: 0.225 train_loss_sup: 3.814
[GPU1] epochs: [12/100] train_acc: 0.231 train_loss_sup: 3.768
[GPU1] epochs: [13/100] train_acc: 0.235 train_loss_sup: 3.730
[GPU1] epochs: [14/100] train_acc: 0.242 train_loss_sup: 3.692
[GPU1] epochs: [15/100] train_acc: 0.245 train_loss_sup: 3.660
[GPU1] epochs: [16/100] train_acc: 0.246 train_loss_sup: 3.633
[GPU1] epochs: [17/100] train_acc: 0.253 train_loss_sup: 3.603
[GPU1] epochs: [18/100] train_acc: 0.255 train_loss_sup: 3.583
[GPU1] epochs: [19/100] train_acc: 0.257 train_loss_sup: 3.562
[GPU1] epochs: [20/100] train_acc: 0.260 train_loss_sup: 3.544
[GPU1] Test Accuracy at epoch: 20: 0.274
[GPU1] epochs: [21/100] train_acc: 0.263 train_loss_sup: 3.523
[GPU1] epochs: [22/100] train_acc: 0.266 train_loss_sup: 3.505
[GPU1] epochs: [23/100] train_acc: 0.268 train_loss_sup: 3.492
[GPU1] epochs: [24/100] train_acc: 0.269 train_loss_sup: 3.473
[GPU1] epochs: [25/100] train_acc: 0.270 train_loss_sup: 3.463
[GPU1] epochs: [26/100] train_acc: 0.274 train_loss_sup: 3.448
[GPU1] epochs: [27/100] train_acc: 0.275 train_loss_sup: 3.434
[GPU1] epochs: [28/100] train_acc: 0.277 train_loss_sup: 3.426
[GPU1] epochs: [29/100] train_acc: 0.278 train_loss_sup: 3.414
[GPU1] epochs: [30/100] train_acc: 0.280 train_loss_sup: 3.407
[GPU1] Test Accuracy at epoch: 30: 0.296
[GPU1] epochs: [31/100] train_acc: 0.279 train_loss_sup: 3.400
[GPU1] epochs: [32/100] train_acc: 0.283 train_loss_sup: 3.387
[GPU1] epochs: [33/100] train_acc: 0.282 train_loss_sup: 3.381
[GPU1] epochs: [34/100] train_acc: 0.283 train_loss_sup: 3.374
[GPU1] epochs: [35/100] train_acc: 0.286 train_loss_sup: 3.366
[GPU1] epochs: [36/100] train_acc: 0.288 train_loss_sup: 3.359
[GPU1] epochs: [37/100] train_acc: 0.288 train_loss_sup: 3.359
[GPU1] epochs: [38/100] train_acc: 0.289 train_loss_sup: 3.349
[GPU1] epochs: [39/100] train_acc: 0.290 train_loss_sup: 3.338
[GPU1] epochs: [40/100] train_acc: 0.289 train_loss_sup: 3.338
[GPU1] Test Accuracy at epoch: 40: 0.294
[GPU1] epochs: [41/100] train_acc: 0.290 train_loss_sup: 3.336
[GPU1] epochs: [42/100] train_acc: 0.291 train_loss_sup: 3.332
[GPU1] epochs: [43/100] train_acc: 0.290 train_loss_sup: 3.325
[GPU1] epochs: [44/100] train_acc: 0.292 train_loss_sup: 3.318
[GPU1] epochs: [45/100] train_acc: 0.297 train_loss_sup: 3.315
[GPU1] epochs: [46/100] train_acc: 0.295 train_loss_sup: 3.307
[GPU1] epochs: [47/100] train_acc: 0.294 train_loss_sup: 3.309
[GPU1] epochs: [48/100] train_acc: 0.295 train_loss_sup: 3.306
[GPU1] epochs: [49/100] train_acc: 0.297 train_loss_sup: 3.301
[GPU1] epochs: [50/100] train_acc: 0.295 train_loss_sup: 3.299
[GPU1] Test Accuracy at epoch: 50: 0.301
[GPU1] epochs: [51/100] train_acc: 0.296 train_loss_sup: 3.291
[GPU1] epochs: [52/100] train_acc: 0.296 train_loss_sup: 3.292
[GPU1] epochs: [53/100] train_acc: 0.300 train_loss_sup: 3.285
[GPU1] epochs: [54/100] train_acc: 0.297 train_loss_sup: 3.287
[GPU1] epochs: [55/100] train_acc: 0.299 train_loss_sup: 3.284
[GPU1] epochs: [56/100] train_acc: 0.301 train_loss_sup: 3.280
[GPU1] epochs: [57/100] train_acc: 0.302 train_loss_sup: 3.278
[GPU1] epochs: [58/100] train_acc: 0.301 train_loss_sup: 3.277
[GPU1] epochs: [59/100] train_acc: 0.302 train_loss_sup: 3.272
[GPU1] epochs: [60/100] train_acc: 0.301 train_loss_sup: 3.273
[GPU1] Test Accuracy at epoch: 60: 0.306
[GPU1] epochs: [61/100] train_acc: 0.301 train_loss_sup: 3.271
[GPU1] epochs: [62/100] train_acc: 0.302 train_loss_sup: 3.267
[GPU1] epochs: [63/100] train_acc: 0.301 train_loss_sup: 3.269
[GPU1] epochs: [64/100] train_acc: 0.303 train_loss_sup: 3.265
[GPU1] epochs: [65/100] train_acc: 0.303 train_loss_sup: 3.263
[GPU1] epochs: [66/100] train_acc: 0.302 train_loss_sup: 3.264
[GPU1] epochs: [67/100] train_acc: 0.305 train_loss_sup: 3.257
[GPU1] epochs: [68/100] train_acc: 0.305 train_loss_sup: 3.257
[GPU1] epochs: [69/100] train_acc: 0.306 train_loss_sup: 3.256
[GPU1] epochs: [70/100] train_acc: 0.303 train_loss_sup: 3.260
[GPU1] Test Accuracy at epoch: 70: 0.311
[GPU1] epochs: [71/100] train_acc: 0.304 train_loss_sup: 3.257
[GPU1] epochs: [72/100] train_acc: 0.304 train_loss_sup: 3.251
[GPU1] epochs: [73/100] train_acc: 0.304 train_loss_sup: 3.253
[GPU1] epochs: [74/100] train_acc: 0.304 train_loss_sup: 3.249
[GPU1] epochs: [75/100] train_acc: 0.305 train_loss_sup: 3.251
[GPU1] epochs: [76/100] train_acc: 0.306 train_loss_sup: 3.247
[GPU1] epochs: [77/100] train_acc: 0.307 train_loss_sup: 3.244
[GPU1] epochs: [78/100] train_acc: 0.306 train_loss_sup: 3.249
[GPU1] epochs: [79/100] train_acc: 0.305 train_loss_sup: 3.246
[GPU1] epochs: [80/100] train_acc: 0.305 train_loss_sup: 3.245
[GPU1] Test Accuracy at epoch: 80: 0.311
[GPU1] epochs: [81/100] train_acc: 0.307 train_loss_sup: 3.244
[GPU1] epochs: [82/100] train_acc: 0.308 train_loss_sup: 3.241
[GPU1] epochs: [83/100] train_acc: 0.308 train_loss_sup: 3.237
[GPU1] epochs: [84/100] train_acc: 0.308 train_loss_sup: 3.238
[GPU1] epochs: [85/100] train_acc: 0.308 train_loss_sup: 3.240
[GPU1] epochs: [86/100] train_acc: 0.308 train_loss_sup: 3.238
[GPU1] epochs: [87/100] train_acc: 0.307 train_loss_sup: 3.237
[GPU1] epochs: [88/100] train_acc: 0.309 train_loss_sup: 3.236
[GPU1] epochs: [89/100] train_acc: 0.308 train_loss_sup: 3.239
[GPU1] epochs: [90/100] train_acc: 0.310 train_loss_sup: 3.238
[GPU1] Test Accuracy at epoch: 90: 0.319
[GPU1] epochs: [91/100] train_acc: 0.309 train_loss_sup: 3.234
[GPU1] epochs: [92/100] train_acc: 0.309 train_loss_sup: 3.231
[GPU1] epochs: [93/100] train_acc: 0.309 train_loss_sup: 3.232
[GPU1] epochs: [94/100] train_acc: 0.307 train_loss_sup: 3.236
[GPU1] epochs: [95/100] train_acc: 0.308 train_loss_sup: 3.233
[GPU1] epochs: [96/100] train_acc: 0.308 train_loss_sup: 3.231
[GPU1] epochs: [97/100] train_acc: 0.309 train_loss_sup: 3.234
[GPU1] epochs: [98/100] train_acc: 0.310 train_loss_sup: 3.236
[GPU1] epochs: [99/100] train_acc: 0.311 train_loss_sup: 3.229
[GPU1] epochs: [100/100] train_acc: 0.310 train_loss_sup: 3.229
[GPU1] Final Test Accuracy: 0.316
LR: 0.100 | WD: 0.000100 | Cosine: False | test Acc: 0.319%
===> using linear mlp
Scheduler: None
MLP: MLP(
  (mlp): Linear(in_features=384, out_features=200, bias=True)
)
[GPU1] Test Accuracy at epoch: 0: 0.081
[GPU1] epochs: [1/100] train_acc: 0.034 train_loss_sup: 5.160
[GPU1] epochs: [2/100] train_acc: 0.093 train_loss_sup: 4.849
[GPU1] epochs: [3/100] train_acc: 0.129 train_loss_sup: 4.606
[GPU1] epochs: [4/100] train_acc: 0.149 train_loss_sup: 4.416
[GPU1] epochs: [5/100] train_acc: 0.170 train_loss_sup: 4.261
[GPU1] epochs: [6/100] train_acc: 0.184 train_loss_sup: 4.137
[GPU1] epochs: [7/100] train_acc: 0.197 train_loss_sup: 4.033
[GPU1] epochs: [8/100] train_acc: 0.207 train_loss_sup: 3.943
[GPU1] epochs: [9/100] train_acc: 0.216 train_loss_sup: 3.864
[GPU1] epochs: [10/100] train_acc: 0.224 train_loss_sup: 3.798
[GPU1] Test Accuracy at epoch: 10: 0.242
[GPU1] epochs: [11/100] train_acc: 0.231 train_loss_sup: 3.738
[GPU1] epochs: [12/100] train_acc: 0.237 train_loss_sup: 3.689
[GPU1] epochs: [13/100] train_acc: 0.245 train_loss_sup: 3.640
[GPU1] epochs: [14/100] train_acc: 0.248 train_loss_sup: 3.598
[GPU1] epochs: [15/100] train_acc: 0.255 train_loss_sup: 3.560
[GPU1] epochs: [16/100] train_acc: 0.257 train_loss_sup: 3.525
[GPU1] epochs: [17/100] train_acc: 0.260 train_loss_sup: 3.492
[GPU1] epochs: [18/100] train_acc: 0.264 train_loss_sup: 3.463
[GPU1] epochs: [19/100] train_acc: 0.268 train_loss_sup: 3.439
[GPU1] epochs: [20/100] train_acc: 0.271 train_loss_sup: 3.414
[GPU1] Test Accuracy at epoch: 20: 0.28
[GPU1] epochs: [21/100] train_acc: 0.272 train_loss_sup: 3.390
[GPU1] epochs: [22/100] train_acc: 0.275 train_loss_sup: 3.372
[GPU1] epochs: [23/100] train_acc: 0.276 train_loss_sup: 3.351
[GPU1] epochs: [24/100] train_acc: 0.281 train_loss_sup: 3.329
[GPU1] epochs: [25/100] train_acc: 0.282 train_loss_sup: 3.314
[GPU1] epochs: [26/100] train_acc: 0.284 train_loss_sup: 3.296
[GPU1] epochs: [27/100] train_acc: 0.287 train_loss_sup: 3.281
[GPU1] epochs: [28/100] train_acc: 0.290 train_loss_sup: 3.262
[GPU1] epochs: [29/100] train_acc: 0.291 train_loss_sup: 3.250
[GPU1] epochs: [30/100] train_acc: 0.292 train_loss_sup: 3.237
[GPU1] Test Accuracy at epoch: 30: 0.302
[GPU1] epochs: [31/100] train_acc: 0.294 train_loss_sup: 3.226
[GPU1] epochs: [32/100] train_acc: 0.295 train_loss_sup: 3.215
[GPU1] epochs: [33/100] train_acc: 0.296 train_loss_sup: 3.200
[GPU1] epochs: [34/100] train_acc: 0.298 train_loss_sup: 3.193
[GPU1] epochs: [35/100] train_acc: 0.300 train_loss_sup: 3.182
[GPU1] epochs: [36/100] train_acc: 0.300 train_loss_sup: 3.175
[GPU1] epochs: [37/100] train_acc: 0.302 train_loss_sup: 3.164
[GPU1] epochs: [38/100] train_acc: 0.303 train_loss_sup: 3.152
[GPU1] epochs: [39/100] train_acc: 0.305 train_loss_sup: 3.141
[GPU1] epochs: [40/100] train_acc: 0.306 train_loss_sup: 3.133
[GPU1] Test Accuracy at epoch: 40: 0.318
[GPU1] epochs: [41/100] train_acc: 0.305 train_loss_sup: 3.127
[GPU1] epochs: [42/100] train_acc: 0.309 train_loss_sup: 3.115
[GPU1] epochs: [43/100] train_acc: 0.309 train_loss_sup: 3.112
[GPU1] epochs: [44/100] train_acc: 0.312 train_loss_sup: 3.098
[GPU1] epochs: [45/100] train_acc: 0.313 train_loss_sup: 3.095
[GPU1] epochs: [46/100] train_acc: 0.313 train_loss_sup: 3.087
[GPU1] epochs: [47/100] train_acc: 0.313 train_loss_sup: 3.080
[GPU1] epochs: [48/100] train_acc: 0.314 train_loss_sup: 3.077
[GPU1] epochs: [49/100] train_acc: 0.315 train_loss_sup: 3.068
[GPU1] epochs: [50/100] train_acc: 0.316 train_loss_sup: 3.063
[GPU1] Test Accuracy at epoch: 50: 0.326
[GPU1] epochs: [51/100] train_acc: 0.316 train_loss_sup: 3.060
[GPU1] epochs: [52/100] train_acc: 0.319 train_loss_sup: 3.046
[GPU1] epochs: [53/100] train_acc: 0.317 train_loss_sup: 3.042
[GPU1] epochs: [54/100] train_acc: 0.321 train_loss_sup: 3.037
[GPU1] epochs: [55/100] train_acc: 0.321 train_loss_sup: 3.033
[GPU1] epochs: [56/100] train_acc: 0.323 train_loss_sup: 3.025
[GPU1] epochs: [57/100] train_acc: 0.321 train_loss_sup: 3.023
[GPU1] epochs: [58/100] train_acc: 0.323 train_loss_sup: 3.018
[GPU1] epochs: [59/100] train_acc: 0.325 train_loss_sup: 3.012
[GPU1] epochs: [60/100] train_acc: 0.325 train_loss_sup: 3.006
[GPU1] Test Accuracy at epoch: 60: 0.335
[GPU1] epochs: [61/100] train_acc: 0.324 train_loss_sup: 3.008
[GPU1] epochs: [62/100] train_acc: 0.327 train_loss_sup: 2.997
[GPU1] epochs: [63/100] train_acc: 0.325 train_loss_sup: 3.001
[GPU1] epochs: [64/100] train_acc: 0.326 train_loss_sup: 2.993
[GPU1] epochs: [65/100] train_acc: 0.326 train_loss_sup: 2.992
[GPU1] epochs: [66/100] train_acc: 0.327 train_loss_sup: 2.985
[GPU1] epochs: [67/100] train_acc: 0.327 train_loss_sup: 2.982
[GPU1] epochs: [68/100] train_acc: 0.330 train_loss_sup: 2.973
[GPU1] epochs: [69/100] train_acc: 0.330 train_loss_sup: 2.974
[GPU1] epochs: [70/100] train_acc: 0.330 train_loss_sup: 2.969
[GPU1] Test Accuracy at epoch: 70: 0.342
[GPU1] epochs: [71/100] train_acc: 0.332 train_loss_sup: 2.961
[GPU1] epochs: [72/100] train_acc: 0.330 train_loss_sup: 2.960
[GPU1] epochs: [73/100] train_acc: 0.332 train_loss_sup: 2.959
[GPU1] epochs: [74/100] train_acc: 0.333 train_loss_sup: 2.953
[GPU1] epochs: [75/100] train_acc: 0.333 train_loss_sup: 2.954
[GPU1] epochs: [76/100] train_acc: 0.334 train_loss_sup: 2.948
[GPU1] epochs: [77/100] train_acc: 0.333 train_loss_sup: 2.950
[GPU1] epochs: [78/100] train_acc: 0.334 train_loss_sup: 2.946
[GPU1] epochs: [79/100] train_acc: 0.335 train_loss_sup: 2.939
[GPU1] epochs: [80/100] train_acc: 0.336 train_loss_sup: 2.934
[GPU1] Test Accuracy at epoch: 80: 0.341
[GPU1] epochs: [81/100] train_acc: 0.336 train_loss_sup: 2.932
[GPU1] epochs: [82/100] train_acc: 0.336 train_loss_sup: 2.929
[GPU1] epochs: [83/100] train_acc: 0.337 train_loss_sup: 2.929
[GPU1] epochs: [84/100] train_acc: 0.337 train_loss_sup: 2.924
[GPU1] epochs: [85/100] train_acc: 0.337 train_loss_sup: 2.927
[GPU1] epochs: [86/100] train_acc: 0.338 train_loss_sup: 2.916
[GPU1] epochs: [87/100] train_acc: 0.339 train_loss_sup: 2.914
[GPU1] epochs: [88/100] train_acc: 0.340 train_loss_sup: 2.911
[GPU1] epochs: [89/100] train_acc: 0.340 train_loss_sup: 2.911
[GPU1] epochs: [90/100] train_acc: 0.340 train_loss_sup: 2.911
[GPU1] Test Accuracy at epoch: 90: 0.348
[GPU1] epochs: [91/100] train_acc: 0.339 train_loss_sup: 2.906
[GPU1] epochs: [92/100] train_acc: 0.341 train_loss_sup: 2.907
[GPU1] epochs: [93/100] train_acc: 0.342 train_loss_sup: 2.901
[GPU1] epochs: [94/100] train_acc: 0.344 train_loss_sup: 2.897
[GPU1] epochs: [95/100] train_acc: 0.340 train_loss_sup: 2.899
[GPU1] epochs: [96/100] train_acc: 0.344 train_loss_sup: 2.893
[GPU1] epochs: [97/100] train_acc: 0.340 train_loss_sup: 2.895
[GPU1] epochs: [98/100] train_acc: 0.342 train_loss_sup: 2.896
[GPU1] epochs: [99/100] train_acc: 0.342 train_loss_sup: 2.891
[GPU1] epochs: [100/100] train_acc: 0.344 train_loss_sup: 2.879
[GPU1] Final Test Accuracy: 0.353
LR: 0.100 | WD: 0.000000 | Cosine: False | test Acc: 0.353%
===> using linear mlp
Scheduler: None
MLP: MLP(
  (mlp): Linear(in_features=384, out_features=200, bias=True)
)
[GPU1] Test Accuracy at epoch: 0: 0.148
[GPU1] epochs: [1/100] train_acc: 0.088 train_loss_sup: 4.648
[GPU1] epochs: [2/100] train_acc: 0.175 train_loss_sup: 3.851
[GPU1] epochs: [3/100] train_acc: 0.209 train_loss_sup: 3.602
[GPU1] epochs: [4/100] train_acc: 0.233 train_loss_sup: 3.455
[GPU1] epochs: [5/100] train_acc: 0.246 train_loss_sup: 3.371
[GPU1] epochs: [6/100] train_acc: 0.255 train_loss_sup: 3.322
[GPU1] epochs: [7/100] train_acc: 0.267 train_loss_sup: 3.256
[GPU1] epochs: [8/100] train_acc: 0.271 train_loss_sup: 3.232
[GPU1] epochs: [9/100] train_acc: 0.277 train_loss_sup: 3.196
[GPU1] epochs: [10/100] train_acc: 0.286 train_loss_sup: 3.152
[GPU1] Test Accuracy at epoch: 10: 0.302
[GPU1] epochs: [11/100] train_acc: 0.286 train_loss_sup: 3.153
[GPU1] epochs: [12/100] train_acc: 0.294 train_loss_sup: 3.115
[GPU1] epochs: [13/100] train_acc: 0.294 train_loss_sup: 3.105
[GPU1] epochs: [14/100] train_acc: 0.300 train_loss_sup: 3.085
[GPU1] epochs: [15/100] train_acc: 0.302 train_loss_sup: 3.077
[GPU1] epochs: [16/100] train_acc: 0.305 train_loss_sup: 3.063
[GPU1] epochs: [17/100] train_acc: 0.303 train_loss_sup: 3.066
[GPU1] epochs: [18/100] train_acc: 0.309 train_loss_sup: 3.037
[GPU1] epochs: [19/100] train_acc: 0.311 train_loss_sup: 3.025
[GPU1] epochs: [20/100] train_acc: 0.313 train_loss_sup: 3.011
[GPU1] Test Accuracy at epoch: 20: 0.312
[GPU1] epochs: [21/100] train_acc: 0.311 train_loss_sup: 3.030
[GPU1] epochs: [22/100] train_acc: 0.318 train_loss_sup: 2.996
[GPU1] epochs: [23/100] train_acc: 0.317 train_loss_sup: 2.995
[GPU1] epochs: [24/100] train_acc: 0.317 train_loss_sup: 2.996
[GPU1] epochs: [25/100] train_acc: 0.319 train_loss_sup: 2.985
[GPU1] epochs: [26/100] train_acc: 0.319 train_loss_sup: 2.992
[GPU1] epochs: [27/100] train_acc: 0.323 train_loss_sup: 2.969
[GPU1] epochs: [28/100] train_acc: 0.324 train_loss_sup: 2.961
[GPU1] epochs: [29/100] train_acc: 0.323 train_loss_sup: 2.961
[GPU1] epochs: [30/100] train_acc: 0.326 train_loss_sup: 2.957
[GPU1] Test Accuracy at epoch: 30: 0.33
[GPU1] epochs: [31/100] train_acc: 0.328 train_loss_sup: 2.945
[GPU1] epochs: [32/100] train_acc: 0.328 train_loss_sup: 2.944
[GPU1] epochs: [33/100] train_acc: 0.328 train_loss_sup: 2.938
[GPU1] epochs: [34/100] train_acc: 0.329 train_loss_sup: 2.935
[GPU1] epochs: [35/100] train_acc: 0.332 train_loss_sup: 2.934
[GPU1] epochs: [36/100] train_acc: 0.329 train_loss_sup: 2.937
[GPU1] epochs: [37/100] train_acc: 0.332 train_loss_sup: 2.926
[GPU1] epochs: [38/100] train_acc: 0.333 train_loss_sup: 2.908
[GPU1] epochs: [39/100] train_acc: 0.336 train_loss_sup: 2.906
[GPU1] epochs: [40/100] train_acc: 0.336 train_loss_sup: 2.901
[GPU1] Test Accuracy at epoch: 40: 0.337
[GPU1] epochs: [41/100] train_acc: 0.335 train_loss_sup: 2.909
[GPU1] epochs: [42/100] train_acc: 0.336 train_loss_sup: 2.908
[GPU1] epochs: [43/100] train_acc: 0.336 train_loss_sup: 2.894
[GPU1] epochs: [44/100] train_acc: 0.338 train_loss_sup: 2.887
[GPU1] epochs: [45/100] train_acc: 0.339 train_loss_sup: 2.893
[GPU1] epochs: [46/100] train_acc: 0.338 train_loss_sup: 2.884
[GPU1] epochs: [47/100] train_acc: 0.340 train_loss_sup: 2.881
[GPU1] epochs: [48/100] train_acc: 0.339 train_loss_sup: 2.889
[GPU1] epochs: [49/100] train_acc: 0.341 train_loss_sup: 2.881
[GPU1] epochs: [50/100] train_acc: 0.340 train_loss_sup: 2.883
[GPU1] Test Accuracy at epoch: 50: 0.342
[GPU1] epochs: [51/100] train_acc: 0.341 train_loss_sup: 2.881
[GPU1] epochs: [52/100] train_acc: 0.342 train_loss_sup: 2.876
[GPU1] epochs: [53/100] train_acc: 0.341 train_loss_sup: 2.871
[GPU1] epochs: [54/100] train_acc: 0.345 train_loss_sup: 2.862
[GPU1] epochs: [55/100] train_acc: 0.345 train_loss_sup: 2.862
[GPU1] epochs: [56/100] train_acc: 0.343 train_loss_sup: 2.871
[GPU1] epochs: [57/100] train_acc: 0.343 train_loss_sup: 2.862
[GPU1] epochs: [58/100] train_acc: 0.342 train_loss_sup: 2.872
[GPU1] epochs: [59/100] train_acc: 0.345 train_loss_sup: 2.846
[GPU1] epochs: [60/100] train_acc: 0.346 train_loss_sup: 2.873
[GPU1] Test Accuracy at epoch: 60: 0.345
[GPU1] epochs: [61/100] train_acc: 0.347 train_loss_sup: 2.857
[GPU1] epochs: [62/100] train_acc: 0.347 train_loss_sup: 2.850
[GPU1] epochs: [63/100] train_acc: 0.348 train_loss_sup: 2.850
[GPU1] epochs: [64/100] train_acc: 0.349 train_loss_sup: 2.841
[GPU1] epochs: [65/100] train_acc: 0.351 train_loss_sup: 2.831
[GPU1] epochs: [66/100] train_acc: 0.351 train_loss_sup: 2.842
[GPU1] epochs: [67/100] train_acc: 0.348 train_loss_sup: 2.841
[GPU1] epochs: [68/100] train_acc: 0.350 train_loss_sup: 2.839
[GPU1] epochs: [69/100] train_acc: 0.351 train_loss_sup: 2.834
[GPU1] epochs: [70/100] train_acc: 0.349 train_loss_sup: 2.837
[GPU1] Test Accuracy at epoch: 70: 0.349
[GPU1] epochs: [71/100] train_acc: 0.348 train_loss_sup: 2.846
[GPU1] epochs: [72/100] train_acc: 0.350 train_loss_sup: 2.847
[GPU1] epochs: [73/100] train_acc: 0.351 train_loss_sup: 2.834
[GPU1] epochs: [74/100] train_acc: 0.350 train_loss_sup: 2.834
[GPU1] epochs: [75/100] train_acc: 0.352 train_loss_sup: 2.824
[GPU1] epochs: [76/100] train_acc: 0.350 train_loss_sup: 2.830
[GPU1] epochs: [77/100] train_acc: 0.351 train_loss_sup: 2.828
[GPU1] epochs: [78/100] train_acc: 0.351 train_loss_sup: 2.827
[GPU1] epochs: [79/100] train_acc: 0.351 train_loss_sup: 2.828
[GPU1] epochs: [80/100] train_acc: 0.352 train_loss_sup: 2.826
[GPU1] Test Accuracy at epoch: 80: 0.345
[GPU1] epochs: [81/100] train_acc: 0.350 train_loss_sup: 2.823
[GPU1] epochs: [82/100] train_acc: 0.352 train_loss_sup: 2.824
[GPU1] epochs: [83/100] train_acc: 0.353 train_loss_sup: 2.814
[GPU1] epochs: [84/100] train_acc: 0.354 train_loss_sup: 2.814
[GPU1] epochs: [85/100] train_acc: 0.352 train_loss_sup: 2.817
[GPU1] epochs: [86/100] train_acc: 0.353 train_loss_sup: 2.815
[GPU1] epochs: [87/100] train_acc: 0.352 train_loss_sup: 2.820
[GPU1] epochs: [88/100] train_acc: 0.353 train_loss_sup: 2.821
[GPU1] epochs: [89/100] train_acc: 0.357 train_loss_sup: 2.800
[GPU1] epochs: [90/100] train_acc: 0.355 train_loss_sup: 2.810
[GPU1] Test Accuracy at epoch: 90: 0.34
[GPU1] epochs: [91/100] train_acc: 0.355 train_loss_sup: 2.818
[GPU1] epochs: [92/100] train_acc: 0.355 train_loss_sup: 2.814
[GPU1] epochs: [93/100] train_acc: 0.353 train_loss_sup: 2.808
[GPU1] epochs: [94/100] train_acc: 0.358 train_loss_sup: 2.789
[GPU1] epochs: [95/100] train_acc: 0.354 train_loss_sup: 2.814
[GPU1] epochs: [96/100] train_acc: 0.357 train_loss_sup: 2.819
[GPU1] epochs: [97/100] train_acc: 0.356 train_loss_sup: 2.805
[GPU1] epochs: [98/100] train_acc: 0.357 train_loss_sup: 2.792
[GPU1] epochs: [99/100] train_acc: 0.356 train_loss_sup: 2.809
[GPU1] epochs: [100/100] train_acc: 0.355 train_loss_sup: 2.810
[GPU1] Final Test Accuracy: 0.364
LR: 1.000 | WD: 0.000001 | Cosine: False | test Acc: 0.364%
===> using linear mlp
Scheduler: None
MLP: MLP(
  (mlp): Linear(in_features=384, out_features=200, bias=True)
)
[GPU1] Test Accuracy at epoch: 0: 0.124
[GPU1] epochs: [1/100] train_acc: 0.084 train_loss_sup: 4.674
[GPU1] epochs: [2/100] train_acc: 0.164 train_loss_sup: 3.968
[GPU1] epochs: [3/100] train_acc: 0.193 train_loss_sup: 3.746
[GPU1] epochs: [4/100] train_acc: 0.208 train_loss_sup: 3.659
[GPU1] epochs: [5/100] train_acc: 0.214 train_loss_sup: 3.601
[GPU1] epochs: [6/100] train_acc: 0.220 train_loss_sup: 3.571
[GPU1] epochs: [7/100] train_acc: 0.226 train_loss_sup: 3.544
[GPU1] epochs: [8/100] train_acc: 0.229 train_loss_sup: 3.527
[GPU1] epochs: [9/100] train_acc: 0.232 train_loss_sup: 3.516
[GPU1] epochs: [10/100] train_acc: 0.233 train_loss_sup: 3.511
[GPU1] Test Accuracy at epoch: 10: 0.233
[GPU1] epochs: [11/100] train_acc: 0.234 train_loss_sup: 3.495
[GPU1] epochs: [12/100] train_acc: 0.234 train_loss_sup: 3.493
[GPU1] epochs: [13/100] train_acc: 0.232 train_loss_sup: 3.509
[GPU1] epochs: [14/100] train_acc: 0.233 train_loss_sup: 3.504
[GPU1] epochs: [15/100] train_acc: 0.234 train_loss_sup: 3.492
[GPU1] epochs: [16/100] train_acc: 0.234 train_loss_sup: 3.495
[GPU1] epochs: [17/100] train_acc: 0.235 train_loss_sup: 3.496
[GPU1] epochs: [18/100] train_acc: 0.234 train_loss_sup: 3.500
[GPU1] epochs: [19/100] train_acc: 0.236 train_loss_sup: 3.496
[GPU1] epochs: [20/100] train_acc: 0.236 train_loss_sup: 3.489
[GPU1] Test Accuracy at epoch: 20: 0.23
[GPU1] epochs: [21/100] train_acc: 0.234 train_loss_sup: 3.501
[GPU1] epochs: [22/100] train_acc: 0.239 train_loss_sup: 3.479
[GPU1] epochs: [23/100] train_acc: 0.235 train_loss_sup: 3.490
[GPU1] epochs: [24/100] train_acc: 0.234 train_loss_sup: 3.497
[GPU1] epochs: [25/100] train_acc: 0.238 train_loss_sup: 3.483
[GPU1] epochs: [26/100] train_acc: 0.236 train_loss_sup: 3.489
[GPU1] epochs: [27/100] train_acc: 0.237 train_loss_sup: 3.490
[GPU1] epochs: [28/100] train_acc: 0.234 train_loss_sup: 3.491
[GPU1] epochs: [29/100] train_acc: 0.238 train_loss_sup: 3.482
[GPU1] epochs: [30/100] train_acc: 0.235 train_loss_sup: 3.489
[GPU1] Test Accuracy at epoch: 30: 0.24
[GPU1] epochs: [31/100] train_acc: 0.235 train_loss_sup: 3.497
[GPU1] epochs: [32/100] train_acc: 0.237 train_loss_sup: 3.486
[GPU1] epochs: [33/100] train_acc: 0.238 train_loss_sup: 3.487
[GPU1] epochs: [34/100] train_acc: 0.234 train_loss_sup: 3.509
[GPU1] epochs: [35/100] train_acc: 0.235 train_loss_sup: 3.486
[GPU1] epochs: [36/100] train_acc: 0.240 train_loss_sup: 3.475
[GPU1] epochs: [37/100] train_acc: 0.237 train_loss_sup: 3.484
[GPU1] epochs: [38/100] train_acc: 0.238 train_loss_sup: 3.478
[GPU1] epochs: [39/100] train_acc: 0.239 train_loss_sup: 3.478
[GPU1] epochs: [40/100] train_acc: 0.238 train_loss_sup: 3.490
[GPU1] Test Accuracy at epoch: 40: 0.234
[GPU1] epochs: [41/100] train_acc: 0.237 train_loss_sup: 3.493
[GPU1] epochs: [42/100] train_acc: 0.237 train_loss_sup: 3.483
[GPU1] epochs: [43/100] train_acc: 0.237 train_loss_sup: 3.494
[GPU1] epochs: [44/100] train_acc: 0.235 train_loss_sup: 3.499
[GPU1] epochs: [45/100] train_acc: 0.235 train_loss_sup: 3.498
[GPU1] epochs: [46/100] train_acc: 0.233 train_loss_sup: 3.499
[GPU1] epochs: [47/100] train_acc: 0.235 train_loss_sup: 3.496
[GPU1] epochs: [48/100] train_acc: 0.236 train_loss_sup: 3.498
[GPU1] epochs: [49/100] train_acc: 0.234 train_loss_sup: 3.497
[GPU1] epochs: [50/100] train_acc: 0.237 train_loss_sup: 3.476
[GPU1] Test Accuracy at epoch: 50: 0.239
[GPU1] epochs: [51/100] train_acc: 0.240 train_loss_sup: 3.479
[GPU1] epochs: [52/100] train_acc: 0.239 train_loss_sup: 3.476
[GPU1] epochs: [53/100] train_acc: 0.237 train_loss_sup: 3.488
[GPU1] epochs: [54/100] train_acc: 0.236 train_loss_sup: 3.484
[GPU1] epochs: [55/100] train_acc: 0.232 train_loss_sup: 3.505
[GPU1] epochs: [56/100] train_acc: 0.234 train_loss_sup: 3.501
[GPU1] epochs: [57/100] train_acc: 0.238 train_loss_sup: 3.476
[GPU1] epochs: [58/100] train_acc: 0.236 train_loss_sup: 3.483
[GPU1] epochs: [59/100] train_acc: 0.236 train_loss_sup: 3.493
[GPU1] epochs: [60/100] train_acc: 0.236 train_loss_sup: 3.495
[GPU1] Test Accuracy at epoch: 60: 0.231
[GPU1] epochs: [61/100] train_acc: 0.237 train_loss_sup: 3.481
[GPU1] epochs: [62/100] train_acc: 0.235 train_loss_sup: 3.488
[GPU1] epochs: [63/100] train_acc: 0.238 train_loss_sup: 3.480
[GPU1] epochs: [64/100] train_acc: 0.238 train_loss_sup: 3.500
[GPU1] epochs: [65/100] train_acc: 0.240 train_loss_sup: 3.477
[GPU1] epochs: [66/100] train_acc: 0.234 train_loss_sup: 3.498
[GPU1] epochs: [67/100] train_acc: 0.237 train_loss_sup: 3.488
[GPU1] epochs: [68/100] train_acc: 0.236 train_loss_sup: 3.487
[GPU1] epochs: [69/100] train_acc: 0.237 train_loss_sup: 3.476
[GPU1] epochs: [70/100] train_acc: 0.236 train_loss_sup: 3.490
[GPU1] Test Accuracy at epoch: 70: 0.226
[GPU1] epochs: [71/100] train_acc: 0.236 train_loss_sup: 3.499
[GPU1] epochs: [72/100] train_acc: 0.238 train_loss_sup: 3.483
[GPU1] epochs: [73/100] train_acc: 0.236 train_loss_sup: 3.494
[GPU1] epochs: [74/100] train_acc: 0.239 train_loss_sup: 3.484
[GPU1] epochs: [75/100] train_acc: 0.235 train_loss_sup: 3.495
[GPU1] epochs: [76/100] train_acc: 0.236 train_loss_sup: 3.492
[GPU1] epochs: [77/100] train_acc: 0.235 train_loss_sup: 3.497
[GPU1] epochs: [78/100] train_acc: 0.237 train_loss_sup: 3.487
[GPU1] epochs: [79/100] train_acc: 0.239 train_loss_sup: 3.483
[GPU1] epochs: [80/100] train_acc: 0.233 train_loss_sup: 3.498
[GPU1] Test Accuracy at epoch: 80: 0.241
[GPU1] epochs: [81/100] train_acc: 0.236 train_loss_sup: 3.481
[GPU1] epochs: [82/100] train_acc: 0.237 train_loss_sup: 3.487
[GPU1] epochs: [83/100] train_acc: 0.238 train_loss_sup: 3.484
[GPU1] epochs: [84/100] train_acc: 0.236 train_loss_sup: 3.487
[GPU1] epochs: [85/100] train_acc: 0.234 train_loss_sup: 3.506
[GPU1] epochs: [86/100] train_acc: 0.235 train_loss_sup: 3.484
[GPU1] epochs: [87/100] train_acc: 0.236 train_loss_sup: 3.494
[GPU1] epochs: [88/100] train_acc: 0.233 train_loss_sup: 3.503
[GPU1] epochs: [89/100] train_acc: 0.238 train_loss_sup: 3.476
[GPU1] epochs: [90/100] train_acc: 0.234 train_loss_sup: 3.498
[GPU1] Test Accuracy at epoch: 90: 0.251
[GPU1] epochs: [91/100] train_acc: 0.239 train_loss_sup: 3.483
[GPU1] epochs: [92/100] train_acc: 0.234 train_loss_sup: 3.489
[GPU1] epochs: [93/100] train_acc: 0.237 train_loss_sup: 3.499
[GPU1] epochs: [94/100] train_acc: 0.235 train_loss_sup: 3.499
[GPU1] epochs: [95/100] train_acc: 0.234 train_loss_sup: 3.503
[GPU1] epochs: [96/100] train_acc: 0.235 train_loss_sup: 3.493
[GPU1] epochs: [97/100] train_acc: 0.235 train_loss_sup: 3.490
[GPU1] epochs: [98/100] train_acc: 0.233 train_loss_sup: 3.500
[GPU1] epochs: [99/100] train_acc: 0.236 train_loss_sup: 3.495
[GPU1] epochs: [100/100] train_acc: 0.234 train_loss_sup: 3.492
[GPU1] Final Test Accuracy: 0.233
LR: 1.000 | WD: 0.000100 | Cosine: False | test Acc: 0.251%
===> using linear mlp
Scheduler: None
MLP: MLP(
  (mlp): Linear(in_features=384, out_features=200, bias=True)
)
[GPU1] Test Accuracy at epoch: 0: 0.16
[GPU1] epochs: [1/100] train_acc: 0.087 train_loss_sup: 4.635
[GPU1] epochs: [2/100] train_acc: 0.176 train_loss_sup: 3.854
[GPU1] epochs: [3/100] train_acc: 0.211 train_loss_sup: 3.600
[GPU1] epochs: [4/100] train_acc: 0.235 train_loss_sup: 3.453
[GPU1] epochs: [5/100] train_acc: 0.250 train_loss_sup: 3.358
[GPU1] epochs: [6/100] train_acc: 0.257 train_loss_sup: 3.307
[GPU1] epochs: [7/100] train_acc: 0.266 train_loss_sup: 3.275
[GPU1] epochs: [8/100] train_acc: 0.272 train_loss_sup: 3.223
[GPU1] epochs: [9/100] train_acc: 0.280 train_loss_sup: 3.186
[GPU1] epochs: [10/100] train_acc: 0.286 train_loss_sup: 3.150
[GPU1] Test Accuracy at epoch: 10: 0.308
[GPU1] epochs: [11/100] train_acc: 0.289 train_loss_sup: 3.138
[GPU1] epochs: [12/100] train_acc: 0.293 train_loss_sup: 3.109
[GPU1] epochs: [13/100] train_acc: 0.295 train_loss_sup: 3.103
[GPU1] epochs: [14/100] train_acc: 0.297 train_loss_sup: 3.085
[GPU1] epochs: [15/100] train_acc: 0.303 train_loss_sup: 3.068
[GPU1] epochs: [16/100] train_acc: 0.305 train_loss_sup: 3.056
[GPU1] epochs: [17/100] train_acc: 0.308 train_loss_sup: 3.045
[GPU1] epochs: [18/100] train_acc: 0.310 train_loss_sup: 3.033
[GPU1] epochs: [19/100] train_acc: 0.312 train_loss_sup: 3.021
[GPU1] epochs: [20/100] train_acc: 0.312 train_loss_sup: 3.028
[GPU1] Test Accuracy at epoch: 20: 0.305
[GPU1] epochs: [21/100] train_acc: 0.313 train_loss_sup: 3.012
[GPU1] epochs: [22/100] train_acc: 0.315 train_loss_sup: 3.002
[GPU1] epochs: [23/100] train_acc: 0.316 train_loss_sup: 2.992
[GPU1] epochs: [24/100] train_acc: 0.321 train_loss_sup: 2.984
[GPU1] epochs: [25/100] train_acc: 0.320 train_loss_sup: 2.977
[GPU1] epochs: [26/100] train_acc: 0.322 train_loss_sup: 2.971
[GPU1] epochs: [27/100] train_acc: 0.323 train_loss_sup: 2.958
[GPU1] epochs: [28/100] train_acc: 0.328 train_loss_sup: 2.943
[GPU1] epochs: [29/100] train_acc: 0.324 train_loss_sup: 2.958
[GPU1] epochs: [30/100] train_acc: 0.327 train_loss_sup: 2.942
[GPU1] Test Accuracy at epoch: 30: 0.323
[GPU1] epochs: [31/100] train_acc: 0.329 train_loss_sup: 2.937
[GPU1] epochs: [32/100] train_acc: 0.329 train_loss_sup: 2.943
[GPU1] epochs: [33/100] train_acc: 0.331 train_loss_sup: 2.935
[GPU1] epochs: [34/100] train_acc: 0.329 train_loss_sup: 2.942
[GPU1] epochs: [35/100] train_acc: 0.333 train_loss_sup: 2.921
[GPU1] epochs: [36/100] train_acc: 0.334 train_loss_sup: 2.919
[GPU1] epochs: [37/100] train_acc: 0.333 train_loss_sup: 2.919
[GPU1] epochs: [38/100] train_acc: 0.335 train_loss_sup: 2.909
[GPU1] epochs: [39/100] train_acc: 0.337 train_loss_sup: 2.897
[GPU1] epochs: [40/100] train_acc: 0.336 train_loss_sup: 2.901
[GPU1] Test Accuracy at epoch: 40: 0.337
[GPU1] epochs: [41/100] train_acc: 0.337 train_loss_sup: 2.895
[GPU1] epochs: [42/100] train_acc: 0.337 train_loss_sup: 2.898
[GPU1] epochs: [43/100] train_acc: 0.340 train_loss_sup: 2.881
[GPU1] epochs: [44/100] train_acc: 0.341 train_loss_sup: 2.875
[GPU1] epochs: [45/100] train_acc: 0.341 train_loss_sup: 2.874
[GPU1] epochs: [46/100] train_acc: 0.342 train_loss_sup: 2.874
[GPU1] epochs: [47/100] train_acc: 0.340 train_loss_sup: 2.888
[GPU1] epochs: [48/100] train_acc: 0.341 train_loss_sup: 2.891
[GPU1] epochs: [49/100] train_acc: 0.344 train_loss_sup: 2.877
[GPU1] epochs: [50/100] train_acc: 0.341 train_loss_sup: 2.875
[GPU1] Test Accuracy at epoch: 50: 0.34
[GPU1] epochs: [51/100] train_acc: 0.343 train_loss_sup: 2.873
[GPU1] epochs: [52/100] train_acc: 0.343 train_loss_sup: 2.878
[GPU1] epochs: [53/100] train_acc: 0.345 train_loss_sup: 2.863
[GPU1] epochs: [54/100] train_acc: 0.347 train_loss_sup: 2.861
[GPU1] epochs: [55/100] train_acc: 0.344 train_loss_sup: 2.868
[GPU1] epochs: [56/100] train_acc: 0.346 train_loss_sup: 2.850
[GPU1] epochs: [57/100] train_acc: 0.346 train_loss_sup: 2.857
[GPU1] epochs: [58/100] train_acc: 0.343 train_loss_sup: 2.868
[GPU1] epochs: [59/100] train_acc: 0.347 train_loss_sup: 2.855
[GPU1] epochs: [60/100] train_acc: 0.344 train_loss_sup: 2.864
[GPU1] Test Accuracy at epoch: 60: 0.35
[GPU1] epochs: [61/100] train_acc: 0.349 train_loss_sup: 2.844
[GPU1] epochs: [62/100] train_acc: 0.346 train_loss_sup: 2.849
[GPU1] epochs: [63/100] train_acc: 0.350 train_loss_sup: 2.841
[GPU1] epochs: [64/100] train_acc: 0.349 train_loss_sup: 2.843
[GPU1] epochs: [65/100] train_acc: 0.350 train_loss_sup: 2.840
[GPU1] epochs: [66/100] train_acc: 0.351 train_loss_sup: 2.838
[GPU1] epochs: [67/100] train_acc: 0.350 train_loss_sup: 2.840
[GPU1] epochs: [68/100] train_acc: 0.354 train_loss_sup: 2.822
[GPU1] epochs: [69/100] train_acc: 0.350 train_loss_sup: 2.837
[GPU1] epochs: [70/100] train_acc: 0.352 train_loss_sup: 2.836
[GPU1] Test Accuracy at epoch: 70: 0.346
[GPU1] epochs: [71/100] train_acc: 0.353 train_loss_sup: 2.824
[GPU1] epochs: [72/100] train_acc: 0.352 train_loss_sup: 2.832
[GPU1] epochs: [73/100] train_acc: 0.352 train_loss_sup: 2.829
[GPU1] epochs: [74/100] train_acc: 0.355 train_loss_sup: 2.817
[GPU1] epochs: [75/100] train_acc: 0.351 train_loss_sup: 2.838
[GPU1] epochs: [76/100] train_acc: 0.354 train_loss_sup: 2.821
[GPU1] epochs: [77/100] train_acc: 0.353 train_loss_sup: 2.823
[GPU1] epochs: [78/100] train_acc: 0.353 train_loss_sup: 2.819
[GPU1] epochs: [79/100] train_acc: 0.355 train_loss_sup: 2.817
[GPU1] epochs: [80/100] train_acc: 0.355 train_loss_sup: 2.809
[GPU1] Test Accuracy at epoch: 80: 0.362
[GPU1] epochs: [81/100] train_acc: 0.355 train_loss_sup: 2.812
[GPU1] epochs: [82/100] train_acc: 0.354 train_loss_sup: 2.814
[GPU1] epochs: [83/100] train_acc: 0.355 train_loss_sup: 2.813
[GPU1] epochs: [84/100] train_acc: 0.357 train_loss_sup: 2.814
[GPU1] epochs: [85/100] train_acc: 0.357 train_loss_sup: 2.809
[GPU1] epochs: [86/100] train_acc: 0.357 train_loss_sup: 2.801
[GPU1] epochs: [87/100] train_acc: 0.357 train_loss_sup: 2.798
[GPU1] epochs: [88/100] train_acc: 0.356 train_loss_sup: 2.813
[GPU1] epochs: [89/100] train_acc: 0.358 train_loss_sup: 2.796
[GPU1] epochs: [90/100] train_acc: 0.359 train_loss_sup: 2.803
[GPU1] Test Accuracy at epoch: 90: 0.355
[GPU1] epochs: [91/100] train_acc: 0.359 train_loss_sup: 2.793
[GPU1] epochs: [92/100] train_acc: 0.357 train_loss_sup: 2.798
[GPU1] epochs: [93/100] train_acc: 0.357 train_loss_sup: 2.801
[GPU1] epochs: [94/100] train_acc: 0.359 train_loss_sup: 2.780
[GPU1] epochs: [95/100] train_acc: 0.360 train_loss_sup: 2.787
[GPU1] epochs: [96/100] train_acc: 0.363 train_loss_sup: 2.784
[GPU1] epochs: [97/100] train_acc: 0.360 train_loss_sup: 2.784
[GPU1] epochs: [98/100] train_acc: 0.360 train_loss_sup: 2.784
[GPU1] epochs: [99/100] train_acc: 0.361 train_loss_sup: 2.790
[GPU1] epochs: [100/100] train_acc: 0.363 train_loss_sup: 2.783
[GPU1] Final Test Accuracy: 0.359
LR: 1.000 | WD: 0.000000 | Cosine: False | test Acc: 0.362%
===> using linear mlp
Scheduler: <torch.optim.lr_scheduler.CosineAnnealingLR object at 0x742d6da35900>
MLP: MLP(
  (mlp): Linear(in_features=384, out_features=200, bias=True)
)
[GPU1] Test Accuracy at epoch: 0: 0.089
[GPU1] epochs: [1/100] train_acc: 0.035 train_loss_sup: 5.161
[GPU1] epochs: [2/100] train_acc: 0.089 train_loss_sup: 4.850
[GPU1] epochs: [3/100] train_acc: 0.129 train_loss_sup: 4.607
[GPU1] epochs: [4/100] train_acc: 0.151 train_loss_sup: 4.416
[GPU1] epochs: [5/100] train_acc: 0.170 train_loss_sup: 4.263
[GPU1] epochs: [6/100] train_acc: 0.184 train_loss_sup: 4.137
[GPU1] epochs: [7/100] train_acc: 0.197 train_loss_sup: 4.031
[GPU1] epochs: [8/100] train_acc: 0.206 train_loss_sup: 3.943
[GPU1] epochs: [9/100] train_acc: 0.217 train_loss_sup: 3.867
[GPU1] epochs: [10/100] train_acc: 0.223 train_loss_sup: 3.803
[GPU1] Test Accuracy at epoch: 10: 0.248
[GPU1] epochs: [11/100] train_acc: 0.233 train_loss_sup: 3.742
[GPU1] epochs: [12/100] train_acc: 0.238 train_loss_sup: 3.692
[GPU1] epochs: [13/100] train_acc: 0.244 train_loss_sup: 3.647
[GPU1] epochs: [14/100] train_acc: 0.250 train_loss_sup: 3.605
[GPU1] epochs: [15/100] train_acc: 0.252 train_loss_sup: 3.569
[GPU1] epochs: [16/100] train_acc: 0.257 train_loss_sup: 3.533
[GPU1] epochs: [17/100] train_acc: 0.261 train_loss_sup: 3.505
[GPU1] epochs: [18/100] train_acc: 0.264 train_loss_sup: 3.475
[GPU1] epochs: [19/100] train_acc: 0.267 train_loss_sup: 3.450
[GPU1] epochs: [20/100] train_acc: 0.271 train_loss_sup: 3.429
[GPU1] Test Accuracy at epoch: 20: 0.283
[GPU1] epochs: [21/100] train_acc: 0.272 train_loss_sup: 3.404
[GPU1] epochs: [22/100] train_acc: 0.277 train_loss_sup: 3.379
[GPU1] epochs: [23/100] train_acc: 0.277 train_loss_sup: 3.368
[GPU1] epochs: [24/100] train_acc: 0.280 train_loss_sup: 3.345
[GPU1] epochs: [25/100] train_acc: 0.283 train_loss_sup: 3.331
[GPU1] epochs: [26/100] train_acc: 0.284 train_loss_sup: 3.318
[GPU1] epochs: [27/100] train_acc: 0.286 train_loss_sup: 3.298
[GPU1] epochs: [28/100] train_acc: 0.288 train_loss_sup: 3.288
[GPU1] epochs: [29/100] train_acc: 0.289 train_loss_sup: 3.273
[GPU1] epochs: [30/100] train_acc: 0.291 train_loss_sup: 3.262
[GPU1] Test Accuracy at epoch: 30: 0.303
[GPU1] epochs: [31/100] train_acc: 0.294 train_loss_sup: 3.245
[GPU1] epochs: [32/100] train_acc: 0.295 train_loss_sup: 3.236
[GPU1] epochs: [33/100] train_acc: 0.297 train_loss_sup: 3.224
[GPU1] epochs: [34/100] train_acc: 0.297 train_loss_sup: 3.219
[GPU1] epochs: [35/100] train_acc: 0.300 train_loss_sup: 3.206
[GPU1] epochs: [36/100] train_acc: 0.301 train_loss_sup: 3.200
[GPU1] epochs: [37/100] train_acc: 0.302 train_loss_sup: 3.190
[GPU1] epochs: [38/100] train_acc: 0.301 train_loss_sup: 3.183
[GPU1] epochs: [39/100] train_acc: 0.302 train_loss_sup: 3.176
[GPU1] epochs: [40/100] train_acc: 0.303 train_loss_sup: 3.167
[GPU1] Test Accuracy at epoch: 40: 0.312
[GPU1] epochs: [41/100] train_acc: 0.306 train_loss_sup: 3.161
[GPU1] epochs: [42/100] train_acc: 0.304 train_loss_sup: 3.155
[GPU1] epochs: [43/100] train_acc: 0.306 train_loss_sup: 3.154
[GPU1] epochs: [44/100] train_acc: 0.309 train_loss_sup: 3.146
[GPU1] epochs: [45/100] train_acc: 0.308 train_loss_sup: 3.137
[GPU1] epochs: [46/100] train_acc: 0.311 train_loss_sup: 3.127
[GPU1] epochs: [47/100] train_acc: 0.311 train_loss_sup: 3.126
[GPU1] epochs: [48/100] train_acc: 0.312 train_loss_sup: 3.122
[GPU1] epochs: [49/100] train_acc: 0.312 train_loss_sup: 3.116
[GPU1] epochs: [50/100] train_acc: 0.313 train_loss_sup: 3.112
[GPU1] Test Accuracy at epoch: 50: 0.318
[GPU1] epochs: [51/100] train_acc: 0.315 train_loss_sup: 3.108
[GPU1] epochs: [52/100] train_acc: 0.315 train_loss_sup: 3.102
[GPU1] epochs: [53/100] train_acc: 0.316 train_loss_sup: 3.100
[GPU1] epochs: [54/100] train_acc: 0.318 train_loss_sup: 3.091
[GPU1] epochs: [55/100] train_acc: 0.316 train_loss_sup: 3.092
[GPU1] epochs: [56/100] train_acc: 0.316 train_loss_sup: 3.091
[GPU1] epochs: [57/100] train_acc: 0.318 train_loss_sup: 3.086
[GPU1] epochs: [58/100] train_acc: 0.317 train_loss_sup: 3.084
[GPU1] epochs: [59/100] train_acc: 0.320 train_loss_sup: 3.075
[GPU1] epochs: [60/100] train_acc: 0.318 train_loss_sup: 3.077
[GPU1] Test Accuracy at epoch: 60: 0.324
[GPU1] epochs: [61/100] train_acc: 0.319 train_loss_sup: 3.072
[GPU1] epochs: [62/100] train_acc: 0.321 train_loss_sup: 3.071
[GPU1] epochs: [63/100] train_acc: 0.319 train_loss_sup: 3.066
[GPU1] epochs: [64/100] train_acc: 0.320 train_loss_sup: 3.065
[GPU1] epochs: [65/100] train_acc: 0.322 train_loss_sup: 3.060
[GPU1] epochs: [66/100] train_acc: 0.323 train_loss_sup: 3.059
[GPU1] epochs: [67/100] train_acc: 0.322 train_loss_sup: 3.060
[GPU1] epochs: [68/100] train_acc: 0.322 train_loss_sup: 3.055
[GPU1] epochs: [69/100] train_acc: 0.322 train_loss_sup: 3.057
[GPU1] epochs: [70/100] train_acc: 0.323 train_loss_sup: 3.053
[GPU1] Test Accuracy at epoch: 70: 0.329
[GPU1] epochs: [71/100] train_acc: 0.324 train_loss_sup: 3.047
[GPU1] epochs: [72/100] train_acc: 0.324 train_loss_sup: 3.049
[GPU1] epochs: [73/100] train_acc: 0.323 train_loss_sup: 3.049
[GPU1] epochs: [74/100] train_acc: 0.324 train_loss_sup: 3.048
[GPU1] epochs: [75/100] train_acc: 0.324 train_loss_sup: 3.048
[GPU1] epochs: [76/100] train_acc: 0.326 train_loss_sup: 3.046
[GPU1] epochs: [77/100] train_acc: 0.326 train_loss_sup: 3.042
[GPU1] epochs: [78/100] train_acc: 0.327 train_loss_sup: 3.042
[GPU1] epochs: [79/100] train_acc: 0.325 train_loss_sup: 3.038
[GPU1] epochs: [80/100] train_acc: 0.325 train_loss_sup: 3.043
[GPU1] Test Accuracy at epoch: 80: 0.331
[GPU1] epochs: [81/100] train_acc: 0.326 train_loss_sup: 3.036
[GPU1] epochs: [82/100] train_acc: 0.327 train_loss_sup: 3.038
[GPU1] epochs: [83/100] train_acc: 0.325 train_loss_sup: 3.040
[GPU1] epochs: [84/100] train_acc: 0.329 train_loss_sup: 3.035
[GPU1] epochs: [85/100] train_acc: 0.326 train_loss_sup: 3.036
[GPU1] epochs: [86/100] train_acc: 0.325 train_loss_sup: 3.036
[GPU1] epochs: [87/100] train_acc: 0.328 train_loss_sup: 3.033
[GPU1] epochs: [88/100] train_acc: 0.326 train_loss_sup: 3.035
[GPU1] epochs: [89/100] train_acc: 0.327 train_loss_sup: 3.034
[GPU1] epochs: [90/100] train_acc: 0.326 train_loss_sup: 3.037
[GPU1] Test Accuracy at epoch: 90: 0.333
[GPU1] epochs: [91/100] train_acc: 0.328 train_loss_sup: 3.033
[GPU1] epochs: [92/100] train_acc: 0.327 train_loss_sup: 3.036
[GPU1] epochs: [93/100] train_acc: 0.327 train_loss_sup: 3.035
[GPU1] epochs: [94/100] train_acc: 0.328 train_loss_sup: 3.032
[GPU1] epochs: [95/100] train_acc: 0.328 train_loss_sup: 3.028
[GPU1] epochs: [96/100] train_acc: 0.329 train_loss_sup: 3.033
[GPU1] epochs: [97/100] train_acc: 0.327 train_loss_sup: 3.034
[GPU1] epochs: [98/100] train_acc: 0.325 train_loss_sup: 3.036
[GPU1] epochs: [99/100] train_acc: 0.330 train_loss_sup: 3.026
[GPU1] epochs: [100/100] train_acc: 0.328 train_loss_sup: 3.034
[GPU1] Final Test Accuracy: 0.332
LR: 0.100 | WD: 0.000001 | Cosine: True | test Acc: 0.333%
===> using linear mlp
Scheduler: <torch.optim.lr_scheduler.CosineAnnealingLR object at 0x742d6da34700>
MLP: MLP(
  (mlp): Linear(in_features=384, out_features=200, bias=True)
)
[GPU1] Test Accuracy at epoch: 0: 0.058
[GPU1] epochs: [1/100] train_acc: 0.032 train_loss_sup: 5.163
[GPU1] epochs: [2/100] train_acc: 0.090 train_loss_sup: 4.856
[GPU1] epochs: [3/100] train_acc: 0.125 train_loss_sup: 4.621
[GPU1] epochs: [4/100] train_acc: 0.149 train_loss_sup: 4.436
[GPU1] epochs: [5/100] train_acc: 0.169 train_loss_sup: 4.289
[GPU1] epochs: [6/100] train_acc: 0.182 train_loss_sup: 4.176
[GPU1] epochs: [7/100] train_acc: 0.193 train_loss_sup: 4.079
[GPU1] epochs: [8/100] train_acc: 0.202 train_loss_sup: 3.999
[GPU1] epochs: [9/100] train_acc: 0.212 train_loss_sup: 3.926
[GPU1] epochs: [10/100] train_acc: 0.219 train_loss_sup: 3.867
[GPU1] Test Accuracy at epoch: 10: 0.242
[GPU1] epochs: [11/100] train_acc: 0.224 train_loss_sup: 3.818
[GPU1] epochs: [12/100] train_acc: 0.233 train_loss_sup: 3.770
[GPU1] epochs: [13/100] train_acc: 0.237 train_loss_sup: 3.734
[GPU1] epochs: [14/100] train_acc: 0.240 train_loss_sup: 3.697
[GPU1] epochs: [15/100] train_acc: 0.242 train_loss_sup: 3.666
[GPU1] epochs: [16/100] train_acc: 0.247 train_loss_sup: 3.638
[GPU1] epochs: [17/100] train_acc: 0.253 train_loss_sup: 3.609
[GPU1] epochs: [18/100] train_acc: 0.255 train_loss_sup: 3.591
[GPU1] epochs: [19/100] train_acc: 0.259 train_loss_sup: 3.564
[GPU1] epochs: [20/100] train_acc: 0.261 train_loss_sup: 3.548
[GPU1] Test Accuracy at epoch: 20: 0.274
[GPU1] epochs: [21/100] train_acc: 0.264 train_loss_sup: 3.529
[GPU1] epochs: [22/100] train_acc: 0.265 train_loss_sup: 3.515
[GPU1] epochs: [23/100] train_acc: 0.270 train_loss_sup: 3.497
[GPU1] epochs: [24/100] train_acc: 0.272 train_loss_sup: 3.481
[GPU1] epochs: [25/100] train_acc: 0.270 train_loss_sup: 3.474
[GPU1] epochs: [26/100] train_acc: 0.275 train_loss_sup: 3.455
[GPU1] epochs: [27/100] train_acc: 0.276 train_loss_sup: 3.450
[GPU1] epochs: [28/100] train_acc: 0.277 train_loss_sup: 3.440
[GPU1] epochs: [29/100] train_acc: 0.279 train_loss_sup: 3.430
[GPU1] epochs: [30/100] train_acc: 0.280 train_loss_sup: 3.419
[GPU1] Test Accuracy at epoch: 30: 0.293
[GPU1] epochs: [31/100] train_acc: 0.280 train_loss_sup: 3.410
[GPU1] epochs: [32/100] train_acc: 0.283 train_loss_sup: 3.401
[GPU1] epochs: [33/100] train_acc: 0.283 train_loss_sup: 3.396
[GPU1] epochs: [34/100] train_acc: 0.286 train_loss_sup: 3.387
[GPU1] epochs: [35/100] train_acc: 0.286 train_loss_sup: 3.381
[GPU1] epochs: [36/100] train_acc: 0.287 train_loss_sup: 3.375
[GPU1] epochs: [37/100] train_acc: 0.287 train_loss_sup: 3.369
[GPU1] epochs: [38/100] train_acc: 0.289 train_loss_sup: 3.364
[GPU1] epochs: [39/100] train_acc: 0.290 train_loss_sup: 3.364
[GPU1] epochs: [40/100] train_acc: 0.292 train_loss_sup: 3.355
[GPU1] Test Accuracy at epoch: 40: 0.294
[GPU1] epochs: [41/100] train_acc: 0.292 train_loss_sup: 3.349
[GPU1] epochs: [42/100] train_acc: 0.292 train_loss_sup: 3.350
[GPU1] epochs: [43/100] train_acc: 0.295 train_loss_sup: 3.340
[GPU1] epochs: [44/100] train_acc: 0.295 train_loss_sup: 3.338
[GPU1] epochs: [45/100] train_acc: 0.296 train_loss_sup: 3.333
[GPU1] epochs: [46/100] train_acc: 0.297 train_loss_sup: 3.332
[GPU1] epochs: [47/100] train_acc: 0.297 train_loss_sup: 3.324
[GPU1] epochs: [48/100] train_acc: 0.296 train_loss_sup: 3.323
[GPU1] epochs: [49/100] train_acc: 0.297 train_loss_sup: 3.320
[GPU1] epochs: [50/100] train_acc: 0.299 train_loss_sup: 3.316
[GPU1] Test Accuracy at epoch: 50: 0.308
[GPU1] epochs: [51/100] train_acc: 0.298 train_loss_sup: 3.317
[GPU1] epochs: [52/100] train_acc: 0.299 train_loss_sup: 3.314
[GPU1] epochs: [53/100] train_acc: 0.301 train_loss_sup: 3.308
[GPU1] epochs: [54/100] train_acc: 0.302 train_loss_sup: 3.305
[GPU1] epochs: [55/100] train_acc: 0.299 train_loss_sup: 3.309
[GPU1] epochs: [56/100] train_acc: 0.303 train_loss_sup: 3.303
[GPU1] epochs: [57/100] train_acc: 0.302 train_loss_sup: 3.301
[GPU1] epochs: [58/100] train_acc: 0.303 train_loss_sup: 3.298
[GPU1] epochs: [59/100] train_acc: 0.304 train_loss_sup: 3.299
[GPU1] epochs: [60/100] train_acc: 0.304 train_loss_sup: 3.298
[GPU1] Test Accuracy at epoch: 60: 0.312
[GPU1] epochs: [61/100] train_acc: 0.307 train_loss_sup: 3.290
[GPU1] epochs: [62/100] train_acc: 0.303 train_loss_sup: 3.295
[GPU1] epochs: [63/100] train_acc: 0.306 train_loss_sup: 3.287
[GPU1] epochs: [64/100] train_acc: 0.306 train_loss_sup: 3.286
[GPU1] epochs: [65/100] train_acc: 0.307 train_loss_sup: 3.283
[GPU1] epochs: [66/100] train_acc: 0.307 train_loss_sup: 3.287
[GPU1] epochs: [67/100] train_acc: 0.308 train_loss_sup: 3.282
[GPU1] epochs: [68/100] train_acc: 0.307 train_loss_sup: 3.283
[GPU1] epochs: [69/100] train_acc: 0.307 train_loss_sup: 3.280
[GPU1] epochs: [70/100] train_acc: 0.308 train_loss_sup: 3.283
[GPU1] Test Accuracy at epoch: 70: 0.315
[GPU1] epochs: [71/100] train_acc: 0.309 train_loss_sup: 3.282
[GPU1] epochs: [72/100] train_acc: 0.309 train_loss_sup: 3.277
[GPU1] epochs: [73/100] train_acc: 0.309 train_loss_sup: 3.279
[GPU1] epochs: [74/100] train_acc: 0.308 train_loss_sup: 3.281
[GPU1] epochs: [75/100] train_acc: 0.311 train_loss_sup: 3.274
[GPU1] epochs: [76/100] train_acc: 0.312 train_loss_sup: 3.274
[GPU1] epochs: [77/100] train_acc: 0.310 train_loss_sup: 3.272
[GPU1] epochs: [78/100] train_acc: 0.312 train_loss_sup: 3.270
[GPU1] epochs: [79/100] train_acc: 0.311 train_loss_sup: 3.273
[GPU1] epochs: [80/100] train_acc: 0.312 train_loss_sup: 3.273
[GPU1] Test Accuracy at epoch: 80: 0.317
[GPU1] epochs: [81/100] train_acc: 0.311 train_loss_sup: 3.271
[GPU1] epochs: [82/100] train_acc: 0.312 train_loss_sup: 3.271
[GPU1] epochs: [83/100] train_acc: 0.312 train_loss_sup: 3.267
[GPU1] epochs: [84/100] train_acc: 0.313 train_loss_sup: 3.271
[GPU1] epochs: [85/100] train_acc: 0.312 train_loss_sup: 3.273
[GPU1] epochs: [86/100] train_acc: 0.311 train_loss_sup: 3.269
[GPU1] epochs: [87/100] train_acc: 0.312 train_loss_sup: 3.268
[GPU1] epochs: [88/100] train_acc: 0.313 train_loss_sup: 3.269
[GPU1] epochs: [89/100] train_acc: 0.312 train_loss_sup: 3.270
[GPU1] epochs: [90/100] train_acc: 0.313 train_loss_sup: 3.270
[GPU1] Test Accuracy at epoch: 90: 0.319
[GPU1] epochs: [91/100] train_acc: 0.313 train_loss_sup: 3.266
[GPU1] epochs: [92/100] train_acc: 0.312 train_loss_sup: 3.269
[GPU1] epochs: [93/100] train_acc: 0.312 train_loss_sup: 3.270
[GPU1] epochs: [94/100] train_acc: 0.313 train_loss_sup: 3.268
[GPU1] epochs: [95/100] train_acc: 0.315 train_loss_sup: 3.264
[GPU1] epochs: [96/100] train_acc: 0.312 train_loss_sup: 3.270
[GPU1] epochs: [97/100] train_acc: 0.315 train_loss_sup: 3.263
[GPU1] epochs: [98/100] train_acc: 0.314 train_loss_sup: 3.267
[GPU1] epochs: [99/100] train_acc: 0.313 train_loss_sup: 3.264
[GPU1] epochs: [100/100] train_acc: 0.313 train_loss_sup: 3.267
[GPU1] Final Test Accuracy: 0.32
LR: 0.100 | WD: 0.000100 | Cosine: True | test Acc: 0.320%
===> using linear mlp
Scheduler: <torch.optim.lr_scheduler.CosineAnnealingLR object at 0x742d6d33edd0>
MLP: MLP(
  (mlp): Linear(in_features=384, out_features=200, bias=True)
)
[GPU1] Test Accuracy at epoch: 0: 0.068
[GPU1] epochs: [1/100] train_acc: 0.034 train_loss_sup: 5.160
[GPU1] epochs: [2/100] train_acc: 0.092 train_loss_sup: 4.849
[GPU1] epochs: [3/100] train_acc: 0.127 train_loss_sup: 4.605
[GPU1] epochs: [4/100] train_acc: 0.152 train_loss_sup: 4.415
[GPU1] epochs: [5/100] train_acc: 0.170 train_loss_sup: 4.263
[GPU1] epochs: [6/100] train_acc: 0.186 train_loss_sup: 4.135
[GPU1] epochs: [7/100] train_acc: 0.195 train_loss_sup: 4.034
[GPU1] epochs: [8/100] train_acc: 0.207 train_loss_sup: 3.945
[GPU1] epochs: [9/100] train_acc: 0.217 train_loss_sup: 3.866
[GPU1] epochs: [10/100] train_acc: 0.225 train_loss_sup: 3.802
[GPU1] Test Accuracy at epoch: 10: 0.24
[GPU1] epochs: [11/100] train_acc: 0.232 train_loss_sup: 3.744
[GPU1] epochs: [12/100] train_acc: 0.240 train_loss_sup: 3.691
[GPU1] epochs: [13/100] train_acc: 0.242 train_loss_sup: 3.645
[GPU1] epochs: [14/100] train_acc: 0.247 train_loss_sup: 3.605
[GPU1] epochs: [15/100] train_acc: 0.252 train_loss_sup: 3.567
[GPU1] epochs: [16/100] train_acc: 0.259 train_loss_sup: 3.531
[GPU1] epochs: [17/100] train_acc: 0.260 train_loss_sup: 3.506
[GPU1] epochs: [18/100] train_acc: 0.263 train_loss_sup: 3.478
[GPU1] epochs: [19/100] train_acc: 0.267 train_loss_sup: 3.449
[GPU1] epochs: [20/100] train_acc: 0.269 train_loss_sup: 3.427
[GPU1] Test Accuracy at epoch: 20: 0.284
[GPU1] epochs: [21/100] train_acc: 0.273 train_loss_sup: 3.406
[GPU1] epochs: [22/100] train_acc: 0.276 train_loss_sup: 3.383
[GPU1] epochs: [23/100] train_acc: 0.278 train_loss_sup: 3.363
[GPU1] epochs: [24/100] train_acc: 0.280 train_loss_sup: 3.348
[GPU1] epochs: [25/100] train_acc: 0.281 train_loss_sup: 3.329
[GPU1] epochs: [26/100] train_acc: 0.284 train_loss_sup: 3.311
[GPU1] epochs: [27/100] train_acc: 0.288 train_loss_sup: 3.298
[GPU1] epochs: [28/100] train_acc: 0.287 train_loss_sup: 3.287
[GPU1] epochs: [29/100] train_acc: 0.290 train_loss_sup: 3.268
[GPU1] epochs: [30/100] train_acc: 0.292 train_loss_sup: 3.256
[GPU1] Test Accuracy at epoch: 30: 0.3
[GPU1] epochs: [31/100] train_acc: 0.293 train_loss_sup: 3.245
[GPU1] epochs: [32/100] train_acc: 0.294 train_loss_sup: 3.234
[GPU1] epochs: [33/100] train_acc: 0.298 train_loss_sup: 3.222
[GPU1] epochs: [34/100] train_acc: 0.298 train_loss_sup: 3.217
[GPU1] epochs: [35/100] train_acc: 0.301 train_loss_sup: 3.202
[GPU1] epochs: [36/100] train_acc: 0.300 train_loss_sup: 3.196
[GPU1] epochs: [37/100] train_acc: 0.301 train_loss_sup: 3.191
[GPU1] epochs: [38/100] train_acc: 0.303 train_loss_sup: 3.179
[GPU1] epochs: [39/100] train_acc: 0.302 train_loss_sup: 3.173
[GPU1] epochs: [40/100] train_acc: 0.303 train_loss_sup: 3.168
[GPU1] Test Accuracy at epoch: 40: 0.309
[GPU1] epochs: [41/100] train_acc: 0.305 train_loss_sup: 3.157
[GPU1] epochs: [42/100] train_acc: 0.306 train_loss_sup: 3.152
[GPU1] epochs: [43/100] train_acc: 0.307 train_loss_sup: 3.148
[GPU1] epochs: [44/100] train_acc: 0.309 train_loss_sup: 3.140
[GPU1] epochs: [45/100] train_acc: 0.310 train_loss_sup: 3.137
[GPU1] epochs: [46/100] train_acc: 0.310 train_loss_sup: 3.125
[GPU1] epochs: [47/100] train_acc: 0.311 train_loss_sup: 3.126
[GPU1] epochs: [48/100] train_acc: 0.310 train_loss_sup: 3.122
[GPU1] epochs: [49/100] train_acc: 0.313 train_loss_sup: 3.111
[GPU1] epochs: [50/100] train_acc: 0.313 train_loss_sup: 3.107
[GPU1] Test Accuracy at epoch: 50: 0.32
[GPU1] epochs: [51/100] train_acc: 0.314 train_loss_sup: 3.104
[GPU1] epochs: [52/100] train_acc: 0.315 train_loss_sup: 3.099
[GPU1] epochs: [53/100] train_acc: 0.315 train_loss_sup: 3.093
[GPU1] epochs: [54/100] train_acc: 0.314 train_loss_sup: 3.094
[GPU1] epochs: [55/100] train_acc: 0.317 train_loss_sup: 3.089
[GPU1] epochs: [56/100] train_acc: 0.318 train_loss_sup: 3.080
[GPU1] epochs: [57/100] train_acc: 0.319 train_loss_sup: 3.082
[GPU1] epochs: [58/100] train_acc: 0.319 train_loss_sup: 3.076
[GPU1] epochs: [59/100] train_acc: 0.318 train_loss_sup: 3.079
[GPU1] epochs: [60/100] train_acc: 0.320 train_loss_sup: 3.075
[GPU1] Test Accuracy at epoch: 60: 0.322
[GPU1] epochs: [61/100] train_acc: 0.319 train_loss_sup: 3.077
[GPU1] epochs: [62/100] train_acc: 0.321 train_loss_sup: 3.069
[GPU1] epochs: [63/100] train_acc: 0.321 train_loss_sup: 3.065
[GPU1] epochs: [64/100] train_acc: 0.321 train_loss_sup: 3.059
[GPU1] epochs: [65/100] train_acc: 0.323 train_loss_sup: 3.062
[GPU1] epochs: [66/100] train_acc: 0.322 train_loss_sup: 3.059
[GPU1] epochs: [67/100] train_acc: 0.319 train_loss_sup: 3.063
[GPU1] epochs: [68/100] train_acc: 0.322 train_loss_sup: 3.056
[GPU1] epochs: [69/100] train_acc: 0.322 train_loss_sup: 3.054
[GPU1] epochs: [70/100] train_acc: 0.322 train_loss_sup: 3.056
[GPU1] Test Accuracy at epoch: 70: 0.33
[GPU1] epochs: [71/100] train_acc: 0.322 train_loss_sup: 3.048
[GPU1] epochs: [72/100] train_acc: 0.324 train_loss_sup: 3.042
[GPU1] epochs: [73/100] train_acc: 0.326 train_loss_sup: 3.044
[GPU1] epochs: [74/100] train_acc: 0.324 train_loss_sup: 3.046
[GPU1] epochs: [75/100] train_acc: 0.324 train_loss_sup: 3.047
[GPU1] epochs: [76/100] train_acc: 0.326 train_loss_sup: 3.039
[GPU1] epochs: [77/100] train_acc: 0.325 train_loss_sup: 3.037
[GPU1] epochs: [78/100] train_acc: 0.326 train_loss_sup: 3.042
[GPU1] epochs: [79/100] train_acc: 0.326 train_loss_sup: 3.035
[GPU1] epochs: [80/100] train_acc: 0.326 train_loss_sup: 3.031
[GPU1] Test Accuracy at epoch: 80: 0.33
[GPU1] epochs: [81/100] train_acc: 0.324 train_loss_sup: 3.036
[GPU1] epochs: [82/100] train_acc: 0.327 train_loss_sup: 3.036
[GPU1] epochs: [83/100] train_acc: 0.326 train_loss_sup: 3.035
[GPU1] epochs: [84/100] train_acc: 0.328 train_loss_sup: 3.033
[GPU1] epochs: [85/100] train_acc: 0.327 train_loss_sup: 3.032
[GPU1] epochs: [86/100] train_acc: 0.327 train_loss_sup: 3.031
[GPU1] epochs: [87/100] train_acc: 0.327 train_loss_sup: 3.033
[GPU1] epochs: [88/100] train_acc: 0.328 train_loss_sup: 3.030
[GPU1] epochs: [89/100] train_acc: 0.327 train_loss_sup: 3.034
[GPU1] epochs: [90/100] train_acc: 0.329 train_loss_sup: 3.030
[GPU1] Test Accuracy at epoch: 90: 0.332
[GPU1] epochs: [91/100] train_acc: 0.329 train_loss_sup: 3.030
[GPU1] epochs: [92/100] train_acc: 0.326 train_loss_sup: 3.033
[GPU1] epochs: [93/100] train_acc: 0.328 train_loss_sup: 3.029
[GPU1] epochs: [94/100] train_acc: 0.329 train_loss_sup: 3.026
[GPU1] epochs: [95/100] train_acc: 0.326 train_loss_sup: 3.031
[GPU1] epochs: [96/100] train_acc: 0.328 train_loss_sup: 3.032
[GPU1] epochs: [97/100] train_acc: 0.329 train_loss_sup: 3.027
[GPU1] epochs: [98/100] train_acc: 0.328 train_loss_sup: 3.031
[GPU1] epochs: [99/100] train_acc: 0.330 train_loss_sup: 3.031
[GPU1] epochs: [100/100] train_acc: 0.330 train_loss_sup: 3.027
[GPU1] Final Test Accuracy: 0.332
LR: 0.100 | WD: 0.000000 | Cosine: True | test Acc: 0.332%
===> using linear mlp
Scheduler: <torch.optim.lr_scheduler.CosineAnnealingLR object at 0x742d6d33ecb0>
MLP: MLP(
  (mlp): Linear(in_features=384, out_features=200, bias=True)
)
[GPU1] Test Accuracy at epoch: 0: 0.149
[GPU1] epochs: [1/100] train_acc: 0.084 train_loss_sup: 4.649
[GPU1] epochs: [2/100] train_acc: 0.173 train_loss_sup: 3.877
[GPU1] epochs: [3/100] train_acc: 0.215 train_loss_sup: 3.583
[GPU1] epochs: [4/100] train_acc: 0.233 train_loss_sup: 3.450
[GPU1] epochs: [5/100] train_acc: 0.247 train_loss_sup: 3.377
[GPU1] epochs: [6/100] train_acc: 0.257 train_loss_sup: 3.312
[GPU1] epochs: [7/100] train_acc: 0.265 train_loss_sup: 3.264
[GPU1] epochs: [8/100] train_acc: 0.272 train_loss_sup: 3.217
[GPU1] epochs: [9/100] train_acc: 0.276 train_loss_sup: 3.212
[GPU1] epochs: [10/100] train_acc: 0.286 train_loss_sup: 3.159
[GPU1] Test Accuracy at epoch: 10: 0.292
[GPU1] epochs: [11/100] train_acc: 0.288 train_loss_sup: 3.142
[GPU1] epochs: [12/100] train_acc: 0.294 train_loss_sup: 3.113
[GPU1] epochs: [13/100] train_acc: 0.297 train_loss_sup: 3.092
[GPU1] epochs: [14/100] train_acc: 0.298 train_loss_sup: 3.081
[GPU1] epochs: [15/100] train_acc: 0.303 train_loss_sup: 3.067
[GPU1] epochs: [16/100] train_acc: 0.303 train_loss_sup: 3.054
[GPU1] epochs: [17/100] train_acc: 0.309 train_loss_sup: 3.039
[GPU1] epochs: [18/100] train_acc: 0.313 train_loss_sup: 3.012
[GPU1] epochs: [19/100] train_acc: 0.312 train_loss_sup: 3.018
[GPU1] epochs: [20/100] train_acc: 0.316 train_loss_sup: 2.996
[GPU1] Test Accuracy at epoch: 20: 0.312
[GPU1] epochs: [21/100] train_acc: 0.317 train_loss_sup: 2.992
[GPU1] epochs: [22/100] train_acc: 0.320 train_loss_sup: 2.975
[GPU1] epochs: [23/100] train_acc: 0.323 train_loss_sup: 2.964
[GPU1] epochs: [24/100] train_acc: 0.324 train_loss_sup: 2.952
[GPU1] epochs: [25/100] train_acc: 0.327 train_loss_sup: 2.938
[GPU1] epochs: [26/100] train_acc: 0.327 train_loss_sup: 2.938
[GPU1] epochs: [27/100] train_acc: 0.327 train_loss_sup: 2.932
[GPU1] epochs: [28/100] train_acc: 0.330 train_loss_sup: 2.920
[GPU1] epochs: [29/100] train_acc: 0.334 train_loss_sup: 2.895
[GPU1] epochs: [30/100] train_acc: 0.333 train_loss_sup: 2.900
[GPU1] Test Accuracy at epoch: 30: 0.336
[GPU1] epochs: [31/100] train_acc: 0.335 train_loss_sup: 2.886
[GPU1] epochs: [32/100] train_acc: 0.335 train_loss_sup: 2.887
[GPU1] epochs: [33/100] train_acc: 0.338 train_loss_sup: 2.874
[GPU1] epochs: [34/100] train_acc: 0.338 train_loss_sup: 2.877
[GPU1] epochs: [35/100] train_acc: 0.342 train_loss_sup: 2.853
[GPU1] epochs: [36/100] train_acc: 0.344 train_loss_sup: 2.849
[GPU1] epochs: [37/100] train_acc: 0.345 train_loss_sup: 2.842
[GPU1] epochs: [38/100] train_acc: 0.343 train_loss_sup: 2.843
[GPU1] epochs: [39/100] train_acc: 0.345 train_loss_sup: 2.831
[GPU1] epochs: [40/100] train_acc: 0.347 train_loss_sup: 2.828
[GPU1] Test Accuracy at epoch: 40: 0.355
[GPU1] epochs: [41/100] train_acc: 0.350 train_loss_sup: 2.816
[GPU1] epochs: [42/100] train_acc: 0.350 train_loss_sup: 2.815
[GPU1] epochs: [43/100] train_acc: 0.351 train_loss_sup: 2.810
[GPU1] epochs: [44/100] train_acc: 0.353 train_loss_sup: 2.801
[GPU1] epochs: [45/100] train_acc: 0.352 train_loss_sup: 2.795
[GPU1] epochs: [46/100] train_acc: 0.358 train_loss_sup: 2.770
[GPU1] epochs: [47/100] train_acc: 0.359 train_loss_sup: 2.781
[GPU1] epochs: [48/100] train_acc: 0.360 train_loss_sup: 2.773
[GPU1] epochs: [49/100] train_acc: 0.360 train_loss_sup: 2.772
[GPU1] epochs: [50/100] train_acc: 0.359 train_loss_sup: 2.762
[GPU1] Test Accuracy at epoch: 50: 0.366
[GPU1] epochs: [51/100] train_acc: 0.361 train_loss_sup: 2.758
[GPU1] epochs: [52/100] train_acc: 0.365 train_loss_sup: 2.743
[GPU1] epochs: [53/100] train_acc: 0.364 train_loss_sup: 2.746
[GPU1] epochs: [54/100] train_acc: 0.365 train_loss_sup: 2.731
[GPU1] epochs: [55/100] train_acc: 0.368 train_loss_sup: 2.721
[GPU1] epochs: [56/100] train_acc: 0.365 train_loss_sup: 2.727
[GPU1] epochs: [57/100] train_acc: 0.368 train_loss_sup: 2.722
[GPU1] epochs: [58/100] train_acc: 0.368 train_loss_sup: 2.721
[GPU1] epochs: [59/100] train_acc: 0.373 train_loss_sup: 2.708
[GPU1] epochs: [60/100] train_acc: 0.370 train_loss_sup: 2.711
[GPU1] Test Accuracy at epoch: 60: 0.379
[GPU1] epochs: [61/100] train_acc: 0.374 train_loss_sup: 2.694
[GPU1] epochs: [62/100] train_acc: 0.376 train_loss_sup: 2.694
[GPU1] epochs: [63/100] train_acc: 0.374 train_loss_sup: 2.692
[GPU1] epochs: [64/100] train_acc: 0.378 train_loss_sup: 2.689
[GPU1] epochs: [65/100] train_acc: 0.378 train_loss_sup: 2.681
[GPU1] epochs: [66/100] train_acc: 0.378 train_loss_sup: 2.676
[GPU1] epochs: [67/100] train_acc: 0.380 train_loss_sup: 2.672
[GPU1] epochs: [68/100] train_acc: 0.380 train_loss_sup: 2.665
[GPU1] epochs: [69/100] train_acc: 0.381 train_loss_sup: 2.663
[GPU1] epochs: [70/100] train_acc: 0.380 train_loss_sup: 2.666
[GPU1] Test Accuracy at epoch: 70: 0.384
[GPU1] epochs: [71/100] train_acc: 0.383 train_loss_sup: 2.657
[GPU1] epochs: [72/100] train_acc: 0.384 train_loss_sup: 2.658
[GPU1] epochs: [73/100] train_acc: 0.384 train_loss_sup: 2.646
[GPU1] epochs: [74/100] train_acc: 0.386 train_loss_sup: 2.645
[GPU1] epochs: [75/100] train_acc: 0.387 train_loss_sup: 2.643
[GPU1] epochs: [76/100] train_acc: 0.384 train_loss_sup: 2.647
[GPU1] epochs: [77/100] train_acc: 0.390 train_loss_sup: 2.634
[GPU1] epochs: [78/100] train_acc: 0.389 train_loss_sup: 2.632
[GPU1] epochs: [79/100] train_acc: 0.389 train_loss_sup: 2.633
[GPU1] epochs: [80/100] train_acc: 0.390 train_loss_sup: 2.631
[GPU1] Test Accuracy at epoch: 80: 0.39
[GPU1] epochs: [81/100] train_acc: 0.390 train_loss_sup: 2.624
[GPU1] epochs: [82/100] train_acc: 0.392 train_loss_sup: 2.621
[GPU1] epochs: [83/100] train_acc: 0.392 train_loss_sup: 2.616
[GPU1] epochs: [84/100] train_acc: 0.393 train_loss_sup: 2.623
[GPU1] epochs: [85/100] train_acc: 0.392 train_loss_sup: 2.625
[GPU1] epochs: [86/100] train_acc: 0.393 train_loss_sup: 2.622
[GPU1] epochs: [87/100] train_acc: 0.393 train_loss_sup: 2.615
[GPU1] epochs: [88/100] train_acc: 0.394 train_loss_sup: 2.617
[GPU1] epochs: [89/100] train_acc: 0.395 train_loss_sup: 2.614
[GPU1] epochs: [90/100] train_acc: 0.397 train_loss_sup: 2.604
[GPU1] Test Accuracy at epoch: 90: 0.393
[GPU1] epochs: [91/100] train_acc: 0.395 train_loss_sup: 2.613
[GPU1] epochs: [92/100] train_acc: 0.395 train_loss_sup: 2.610
[GPU1] epochs: [93/100] train_acc: 0.397 train_loss_sup: 2.610
[GPU1] epochs: [94/100] train_acc: 0.399 train_loss_sup: 2.607
[GPU1] epochs: [95/100] train_acc: 0.397 train_loss_sup: 2.600
[GPU1] epochs: [96/100] train_acc: 0.397 train_loss_sup: 2.610
[GPU1] epochs: [97/100] train_acc: 0.398 train_loss_sup: 2.605
[GPU1] epochs: [98/100] train_acc: 0.398 train_loss_sup: 2.605
[GPU1] epochs: [99/100] train_acc: 0.398 train_loss_sup: 2.601
[GPU1] epochs: [100/100] train_acc: 0.399 train_loss_sup: 2.603
[GPU1] Final Test Accuracy: 0.397
LR: 1.000 | WD: 0.000001 | Cosine: True | test Acc: 0.397%
===> using linear mlp
Scheduler: <torch.optim.lr_scheduler.CosineAnnealingLR object at 0x742d6d33f2b0>
MLP: MLP(
  (mlp): Linear(in_features=384, out_features=200, bias=True)
)
[GPU1] Test Accuracy at epoch: 0: 0.14
[GPU1] epochs: [1/100] train_acc: 0.084 train_loss_sup: 4.671
[GPU1] epochs: [2/100] train_acc: 0.166 train_loss_sup: 3.959
[GPU1] epochs: [3/100] train_acc: 0.190 train_loss_sup: 3.765
[GPU1] epochs: [4/100] train_acc: 0.205 train_loss_sup: 3.657
[GPU1] epochs: [5/100] train_acc: 0.216 train_loss_sup: 3.608
[GPU1] epochs: [6/100] train_acc: 0.220 train_loss_sup: 3.572
[GPU1] epochs: [7/100] train_acc: 0.228 train_loss_sup: 3.535
[GPU1] epochs: [8/100] train_acc: 0.230 train_loss_sup: 3.526
[GPU1] epochs: [9/100] train_acc: 0.231 train_loss_sup: 3.510
[GPU1] epochs: [10/100] train_acc: 0.233 train_loss_sup: 3.499
[GPU1] Test Accuracy at epoch: 10: 0.218
[GPU1] epochs: [11/100] train_acc: 0.233 train_loss_sup: 3.501
[GPU1] epochs: [12/100] train_acc: 0.235 train_loss_sup: 3.504
[GPU1] epochs: [13/100] train_acc: 0.233 train_loss_sup: 3.500
[GPU1] epochs: [14/100] train_acc: 0.234 train_loss_sup: 3.497
[GPU1] epochs: [15/100] train_acc: 0.235 train_loss_sup: 3.482
[GPU1] epochs: [16/100] train_acc: 0.239 train_loss_sup: 3.468
[GPU1] epochs: [17/100] train_acc: 0.241 train_loss_sup: 3.461
[GPU1] epochs: [18/100] train_acc: 0.239 train_loss_sup: 3.469
[GPU1] epochs: [19/100] train_acc: 0.240 train_loss_sup: 3.470
[GPU1] epochs: [20/100] train_acc: 0.239 train_loss_sup: 3.462
[GPU1] Test Accuracy at epoch: 20: 0.245
[GPU1] epochs: [21/100] train_acc: 0.241 train_loss_sup: 3.463
[GPU1] epochs: [22/100] train_acc: 0.243 train_loss_sup: 3.453
[GPU1] epochs: [23/100] train_acc: 0.245 train_loss_sup: 3.445
[GPU1] epochs: [24/100] train_acc: 0.244 train_loss_sup: 3.444
[GPU1] epochs: [25/100] train_acc: 0.243 train_loss_sup: 3.443
[GPU1] epochs: [26/100] train_acc: 0.246 train_loss_sup: 3.433
[GPU1] epochs: [27/100] train_acc: 0.246 train_loss_sup: 3.434
[GPU1] epochs: [28/100] train_acc: 0.245 train_loss_sup: 3.437
[GPU1] epochs: [29/100] train_acc: 0.249 train_loss_sup: 3.421
[GPU1] epochs: [30/100] train_acc: 0.247 train_loss_sup: 3.431
[GPU1] Test Accuracy at epoch: 30: 0.253
[GPU1] epochs: [31/100] train_acc: 0.249 train_loss_sup: 3.421
[GPU1] epochs: [32/100] train_acc: 0.249 train_loss_sup: 3.415
[GPU1] epochs: [33/100] train_acc: 0.253 train_loss_sup: 3.411
[GPU1] epochs: [34/100] train_acc: 0.251 train_loss_sup: 3.401
[GPU1] epochs: [35/100] train_acc: 0.250 train_loss_sup: 3.404
[GPU1] epochs: [36/100] train_acc: 0.253 train_loss_sup: 3.397
[GPU1] epochs: [37/100] train_acc: 0.255 train_loss_sup: 3.392
[GPU1] epochs: [38/100] train_acc: 0.255 train_loss_sup: 3.393
[GPU1] epochs: [39/100] train_acc: 0.256 train_loss_sup: 3.387
[GPU1] epochs: [40/100] train_acc: 0.258 train_loss_sup: 3.379
[GPU1] Test Accuracy at epoch: 40: 0.265
[GPU1] epochs: [41/100] train_acc: 0.256 train_loss_sup: 3.384
[GPU1] epochs: [42/100] train_acc: 0.261 train_loss_sup: 3.369
[GPU1] epochs: [43/100] train_acc: 0.262 train_loss_sup: 3.366
[GPU1] epochs: [44/100] train_acc: 0.263 train_loss_sup: 3.355
[GPU1] epochs: [45/100] train_acc: 0.263 train_loss_sup: 3.353
[GPU1] epochs: [46/100] train_acc: 0.263 train_loss_sup: 3.353
[GPU1] epochs: [47/100] train_acc: 0.266 train_loss_sup: 3.346
[GPU1] epochs: [48/100] train_acc: 0.268 train_loss_sup: 3.336
[GPU1] epochs: [49/100] train_acc: 0.266 train_loss_sup: 3.340
[GPU1] epochs: [50/100] train_acc: 0.269 train_loss_sup: 3.334
[GPU1] Test Accuracy at epoch: 50: 0.267
[GPU1] epochs: [51/100] train_acc: 0.270 train_loss_sup: 3.328
[GPU1] epochs: [52/100] train_acc: 0.273 train_loss_sup: 3.321
[GPU1] epochs: [53/100] train_acc: 0.274 train_loss_sup: 3.313
[GPU1] epochs: [54/100] train_acc: 0.274 train_loss_sup: 3.311
[GPU1] epochs: [55/100] train_acc: 0.276 train_loss_sup: 3.309
[GPU1] epochs: [56/100] train_acc: 0.280 train_loss_sup: 3.298
[GPU1] epochs: [57/100] train_acc: 0.280 train_loss_sup: 3.294
[GPU1] epochs: [58/100] train_acc: 0.280 train_loss_sup: 3.295
[GPU1] epochs: [59/100] train_acc: 0.284 train_loss_sup: 3.287
[GPU1] epochs: [60/100] train_acc: 0.281 train_loss_sup: 3.288
[GPU1] Test Accuracy at epoch: 60: 0.301
[GPU1] epochs: [61/100] train_acc: 0.286 train_loss_sup: 3.281
[GPU1] epochs: [62/100] train_acc: 0.287 train_loss_sup: 3.277
[GPU1] epochs: [63/100] train_acc: 0.288 train_loss_sup: 3.272
[GPU1] epochs: [64/100] train_acc: 0.291 train_loss_sup: 3.267
[GPU1] epochs: [65/100] train_acc: 0.290 train_loss_sup: 3.267
[GPU1] epochs: [66/100] train_acc: 0.292 train_loss_sup: 3.263
[GPU1] epochs: [67/100] train_acc: 0.295 train_loss_sup: 3.254
[GPU1] epochs: [68/100] train_acc: 0.294 train_loss_sup: 3.256
[GPU1] epochs: [69/100] train_acc: 0.299 train_loss_sup: 3.245
[GPU1] epochs: [70/100] train_acc: 0.298 train_loss_sup: 3.245
[GPU1] Test Accuracy at epoch: 70: 0.316
[GPU1] epochs: [71/100] train_acc: 0.301 train_loss_sup: 3.243
[GPU1] epochs: [72/100] train_acc: 0.301 train_loss_sup: 3.236
[GPU1] epochs: [73/100] train_acc: 0.303 train_loss_sup: 3.236
[GPU1] epochs: [74/100] train_acc: 0.305 train_loss_sup: 3.235
[GPU1] epochs: [75/100] train_acc: 0.306 train_loss_sup: 3.227
[GPU1] epochs: [76/100] train_acc: 0.308 train_loss_sup: 3.225
[GPU1] epochs: [77/100] train_acc: 0.309 train_loss_sup: 3.221
[GPU1] epochs: [78/100] train_acc: 0.310 train_loss_sup: 3.222
[GPU1] epochs: [79/100] train_acc: 0.312 train_loss_sup: 3.219
[GPU1] epochs: [80/100] train_acc: 0.312 train_loss_sup: 3.216
[GPU1] Test Accuracy at epoch: 80: 0.322
[GPU1] epochs: [81/100] train_acc: 0.315 train_loss_sup: 3.216
[GPU1] epochs: [82/100] train_acc: 0.317 train_loss_sup: 3.207
[GPU1] epochs: [83/100] train_acc: 0.318 train_loss_sup: 3.208
[GPU1] epochs: [84/100] train_acc: 0.315 train_loss_sup: 3.204
[GPU1] epochs: [85/100] train_acc: 0.318 train_loss_sup: 3.204
[GPU1] epochs: [86/100] train_acc: 0.321 train_loss_sup: 3.198
[GPU1] epochs: [87/100] train_acc: 0.322 train_loss_sup: 3.200
[GPU1] epochs: [88/100] train_acc: 0.321 train_loss_sup: 3.201
[GPU1] epochs: [89/100] train_acc: 0.323 train_loss_sup: 3.197
[GPU1] epochs: [90/100] train_acc: 0.324 train_loss_sup: 3.194
[GPU1] Test Accuracy at epoch: 90: 0.331
[GPU1] epochs: [91/100] train_acc: 0.326 train_loss_sup: 3.191
[GPU1] epochs: [92/100] train_acc: 0.327 train_loss_sup: 3.192
[GPU1] epochs: [93/100] train_acc: 0.327 train_loss_sup: 3.191
[GPU1] epochs: [94/100] train_acc: 0.327 train_loss_sup: 3.189
[GPU1] epochs: [95/100] train_acc: 0.328 train_loss_sup: 3.189
[GPU1] epochs: [96/100] train_acc: 0.328 train_loss_sup: 3.192
[GPU1] epochs: [97/100] train_acc: 0.327 train_loss_sup: 3.191
[GPU1] epochs: [98/100] train_acc: 0.332 train_loss_sup: 3.180
[GPU1] epochs: [99/100] train_acc: 0.329 train_loss_sup: 3.187
[GPU1] epochs: [100/100] train_acc: 0.330 train_loss_sup: 3.184
[GPU1] Final Test Accuracy: 0.336
LR: 1.000 | WD: 0.000100 | Cosine: True | test Acc: 0.336%
===> using linear mlp
Scheduler: <torch.optim.lr_scheduler.CosineAnnealingLR object at 0x742d6d532740>
MLP: MLP(
  (mlp): Linear(in_features=384, out_features=200, bias=True)
)
[GPU1] Test Accuracy at epoch: 0: 0.151
[GPU1] epochs: [1/100] train_acc: 0.085 train_loss_sup: 4.661
[GPU1] epochs: [2/100] train_acc: 0.178 train_loss_sup: 3.851
[GPU1] epochs: [3/100] train_acc: 0.209 train_loss_sup: 3.596
[GPU1] epochs: [4/100] train_acc: 0.231 train_loss_sup: 3.466
[GPU1] epochs: [5/100] train_acc: 0.248 train_loss_sup: 3.365
[GPU1] epochs: [6/100] train_acc: 0.260 train_loss_sup: 3.298
[GPU1] epochs: [7/100] train_acc: 0.267 train_loss_sup: 3.254
[GPU1] epochs: [8/100] train_acc: 0.274 train_loss_sup: 3.224
[GPU1] epochs: [9/100] train_acc: 0.280 train_loss_sup: 3.183
[GPU1] epochs: [10/100] train_acc: 0.286 train_loss_sup: 3.151
[GPU1] Test Accuracy at epoch: 10: 0.294
[GPU1] epochs: [11/100] train_acc: 0.289 train_loss_sup: 3.132
[GPU1] epochs: [12/100] train_acc: 0.293 train_loss_sup: 3.115
[GPU1] epochs: [13/100] train_acc: 0.299 train_loss_sup: 3.090
[GPU1] epochs: [14/100] train_acc: 0.302 train_loss_sup: 3.057
[GPU1] epochs: [15/100] train_acc: 0.304 train_loss_sup: 3.055
[GPU1] epochs: [16/100] train_acc: 0.305 train_loss_sup: 3.049
[GPU1] epochs: [17/100] train_acc: 0.306 train_loss_sup: 3.043
[GPU1] epochs: [18/100] train_acc: 0.313 train_loss_sup: 3.011
[GPU1] epochs: [19/100] train_acc: 0.316 train_loss_sup: 2.998
[GPU1] epochs: [20/100] train_acc: 0.313 train_loss_sup: 3.009
[GPU1] Test Accuracy at epoch: 20: 0.32
[GPU1] epochs: [21/100] train_acc: 0.318 train_loss_sup: 2.975
[GPU1] epochs: [22/100] train_acc: 0.321 train_loss_sup: 2.968
[GPU1] epochs: [23/100] train_acc: 0.322 train_loss_sup: 2.960
[GPU1] epochs: [24/100] train_acc: 0.325 train_loss_sup: 2.946
[GPU1] epochs: [25/100] train_acc: 0.325 train_loss_sup: 2.949
[GPU1] epochs: [26/100] train_acc: 0.327 train_loss_sup: 2.937
[GPU1] epochs: [27/100] train_acc: 0.329 train_loss_sup: 2.929
[GPU1] epochs: [28/100] train_acc: 0.335 train_loss_sup: 2.895
[GPU1] epochs: [29/100] train_acc: 0.334 train_loss_sup: 2.907
[GPU1] epochs: [30/100] train_acc: 0.335 train_loss_sup: 2.895
[GPU1] Test Accuracy at epoch: 30: 0.319
[GPU1] epochs: [31/100] train_acc: 0.335 train_loss_sup: 2.879
[GPU1] epochs: [32/100] train_acc: 0.339 train_loss_sup: 2.874
[GPU1] epochs: [33/100] train_acc: 0.342 train_loss_sup: 2.863
[GPU1] epochs: [34/100] train_acc: 0.344 train_loss_sup: 2.847
[GPU1] epochs: [35/100] train_acc: 0.340 train_loss_sup: 2.860
[GPU1] epochs: [36/100] train_acc: 0.344 train_loss_sup: 2.847
[GPU1] epochs: [37/100] train_acc: 0.345 train_loss_sup: 2.840
[GPU1] epochs: [38/100] train_acc: 0.347 train_loss_sup: 2.824
[GPU1] epochs: [39/100] train_acc: 0.347 train_loss_sup: 2.820
[GPU1] epochs: [40/100] train_acc: 0.350 train_loss_sup: 2.818
[GPU1] Test Accuracy at epoch: 40: 0.357
[GPU1] epochs: [41/100] train_acc: 0.352 train_loss_sup: 2.807
[GPU1] epochs: [42/100] train_acc: 0.354 train_loss_sup: 2.800
[GPU1] epochs: [43/100] train_acc: 0.353 train_loss_sup: 2.792
[GPU1] epochs: [44/100] train_acc: 0.355 train_loss_sup: 2.791
[GPU1] epochs: [45/100] train_acc: 0.355 train_loss_sup: 2.782
[GPU1] epochs: [46/100] train_acc: 0.357 train_loss_sup: 2.775
[GPU1] epochs: [47/100] train_acc: 0.358 train_loss_sup: 2.775
[GPU1] epochs: [48/100] train_acc: 0.360 train_loss_sup: 2.766
[GPU1] epochs: [49/100] train_acc: 0.359 train_loss_sup: 2.756
[GPU1] epochs: [50/100] train_acc: 0.362 train_loss_sup: 2.754
[GPU1] Test Accuracy at epoch: 50: 0.367
[GPU1] epochs: [51/100] train_acc: 0.363 train_loss_sup: 2.748
[GPU1] epochs: [52/100] train_acc: 0.366 train_loss_sup: 2.734
[GPU1] epochs: [53/100] train_acc: 0.366 train_loss_sup: 2.733
[GPU1] epochs: [54/100] train_acc: 0.367 train_loss_sup: 2.728
[GPU1] epochs: [55/100] train_acc: 0.368 train_loss_sup: 2.722
[GPU1] epochs: [56/100] train_acc: 0.370 train_loss_sup: 2.712
[GPU1] epochs: [57/100] train_acc: 0.373 train_loss_sup: 2.710
[GPU1] epochs: [58/100] train_acc: 0.370 train_loss_sup: 2.713
[GPU1] epochs: [59/100] train_acc: 0.372 train_loss_sup: 2.707
[GPU1] epochs: [60/100] train_acc: 0.375 train_loss_sup: 2.698
[GPU1] Test Accuracy at epoch: 60: 0.375
[GPU1] epochs: [61/100] train_acc: 0.374 train_loss_sup: 2.695
[GPU1] epochs: [62/100] train_acc: 0.377 train_loss_sup: 2.690
[GPU1] epochs: [63/100] train_acc: 0.377 train_loss_sup: 2.688
[GPU1] epochs: [64/100] train_acc: 0.378 train_loss_sup: 2.675
[GPU1] epochs: [65/100] train_acc: 0.380 train_loss_sup: 2.672
[GPU1] epochs: [66/100] train_acc: 0.381 train_loss_sup: 2.665
[GPU1] epochs: [67/100] train_acc: 0.379 train_loss_sup: 2.666
[GPU1] epochs: [68/100] train_acc: 0.381 train_loss_sup: 2.662
[GPU1] epochs: [69/100] train_acc: 0.384 train_loss_sup: 2.656
[GPU1] epochs: [70/100] train_acc: 0.382 train_loss_sup: 2.660
[GPU1] Test Accuracy at epoch: 70: 0.38
[GPU1] epochs: [71/100] train_acc: 0.387 train_loss_sup: 2.647
[GPU1] epochs: [72/100] train_acc: 0.386 train_loss_sup: 2.643
[GPU1] epochs: [73/100] train_acc: 0.386 train_loss_sup: 2.644
[GPU1] epochs: [74/100] train_acc: 0.386 train_loss_sup: 2.639
[GPU1] epochs: [75/100] train_acc: 0.388 train_loss_sup: 2.631
[GPU1] epochs: [76/100] train_acc: 0.389 train_loss_sup: 2.633
[GPU1] epochs: [77/100] train_acc: 0.391 train_loss_sup: 2.629
[GPU1] epochs: [78/100] train_acc: 0.389 train_loss_sup: 2.630
[GPU1] epochs: [79/100] train_acc: 0.391 train_loss_sup: 2.625
[GPU1] epochs: [80/100] train_acc: 0.391 train_loss_sup: 2.622
[GPU1] Test Accuracy at epoch: 80: 0.395
[GPU1] epochs: [81/100] train_acc: 0.391 train_loss_sup: 2.620
[GPU1] epochs: [82/100] train_acc: 0.394 train_loss_sup: 2.615
[GPU1] epochs: [83/100] train_acc: 0.392 train_loss_sup: 2.619
[GPU1] epochs: [84/100] train_acc: 0.393 train_loss_sup: 2.614
