Namespace(dataset='timg', saved_path='saved_models/mae.clr.rot.timg.wt0.8wt20.1.ec200.pth', gpu=0, model='vit', verbose=False, epochs=100, eval_every=10, knn=True, lreg=True, linprobe=True, tsne=False, umap=False, cmet=True, nw=4, pf=2, aug='v1')
<All keys matched successfully>
Starting Hyperparameter Sweep on 0...
===> using linear mlp
Scheduler: None
MLP: MLP(
  (mlp): Linear(in_features=384, out_features=200, bias=True)
)
===> using linear mlp
Scheduler: None
MLP: MLP(
  (mlp): Linear(in_features=384, out_features=200, bias=True)
)
===> using linear mlp
Scheduler: None
MLP: MLP(
  (mlp): Linear(in_features=384, out_features=200, bias=True)
)
===> using linear mlp
Scheduler: None
MLP: MLP(
  (mlp): Linear(in_features=384, out_features=200, bias=True)
)
===> using linear mlp
Scheduler: None
MLP: MLP(
  (mlp): Linear(in_features=384, out_features=200, bias=True)
)
===> using linear mlp
Scheduler: None
MLP: MLP(
  (mlp): Linear(in_features=384, out_features=200, bias=True)
)
===> using linear mlp
Scheduler: <torch.optim.lr_scheduler.CosineAnnealingLR object at 0x77efa674c940>
MLP: MLP(
  (mlp): Linear(in_features=384, out_features=200, bias=True)
)
===> using linear mlp
Scheduler: <torch.optim.lr_scheduler.CosineAnnealingLR object at 0x77efa674cac0>
MLP: MLP(
  (mlp): Linear(in_features=384, out_features=200, bias=True)
)
===> using linear mlp
Scheduler: <torch.optim.lr_scheduler.CosineAnnealingLR object at 0x77efa674c6d0>
MLP: MLP(
  (mlp): Linear(in_features=384, out_features=200, bias=True)
)
===> using linear mlp
Scheduler: <torch.optim.lr_scheduler.CosineAnnealingLR object at 0x77efa674c220>
MLP: MLP(
  (mlp): Linear(in_features=384, out_features=200, bias=True)
)
===> using linear mlp
Scheduler: <torch.optim.lr_scheduler.CosineAnnealingLR object at 0x77efa674c5e0>
MLP: MLP(
  (mlp): Linear(in_features=384, out_features=200, bias=True)
)
===> using linear mlp
Scheduler: <torch.optim.lr_scheduler.CosineAnnealingLR object at 0x77efa674d240>
MLP: MLP(
  (mlp): Linear(in_features=384, out_features=200, bias=True)
)
--------------------------------
[GPU0] Test Accuracy for probe0 at epoch: 0: 0.018
[GPU0] Test Accuracy for probe1 at epoch: 0: 0.018
[GPU0] Test Accuracy for probe2 at epoch: 0: 0.018
[GPU0] Test Accuracy for probe3 at epoch: 0: 0.036
[GPU0] Test Accuracy for probe4 at epoch: 0: 0.034
[GPU0] Test Accuracy for probe5 at epoch: 0: 0.036
[GPU0] Test Accuracy for probe6 at epoch: 0: 0.018
[GPU0] Test Accuracy for probe7 at epoch: 0: 0.019
[GPU0] Test Accuracy for probe8 at epoch: 0: 0.017
[GPU0] Test Accuracy for probe9 at epoch: 0: 0.037
[GPU0] Test Accuracy for probe10 at epoch: 0: 0.034
[GPU0] Test Accuracy for probe11 at epoch: 0: 0.036
--------------------------------
--------------------------------
[GPU0] epochs: [1/100] train_acc: 0.007 train_loss_sup: 5.303
[GPU0] epochs: [1/100] train_acc: 0.007 train_loss_sup: 5.304
[GPU0] epochs: [1/100] train_acc: 0.007 train_loss_sup: 5.303
[GPU0] epochs: [1/100] train_acc: 0.022 train_loss_sup: 5.430
[GPU0] epochs: [1/100] train_acc: 0.021 train_loss_sup: 5.445
[GPU0] epochs: [1/100] train_acc: 0.022 train_loss_sup: 5.430
[GPU0] epochs: [1/100] train_acc: 0.007 train_loss_sup: 5.304
[GPU0] epochs: [1/100] train_acc: 0.007 train_loss_sup: 5.303
[GPU0] epochs: [1/100] train_acc: 0.007 train_loss_sup: 5.303
[GPU0] epochs: [1/100] train_acc: 0.022 train_loss_sup: 5.430
[GPU0] epochs: [1/100] train_acc: 0.021 train_loss_sup: 5.444
[GPU0] epochs: [1/100] train_acc: 0.022 train_loss_sup: 5.430
--------------------------------
--------------------------------
[GPU0] epochs: [2/100] train_acc: 0.018 train_loss_sup: 5.232
[GPU0] epochs: [2/100] train_acc: 0.017 train_loss_sup: 5.234
[GPU0] epochs: [2/100] train_acc: 0.018 train_loss_sup: 5.232
[GPU0] epochs: [2/100] train_acc: 0.067 train_loss_sup: 4.964
[GPU0] epochs: [2/100] train_acc: 0.058 train_loss_sup: 5.052
[GPU0] epochs: [2/100] train_acc: 0.066 train_loss_sup: 4.963
[GPU0] epochs: [2/100] train_acc: 0.017 train_loss_sup: 5.232
[GPU0] epochs: [2/100] train_acc: 0.017 train_loss_sup: 5.233
[GPU0] epochs: [2/100] train_acc: 0.018 train_loss_sup: 5.232
[GPU0] epochs: [2/100] train_acc: 0.066 train_loss_sup: 4.964
[GPU0] epochs: [2/100] train_acc: 0.058 train_loss_sup: 5.052
[GPU0] epochs: [2/100] train_acc: 0.067 train_loss_sup: 4.963
--------------------------------
--------------------------------
[GPU0] epochs: [3/100] train_acc: 0.033 train_loss_sup: 5.163
[GPU0] epochs: [3/100] train_acc: 0.032 train_loss_sup: 5.167
[GPU0] epochs: [3/100] train_acc: 0.033 train_loss_sup: 5.163
[GPU0] epochs: [3/100] train_acc: 0.105 train_loss_sup: 4.568
[GPU0] epochs: [3/100] train_acc: 0.087 train_loss_sup: 4.743
[GPU0] epochs: [3/100] train_acc: 0.106 train_loss_sup: 4.566
[GPU0] epochs: [3/100] train_acc: 0.033 train_loss_sup: 5.164
[GPU0] epochs: [3/100] train_acc: 0.032 train_loss_sup: 5.167
[GPU0] epochs: [3/100] train_acc: 0.033 train_loss_sup: 5.163
[GPU0] epochs: [3/100] train_acc: 0.105 train_loss_sup: 4.569
[GPU0] epochs: [3/100] train_acc: 0.087 train_loss_sup: 4.743
[GPU0] epochs: [3/100] train_acc: 0.106 train_loss_sup: 4.566
--------------------------------
--------------------------------
[GPU0] epochs: [4/100] train_acc: 0.050 train_loss_sup: 5.096
[GPU0] epochs: [4/100] train_acc: 0.048 train_loss_sup: 5.104
[GPU0] epochs: [4/100] train_acc: 0.050 train_loss_sup: 5.096
[GPU0] epochs: [4/100] train_acc: 0.133 train_loss_sup: 4.326
[GPU0] epochs: [4/100] train_acc: 0.106 train_loss_sup: 4.593
[GPU0] epochs: [4/100] train_acc: 0.134 train_loss_sup: 4.323
[GPU0] epochs: [4/100] train_acc: 0.050 train_loss_sup: 5.097
[GPU0] epochs: [4/100] train_acc: 0.048 train_loss_sup: 5.104
[GPU0] epochs: [4/100] train_acc: 0.050 train_loss_sup: 5.096
[GPU0] epochs: [4/100] train_acc: 0.133 train_loss_sup: 4.326
[GPU0] epochs: [4/100] train_acc: 0.106 train_loss_sup: 4.592
[GPU0] epochs: [4/100] train_acc: 0.133 train_loss_sup: 4.322
--------------------------------
--------------------------------
[GPU0] epochs: [5/100] train_acc: 0.064 train_loss_sup: 5.034
[GPU0] epochs: [5/100] train_acc: 0.061 train_loss_sup: 5.046
[GPU0] epochs: [5/100] train_acc: 0.064 train_loss_sup: 5.033
[GPU0] epochs: [5/100] train_acc: 0.151 train_loss_sup: 4.146
[GPU0] epochs: [5/100] train_acc: 0.114 train_loss_sup: 4.501
[GPU0] epochs: [5/100] train_acc: 0.152 train_loss_sup: 4.142
[GPU0] epochs: [5/100] train_acc: 0.064 train_loss_sup: 5.034
[GPU0] epochs: [5/100] train_acc: 0.061 train_loss_sup: 5.046
[GPU0] epochs: [5/100] train_acc: 0.064 train_loss_sup: 5.034
[GPU0] epochs: [5/100] train_acc: 0.152 train_loss_sup: 4.144
[GPU0] epochs: [5/100] train_acc: 0.114 train_loss_sup: 4.502
[GPU0] epochs: [5/100] train_acc: 0.152 train_loss_sup: 4.140
--------------------------------
--------------------------------
[GPU0] epochs: [6/100] train_acc: 0.081 train_loss_sup: 4.971
[GPU0] epochs: [6/100] train_acc: 0.077 train_loss_sup: 4.988
[GPU0] epochs: [6/100] train_acc: 0.081 train_loss_sup: 4.971
[GPU0] epochs: [6/100] train_acc: 0.171 train_loss_sup: 3.982
[GPU0] epochs: [6/100] train_acc: 0.126 train_loss_sup: 4.407
[GPU0] epochs: [6/100] train_acc: 0.171 train_loss_sup: 3.977
[GPU0] epochs: [6/100] train_acc: 0.081 train_loss_sup: 4.971
[GPU0] epochs: [6/100] train_acc: 0.078 train_loss_sup: 4.989
[GPU0] epochs: [6/100] train_acc: 0.082 train_loss_sup: 4.971
[GPU0] epochs: [6/100] train_acc: 0.171 train_loss_sup: 3.980
[GPU0] epochs: [6/100] train_acc: 0.127 train_loss_sup: 4.403
[GPU0] epochs: [6/100] train_acc: 0.172 train_loss_sup: 3.975
--------------------------------
--------------------------------
[GPU0] epochs: [7/100] train_acc: 0.090 train_loss_sup: 4.910
[GPU0] epochs: [7/100] train_acc: 0.086 train_loss_sup: 4.933
[GPU0] epochs: [7/100] train_acc: 0.091 train_loss_sup: 4.909
[GPU0] epochs: [7/100] train_acc: 0.185 train_loss_sup: 3.860
[GPU0] epochs: [7/100] train_acc: 0.133 train_loss_sup: 4.345
[GPU0] epochs: [7/100] train_acc: 0.185 train_loss_sup: 3.854
[GPU0] epochs: [7/100] train_acc: 0.091 train_loss_sup: 4.911
[GPU0] epochs: [7/100] train_acc: 0.086 train_loss_sup: 4.934
[GPU0] epochs: [7/100] train_acc: 0.091 train_loss_sup: 4.910
[GPU0] epochs: [7/100] train_acc: 0.185 train_loss_sup: 3.857
[GPU0] epochs: [7/100] train_acc: 0.134 train_loss_sup: 4.341
[GPU0] epochs: [7/100] train_acc: 0.186 train_loss_sup: 3.851
--------------------------------
--------------------------------
[GPU0] epochs: [8/100] train_acc: 0.104 train_loss_sup: 4.853
[GPU0] epochs: [8/100] train_acc: 0.098 train_loss_sup: 4.883
[GPU0] epochs: [8/100] train_acc: 0.103 train_loss_sup: 4.853
[GPU0] epochs: [8/100] train_acc: 0.197 train_loss_sup: 3.779
[GPU0] epochs: [8/100] train_acc: 0.136 train_loss_sup: 4.327
[GPU0] epochs: [8/100] train_acc: 0.198 train_loss_sup: 3.773
[GPU0] epochs: [8/100] train_acc: 0.104 train_loss_sup: 4.855
[GPU0] epochs: [8/100] train_acc: 0.098 train_loss_sup: 4.884
[GPU0] epochs: [8/100] train_acc: 0.104 train_loss_sup: 4.854
[GPU0] epochs: [8/100] train_acc: 0.199 train_loss_sup: 3.775
[GPU0] epochs: [8/100] train_acc: 0.137 train_loss_sup: 4.322
[GPU0] epochs: [8/100] train_acc: 0.199 train_loss_sup: 3.769
--------------------------------
--------------------------------
[GPU0] epochs: [9/100] train_acc: 0.115 train_loss_sup: 4.797
[GPU0] epochs: [9/100] train_acc: 0.108 train_loss_sup: 4.835
[GPU0] epochs: [9/100] train_acc: 0.114 train_loss_sup: 4.797
[GPU0] epochs: [9/100] train_acc: 0.206 train_loss_sup: 3.692
[GPU0] epochs: [9/100] train_acc: 0.140 train_loss_sup: 4.288
[GPU0] epochs: [9/100] train_acc: 0.207 train_loss_sup: 3.685
[GPU0] epochs: [9/100] train_acc: 0.115 train_loss_sup: 4.799
[GPU0] epochs: [9/100] train_acc: 0.108 train_loss_sup: 4.836
[GPU0] epochs: [9/100] train_acc: 0.115 train_loss_sup: 4.799
[GPU0] epochs: [9/100] train_acc: 0.207 train_loss_sup: 3.687
[GPU0] epochs: [9/100] train_acc: 0.142 train_loss_sup: 4.279
[GPU0] epochs: [9/100] train_acc: 0.208 train_loss_sup: 3.680
--------------------------------
--------------------------------
[GPU0] epochs: [10/100] train_acc: 0.123 train_loss_sup: 4.744
[GPU0] epochs: [10/100] train_acc: 0.116 train_loss_sup: 4.790
[GPU0] epochs: [10/100] train_acc: 0.123 train_loss_sup: 4.744
[GPU0] epochs: [10/100] train_acc: 0.213 train_loss_sup: 3.639
[GPU0] epochs: [10/100] train_acc: 0.140 train_loss_sup: 4.283
[GPU0] epochs: [10/100] train_acc: 0.214 train_loss_sup: 3.632
[GPU0] epochs: [10/100] train_acc: 0.123 train_loss_sup: 4.747
[GPU0] epochs: [10/100] train_acc: 0.116 train_loss_sup: 4.792
[GPU0] epochs: [10/100] train_acc: 0.123 train_loss_sup: 4.747
[GPU0] epochs: [10/100] train_acc: 0.214 train_loss_sup: 3.632
[GPU0] epochs: [10/100] train_acc: 0.141 train_loss_sup: 4.272
[GPU0] epochs: [10/100] train_acc: 0.215 train_loss_sup: 3.625
--------------------------------
--------------------------------
[GPU0] Test Accuracy for probe0 at epoch: 10: 0.158
[GPU0] Test Accuracy for probe1 at epoch: 10: 0.15
[GPU0] Test Accuracy for probe2 at epoch: 10: 0.159
[GPU0] Test Accuracy for probe3 at epoch: 10: 0.197
[GPU0] Test Accuracy for probe4 at epoch: 10: 0.107
[GPU0] Test Accuracy for probe5 at epoch: 10: 0.199
[GPU0] Test Accuracy for probe6 at epoch: 10: 0.158
[GPU0] Test Accuracy for probe7 at epoch: 10: 0.151
[GPU0] Test Accuracy for probe8 at epoch: 10: 0.159
[GPU0] Test Accuracy for probe9 at epoch: 10: 0.201
[GPU0] Test Accuracy for probe10 at epoch: 10: 0.11
[GPU0] Test Accuracy for probe11 at epoch: 10: 0.203
--------------------------------
--------------------------------
[GPU0] epochs: [11/100] train_acc: 0.129 train_loss_sup: 4.692
[GPU0] epochs: [11/100] train_acc: 0.120 train_loss_sup: 4.746
[GPU0] epochs: [11/100] train_acc: 0.129 train_loss_sup: 4.692
[GPU0] epochs: [11/100] train_acc: 0.222 train_loss_sup: 3.588
[GPU0] epochs: [11/100] train_acc: 0.143 train_loss_sup: 4.284
[GPU0] epochs: [11/100] train_acc: 0.223 train_loss_sup: 3.580
[GPU0] epochs: [11/100] train_acc: 0.130 train_loss_sup: 4.696
[GPU0] epochs: [11/100] train_acc: 0.121 train_loss_sup: 4.748
[GPU0] epochs: [11/100] train_acc: 0.129 train_loss_sup: 4.695
[GPU0] epochs: [11/100] train_acc: 0.224 train_loss_sup: 3.578
[GPU0] epochs: [11/100] train_acc: 0.144 train_loss_sup: 4.266
[GPU0] epochs: [11/100] train_acc: 0.225 train_loss_sup: 3.570
--------------------------------
--------------------------------
[GPU0] epochs: [12/100] train_acc: 0.136 train_loss_sup: 4.644
[GPU0] epochs: [12/100] train_acc: 0.126 train_loss_sup: 4.706
[GPU0] epochs: [12/100] train_acc: 0.136 train_loss_sup: 4.644
[GPU0] epochs: [12/100] train_acc: 0.226 train_loss_sup: 3.541
[GPU0] epochs: [12/100] train_acc: 0.143 train_loss_sup: 4.272
[GPU0] epochs: [12/100] train_acc: 0.228 train_loss_sup: 3.532
[GPU0] epochs: [12/100] train_acc: 0.137 train_loss_sup: 4.648
[GPU0] epochs: [12/100] train_acc: 0.127 train_loss_sup: 4.709
[GPU0] epochs: [12/100] train_acc: 0.137 train_loss_sup: 4.648
[GPU0] epochs: [12/100] train_acc: 0.228 train_loss_sup: 3.528
[GPU0] epochs: [12/100] train_acc: 0.145 train_loss_sup: 4.254
[GPU0] epochs: [12/100] train_acc: 0.229 train_loss_sup: 3.520
--------------------------------
--------------------------------
[GPU0] epochs: [13/100] train_acc: 0.145 train_loss_sup: 4.598
[GPU0] epochs: [13/100] train_acc: 0.135 train_loss_sup: 4.669
[GPU0] epochs: [13/100] train_acc: 0.146 train_loss_sup: 4.598
[GPU0] epochs: [13/100] train_acc: 0.233 train_loss_sup: 3.508
[GPU0] epochs: [13/100] train_acc: 0.144 train_loss_sup: 4.273
[GPU0] epochs: [13/100] train_acc: 0.234 train_loss_sup: 3.499
[GPU0] epochs: [13/100] train_acc: 0.146 train_loss_sup: 4.604
[GPU0] epochs: [13/100] train_acc: 0.136 train_loss_sup: 4.672
[GPU0] epochs: [13/100] train_acc: 0.146 train_loss_sup: 4.603
[GPU0] epochs: [13/100] train_acc: 0.235 train_loss_sup: 3.495
[GPU0] epochs: [13/100] train_acc: 0.147 train_loss_sup: 4.249
[GPU0] epochs: [13/100] train_acc: 0.236 train_loss_sup: 3.487
--------------------------------
--------------------------------
[GPU0] epochs: [14/100] train_acc: 0.152 train_loss_sup: 4.552
[GPU0] epochs: [14/100] train_acc: 0.141 train_loss_sup: 4.631
[GPU0] epochs: [14/100] train_acc: 0.152 train_loss_sup: 4.551
[GPU0] epochs: [14/100] train_acc: 0.240 train_loss_sup: 3.459
[GPU0] epochs: [14/100] train_acc: 0.145 train_loss_sup: 4.254
[GPU0] epochs: [14/100] train_acc: 0.241 train_loss_sup: 3.449
[GPU0] epochs: [14/100] train_acc: 0.153 train_loss_sup: 4.559
[GPU0] epochs: [14/100] train_acc: 0.142 train_loss_sup: 4.636
[GPU0] epochs: [14/100] train_acc: 0.153 train_loss_sup: 4.558
[GPU0] epochs: [14/100] train_acc: 0.242 train_loss_sup: 3.443
[GPU0] epochs: [14/100] train_acc: 0.148 train_loss_sup: 4.230
[GPU0] epochs: [14/100] train_acc: 0.243 train_loss_sup: 3.434
--------------------------------
--------------------------------
[GPU0] epochs: [15/100] train_acc: 0.157 train_loss_sup: 4.509
[GPU0] epochs: [15/100] train_acc: 0.146 train_loss_sup: 4.597
[GPU0] epochs: [15/100] train_acc: 0.157 train_loss_sup: 4.508
[GPU0] epochs: [15/100] train_acc: 0.243 train_loss_sup: 3.435
[GPU0] epochs: [15/100] train_acc: 0.147 train_loss_sup: 4.265
[GPU0] epochs: [15/100] train_acc: 0.245 train_loss_sup: 3.425
[GPU0] epochs: [15/100] train_acc: 0.158 train_loss_sup: 4.517
[GPU0] epochs: [15/100] train_acc: 0.147 train_loss_sup: 4.603
[GPU0] epochs: [15/100] train_acc: 0.158 train_loss_sup: 4.516
[GPU0] epochs: [15/100] train_acc: 0.246 train_loss_sup: 3.416
[GPU0] epochs: [15/100] train_acc: 0.150 train_loss_sup: 4.232
[GPU0] epochs: [15/100] train_acc: 0.247 train_loss_sup: 3.406
--------------------------------
--------------------------------
[GPU0] epochs: [16/100] train_acc: 0.162 train_loss_sup: 4.468
[GPU0] epochs: [16/100] train_acc: 0.149 train_loss_sup: 4.565
[GPU0] epochs: [16/100] train_acc: 0.162 train_loss_sup: 4.467
[GPU0] epochs: [16/100] train_acc: 0.247 train_loss_sup: 3.396
[GPU0] epochs: [16/100] train_acc: 0.146 train_loss_sup: 4.248
[GPU0] epochs: [16/100] train_acc: 0.248 train_loss_sup: 3.386
[GPU0] epochs: [16/100] train_acc: 0.162 train_loss_sup: 4.478
[GPU0] epochs: [16/100] train_acc: 0.150 train_loss_sup: 4.572
[GPU0] epochs: [16/100] train_acc: 0.162 train_loss_sup: 4.477
[GPU0] epochs: [16/100] train_acc: 0.249 train_loss_sup: 3.378
[GPU0] epochs: [16/100] train_acc: 0.149 train_loss_sup: 4.219
[GPU0] epochs: [16/100] train_acc: 0.250 train_loss_sup: 3.369
--------------------------------
--------------------------------
[GPU0] epochs: [17/100] train_acc: 0.170 train_loss_sup: 4.426
[GPU0] epochs: [17/100] train_acc: 0.157 train_loss_sup: 4.532
[GPU0] epochs: [17/100] train_acc: 0.171 train_loss_sup: 4.425
[GPU0] epochs: [17/100] train_acc: 0.250 train_loss_sup: 3.396
[GPU0] epochs: [17/100] train_acc: 0.142 train_loss_sup: 4.284
[GPU0] epochs: [17/100] train_acc: 0.251 train_loss_sup: 3.386
[GPU0] epochs: [17/100] train_acc: 0.171 train_loss_sup: 4.437
[GPU0] epochs: [17/100] train_acc: 0.158 train_loss_sup: 4.540
[GPU0] epochs: [17/100] train_acc: 0.170 train_loss_sup: 4.436
[GPU0] epochs: [17/100] train_acc: 0.254 train_loss_sup: 3.367
[GPU0] epochs: [17/100] train_acc: 0.148 train_loss_sup: 4.238
[GPU0] epochs: [17/100] train_acc: 0.255 train_loss_sup: 3.356
--------------------------------
--------------------------------
[GPU0] epochs: [18/100] train_acc: 0.173 train_loss_sup: 4.386
[GPU0] epochs: [18/100] train_acc: 0.158 train_loss_sup: 4.502
[GPU0] epochs: [18/100] train_acc: 0.173 train_loss_sup: 4.385
[GPU0] epochs: [18/100] train_acc: 0.254 train_loss_sup: 3.355
[GPU0] epochs: [18/100] train_acc: 0.147 train_loss_sup: 4.249
[GPU0] epochs: [18/100] train_acc: 0.256 train_loss_sup: 3.345
[GPU0] epochs: [18/100] train_acc: 0.173 train_loss_sup: 4.399
[GPU0] epochs: [18/100] train_acc: 0.159 train_loss_sup: 4.511
[GPU0] epochs: [18/100] train_acc: 0.173 train_loss_sup: 4.398
[GPU0] epochs: [18/100] train_acc: 0.258 train_loss_sup: 3.329
[GPU0] epochs: [18/100] train_acc: 0.151 train_loss_sup: 4.207
[GPU0] epochs: [18/100] train_acc: 0.259 train_loss_sup: 3.319
--------------------------------
--------------------------------
[GPU0] epochs: [19/100] train_acc: 0.179 train_loss_sup: 4.349
[GPU0] epochs: [19/100] train_acc: 0.164 train_loss_sup: 4.474
[GPU0] epochs: [19/100] train_acc: 0.179 train_loss_sup: 4.348
[GPU0] epochs: [19/100] train_acc: 0.259 train_loss_sup: 3.336
[GPU0] epochs: [19/100] train_acc: 0.147 train_loss_sup: 4.244
[GPU0] epochs: [19/100] train_acc: 0.261 train_loss_sup: 3.325
[GPU0] epochs: [19/100] train_acc: 0.179 train_loss_sup: 4.364
[GPU0] epochs: [19/100] train_acc: 0.165 train_loss_sup: 4.484
[GPU0] epochs: [19/100] train_acc: 0.179 train_loss_sup: 4.362
[GPU0] epochs: [19/100] train_acc: 0.263 train_loss_sup: 3.303
[GPU0] epochs: [19/100] train_acc: 0.154 train_loss_sup: 4.197
[GPU0] epochs: [19/100] train_acc: 0.265 train_loss_sup: 3.293
--------------------------------
--------------------------------
[GPU0] epochs: [20/100] train_acc: 0.186 train_loss_sup: 4.312
[GPU0] epochs: [20/100] train_acc: 0.170 train_loss_sup: 4.446
[GPU0] epochs: [20/100] train_acc: 0.186 train_loss_sup: 4.311
[GPU0] epochs: [20/100] train_acc: 0.266 train_loss_sup: 3.292
[GPU0] epochs: [20/100] train_acc: 0.148 train_loss_sup: 4.239
[GPU0] epochs: [20/100] train_acc: 0.268 train_loss_sup: 3.281
[GPU0] epochs: [20/100] train_acc: 0.186 train_loss_sup: 4.329
[GPU0] epochs: [20/100] train_acc: 0.170 train_loss_sup: 4.457
[GPU0] epochs: [20/100] train_acc: 0.186 train_loss_sup: 4.328
[GPU0] epochs: [20/100] train_acc: 0.269 train_loss_sup: 3.265
[GPU0] epochs: [20/100] train_acc: 0.154 train_loss_sup: 4.185
[GPU0] epochs: [20/100] train_acc: 0.271 train_loss_sup: 3.254
--------------------------------
--------------------------------
[GPU0] Test Accuracy for probe0 at epoch: 20: 0.188
[GPU0] Test Accuracy for probe1 at epoch: 20: 0.172
[GPU0] Test Accuracy for probe2 at epoch: 20: 0.189
[GPU0] Test Accuracy for probe3 at epoch: 20: 0.285
[GPU0] Test Accuracy for probe4 at epoch: 20: 0.172
[GPU0] Test Accuracy for probe5 at epoch: 20: 0.287
[GPU0] Test Accuracy for probe6 at epoch: 20: 0.185
[GPU0] Test Accuracy for probe7 at epoch: 20: 0.169
[GPU0] Test Accuracy for probe8 at epoch: 20: 0.185
[GPU0] Test Accuracy for probe9 at epoch: 20: 0.278
[GPU0] Test Accuracy for probe10 at epoch: 20: 0.162
[GPU0] Test Accuracy for probe11 at epoch: 20: 0.28
--------------------------------
--------------------------------
[GPU0] epochs: [21/100] train_acc: 0.188 train_loss_sup: 4.279
[GPU0] epochs: [21/100] train_acc: 0.171 train_loss_sup: 4.422
[GPU0] epochs: [21/100] train_acc: 0.188 train_loss_sup: 4.277
[GPU0] epochs: [21/100] train_acc: 0.265 train_loss_sup: 3.287
[GPU0] epochs: [21/100] train_acc: 0.146 train_loss_sup: 4.266
[GPU0] epochs: [21/100] train_acc: 0.267 train_loss_sup: 3.275
[GPU0] epochs: [21/100] train_acc: 0.188 train_loss_sup: 4.297
[GPU0] epochs: [21/100] train_acc: 0.172 train_loss_sup: 4.434
[GPU0] epochs: [21/100] train_acc: 0.189 train_loss_sup: 4.296
[GPU0] epochs: [21/100] train_acc: 0.271 train_loss_sup: 3.251
[GPU0] epochs: [21/100] train_acc: 0.153 train_loss_sup: 4.200
[GPU0] epochs: [21/100] train_acc: 0.273 train_loss_sup: 3.240
--------------------------------
--------------------------------
[GPU0] epochs: [22/100] train_acc: 0.192 train_loss_sup: 4.248
[GPU0] epochs: [22/100] train_acc: 0.173 train_loss_sup: 4.400
[GPU0] epochs: [22/100] train_acc: 0.192 train_loss_sup: 4.247
[GPU0] epochs: [22/100] train_acc: 0.272 train_loss_sup: 3.254
[GPU0] epochs: [22/100] train_acc: 0.150 train_loss_sup: 4.226
[GPU0] epochs: [22/100] train_acc: 0.274 train_loss_sup: 3.242
[GPU0] epochs: [22/100] train_acc: 0.193 train_loss_sup: 4.269
[GPU0] epochs: [22/100] train_acc: 0.177 train_loss_sup: 4.414
[GPU0] epochs: [22/100] train_acc: 0.194 train_loss_sup: 4.267
[GPU0] epochs: [22/100] train_acc: 0.277 train_loss_sup: 3.218
[GPU0] epochs: [22/100] train_acc: 0.156 train_loss_sup: 4.168
[GPU0] epochs: [22/100] train_acc: 0.279 train_loss_sup: 3.206
--------------------------------
--------------------------------
[GPU0] epochs: [23/100] train_acc: 0.196 train_loss_sup: 4.214
[GPU0] epochs: [23/100] train_acc: 0.177 train_loss_sup: 4.375
[GPU0] epochs: [23/100] train_acc: 0.196 train_loss_sup: 4.212
[GPU0] epochs: [23/100] train_acc: 0.272 train_loss_sup: 3.262
[GPU0] epochs: [23/100] train_acc: 0.148 train_loss_sup: 4.250
[GPU0] epochs: [23/100] train_acc: 0.274 train_loss_sup: 3.250
[GPU0] epochs: [23/100] train_acc: 0.196 train_loss_sup: 4.237
[GPU0] epochs: [23/100] train_acc: 0.179 train_loss_sup: 4.390
[GPU0] epochs: [23/100] train_acc: 0.197 train_loss_sup: 4.235
[GPU0] epochs: [23/100] train_acc: 0.277 train_loss_sup: 3.214
[GPU0] epochs: [23/100] train_acc: 0.156 train_loss_sup: 4.176
[GPU0] epochs: [23/100] train_acc: 0.279 train_loss_sup: 3.203
--------------------------------
--------------------------------
[GPU0] epochs: [24/100] train_acc: 0.198 train_loss_sup: 4.186
[GPU0] epochs: [24/100] train_acc: 0.178 train_loss_sup: 4.356
[GPU0] epochs: [24/100] train_acc: 0.198 train_loss_sup: 4.185
[GPU0] epochs: [24/100] train_acc: 0.272 train_loss_sup: 3.260
[GPU0] epochs: [24/100] train_acc: 0.148 train_loss_sup: 4.246
[GPU0] epochs: [24/100] train_acc: 0.274 train_loss_sup: 3.248
[GPU0] epochs: [24/100] train_acc: 0.198 train_loss_sup: 4.212
[GPU0] epochs: [24/100] train_acc: 0.179 train_loss_sup: 4.373
[GPU0] epochs: [24/100] train_acc: 0.198 train_loss_sup: 4.210
[GPU0] epochs: [24/100] train_acc: 0.277 train_loss_sup: 3.218
[GPU0] epochs: [24/100] train_acc: 0.156 train_loss_sup: 4.181
[GPU0] epochs: [24/100] train_acc: 0.279 train_loss_sup: 3.206
--------------------------------
--------------------------------
[GPU0] epochs: [25/100] train_acc: 0.203 train_loss_sup: 4.156
[GPU0] epochs: [25/100] train_acc: 0.182 train_loss_sup: 4.335
[GPU0] epochs: [25/100] train_acc: 0.203 train_loss_sup: 4.154
[GPU0] epochs: [25/100] train_acc: 0.278 train_loss_sup: 3.226
[GPU0] epochs: [25/100] train_acc: 0.149 train_loss_sup: 4.239
[GPU0] epochs: [25/100] train_acc: 0.279 train_loss_sup: 3.214
[GPU0] epochs: [25/100] train_acc: 0.204 train_loss_sup: 4.183
[GPU0] epochs: [25/100] train_acc: 0.185 train_loss_sup: 4.352
[GPU0] epochs: [25/100] train_acc: 0.204 train_loss_sup: 4.182
[GPU0] epochs: [25/100] train_acc: 0.284 train_loss_sup: 3.179
[GPU0] epochs: [25/100] train_acc: 0.160 train_loss_sup: 4.163
[GPU0] epochs: [25/100] train_acc: 0.286 train_loss_sup: 3.167
--------------------------------
--------------------------------
[GPU0] epochs: [26/100] train_acc: 0.205 train_loss_sup: 4.128
[GPU0] epochs: [26/100] train_acc: 0.184 train_loss_sup: 4.315
[GPU0] epochs: [26/100] train_acc: 0.205 train_loss_sup: 4.126
[GPU0] epochs: [26/100] train_acc: 0.277 train_loss_sup: 3.223
[GPU0] epochs: [26/100] train_acc: 0.147 train_loss_sup: 4.245
[GPU0] epochs: [26/100] train_acc: 0.279 train_loss_sup: 3.209
[GPU0] epochs: [26/100] train_acc: 0.206 train_loss_sup: 4.159
[GPU0] epochs: [26/100] train_acc: 0.186 train_loss_sup: 4.335
[GPU0] epochs: [26/100] train_acc: 0.206 train_loss_sup: 4.157
[GPU0] epochs: [26/100] train_acc: 0.283 train_loss_sup: 3.170
[GPU0] epochs: [26/100] train_acc: 0.157 train_loss_sup: 4.169
[GPU0] epochs: [26/100] train_acc: 0.285 train_loss_sup: 3.157
--------------------------------
--------------------------------
[GPU0] epochs: [27/100] train_acc: 0.209 train_loss_sup: 4.100
[GPU0] epochs: [27/100] train_acc: 0.187 train_loss_sup: 4.297
[GPU0] epochs: [27/100] train_acc: 0.209 train_loss_sup: 4.098
[GPU0] epochs: [27/100] train_acc: 0.281 train_loss_sup: 3.206
[GPU0] epochs: [27/100] train_acc: 0.148 train_loss_sup: 4.240
[GPU0] epochs: [27/100] train_acc: 0.283 train_loss_sup: 3.193
[GPU0] epochs: [27/100] train_acc: 0.209 train_loss_sup: 4.133
[GPU0] epochs: [27/100] train_acc: 0.189 train_loss_sup: 4.317
[GPU0] epochs: [27/100] train_acc: 0.209 train_loss_sup: 4.131
[GPU0] epochs: [27/100] train_acc: 0.288 train_loss_sup: 3.149
[GPU0] epochs: [27/100] train_acc: 0.159 train_loss_sup: 4.152
[GPU0] epochs: [27/100] train_acc: 0.290 train_loss_sup: 3.136
--------------------------------
--------------------------------
[GPU0] epochs: [28/100] train_acc: 0.212 train_loss_sup: 4.073
[GPU0] epochs: [28/100] train_acc: 0.190 train_loss_sup: 4.278
[GPU0] epochs: [28/100] train_acc: 0.213 train_loss_sup: 4.071
[GPU0] epochs: [28/100] train_acc: 0.283 train_loss_sup: 3.200
[GPU0] epochs: [28/100] train_acc: 0.149 train_loss_sup: 4.255
[GPU0] epochs: [28/100] train_acc: 0.285 train_loss_sup: 3.187
[GPU0] epochs: [28/100] train_acc: 0.212 train_loss_sup: 4.109
[GPU0] epochs: [28/100] train_acc: 0.192 train_loss_sup: 4.300
[GPU0] epochs: [28/100] train_acc: 0.213 train_loss_sup: 4.107
[GPU0] epochs: [28/100] train_acc: 0.292 train_loss_sup: 3.133
[GPU0] epochs: [28/100] train_acc: 0.162 train_loss_sup: 4.156
[GPU0] epochs: [28/100] train_acc: 0.294 train_loss_sup: 3.120
--------------------------------
--------------------------------
[GPU0] epochs: [29/100] train_acc: 0.214 train_loss_sup: 4.046
[GPU0] epochs: [29/100] train_acc: 0.190 train_loss_sup: 4.260
[GPU0] epochs: [29/100] train_acc: 0.214 train_loss_sup: 4.044
[GPU0] epochs: [29/100] train_acc: 0.284 train_loss_sup: 3.195
[GPU0] epochs: [29/100] train_acc: 0.148 train_loss_sup: 4.250
[GPU0] epochs: [29/100] train_acc: 0.286 train_loss_sup: 3.181
[GPU0] epochs: [29/100] train_acc: 0.215 train_loss_sup: 4.085
[GPU0] epochs: [29/100] train_acc: 0.194 train_loss_sup: 4.283
[GPU0] epochs: [29/100] train_acc: 0.215 train_loss_sup: 4.083
[GPU0] epochs: [29/100] train_acc: 0.291 train_loss_sup: 3.122
[GPU0] epochs: [29/100] train_acc: 0.158 train_loss_sup: 4.144
[GPU0] epochs: [29/100] train_acc: 0.293 train_loss_sup: 3.109
--------------------------------
--------------------------------
[GPU0] epochs: [30/100] train_acc: 0.217 train_loss_sup: 4.020
[GPU0] epochs: [30/100] train_acc: 0.193 train_loss_sup: 4.243
[GPU0] epochs: [30/100] train_acc: 0.218 train_loss_sup: 4.018
[GPU0] epochs: [30/100] train_acc: 0.286 train_loss_sup: 3.155
[GPU0] epochs: [30/100] train_acc: 0.149 train_loss_sup: 4.225
[GPU0] epochs: [30/100] train_acc: 0.289 train_loss_sup: 3.141
[GPU0] epochs: [30/100] train_acc: 0.218 train_loss_sup: 4.062
[GPU0] epochs: [30/100] train_acc: 0.196 train_loss_sup: 4.268
[GPU0] epochs: [30/100] train_acc: 0.218 train_loss_sup: 4.060
[GPU0] epochs: [30/100] train_acc: 0.295 train_loss_sup: 3.087
[GPU0] epochs: [30/100] train_acc: 0.164 train_loss_sup: 4.121
[GPU0] epochs: [30/100] train_acc: 0.298 train_loss_sup: 3.074
--------------------------------
--------------------------------
[GPU0] Test Accuracy for probe0 at epoch: 30: 0.232
[GPU0] Test Accuracy for probe1 at epoch: 30: 0.202
[GPU0] Test Accuracy for probe2 at epoch: 30: 0.232
[GPU0] Test Accuracy for probe3 at epoch: 30: 0.294
[GPU0] Test Accuracy for probe4 at epoch: 30: 0.139
[GPU0] Test Accuracy for probe5 at epoch: 30: 0.296
[GPU0] Test Accuracy for probe6 at epoch: 30: 0.226
[GPU0] Test Accuracy for probe7 at epoch: 30: 0.199
[GPU0] Test Accuracy for probe8 at epoch: 30: 0.227
[GPU0] Test Accuracy for probe9 at epoch: 30: 0.314
[GPU0] Test Accuracy for probe10 at epoch: 30: 0.17
[GPU0] Test Accuracy for probe11 at epoch: 30: 0.316
--------------------------------
--------------------------------
[GPU0] epochs: [31/100] train_acc: 0.221 train_loss_sup: 3.999
[GPU0] epochs: [31/100] train_acc: 0.197 train_loss_sup: 4.230
[GPU0] epochs: [31/100] train_acc: 0.222 train_loss_sup: 3.996
[GPU0] epochs: [31/100] train_acc: 0.289 train_loss_sup: 3.148
[GPU0] epochs: [31/100] train_acc: 0.147 train_loss_sup: 4.231
[GPU0] epochs: [31/100] train_acc: 0.291 train_loss_sup: 3.134
[GPU0] epochs: [31/100] train_acc: 0.223 train_loss_sup: 4.043
[GPU0] epochs: [31/100] train_acc: 0.200 train_loss_sup: 4.255
[GPU0] epochs: [31/100] train_acc: 0.223 train_loss_sup: 4.041
[GPU0] epochs: [31/100] train_acc: 0.301 train_loss_sup: 3.077
[GPU0] epochs: [31/100] train_acc: 0.163 train_loss_sup: 4.118
[GPU0] epochs: [31/100] train_acc: 0.303 train_loss_sup: 3.064
--------------------------------
--------------------------------
[GPU0] epochs: [32/100] train_acc: 0.226 train_loss_sup: 3.972
[GPU0] epochs: [32/100] train_acc: 0.202 train_loss_sup: 4.212
[GPU0] epochs: [32/100] train_acc: 0.226 train_loss_sup: 3.969
[GPU0] epochs: [32/100] train_acc: 0.291 train_loss_sup: 3.145
[GPU0] epochs: [32/100] train_acc: 0.147 train_loss_sup: 4.236
[GPU0] epochs: [32/100] train_acc: 0.293 train_loss_sup: 3.130
[GPU0] epochs: [32/100] train_acc: 0.226 train_loss_sup: 4.020
[GPU0] epochs: [32/100] train_acc: 0.203 train_loss_sup: 4.240
[GPU0] epochs: [32/100] train_acc: 0.226 train_loss_sup: 4.017
[GPU0] epochs: [32/100] train_acc: 0.301 train_loss_sup: 3.059
[GPU0] epochs: [32/100] train_acc: 0.164 train_loss_sup: 4.107
[GPU0] epochs: [32/100] train_acc: 0.304 train_loss_sup: 3.045
--------------------------------
--------------------------------
[GPU0] epochs: [33/100] train_acc: 0.228 train_loss_sup: 3.954
[GPU0] epochs: [33/100] train_acc: 0.201 train_loss_sup: 4.201
[GPU0] epochs: [33/100] train_acc: 0.228 train_loss_sup: 3.951
[GPU0] epochs: [33/100] train_acc: 0.290 train_loss_sup: 3.136
[GPU0] epochs: [33/100] train_acc: 0.147 train_loss_sup: 4.246
[GPU0] epochs: [33/100] train_acc: 0.292 train_loss_sup: 3.122
[GPU0] epochs: [33/100] train_acc: 0.229 train_loss_sup: 4.005
[GPU0] epochs: [33/100] train_acc: 0.205 train_loss_sup: 4.230
[GPU0] epochs: [33/100] train_acc: 0.229 train_loss_sup: 4.002
[GPU0] epochs: [33/100] train_acc: 0.304 train_loss_sup: 3.058
[GPU0] epochs: [33/100] train_acc: 0.164 train_loss_sup: 4.110
[GPU0] epochs: [33/100] train_acc: 0.306 train_loss_sup: 3.044
--------------------------------
--------------------------------
[GPU0] epochs: [34/100] train_acc: 0.231 train_loss_sup: 3.928
[GPU0] epochs: [34/100] train_acc: 0.202 train_loss_sup: 4.184
[GPU0] epochs: [34/100] train_acc: 0.231 train_loss_sup: 3.925
[GPU0] epochs: [34/100] train_acc: 0.295 train_loss_sup: 3.125
[GPU0] epochs: [34/100] train_acc: 0.149 train_loss_sup: 4.245
[GPU0] epochs: [34/100] train_acc: 0.298 train_loss_sup: 3.110
[GPU0] epochs: [34/100] train_acc: 0.231 train_loss_sup: 3.982
[GPU0] epochs: [34/100] train_acc: 0.207 train_loss_sup: 4.215
[GPU0] epochs: [34/100] train_acc: 0.231 train_loss_sup: 3.980
[GPU0] epochs: [34/100] train_acc: 0.304 train_loss_sup: 3.046
[GPU0] epochs: [34/100] train_acc: 0.165 train_loss_sup: 4.108
[GPU0] epochs: [34/100] train_acc: 0.306 train_loss_sup: 3.032
--------------------------------
--------------------------------
[GPU0] epochs: [35/100] train_acc: 0.232 train_loss_sup: 3.910
[GPU0] epochs: [35/100] train_acc: 0.204 train_loss_sup: 4.174
[GPU0] epochs: [35/100] train_acc: 0.232 train_loss_sup: 3.907
[GPU0] epochs: [35/100] train_acc: 0.295 train_loss_sup: 3.128
[GPU0] epochs: [35/100] train_acc: 0.149 train_loss_sup: 4.243
[GPU0] epochs: [35/100] train_acc: 0.298 train_loss_sup: 3.113
[GPU0] epochs: [35/100] train_acc: 0.232 train_loss_sup: 3.968
[GPU0] epochs: [35/100] train_acc: 0.207 train_loss_sup: 4.206
[GPU0] epochs: [35/100] train_acc: 0.232 train_loss_sup: 3.965
[GPU0] epochs: [35/100] train_acc: 0.306 train_loss_sup: 3.044
[GPU0] epochs: [35/100] train_acc: 0.170 train_loss_sup: 4.101
[GPU0] epochs: [35/100] train_acc: 0.308 train_loss_sup: 3.031
--------------------------------
--------------------------------
[GPU0] epochs: [36/100] train_acc: 0.235 train_loss_sup: 3.888
[GPU0] epochs: [36/100] train_acc: 0.207 train_loss_sup: 4.160
[GPU0] epochs: [36/100] train_acc: 0.236 train_loss_sup: 3.885
[GPU0] epochs: [36/100] train_acc: 0.297 train_loss_sup: 3.120
[GPU0] epochs: [36/100] train_acc: 0.148 train_loss_sup: 4.244
[GPU0] epochs: [36/100] train_acc: 0.299 train_loss_sup: 3.106
[GPU0] epochs: [36/100] train_acc: 0.236 train_loss_sup: 3.949
[GPU0] epochs: [36/100] train_acc: 0.211 train_loss_sup: 4.194
[GPU0] epochs: [36/100] train_acc: 0.236 train_loss_sup: 3.946
[GPU0] epochs: [36/100] train_acc: 0.310 train_loss_sup: 3.023
[GPU0] epochs: [36/100] train_acc: 0.168 train_loss_sup: 4.094
[GPU0] epochs: [36/100] train_acc: 0.312 train_loss_sup: 3.010
--------------------------------
--------------------------------
[GPU0] epochs: [37/100] train_acc: 0.236 train_loss_sup: 3.869
[GPU0] epochs: [37/100] train_acc: 0.207 train_loss_sup: 4.149
[GPU0] epochs: [37/100] train_acc: 0.236 train_loss_sup: 3.866
[GPU0] epochs: [37/100] train_acc: 0.294 train_loss_sup: 3.116
[GPU0] epochs: [37/100] train_acc: 0.148 train_loss_sup: 4.254
[GPU0] epochs: [37/100] train_acc: 0.297 train_loss_sup: 3.100
[GPU0] epochs: [37/100] train_acc: 0.237 train_loss_sup: 3.933
[GPU0] epochs: [37/100] train_acc: 0.212 train_loss_sup: 4.183
[GPU0] epochs: [37/100] train_acc: 0.237 train_loss_sup: 3.930
[GPU0] epochs: [37/100] train_acc: 0.312 train_loss_sup: 2.998
[GPU0] epochs: [37/100] train_acc: 0.170 train_loss_sup: 4.079
[GPU0] epochs: [37/100] train_acc: 0.314 train_loss_sup: 2.984
--------------------------------
--------------------------------
[GPU0] epochs: [38/100] train_acc: 0.239 train_loss_sup: 3.850
[GPU0] epochs: [38/100] train_acc: 0.207 train_loss_sup: 4.138
[GPU0] epochs: [38/100] train_acc: 0.239 train_loss_sup: 3.847
[GPU0] epochs: [38/100] train_acc: 0.298 train_loss_sup: 3.105
[GPU0] epochs: [38/100] train_acc: 0.148 train_loss_sup: 4.252
[GPU0] epochs: [38/100] train_acc: 0.301 train_loss_sup: 3.089
[GPU0] epochs: [38/100] train_acc: 0.239 train_loss_sup: 3.918
[GPU0] epochs: [38/100] train_acc: 0.213 train_loss_sup: 4.174
[GPU0] epochs: [38/100] train_acc: 0.240 train_loss_sup: 3.915
[GPU0] epochs: [38/100] train_acc: 0.313 train_loss_sup: 2.991
[GPU0] epochs: [38/100] train_acc: 0.171 train_loss_sup: 4.073
[GPU0] epochs: [38/100] train_acc: 0.316 train_loss_sup: 2.976
--------------------------------
--------------------------------
[GPU0] epochs: [39/100] train_acc: 0.240 train_loss_sup: 3.833
[GPU0] epochs: [39/100] train_acc: 0.209 train_loss_sup: 4.128
[GPU0] epochs: [39/100] train_acc: 0.240 train_loss_sup: 3.829
[GPU0] epochs: [39/100] train_acc: 0.299 train_loss_sup: 3.098
[GPU0] epochs: [39/100] train_acc: 0.146 train_loss_sup: 4.278
[GPU0] epochs: [39/100] train_acc: 0.302 train_loss_sup: 3.082
[GPU0] epochs: [39/100] train_acc: 0.240 train_loss_sup: 3.904
[GPU0] epochs: [39/100] train_acc: 0.214 train_loss_sup: 4.165
[GPU0] epochs: [39/100] train_acc: 0.240 train_loss_sup: 3.901
[GPU0] epochs: [39/100] train_acc: 0.316 train_loss_sup: 2.994
[GPU0] epochs: [39/100] train_acc: 0.172 train_loss_sup: 4.079
[GPU0] epochs: [39/100] train_acc: 0.318 train_loss_sup: 2.980
--------------------------------
--------------------------------
[GPU0] epochs: [40/100] train_acc: 0.243 train_loss_sup: 3.813
[GPU0] epochs: [40/100] train_acc: 0.211 train_loss_sup: 4.116
[GPU0] epochs: [40/100] train_acc: 0.243 train_loss_sup: 3.809
[GPU0] epochs: [40/100] train_acc: 0.299 train_loss_sup: 3.100
[GPU0] epochs: [40/100] train_acc: 0.147 train_loss_sup: 4.255
[GPU0] epochs: [40/100] train_acc: 0.302 train_loss_sup: 3.084
[GPU0] epochs: [40/100] train_acc: 0.243 train_loss_sup: 3.887
[GPU0] epochs: [40/100] train_acc: 0.217 train_loss_sup: 4.155
[GPU0] epochs: [40/100] train_acc: 0.243 train_loss_sup: 3.884
[GPU0] epochs: [40/100] train_acc: 0.318 train_loss_sup: 2.980
[GPU0] epochs: [40/100] train_acc: 0.174 train_loss_sup: 4.069
[GPU0] epochs: [40/100] train_acc: 0.320 train_loss_sup: 2.966
--------------------------------
--------------------------------
[GPU0] Test Accuracy for probe0 at epoch: 40: 0.271
[GPU0] Test Accuracy for probe1 at epoch: 40: 0.241
[GPU0] Test Accuracy for probe2 at epoch: 40: 0.271
[GPU0] Test Accuracy for probe3 at epoch: 40: 0.306
[GPU0] Test Accuracy for probe4 at epoch: 40: 0.133
[GPU0] Test Accuracy for probe5 at epoch: 40: 0.309
[GPU0] Test Accuracy for probe6 at epoch: 40: 0.265
[GPU0] Test Accuracy for probe7 at epoch: 40: 0.235
[GPU0] Test Accuracy for probe8 at epoch: 40: 0.266
[GPU0] Test Accuracy for probe9 at epoch: 40: 0.325
[GPU0] Test Accuracy for probe10 at epoch: 40: 0.169
[GPU0] Test Accuracy for probe11 at epoch: 40: 0.328
--------------------------------
--------------------------------
[GPU0] epochs: [41/100] train_acc: 0.246 train_loss_sup: 3.794
[GPU0] epochs: [41/100] train_acc: 0.213 train_loss_sup: 4.105
[GPU0] epochs: [41/100] train_acc: 0.247 train_loss_sup: 3.791
[GPU0] epochs: [41/100] train_acc: 0.302 train_loss_sup: 3.083
[GPU0] epochs: [41/100] train_acc: 0.148 train_loss_sup: 4.232
[GPU0] epochs: [41/100] train_acc: 0.305 train_loss_sup: 3.067
[GPU0] epochs: [41/100] train_acc: 0.247 train_loss_sup: 3.872
[GPU0] epochs: [41/100] train_acc: 0.220 train_loss_sup: 4.145
[GPU0] epochs: [41/100] train_acc: 0.247 train_loss_sup: 3.869
[GPU0] epochs: [41/100] train_acc: 0.319 train_loss_sup: 2.963
[GPU0] epochs: [41/100] train_acc: 0.173 train_loss_sup: 4.058
[GPU0] epochs: [41/100] train_acc: 0.321 train_loss_sup: 2.949
--------------------------------
--------------------------------
[GPU0] epochs: [42/100] train_acc: 0.249 train_loss_sup: 3.778
[GPU0] epochs: [42/100] train_acc: 0.216 train_loss_sup: 4.096
[GPU0] epochs: [42/100] train_acc: 0.249 train_loss_sup: 3.774
[GPU0] epochs: [42/100] train_acc: 0.303 train_loss_sup: 3.082
[GPU0] epochs: [42/100] train_acc: 0.148 train_loss_sup: 4.251
[GPU0] epochs: [42/100] train_acc: 0.306 train_loss_sup: 3.066
[GPU0] epochs: [42/100] train_acc: 0.249 train_loss_sup: 3.860
[GPU0] epochs: [42/100] train_acc: 0.222 train_loss_sup: 4.138
[GPU0] epochs: [42/100] train_acc: 0.249 train_loss_sup: 3.857
[GPU0] epochs: [42/100] train_acc: 0.321 train_loss_sup: 2.959
[GPU0] epochs: [42/100] train_acc: 0.174 train_loss_sup: 4.057
[GPU0] epochs: [42/100] train_acc: 0.324 train_loss_sup: 2.945
--------------------------------
--------------------------------
[GPU0] epochs: [43/100] train_acc: 0.250 train_loss_sup: 3.763
[GPU0] epochs: [43/100] train_acc: 0.217 train_loss_sup: 4.089
[GPU0] epochs: [43/100] train_acc: 0.250 train_loss_sup: 3.760
[GPU0] epochs: [43/100] train_acc: 0.304 train_loss_sup: 3.081
[GPU0] epochs: [43/100] train_acc: 0.148 train_loss_sup: 4.260
[GPU0] epochs: [43/100] train_acc: 0.307 train_loss_sup: 3.063
[GPU0] epochs: [43/100] train_acc: 0.249 train_loss_sup: 3.850
[GPU0] epochs: [43/100] train_acc: 0.223 train_loss_sup: 4.132
[GPU0] epochs: [43/100] train_acc: 0.250 train_loss_sup: 3.846
[GPU0] epochs: [43/100] train_acc: 0.326 train_loss_sup: 2.948
[GPU0] epochs: [43/100] train_acc: 0.176 train_loss_sup: 4.051
[GPU0] epochs: [43/100] train_acc: 0.328 train_loss_sup: 2.933
--------------------------------
--------------------------------
[GPU0] epochs: [44/100] train_acc: 0.251 train_loss_sup: 3.743
[GPU0] epochs: [44/100] train_acc: 0.218 train_loss_sup: 4.077
[GPU0] epochs: [44/100] train_acc: 0.252 train_loss_sup: 3.739
[GPU0] epochs: [44/100] train_acc: 0.305 train_loss_sup: 3.072
[GPU0] epochs: [44/100] train_acc: 0.147 train_loss_sup: 4.260
[GPU0] epochs: [44/100] train_acc: 0.308 train_loss_sup: 3.056
[GPU0] epochs: [44/100] train_acc: 0.252 train_loss_sup: 3.832
[GPU0] epochs: [44/100] train_acc: 0.223 train_loss_sup: 4.121
[GPU0] epochs: [44/100] train_acc: 0.252 train_loss_sup: 3.829
[GPU0] epochs: [44/100] train_acc: 0.324 train_loss_sup: 2.933
[GPU0] epochs: [44/100] train_acc: 0.178 train_loss_sup: 4.045
[GPU0] epochs: [44/100] train_acc: 0.327 train_loss_sup: 2.918
--------------------------------
--------------------------------
[GPU0] epochs: [45/100] train_acc: 0.254 train_loss_sup: 3.729
[GPU0] epochs: [45/100] train_acc: 0.219 train_loss_sup: 4.069
[GPU0] epochs: [45/100] train_acc: 0.254 train_loss_sup: 3.725
[GPU0] epochs: [45/100] train_acc: 0.305 train_loss_sup: 3.084
[GPU0] epochs: [45/100] train_acc: 0.149 train_loss_sup: 4.259
[GPU0] epochs: [45/100] train_acc: 0.308 train_loss_sup: 3.068
[GPU0] epochs: [45/100] train_acc: 0.253 train_loss_sup: 3.823
[GPU0] epochs: [45/100] train_acc: 0.225 train_loss_sup: 4.115
[GPU0] epochs: [45/100] train_acc: 0.253 train_loss_sup: 3.820
[GPU0] epochs: [45/100] train_acc: 0.327 train_loss_sup: 2.935
[GPU0] epochs: [45/100] train_acc: 0.178 train_loss_sup: 4.046
[GPU0] epochs: [45/100] train_acc: 0.329 train_loss_sup: 2.919
--------------------------------
--------------------------------
[GPU0] epochs: [46/100] train_acc: 0.255 train_loss_sup: 3.711
[GPU0] epochs: [46/100] train_acc: 0.220 train_loss_sup: 4.059
[GPU0] epochs: [46/100] train_acc: 0.255 train_loss_sup: 3.708
[GPU0] epochs: [46/100] train_acc: 0.308 train_loss_sup: 3.056
[GPU0] epochs: [46/100] train_acc: 0.151 train_loss_sup: 4.233
[GPU0] epochs: [46/100] train_acc: 0.311 train_loss_sup: 3.041
[GPU0] epochs: [46/100] train_acc: 0.255 train_loss_sup: 3.809
[GPU0] epochs: [46/100] train_acc: 0.226 train_loss_sup: 4.107
[GPU0] epochs: [46/100] train_acc: 0.255 train_loss_sup: 3.806
[GPU0] epochs: [46/100] train_acc: 0.328 train_loss_sup: 2.913
[GPU0] epochs: [46/100] train_acc: 0.181 train_loss_sup: 4.024
[GPU0] epochs: [46/100] train_acc: 0.331 train_loss_sup: 2.898
--------------------------------
--------------------------------
[GPU0] epochs: [47/100] train_acc: 0.257 train_loss_sup: 3.698
[GPU0] epochs: [47/100] train_acc: 0.222 train_loss_sup: 4.052
[GPU0] epochs: [47/100] train_acc: 0.257 train_loss_sup: 3.694
[GPU0] epochs: [47/100] train_acc: 0.307 train_loss_sup: 3.053
[GPU0] epochs: [47/100] train_acc: 0.148 train_loss_sup: 4.248
[GPU0] epochs: [47/100] train_acc: 0.310 train_loss_sup: 3.036
[GPU0] epochs: [47/100] train_acc: 0.259 train_loss_sup: 3.800
[GPU0] epochs: [47/100] train_acc: 0.231 train_loss_sup: 4.101
[GPU0] epochs: [47/100] train_acc: 0.259 train_loss_sup: 3.797
[GPU0] epochs: [47/100] train_acc: 0.331 train_loss_sup: 2.909
[GPU0] epochs: [47/100] train_acc: 0.181 train_loss_sup: 4.014
[GPU0] epochs: [47/100] train_acc: 0.333 train_loss_sup: 2.893
--------------------------------
--------------------------------
[GPU0] epochs: [48/100] train_acc: 0.259 train_loss_sup: 3.681
[GPU0] epochs: [48/100] train_acc: 0.223 train_loss_sup: 4.043
[GPU0] epochs: [48/100] train_acc: 0.259 train_loss_sup: 3.677
[GPU0] epochs: [48/100] train_acc: 0.310 train_loss_sup: 3.040
[GPU0] epochs: [48/100] train_acc: 0.150 train_loss_sup: 4.224
[GPU0] epochs: [48/100] train_acc: 0.313 train_loss_sup: 3.023
[GPU0] epochs: [48/100] train_acc: 0.259 train_loss_sup: 3.787
[GPU0] epochs: [48/100] train_acc: 0.231 train_loss_sup: 4.093
[GPU0] epochs: [48/100] train_acc: 0.259 train_loss_sup: 3.784
[GPU0] epochs: [48/100] train_acc: 0.332 train_loss_sup: 2.892
[GPU0] epochs: [48/100] train_acc: 0.187 train_loss_sup: 4.008
[GPU0] epochs: [48/100] train_acc: 0.334 train_loss_sup: 2.876
--------------------------------
--------------------------------
[GPU0] epochs: [49/100] train_acc: 0.262 train_loss_sup: 3.668
[GPU0] epochs: [49/100] train_acc: 0.226 train_loss_sup: 4.036
[GPU0] epochs: [49/100] train_acc: 0.262 train_loss_sup: 3.663
[GPU0] epochs: [49/100] train_acc: 0.310 train_loss_sup: 3.040
[GPU0] epochs: [49/100] train_acc: 0.147 train_loss_sup: 4.246
[GPU0] epochs: [49/100] train_acc: 0.313 train_loss_sup: 3.024
[GPU0] epochs: [49/100] train_acc: 0.261 train_loss_sup: 3.778
[GPU0] epochs: [49/100] train_acc: 0.234 train_loss_sup: 4.087
[GPU0] epochs: [49/100] train_acc: 0.261 train_loss_sup: 3.774
[GPU0] epochs: [49/100] train_acc: 0.335 train_loss_sup: 2.882
[GPU0] epochs: [49/100] train_acc: 0.186 train_loss_sup: 4.001
[GPU0] epochs: [49/100] train_acc: 0.338 train_loss_sup: 2.867
--------------------------------
--------------------------------
[GPU0] epochs: [50/100] train_acc: 0.263 train_loss_sup: 3.658
[GPU0] epochs: [50/100] train_acc: 0.226 train_loss_sup: 4.033
[GPU0] epochs: [50/100] train_acc: 0.263 train_loss_sup: 3.654
[GPU0] epochs: [50/100] train_acc: 0.312 train_loss_sup: 3.036
[GPU0] epochs: [50/100] train_acc: 0.147 train_loss_sup: 4.236
[GPU0] epochs: [50/100] train_acc: 0.315 train_loss_sup: 3.017
[GPU0] epochs: [50/100] train_acc: 0.262 train_loss_sup: 3.772
[GPU0] epochs: [50/100] train_acc: 0.234 train_loss_sup: 4.085
[GPU0] epochs: [50/100] train_acc: 0.263 train_loss_sup: 3.769
[GPU0] epochs: [50/100] train_acc: 0.337 train_loss_sup: 2.885
[GPU0] epochs: [50/100] train_acc: 0.187 train_loss_sup: 4.001
[GPU0] epochs: [50/100] train_acc: 0.339 train_loss_sup: 2.870
--------------------------------
--------------------------------
[GPU0] Test Accuracy for probe0 at epoch: 50: 0.292
[GPU0] Test Accuracy for probe1 at epoch: 50: 0.251
[GPU0] Test Accuracy for probe2 at epoch: 50: 0.292
[GPU0] Test Accuracy for probe3 at epoch: 50: 0.312
[GPU0] Test Accuracy for probe4 at epoch: 50: 0.114
[GPU0] Test Accuracy for probe5 at epoch: 50: 0.316
[GPU0] Test Accuracy for probe6 at epoch: 50: 0.287
[GPU0] Test Accuracy for probe7 at epoch: 50: 0.254
[GPU0] Test Accuracy for probe8 at epoch: 50: 0.287
[GPU0] Test Accuracy for probe9 at epoch: 50: 0.359
[GPU0] Test Accuracy for probe10 at epoch: 50: 0.185
[GPU0] Test Accuracy for probe11 at epoch: 50: 0.361
--------------------------------
--------------------------------
[GPU0] epochs: [51/100] train_acc: 0.264 train_loss_sup: 3.644
[GPU0] epochs: [51/100] train_acc: 0.226 train_loss_sup: 4.026
[GPU0] epochs: [51/100] train_acc: 0.264 train_loss_sup: 3.640
[GPU0] epochs: [51/100] train_acc: 0.309 train_loss_sup: 3.052
[GPU0] epochs: [51/100] train_acc: 0.150 train_loss_sup: 4.244
[GPU0] epochs: [51/100] train_acc: 0.312 train_loss_sup: 3.035
[GPU0] epochs: [51/100] train_acc: 0.264 train_loss_sup: 3.762
[GPU0] epochs: [51/100] train_acc: 0.236 train_loss_sup: 4.079
[GPU0] epochs: [51/100] train_acc: 0.264 train_loss_sup: 3.759
[GPU0] epochs: [51/100] train_acc: 0.338 train_loss_sup: 2.882
[GPU0] epochs: [51/100] train_acc: 0.188 train_loss_sup: 4.003
[GPU0] epochs: [51/100] train_acc: 0.341 train_loss_sup: 2.867
--------------------------------
--------------------------------
[GPU0] epochs: [52/100] train_acc: 0.264 train_loss_sup: 3.632
[GPU0] epochs: [52/100] train_acc: 0.226 train_loss_sup: 4.020
[GPU0] epochs: [52/100] train_acc: 0.264 train_loss_sup: 3.627
[GPU0] epochs: [52/100] train_acc: 0.309 train_loss_sup: 3.059
[GPU0] epochs: [52/100] train_acc: 0.144 train_loss_sup: 4.281
[GPU0] epochs: [52/100] train_acc: 0.313 train_loss_sup: 3.041
[GPU0] epochs: [52/100] train_acc: 0.264 train_loss_sup: 3.755
[GPU0] epochs: [52/100] train_acc: 0.236 train_loss_sup: 4.075
[GPU0] epochs: [52/100] train_acc: 0.265 train_loss_sup: 3.752
[GPU0] epochs: [52/100] train_acc: 0.337 train_loss_sup: 2.871
[GPU0] epochs: [52/100] train_acc: 0.186 train_loss_sup: 3.997
[GPU0] epochs: [52/100] train_acc: 0.339 train_loss_sup: 2.855
--------------------------------
--------------------------------
[GPU0] epochs: [53/100] train_acc: 0.265 train_loss_sup: 3.615
[GPU0] epochs: [53/100] train_acc: 0.226 train_loss_sup: 4.011
[GPU0] epochs: [53/100] train_acc: 0.265 train_loss_sup: 3.610
[GPU0] epochs: [53/100] train_acc: 0.312 train_loss_sup: 3.034
[GPU0] epochs: [53/100] train_acc: 0.145 train_loss_sup: 4.273
[GPU0] epochs: [53/100] train_acc: 0.316 train_loss_sup: 3.016
[GPU0] epochs: [53/100] train_acc: 0.267 train_loss_sup: 3.742
[GPU0] epochs: [53/100] train_acc: 0.239 train_loss_sup: 4.067
[GPU0] epochs: [53/100] train_acc: 0.267 train_loss_sup: 3.738
[GPU0] epochs: [53/100] train_acc: 0.340 train_loss_sup: 2.853
[GPU0] epochs: [53/100] train_acc: 0.190 train_loss_sup: 3.982
[GPU0] epochs: [53/100] train_acc: 0.343 train_loss_sup: 2.838
--------------------------------
--------------------------------
[GPU0] epochs: [54/100] train_acc: 0.270 train_loss_sup: 3.605
[GPU0] epochs: [54/100] train_acc: 0.230 train_loss_sup: 4.006
[GPU0] epochs: [54/100] train_acc: 0.270 train_loss_sup: 3.600
[GPU0] epochs: [54/100] train_acc: 0.315 train_loss_sup: 3.013
[GPU0] epochs: [54/100] train_acc: 0.147 train_loss_sup: 4.246
[GPU0] epochs: [54/100] train_acc: 0.319 train_loss_sup: 2.995
[GPU0] epochs: [54/100] train_acc: 0.269 train_loss_sup: 3.736
[GPU0] epochs: [54/100] train_acc: 0.240 train_loss_sup: 4.063
[GPU0] epochs: [54/100] train_acc: 0.270 train_loss_sup: 3.732
[GPU0] epochs: [54/100] train_acc: 0.344 train_loss_sup: 2.847
[GPU0] epochs: [54/100] train_acc: 0.194 train_loss_sup: 3.975
[GPU0] epochs: [54/100] train_acc: 0.346 train_loss_sup: 2.832
--------------------------------
--------------------------------
[GPU0] epochs: [55/100] train_acc: 0.269 train_loss_sup: 3.591
[GPU0] epochs: [55/100] train_acc: 0.230 train_loss_sup: 3.999
[GPU0] epochs: [55/100] train_acc: 0.270 train_loss_sup: 3.587
[GPU0] epochs: [55/100] train_acc: 0.315 train_loss_sup: 3.022
[GPU0] epochs: [55/100] train_acc: 0.147 train_loss_sup: 4.253
[GPU0] epochs: [55/100] train_acc: 0.319 train_loss_sup: 3.004
[GPU0] epochs: [55/100] train_acc: 0.269 train_loss_sup: 3.727
[GPU0] epochs: [55/100] train_acc: 0.240 train_loss_sup: 4.058
[GPU0] epochs: [55/100] train_acc: 0.270 train_loss_sup: 3.724
[GPU0] epochs: [55/100] train_acc: 0.345 train_loss_sup: 2.837
[GPU0] epochs: [55/100] train_acc: 0.197 train_loss_sup: 3.966
[GPU0] epochs: [55/100] train_acc: 0.347 train_loss_sup: 2.821
--------------------------------
--------------------------------
[GPU0] epochs: [56/100] train_acc: 0.270 train_loss_sup: 3.581
[GPU0] epochs: [56/100] train_acc: 0.228 train_loss_sup: 3.996
[GPU0] epochs: [56/100] train_acc: 0.271 train_loss_sup: 3.576
[GPU0] epochs: [56/100] train_acc: 0.315 train_loss_sup: 3.025
[GPU0] epochs: [56/100] train_acc: 0.146 train_loss_sup: 4.275
[GPU0] epochs: [56/100] train_acc: 0.318 train_loss_sup: 3.006
[GPU0] epochs: [56/100] train_acc: 0.271 train_loss_sup: 3.720
[GPU0] epochs: [56/100] train_acc: 0.242 train_loss_sup: 4.054
[GPU0] epochs: [56/100] train_acc: 0.271 train_loss_sup: 3.717
[GPU0] epochs: [56/100] train_acc: 0.345 train_loss_sup: 2.833
[GPU0] epochs: [56/100] train_acc: 0.199 train_loss_sup: 3.959
[GPU0] epochs: [56/100] train_acc: 0.348 train_loss_sup: 2.817
--------------------------------
--------------------------------
[GPU0] epochs: [57/100] train_acc: 0.272 train_loss_sup: 3.566
[GPU0] epochs: [57/100] train_acc: 0.231 train_loss_sup: 3.987
[GPU0] epochs: [57/100] train_acc: 0.272 train_loss_sup: 3.561
[GPU0] epochs: [57/100] train_acc: 0.315 train_loss_sup: 3.021
[GPU0] epochs: [57/100] train_acc: 0.145 train_loss_sup: 4.271
[GPU0] epochs: [57/100] train_acc: 0.318 train_loss_sup: 3.002
[GPU0] epochs: [57/100] train_acc: 0.273 train_loss_sup: 3.712
[GPU0] epochs: [57/100] train_acc: 0.244 train_loss_sup: 4.050
[GPU0] epochs: [57/100] train_acc: 0.273 train_loss_sup: 3.709
[GPU0] epochs: [57/100] train_acc: 0.349 train_loss_sup: 2.816
[GPU0] epochs: [57/100] train_acc: 0.201 train_loss_sup: 3.950
[GPU0] epochs: [57/100] train_acc: 0.351 train_loss_sup: 2.800
--------------------------------
--------------------------------
[GPU0] epochs: [58/100] train_acc: 0.274 train_loss_sup: 3.554
[GPU0] epochs: [58/100] train_acc: 0.234 train_loss_sup: 3.981
[GPU0] epochs: [58/100] train_acc: 0.275 train_loss_sup: 3.549
[GPU0] epochs: [58/100] train_acc: 0.321 train_loss_sup: 2.983
[GPU0] epochs: [58/100] train_acc: 0.150 train_loss_sup: 4.224
[GPU0] epochs: [58/100] train_acc: 0.324 train_loss_sup: 2.964
[GPU0] epochs: [58/100] train_acc: 0.274 train_loss_sup: 3.704
[GPU0] epochs: [58/100] train_acc: 0.245 train_loss_sup: 4.045
[GPU0] epochs: [58/100] train_acc: 0.275 train_loss_sup: 3.700
[GPU0] epochs: [58/100] train_acc: 0.351 train_loss_sup: 2.807
[GPU0] epochs: [58/100] train_acc: 0.204 train_loss_sup: 3.940
[GPU0] epochs: [58/100] train_acc: 0.353 train_loss_sup: 2.792
--------------------------------
--------------------------------
[GPU0] epochs: [59/100] train_acc: 0.273 train_loss_sup: 3.547
[GPU0] epochs: [59/100] train_acc: 0.231 train_loss_sup: 3.979
[GPU0] epochs: [59/100] train_acc: 0.273 train_loss_sup: 3.542
[GPU0] epochs: [59/100] train_acc: 0.321 train_loss_sup: 2.990
[GPU0] epochs: [59/100] train_acc: 0.150 train_loss_sup: 4.223
[GPU0] epochs: [59/100] train_acc: 0.325 train_loss_sup: 2.972
[GPU0] epochs: [59/100] train_acc: 0.272 train_loss_sup: 3.701
[GPU0] epochs: [59/100] train_acc: 0.243 train_loss_sup: 4.043
[GPU0] epochs: [59/100] train_acc: 0.273 train_loss_sup: 3.697
[GPU0] epochs: [59/100] train_acc: 0.352 train_loss_sup: 2.810
[GPU0] epochs: [59/100] train_acc: 0.204 train_loss_sup: 3.937
[GPU0] epochs: [59/100] train_acc: 0.354 train_loss_sup: 2.794
--------------------------------
--------------------------------
[GPU0] epochs: [60/100] train_acc: 0.274 train_loss_sup: 3.534
[GPU0] epochs: [60/100] train_acc: 0.232 train_loss_sup: 3.973
[GPU0] epochs: [60/100] train_acc: 0.275 train_loss_sup: 3.529
[GPU0] epochs: [60/100] train_acc: 0.316 train_loss_sup: 2.999
[GPU0] epochs: [60/100] train_acc: 0.151 train_loss_sup: 4.226
[GPU0] epochs: [60/100] train_acc: 0.320 train_loss_sup: 2.981
[GPU0] epochs: [60/100] train_acc: 0.274 train_loss_sup: 3.694
[GPU0] epochs: [60/100] train_acc: 0.245 train_loss_sup: 4.039
[GPU0] epochs: [60/100] train_acc: 0.274 train_loss_sup: 3.690
[GPU0] epochs: [60/100] train_acc: 0.353 train_loss_sup: 2.800
[GPU0] epochs: [60/100] train_acc: 0.205 train_loss_sup: 3.934
[GPU0] epochs: [60/100] train_acc: 0.355 train_loss_sup: 2.784
--------------------------------
--------------------------------
[GPU0] Test Accuracy for probe0 at epoch: 60: 0.29
[GPU0] Test Accuracy for probe1 at epoch: 60: 0.24
[GPU0] Test Accuracy for probe2 at epoch: 60: 0.29
[GPU0] Test Accuracy for probe3 at epoch: 60: 0.33
[GPU0] Test Accuracy for probe4 at epoch: 60: 0.134
[GPU0] Test Accuracy for probe5 at epoch: 60: 0.332
[GPU0] Test Accuracy for probe6 at epoch: 60: 0.293
[GPU0] Test Accuracy for probe7 at epoch: 60: 0.262
[GPU0] Test Accuracy for probe8 at epoch: 60: 0.294
[GPU0] Test Accuracy for probe9 at epoch: 60: 0.385
[GPU0] Test Accuracy for probe10 at epoch: 60: 0.219
[GPU0] Test Accuracy for probe11 at epoch: 60: 0.387
--------------------------------
--------------------------------
[GPU0] epochs: [61/100] train_acc: 0.277 train_loss_sup: 3.521
[GPU0] epochs: [61/100] train_acc: 0.234 train_loss_sup: 3.968
[GPU0] epochs: [61/100] train_acc: 0.277 train_loss_sup: 3.516
[GPU0] epochs: [61/100] train_acc: 0.319 train_loss_sup: 2.992
[GPU0] epochs: [61/100] train_acc: 0.149 train_loss_sup: 4.246
[GPU0] epochs: [61/100] train_acc: 0.324 train_loss_sup: 2.972
[GPU0] epochs: [61/100] train_acc: 0.276 train_loss_sup: 3.686
[GPU0] epochs: [61/100] train_acc: 0.247 train_loss_sup: 4.034
[GPU0] epochs: [61/100] train_acc: 0.277 train_loss_sup: 3.682
[GPU0] epochs: [61/100] train_acc: 0.358 train_loss_sup: 2.786
[GPU0] epochs: [61/100] train_acc: 0.208 train_loss_sup: 3.922
[GPU0] epochs: [61/100] train_acc: 0.360 train_loss_sup: 2.770
--------------------------------
--------------------------------
[GPU0] epochs: [62/100] train_acc: 0.277 train_loss_sup: 3.513
[GPU0] epochs: [62/100] train_acc: 0.235 train_loss_sup: 3.964
[GPU0] epochs: [62/100] train_acc: 0.278 train_loss_sup: 3.508
[GPU0] epochs: [62/100] train_acc: 0.320 train_loss_sup: 2.980
[GPU0] epochs: [62/100] train_acc: 0.149 train_loss_sup: 4.244
[GPU0] epochs: [62/100] train_acc: 0.324 train_loss_sup: 2.960
[GPU0] epochs: [62/100] train_acc: 0.278 train_loss_sup: 3.681
[GPU0] epochs: [62/100] train_acc: 0.249 train_loss_sup: 4.031
[GPU0] epochs: [62/100] train_acc: 0.278 train_loss_sup: 3.677
[GPU0] epochs: [62/100] train_acc: 0.357 train_loss_sup: 2.786
[GPU0] epochs: [62/100] train_acc: 0.212 train_loss_sup: 3.916
[GPU0] epochs: [62/100] train_acc: 0.359 train_loss_sup: 2.770
--------------------------------
--------------------------------
[GPU0] epochs: [63/100] train_acc: 0.278 train_loss_sup: 3.503
[GPU0] epochs: [63/100] train_acc: 0.235 train_loss_sup: 3.960
[GPU0] epochs: [63/100] train_acc: 0.279 train_loss_sup: 3.498
[GPU0] epochs: [63/100] train_acc: 0.321 train_loss_sup: 2.989
[GPU0] epochs: [63/100] train_acc: 0.146 train_loss_sup: 4.256
[GPU0] epochs: [63/100] train_acc: 0.325 train_loss_sup: 2.969
[GPU0] epochs: [63/100] train_acc: 0.278 train_loss_sup: 3.677
[GPU0] epochs: [63/100] train_acc: 0.249 train_loss_sup: 4.030
[GPU0] epochs: [63/100] train_acc: 0.278 train_loss_sup: 3.673
[GPU0] epochs: [63/100] train_acc: 0.359 train_loss_sup: 2.777
[GPU0] epochs: [63/100] train_acc: 0.212 train_loss_sup: 3.914
[GPU0] epochs: [63/100] train_acc: 0.361 train_loss_sup: 2.761
--------------------------------
--------------------------------
[GPU0] epochs: [64/100] train_acc: 0.280 train_loss_sup: 3.490
[GPU0] epochs: [64/100] train_acc: 0.236 train_loss_sup: 3.954
[GPU0] epochs: [64/100] train_acc: 0.281 train_loss_sup: 3.485
[GPU0] epochs: [64/100] train_acc: 0.322 train_loss_sup: 2.970
[GPU0] epochs: [64/100] train_acc: 0.150 train_loss_sup: 4.234
[GPU0] epochs: [64/100] train_acc: 0.326 train_loss_sup: 2.950
[GPU0] epochs: [64/100] train_acc: 0.279 train_loss_sup: 3.670
[GPU0] epochs: [64/100] train_acc: 0.251 train_loss_sup: 4.024
[GPU0] epochs: [64/100] train_acc: 0.279 train_loss_sup: 3.666
[GPU0] epochs: [64/100] train_acc: 0.362 train_loss_sup: 2.768
[GPU0] epochs: [64/100] train_acc: 0.217 train_loss_sup: 3.904
[GPU0] epochs: [64/100] train_acc: 0.364 train_loss_sup: 2.751
--------------------------------
--------------------------------
[GPU0] epochs: [65/100] train_acc: 0.279 train_loss_sup: 3.490
[GPU0] epochs: [65/100] train_acc: 0.233 train_loss_sup: 3.957
[GPU0] epochs: [65/100] train_acc: 0.279 train_loss_sup: 3.484
[GPU0] epochs: [65/100] train_acc: 0.319 train_loss_sup: 2.993
[GPU0] epochs: [65/100] train_acc: 0.146 train_loss_sup: 4.254
[GPU0] epochs: [65/100] train_acc: 0.322 train_loss_sup: 2.974
[GPU0] epochs: [65/100] train_acc: 0.279 train_loss_sup: 3.671
[GPU0] epochs: [65/100] train_acc: 0.251 train_loss_sup: 4.027
[GPU0] epochs: [65/100] train_acc: 0.280 train_loss_sup: 3.667
[GPU0] epochs: [65/100] train_acc: 0.358 train_loss_sup: 2.776
[GPU0] epochs: [65/100] train_acc: 0.213 train_loss_sup: 3.907
[GPU0] epochs: [65/100] train_acc: 0.361 train_loss_sup: 2.760
--------------------------------
--------------------------------
[GPU0] epochs: [66/100] train_acc: 0.280 train_loss_sup: 3.475
[GPU0] epochs: [66/100] train_acc: 0.235 train_loss_sup: 3.949
[GPU0] epochs: [66/100] train_acc: 0.281 train_loss_sup: 3.470
[GPU0] epochs: [66/100] train_acc: 0.322 train_loss_sup: 2.978
[GPU0] epochs: [66/100] train_acc: 0.149 train_loss_sup: 4.230
[GPU0] epochs: [66/100] train_acc: 0.326 train_loss_sup: 2.958
[GPU0] epochs: [66/100] train_acc: 0.280 train_loss_sup: 3.663
[GPU0] epochs: [66/100] train_acc: 0.252 train_loss_sup: 4.022
[GPU0] epochs: [66/100] train_acc: 0.281 train_loss_sup: 3.659
[GPU0] epochs: [66/100] train_acc: 0.361 train_loss_sup: 2.766
[GPU0] epochs: [66/100] train_acc: 0.219 train_loss_sup: 3.899
[GPU0] epochs: [66/100] train_acc: 0.363 train_loss_sup: 2.750
--------------------------------
--------------------------------
[GPU0] epochs: [67/100] train_acc: 0.283 train_loss_sup: 3.467
[GPU0] epochs: [67/100] train_acc: 0.238 train_loss_sup: 3.947
[GPU0] epochs: [67/100] train_acc: 0.283 train_loss_sup: 3.461
[GPU0] epochs: [67/100] train_acc: 0.323 train_loss_sup: 2.980
[GPU0] epochs: [67/100] train_acc: 0.149 train_loss_sup: 4.247
[GPU0] epochs: [67/100] train_acc: 0.327 train_loss_sup: 2.961
[GPU0] epochs: [67/100] train_acc: 0.283 train_loss_sup: 3.660
[GPU0] epochs: [67/100] train_acc: 0.256 train_loss_sup: 4.020
[GPU0] epochs: [67/100] train_acc: 0.283 train_loss_sup: 3.656
[GPU0] epochs: [67/100] train_acc: 0.365 train_loss_sup: 2.758
[GPU0] epochs: [67/100] train_acc: 0.223 train_loss_sup: 3.892
[GPU0] epochs: [67/100] train_acc: 0.367 train_loss_sup: 2.742
--------------------------------
--------------------------------
[GPU0] epochs: [68/100] train_acc: 0.285 train_loss_sup: 3.453
[GPU0] epochs: [68/100] train_acc: 0.239 train_loss_sup: 3.939
[GPU0] epochs: [68/100] train_acc: 0.285 train_loss_sup: 3.448
[GPU0] epochs: [68/100] train_acc: 0.324 train_loss_sup: 2.971
[GPU0] epochs: [68/100] train_acc: 0.149 train_loss_sup: 4.238
[GPU0] epochs: [68/100] train_acc: 0.329 train_loss_sup: 2.951
[GPU0] epochs: [68/100] train_acc: 0.284 train_loss_sup: 3.652
[GPU0] epochs: [68/100] train_acc: 0.256 train_loss_sup: 4.015
[GPU0] epochs: [68/100] train_acc: 0.284 train_loss_sup: 3.648
[GPU0] epochs: [68/100] train_acc: 0.366 train_loss_sup: 2.748
[GPU0] epochs: [68/100] train_acc: 0.223 train_loss_sup: 3.885
[GPU0] epochs: [68/100] train_acc: 0.368 train_loss_sup: 2.732
--------------------------------
--------------------------------
[GPU0] epochs: [69/100] train_acc: 0.287 train_loss_sup: 3.446
[GPU0] epochs: [69/100] train_acc: 0.239 train_loss_sup: 3.937
[GPU0] epochs: [69/100] train_acc: 0.287 train_loss_sup: 3.440
[GPU0] epochs: [69/100] train_acc: 0.323 train_loss_sup: 2.975
[GPU0] epochs: [69/100] train_acc: 0.148 train_loss_sup: 4.246
[GPU0] epochs: [69/100] train_acc: 0.327 train_loss_sup: 2.954
[GPU0] epochs: [69/100] train_acc: 0.284 train_loss_sup: 3.649
[GPU0] epochs: [69/100] train_acc: 0.257 train_loss_sup: 4.013
[GPU0] epochs: [69/100] train_acc: 0.285 train_loss_sup: 3.645
[GPU0] epochs: [69/100] train_acc: 0.369 train_loss_sup: 2.740
[GPU0] epochs: [69/100] train_acc: 0.226 train_loss_sup: 3.877
[GPU0] epochs: [69/100] train_acc: 0.370 train_loss_sup: 2.724
--------------------------------
--------------------------------
[GPU0] epochs: [70/100] train_acc: 0.287 train_loss_sup: 3.437
[GPU0] epochs: [70/100] train_acc: 0.238 train_loss_sup: 3.934
[GPU0] epochs: [70/100] train_acc: 0.288 train_loss_sup: 3.431
[GPU0] epochs: [70/100] train_acc: 0.323 train_loss_sup: 2.974
[GPU0] epochs: [70/100] train_acc: 0.148 train_loss_sup: 4.257
[GPU0] epochs: [70/100] train_acc: 0.327 train_loss_sup: 2.953
[GPU0] epochs: [70/100] train_acc: 0.285 train_loss_sup: 3.646
[GPU0] epochs: [70/100] train_acc: 0.257 train_loss_sup: 4.011
[GPU0] epochs: [70/100] train_acc: 0.285 train_loss_sup: 3.642
[GPU0] epochs: [70/100] train_acc: 0.369 train_loss_sup: 2.737
[GPU0] epochs: [70/100] train_acc: 0.230 train_loss_sup: 3.874
[GPU0] epochs: [70/100] train_acc: 0.371 train_loss_sup: 2.720
--------------------------------
--------------------------------
[GPU0] Test Accuracy for probe0 at epoch: 70: 0.31
[GPU0] Test Accuracy for probe1 at epoch: 70: 0.263
[GPU0] Test Accuracy for probe2 at epoch: 70: 0.311
[GPU0] Test Accuracy for probe3 at epoch: 70: 0.347
[GPU0] Test Accuracy for probe4 at epoch: 70: 0.138
[GPU0] Test Accuracy for probe5 at epoch: 70: 0.351
[GPU0] Test Accuracy for probe6 at epoch: 70: 0.3
[GPU0] Test Accuracy for probe7 at epoch: 70: 0.272
[GPU0] Test Accuracy for probe8 at epoch: 70: 0.301
[GPU0] Test Accuracy for probe9 at epoch: 70: 0.395
[GPU0] Test Accuracy for probe10 at epoch: 70: 0.262
[GPU0] Test Accuracy for probe11 at epoch: 70: 0.397
--------------------------------
--------------------------------
[GPU0] epochs: [71/100] train_acc: 0.287 train_loss_sup: 3.429
[GPU0] epochs: [71/100] train_acc: 0.240 train_loss_sup: 3.930
[GPU0] epochs: [71/100] train_acc: 0.287 train_loss_sup: 3.423
[GPU0] epochs: [71/100] train_acc: 0.325 train_loss_sup: 2.972
[GPU0] epochs: [71/100] train_acc: 0.149 train_loss_sup: 4.236
[GPU0] epochs: [71/100] train_acc: 0.329 train_loss_sup: 2.952
[GPU0] epochs: [71/100] train_acc: 0.286 train_loss_sup: 3.643
[GPU0] epochs: [71/100] train_acc: 0.258 train_loss_sup: 4.009
[GPU0] epochs: [71/100] train_acc: 0.286 train_loss_sup: 3.639
[GPU0] epochs: [71/100] train_acc: 0.371 train_loss_sup: 2.737
[GPU0] epochs: [71/100] train_acc: 0.233 train_loss_sup: 3.870
[GPU0] epochs: [71/100] train_acc: 0.373 train_loss_sup: 2.721
--------------------------------
--------------------------------
[GPU0] epochs: [72/100] train_acc: 0.290 train_loss_sup: 3.419
[GPU0] epochs: [72/100] train_acc: 0.242 train_loss_sup: 3.927
[GPU0] epochs: [72/100] train_acc: 0.290 train_loss_sup: 3.414
[GPU0] epochs: [72/100] train_acc: 0.324 train_loss_sup: 2.961
[GPU0] epochs: [72/100] train_acc: 0.149 train_loss_sup: 4.234
[GPU0] epochs: [72/100] train_acc: 0.329 train_loss_sup: 2.941
[GPU0] epochs: [72/100] train_acc: 0.288 train_loss_sup: 3.638
[GPU0] epochs: [72/100] train_acc: 0.261 train_loss_sup: 4.006
[GPU0] epochs: [72/100] train_acc: 0.289 train_loss_sup: 3.633
[GPU0] epochs: [72/100] train_acc: 0.372 train_loss_sup: 2.728
[GPU0] epochs: [72/100] train_acc: 0.236 train_loss_sup: 3.864
[GPU0] epochs: [72/100] train_acc: 0.374 train_loss_sup: 2.711
--------------------------------
--------------------------------
[GPU0] epochs: [73/100] train_acc: 0.288 train_loss_sup: 3.415
[GPU0] epochs: [73/100] train_acc: 0.242 train_loss_sup: 3.927
[GPU0] epochs: [73/100] train_acc: 0.289 train_loss_sup: 3.409
[GPU0] epochs: [73/100] train_acc: 0.325 train_loss_sup: 2.964
[GPU0] epochs: [73/100] train_acc: 0.148 train_loss_sup: 4.252
[GPU0] epochs: [73/100] train_acc: 0.330 train_loss_sup: 2.944
[GPU0] epochs: [73/100] train_acc: 0.287 train_loss_sup: 3.638
[GPU0] epochs: [73/100] train_acc: 0.260 train_loss_sup: 4.007
[GPU0] epochs: [73/100] train_acc: 0.287 train_loss_sup: 3.634
[GPU0] epochs: [73/100] train_acc: 0.372 train_loss_sup: 2.728
[GPU0] epochs: [73/100] train_acc: 0.238 train_loss_sup: 3.863
[GPU0] epochs: [73/100] train_acc: 0.373 train_loss_sup: 2.712
--------------------------------
--------------------------------
[GPU0] epochs: [74/100] train_acc: 0.290 train_loss_sup: 3.404
[GPU0] epochs: [74/100] train_acc: 0.241 train_loss_sup: 3.922
[GPU0] epochs: [74/100] train_acc: 0.290 train_loss_sup: 3.398
[GPU0] epochs: [74/100] train_acc: 0.325 train_loss_sup: 2.949
[GPU0] epochs: [74/100] train_acc: 0.145 train_loss_sup: 4.248
[GPU0] epochs: [74/100] train_acc: 0.330 train_loss_sup: 2.927
[GPU0] epochs: [74/100] train_acc: 0.288 train_loss_sup: 3.634
[GPU0] epochs: [74/100] train_acc: 0.259 train_loss_sup: 4.004
[GPU0] epochs: [74/100] train_acc: 0.288 train_loss_sup: 3.630
[GPU0] epochs: [74/100] train_acc: 0.374 train_loss_sup: 2.719
[GPU0] epochs: [74/100] train_acc: 0.240 train_loss_sup: 3.857
[GPU0] epochs: [74/100] train_acc: 0.376 train_loss_sup: 2.702
--------------------------------
--------------------------------
[GPU0] epochs: [75/100] train_acc: 0.290 train_loss_sup: 3.398
[GPU0] epochs: [75/100] train_acc: 0.241 train_loss_sup: 3.920
[GPU0] epochs: [75/100] train_acc: 0.291 train_loss_sup: 3.392
[GPU0] epochs: [75/100] train_acc: 0.329 train_loss_sup: 2.951
[GPU0] epochs: [75/100] train_acc: 0.153 train_loss_sup: 4.223
[GPU0] epochs: [75/100] train_acc: 0.334 train_loss_sup: 2.931
[GPU0] epochs: [75/100] train_acc: 0.288 train_loss_sup: 3.633
[GPU0] epochs: [75/100] train_acc: 0.261 train_loss_sup: 4.004
[GPU0] epochs: [75/100] train_acc: 0.289 train_loss_sup: 3.629
[GPU0] epochs: [75/100] train_acc: 0.374 train_loss_sup: 2.720
[GPU0] epochs: [75/100] train_acc: 0.243 train_loss_sup: 3.853
[GPU0] epochs: [75/100] train_acc: 0.376 train_loss_sup: 2.704
--------------------------------
--------------------------------
[GPU0] epochs: [76/100] train_acc: 0.291 train_loss_sup: 3.393
[GPU0] epochs: [76/100] train_acc: 0.240 train_loss_sup: 3.919
[GPU0] epochs: [76/100] train_acc: 0.291 train_loss_sup: 3.387
[GPU0] epochs: [76/100] train_acc: 0.326 train_loss_sup: 2.961
[GPU0] epochs: [76/100] train_acc: 0.147 train_loss_sup: 4.249
[GPU0] epochs: [76/100] train_acc: 0.331 train_loss_sup: 2.940
[GPU0] epochs: [76/100] train_acc: 0.288 train_loss_sup: 3.631
[GPU0] epochs: [76/100] train_acc: 0.262 train_loss_sup: 4.003
[GPU0] epochs: [76/100] train_acc: 0.289 train_loss_sup: 3.627
[GPU0] epochs: [76/100] train_acc: 0.374 train_loss_sup: 2.719
[GPU0] epochs: [76/100] train_acc: 0.243 train_loss_sup: 3.851
[GPU0] epochs: [76/100] train_acc: 0.376 train_loss_sup: 2.702
--------------------------------
--------------------------------
[GPU0] epochs: [77/100] train_acc: 0.295 train_loss_sup: 3.381
[GPU0] epochs: [77/100] train_acc: 0.246 train_loss_sup: 3.913
[GPU0] epochs: [77/100] train_acc: 0.296 train_loss_sup: 3.375
[GPU0] epochs: [77/100] train_acc: 0.328 train_loss_sup: 2.959
[GPU0] epochs: [77/100] train_acc: 0.148 train_loss_sup: 4.253
[GPU0] epochs: [77/100] train_acc: 0.332 train_loss_sup: 2.940
[GPU0] epochs: [77/100] train_acc: 0.292 train_loss_sup: 3.627
[GPU0] epochs: [77/100] train_acc: 0.266 train_loss_sup: 4.000
[GPU0] epochs: [77/100] train_acc: 0.292 train_loss_sup: 3.623
[GPU0] epochs: [77/100] train_acc: 0.378 train_loss_sup: 2.708
[GPU0] epochs: [77/100] train_acc: 0.253 train_loss_sup: 3.843
[GPU0] epochs: [77/100] train_acc: 0.379 train_loss_sup: 2.692
--------------------------------
--------------------------------
[GPU0] epochs: [78/100] train_acc: 0.293 train_loss_sup: 3.375
[GPU0] epochs: [78/100] train_acc: 0.243 train_loss_sup: 3.912
[GPU0] epochs: [78/100] train_acc: 0.294 train_loss_sup: 3.369
[GPU0] epochs: [78/100] train_acc: 0.329 train_loss_sup: 2.944
[GPU0] epochs: [78/100] train_acc: 0.148 train_loss_sup: 4.237
[GPU0] epochs: [78/100] train_acc: 0.334 train_loss_sup: 2.923
[GPU0] epochs: [78/100] train_acc: 0.290 train_loss_sup: 3.626
[GPU0] epochs: [78/100] train_acc: 0.264 train_loss_sup: 4.000
[GPU0] epochs: [78/100] train_acc: 0.290 train_loss_sup: 3.622
[GPU0] epochs: [78/100] train_acc: 0.380 train_loss_sup: 2.707
[GPU0] epochs: [78/100] train_acc: 0.252 train_loss_sup: 3.841
[GPU0] epochs: [78/100] train_acc: 0.382 train_loss_sup: 2.691
--------------------------------
--------------------------------
[GPU0] epochs: [79/100] train_acc: 0.294 train_loss_sup: 3.366
[GPU0] epochs: [79/100] train_acc: 0.242 train_loss_sup: 3.909
[GPU0] epochs: [79/100] train_acc: 0.295 train_loss_sup: 3.360
[GPU0] epochs: [79/100] train_acc: 0.327 train_loss_sup: 2.944
[GPU0] epochs: [79/100] train_acc: 0.149 train_loss_sup: 4.235
[GPU0] epochs: [79/100] train_acc: 0.332 train_loss_sup: 2.921
[GPU0] epochs: [79/100] train_acc: 0.291 train_loss_sup: 3.623
[GPU0] epochs: [79/100] train_acc: 0.266 train_loss_sup: 3.998
[GPU0] epochs: [79/100] train_acc: 0.291 train_loss_sup: 3.618
[GPU0] epochs: [79/100] train_acc: 0.381 train_loss_sup: 2.699
[GPU0] epochs: [79/100] train_acc: 0.253 train_loss_sup: 3.837
[GPU0] epochs: [79/100] train_acc: 0.382 train_loss_sup: 2.683
--------------------------------
--------------------------------
[GPU0] epochs: [80/100] train_acc: 0.296 train_loss_sup: 3.358
[GPU0] epochs: [80/100] train_acc: 0.243 train_loss_sup: 3.906
[GPU0] epochs: [80/100] train_acc: 0.297 train_loss_sup: 3.352
[GPU0] epochs: [80/100] train_acc: 0.331 train_loss_sup: 2.929
[GPU0] epochs: [80/100] train_acc: 0.148 train_loss_sup: 4.242
[GPU0] epochs: [80/100] train_acc: 0.336 train_loss_sup: 2.906
[GPU0] epochs: [80/100] train_acc: 0.293 train_loss_sup: 3.618
[GPU0] epochs: [80/100] train_acc: 0.267 train_loss_sup: 3.995
[GPU0] epochs: [80/100] train_acc: 0.293 train_loss_sup: 3.614
[GPU0] epochs: [80/100] train_acc: 0.381 train_loss_sup: 2.694
[GPU0] epochs: [80/100] train_acc: 0.256 train_loss_sup: 3.832
[GPU0] epochs: [80/100] train_acc: 0.382 train_loss_sup: 2.678
--------------------------------
--------------------------------
[GPU0] Test Accuracy for probe0 at epoch: 80: 0.314
[GPU0] Test Accuracy for probe1 at epoch: 80: 0.263
[GPU0] Test Accuracy for probe2 at epoch: 80: 0.315
[GPU0] Test Accuracy for probe3 at epoch: 80: 0.341
[GPU0] Test Accuracy for probe4 at epoch: 80: 0.156
[GPU0] Test Accuracy for probe5 at epoch: 80: 0.348
[GPU0] Test Accuracy for probe6 at epoch: 80: 0.306
[GPU0] Test Accuracy for probe7 at epoch: 80: 0.28
[GPU0] Test Accuracy for probe8 at epoch: 80: 0.306
[GPU0] Test Accuracy for probe9 at epoch: 80: 0.404
[GPU0] Test Accuracy for probe10 at epoch: 80: 0.28
[GPU0] Test Accuracy for probe11 at epoch: 80: 0.404
--------------------------------
--------------------------------
[GPU0] epochs: [81/100] train_acc: 0.296 train_loss_sup: 3.353
[GPU0] epochs: [81/100] train_acc: 0.243 train_loss_sup: 3.905
[GPU0] epochs: [81/100] train_acc: 0.296 train_loss_sup: 3.347
[GPU0] epochs: [81/100] train_acc: 0.327 train_loss_sup: 2.945
[GPU0] epochs: [81/100] train_acc: 0.147 train_loss_sup: 4.242
[GPU0] epochs: [81/100] train_acc: 0.332 train_loss_sup: 2.924
[GPU0] epochs: [81/100] train_acc: 0.293 train_loss_sup: 3.620
[GPU0] epochs: [81/100] train_acc: 0.268 train_loss_sup: 3.996
[GPU0] epochs: [81/100] train_acc: 0.294 train_loss_sup: 3.616
[GPU0] epochs: [81/100] train_acc: 0.382 train_loss_sup: 2.695
[GPU0] epochs: [81/100] train_acc: 0.259 train_loss_sup: 3.830
[GPU0] epochs: [81/100] train_acc: 0.383 train_loss_sup: 2.679
--------------------------------
--------------------------------
[GPU0] epochs: [82/100] train_acc: 0.298 train_loss_sup: 3.345
[GPU0] epochs: [82/100] train_acc: 0.245 train_loss_sup: 3.902
[GPU0] epochs: [82/100] train_acc: 0.298 train_loss_sup: 3.339
[GPU0] epochs: [82/100] train_acc: 0.330 train_loss_sup: 2.934
[GPU0] epochs: [82/100] train_acc: 0.150 train_loss_sup: 4.235
[GPU0] epochs: [82/100] train_acc: 0.335 train_loss_sup: 2.913
[GPU0] epochs: [82/100] train_acc: 0.294 train_loss_sup: 3.618
[GPU0] epochs: [82/100] train_acc: 0.269 train_loss_sup: 3.995
[GPU0] epochs: [82/100] train_acc: 0.294 train_loss_sup: 3.613
[GPU0] epochs: [82/100] train_acc: 0.382 train_loss_sup: 2.691
[GPU0] epochs: [82/100] train_acc: 0.263 train_loss_sup: 3.826
[GPU0] epochs: [82/100] train_acc: 0.384 train_loss_sup: 2.675
--------------------------------
--------------------------------
[GPU0] epochs: [83/100] train_acc: 0.298 train_loss_sup: 3.340
[GPU0] epochs: [83/100] train_acc: 0.246 train_loss_sup: 3.901
[GPU0] epochs: [83/100] train_acc: 0.299 train_loss_sup: 3.334
[GPU0] epochs: [83/100] train_acc: 0.330 train_loss_sup: 2.938
[GPU0] epochs: [83/100] train_acc: 0.148 train_loss_sup: 4.253
[GPU0] epochs: [83/100] train_acc: 0.335 train_loss_sup: 2.916
[GPU0] epochs: [83/100] train_acc: 0.293 train_loss_sup: 3.618
[GPU0] epochs: [83/100] train_acc: 0.268 train_loss_sup: 3.995
[GPU0] epochs: [83/100] train_acc: 0.293 train_loss_sup: 3.614
[GPU0] epochs: [83/100] train_acc: 0.383 train_loss_sup: 2.693
[GPU0] epochs: [83/100] train_acc: 0.267 train_loss_sup: 3.824
[GPU0] epochs: [83/100] train_acc: 0.384 train_loss_sup: 2.676
--------------------------------
--------------------------------
[GPU0] epochs: [84/100] train_acc: 0.298 train_loss_sup: 3.334
[GPU0] epochs: [84/100] train_acc: 0.246 train_loss_sup: 3.899
[GPU0] epochs: [84/100] train_acc: 0.299 train_loss_sup: 3.328
[GPU0] epochs: [84/100] train_acc: 0.327 train_loss_sup: 2.948
[GPU0] epochs: [84/100] train_acc: 0.146 train_loss_sup: 4.259
[GPU0] epochs: [84/100] train_acc: 0.332 train_loss_sup: 2.926
[GPU0] epochs: [84/100] train_acc: 0.293 train_loss_sup: 3.616
[GPU0] epochs: [84/100] train_acc: 0.269 train_loss_sup: 3.994
[GPU0] epochs: [84/100] train_acc: 0.293 train_loss_sup: 3.612
[GPU0] epochs: [84/100] train_acc: 0.383 train_loss_sup: 2.691
[GPU0] epochs: [84/100] train_acc: 0.269 train_loss_sup: 3.821
[GPU0] epochs: [84/100] train_acc: 0.384 train_loss_sup: 2.675
--------------------------------
--------------------------------
[GPU0] epochs: [85/100] train_acc: 0.299 train_loss_sup: 3.323
[GPU0] epochs: [85/100] train_acc: 0.247 train_loss_sup: 3.894
[GPU0] epochs: [85/100] train_acc: 0.300 train_loss_sup: 3.316
[GPU0] epochs: [85/100] train_acc: 0.329 train_loss_sup: 2.943
[GPU0] epochs: [85/100] train_acc: 0.150 train_loss_sup: 4.242
[GPU0] epochs: [85/100] train_acc: 0.334 train_loss_sup: 2.923
[GPU0] epochs: [85/100] train_acc: 0.293 train_loss_sup: 3.611
[GPU0] epochs: [85/100] train_acc: 0.270 train_loss_sup: 3.990
[GPU0] epochs: [85/100] train_acc: 0.293 train_loss_sup: 3.607
[GPU0] epochs: [85/100] train_acc: 0.385 train_loss_sup: 2.681
[GPU0] epochs: [85/100] train_acc: 0.271 train_loss_sup: 3.815
[GPU0] epochs: [85/100] train_acc: 0.386 train_loss_sup: 2.664
--------------------------------
--------------------------------
[GPU0] epochs: [86/100] train_acc: 0.301 train_loss_sup: 3.321
[GPU0] epochs: [86/100] train_acc: 0.247 train_loss_sup: 3.895
[GPU0] epochs: [86/100] train_acc: 0.301 train_loss_sup: 3.314
[GPU0] epochs: [86/100] train_acc: 0.334 train_loss_sup: 2.929
[GPU0] epochs: [86/100] train_acc: 0.149 train_loss_sup: 4.246
[GPU0] epochs: [86/100] train_acc: 0.339 train_loss_sup: 2.907
[GPU0] epochs: [86/100] train_acc: 0.295 train_loss_sup: 3.614
[GPU0] epochs: [86/100] train_acc: 0.270 train_loss_sup: 3.992
[GPU0] epochs: [86/100] train_acc: 0.296 train_loss_sup: 3.609
[GPU0] epochs: [86/100] train_acc: 0.387 train_loss_sup: 2.686
[GPU0] epochs: [86/100] train_acc: 0.276 train_loss_sup: 3.816
[GPU0] epochs: [86/100] train_acc: 0.388 train_loss_sup: 2.670
--------------------------------
--------------------------------
[GPU0] epochs: [87/100] train_acc: 0.300 train_loss_sup: 3.314
[GPU0] epochs: [87/100] train_acc: 0.246 train_loss_sup: 3.893
[GPU0] epochs: [87/100] train_acc: 0.301 train_loss_sup: 3.307
[GPU0] epochs: [87/100] train_acc: 0.332 train_loss_sup: 2.932
[GPU0] epochs: [87/100] train_acc: 0.147 train_loss_sup: 4.252
[GPU0] epochs: [87/100] train_acc: 0.337 train_loss_sup: 2.909
[GPU0] epochs: [87/100] train_acc: 0.294 train_loss_sup: 3.612
[GPU0] epochs: [87/100] train_acc: 0.270 train_loss_sup: 3.991
[GPU0] epochs: [87/100] train_acc: 0.294 train_loss_sup: 3.608
[GPU0] epochs: [87/100] train_acc: 0.387 train_loss_sup: 2.680
[GPU0] epochs: [87/100] train_acc: 0.278 train_loss_sup: 3.813
[GPU0] epochs: [87/100] train_acc: 0.388 train_loss_sup: 2.664
--------------------------------
--------------------------------
[GPU0] epochs: [88/100] train_acc: 0.301 train_loss_sup: 3.305
[GPU0] epochs: [88/100] train_acc: 0.247 train_loss_sup: 3.889
[GPU0] epochs: [88/100] train_acc: 0.301 train_loss_sup: 3.298
[GPU0] epochs: [88/100] train_acc: 0.330 train_loss_sup: 2.932
[GPU0] epochs: [88/100] train_acc: 0.147 train_loss_sup: 4.247
[GPU0] epochs: [88/100] train_acc: 0.335 train_loss_sup: 2.911
[GPU0] epochs: [88/100] train_acc: 0.294 train_loss_sup: 3.610
[GPU0] epochs: [88/100] train_acc: 0.271 train_loss_sup: 3.989
[GPU0] epochs: [88/100] train_acc: 0.294 train_loss_sup: 3.605
[GPU0] epochs: [88/100] train_acc: 0.387 train_loss_sup: 2.678
[GPU0] epochs: [88/100] train_acc: 0.280 train_loss_sup: 3.809
[GPU0] epochs: [88/100] train_acc: 0.388 train_loss_sup: 2.661
--------------------------------
--------------------------------
[GPU0] epochs: [89/100] train_acc: 0.302 train_loss_sup: 3.297
[GPU0] epochs: [89/100] train_acc: 0.246 train_loss_sup: 3.886
[GPU0] epochs: [89/100] train_acc: 0.302 train_loss_sup: 3.290
[GPU0] epochs: [89/100] train_acc: 0.333 train_loss_sup: 2.917
[GPU0] epochs: [89/100] train_acc: 0.149 train_loss_sup: 4.243
[GPU0] epochs: [89/100] train_acc: 0.338 train_loss_sup: 2.895
[GPU0] epochs: [89/100] train_acc: 0.296 train_loss_sup: 3.609
[GPU0] epochs: [89/100] train_acc: 0.272 train_loss_sup: 3.989
[GPU0] epochs: [89/100] train_acc: 0.297 train_loss_sup: 3.604
[GPU0] epochs: [89/100] train_acc: 0.389 train_loss_sup: 2.671
[GPU0] epochs: [89/100] train_acc: 0.284 train_loss_sup: 3.806
[GPU0] epochs: [89/100] train_acc: 0.390 train_loss_sup: 2.654
--------------------------------
--------------------------------
[GPU0] epochs: [90/100] train_acc: 0.303 train_loss_sup: 3.295
[GPU0] epochs: [90/100] train_acc: 0.247 train_loss_sup: 3.886
[GPU0] epochs: [90/100] train_acc: 0.303 train_loss_sup: 3.288
[GPU0] epochs: [90/100] train_acc: 0.335 train_loss_sup: 2.913
[GPU0] epochs: [90/100] train_acc: 0.149 train_loss_sup: 4.227
[GPU0] epochs: [90/100] train_acc: 0.341 train_loss_sup: 2.889
[GPU0] epochs: [90/100] train_acc: 0.295 train_loss_sup: 3.610
[GPU0] epochs: [90/100] train_acc: 0.270 train_loss_sup: 3.990
[GPU0] epochs: [90/100] train_acc: 0.295 train_loss_sup: 3.606
[GPU0] epochs: [90/100] train_acc: 0.389 train_loss_sup: 2.675
[GPU0] epochs: [90/100] train_acc: 0.285 train_loss_sup: 3.806
[GPU0] epochs: [90/100] train_acc: 0.390 train_loss_sup: 2.658
--------------------------------
--------------------------------
[GPU0] Test Accuracy for probe0 at epoch: 90: 0.319
[GPU0] Test Accuracy for probe1 at epoch: 90: 0.264
[GPU0] Test Accuracy for probe2 at epoch: 90: 0.319
[GPU0] Test Accuracy for probe3 at epoch: 90: 0.345
[GPU0] Test Accuracy for probe4 at epoch: 90: 0.154
[GPU0] Test Accuracy for probe5 at epoch: 90: 0.348
[GPU0] Test Accuracy for probe6 at epoch: 90: 0.31
[GPU0] Test Accuracy for probe7 at epoch: 90: 0.283
[GPU0] Test Accuracy for probe8 at epoch: 90: 0.31
[GPU0] Test Accuracy for probe9 at epoch: 90: 0.411
[GPU0] Test Accuracy for probe10 at epoch: 90: 0.306
[GPU0] Test Accuracy for probe11 at epoch: 90: 0.411
--------------------------------
--------------------------------
[GPU0] epochs: [91/100] train_acc: 0.303 train_loss_sup: 3.289
[GPU0] epochs: [91/100] train_acc: 0.246 train_loss_sup: 3.886
[GPU0] epochs: [91/100] train_acc: 0.303 train_loss_sup: 3.282
[GPU0] epochs: [91/100] train_acc: 0.334 train_loss_sup: 2.917
[GPU0] epochs: [91/100] train_acc: 0.149 train_loss_sup: 4.240
[GPU0] epochs: [91/100] train_acc: 0.339 train_loss_sup: 2.895
[GPU0] epochs: [91/100] train_acc: 0.297 train_loss_sup: 3.608
[GPU0] epochs: [91/100] train_acc: 0.274 train_loss_sup: 3.988
[GPU0] epochs: [91/100] train_acc: 0.297 train_loss_sup: 3.604
[GPU0] epochs: [91/100] train_acc: 0.389 train_loss_sup: 2.671
[GPU0] epochs: [91/100] train_acc: 0.289 train_loss_sup: 3.803
[GPU0] epochs: [91/100] train_acc: 0.391 train_loss_sup: 2.655
--------------------------------
--------------------------------
[GPU0] epochs: [92/100] train_acc: 0.304 train_loss_sup: 3.279
[GPU0] epochs: [92/100] train_acc: 0.247 train_loss_sup: 3.882
[GPU0] epochs: [92/100] train_acc: 0.305 train_loss_sup: 3.272
[GPU0] epochs: [92/100] train_acc: 0.334 train_loss_sup: 2.913
[GPU0] epochs: [92/100] train_acc: 0.147 train_loss_sup: 4.257
[GPU0] epochs: [92/100] train_acc: 0.339 train_loss_sup: 2.889
[GPU0] epochs: [92/100] train_acc: 0.297 train_loss_sup: 3.606
[GPU0] epochs: [92/100] train_acc: 0.274 train_loss_sup: 3.987
[GPU0] epochs: [92/100] train_acc: 0.297 train_loss_sup: 3.602
[GPU0] epochs: [92/100] train_acc: 0.392 train_loss_sup: 2.666
[GPU0] epochs: [92/100] train_acc: 0.292 train_loss_sup: 3.800
[GPU0] epochs: [92/100] train_acc: 0.393 train_loss_sup: 2.650
--------------------------------
--------------------------------
[GPU0] epochs: [93/100] train_acc: 0.304 train_loss_sup: 3.276
[GPU0] epochs: [93/100] train_acc: 0.248 train_loss_sup: 3.881
[GPU0] epochs: [93/100] train_acc: 0.305 train_loss_sup: 3.269
[GPU0] epochs: [93/100] train_acc: 0.333 train_loss_sup: 2.927
[GPU0] epochs: [93/100] train_acc: 0.149 train_loss_sup: 4.229
[GPU0] epochs: [93/100] train_acc: 0.338 train_loss_sup: 2.905
[GPU0] epochs: [93/100] train_acc: 0.297 train_loss_sup: 3.608
[GPU0] epochs: [93/100] train_acc: 0.273 train_loss_sup: 3.988
[GPU0] epochs: [93/100] train_acc: 0.297 train_loss_sup: 3.604
[GPU0] epochs: [93/100] train_acc: 0.391 train_loss_sup: 2.670
[GPU0] epochs: [93/100] train_acc: 0.292 train_loss_sup: 3.801
[GPU0] epochs: [93/100] train_acc: 0.392 train_loss_sup: 2.654
--------------------------------
--------------------------------
[GPU0] epochs: [94/100] train_acc: 0.303 train_loss_sup: 3.273
[GPU0] epochs: [94/100] train_acc: 0.245 train_loss_sup: 3.883
[GPU0] epochs: [94/100] train_acc: 0.304 train_loss_sup: 3.266
[GPU0] epochs: [94/100] train_acc: 0.335 train_loss_sup: 2.919
[GPU0] epochs: [94/100] train_acc: 0.146 train_loss_sup: 4.258
[GPU0] epochs: [94/100] train_acc: 0.340 train_loss_sup: 2.897
[GPU0] epochs: [94/100] train_acc: 0.296 train_loss_sup: 3.608
[GPU0] epochs: [94/100] train_acc: 0.273 train_loss_sup: 3.988
[GPU0] epochs: [94/100] train_acc: 0.296 train_loss_sup: 3.603
[GPU0] epochs: [94/100] train_acc: 0.390 train_loss_sup: 2.669
[GPU0] epochs: [94/100] train_acc: 0.295 train_loss_sup: 3.800
[GPU0] epochs: [94/100] train_acc: 0.391 train_loss_sup: 2.653
--------------------------------
--------------------------------
[GPU0] epochs: [95/100] train_acc: 0.307 train_loss_sup: 3.265
[GPU0] epochs: [95/100] train_acc: 0.251 train_loss_sup: 3.879
[GPU0] epochs: [95/100] train_acc: 0.307 train_loss_sup: 3.258
[GPU0] epochs: [95/100] train_acc: 0.334 train_loss_sup: 2.925
[GPU0] epochs: [95/100] train_acc: 0.146 train_loss_sup: 4.263
[GPU0] epochs: [95/100] train_acc: 0.339 train_loss_sup: 2.902
[GPU0] epochs: [95/100] train_acc: 0.297 train_loss_sup: 3.606
[GPU0] epochs: [95/100] train_acc: 0.274 train_loss_sup: 3.987
[GPU0] epochs: [95/100] train_acc: 0.297 train_loss_sup: 3.602
[GPU0] epochs: [95/100] train_acc: 0.391 train_loss_sup: 2.667
[GPU0] epochs: [95/100] train_acc: 0.299 train_loss_sup: 3.797
[GPU0] epochs: [95/100] train_acc: 0.392 train_loss_sup: 2.650
--------------------------------
--------------------------------
[GPU0] epochs: [96/100] train_acc: 0.306 train_loss_sup: 3.257
[GPU0] epochs: [96/100] train_acc: 0.249 train_loss_sup: 3.877
[GPU0] epochs: [96/100] train_acc: 0.307 train_loss_sup: 3.250
[GPU0] epochs: [96/100] train_acc: 0.336 train_loss_sup: 2.911
[GPU0] epochs: [96/100] train_acc: 0.150 train_loss_sup: 4.241
[GPU0] epochs: [96/100] train_acc: 0.342 train_loss_sup: 2.887
[GPU0] epochs: [96/100] train_acc: 0.296 train_loss_sup: 3.605
[GPU0] epochs: [96/100] train_acc: 0.274 train_loss_sup: 3.986
[GPU0] epochs: [96/100] train_acc: 0.297 train_loss_sup: 3.601
[GPU0] epochs: [96/100] train_acc: 0.390 train_loss_sup: 2.660
[GPU0] epochs: [96/100] train_acc: 0.298 train_loss_sup: 3.796
[GPU0] epochs: [96/100] train_acc: 0.391 train_loss_sup: 2.643
--------------------------------
--------------------------------
[GPU0] epochs: [97/100] train_acc: 0.309 train_loss_sup: 3.251
[GPU0] epochs: [97/100] train_acc: 0.252 train_loss_sup: 3.873
[GPU0] epochs: [97/100] train_acc: 0.310 train_loss_sup: 3.244
[GPU0] epochs: [97/100] train_acc: 0.339 train_loss_sup: 2.892
[GPU0] epochs: [97/100] train_acc: 0.148 train_loss_sup: 4.228
[GPU0] epochs: [97/100] train_acc: 0.344 train_loss_sup: 2.870
[GPU0] epochs: [97/100] train_acc: 0.298 train_loss_sup: 3.605
[GPU0] epochs: [97/100] train_acc: 0.274 train_loss_sup: 3.986
[GPU0] epochs: [97/100] train_acc: 0.298 train_loss_sup: 3.601
[GPU0] epochs: [97/100] train_acc: 0.392 train_loss_sup: 2.664
[GPU0] epochs: [97/100] train_acc: 0.300 train_loss_sup: 3.795
[GPU0] epochs: [97/100] train_acc: 0.393 train_loss_sup: 2.648
--------------------------------
--------------------------------
[GPU0] epochs: [98/100] train_acc: 0.308 train_loss_sup: 3.246
[GPU0] epochs: [98/100] train_acc: 0.250 train_loss_sup: 3.873
[GPU0] epochs: [98/100] train_acc: 0.308 train_loss_sup: 3.238
[GPU0] epochs: [98/100] train_acc: 0.338 train_loss_sup: 2.908
[GPU0] epochs: [98/100] train_acc: 0.149 train_loss_sup: 4.245
[GPU0] epochs: [98/100] train_acc: 0.343 train_loss_sup: 2.885
[GPU0] epochs: [98/100] train_acc: 0.298 train_loss_sup: 3.604
[GPU0] epochs: [98/100] train_acc: 0.276 train_loss_sup: 3.985
[GPU0] epochs: [98/100] train_acc: 0.298 train_loss_sup: 3.600
[GPU0] epochs: [98/100] train_acc: 0.393 train_loss_sup: 2.661
[GPU0] epochs: [98/100] train_acc: 0.302 train_loss_sup: 3.793
[GPU0] epochs: [98/100] train_acc: 0.394 train_loss_sup: 2.645
--------------------------------
--------------------------------
[GPU0] epochs: [99/100] train_acc: 0.310 train_loss_sup: 3.243
[GPU0] epochs: [99/100] train_acc: 0.252 train_loss_sup: 3.872
[GPU0] epochs: [99/100] train_acc: 0.311 train_loss_sup: 3.236
[GPU0] epochs: [99/100] train_acc: 0.338 train_loss_sup: 2.894
[GPU0] epochs: [99/100] train_acc: 0.150 train_loss_sup: 4.234
[GPU0] epochs: [99/100] train_acc: 0.343 train_loss_sup: 2.870
[GPU0] epochs: [99/100] train_acc: 0.297 train_loss_sup: 3.605
[GPU0] epochs: [99/100] train_acc: 0.274 train_loss_sup: 3.986
[GPU0] epochs: [99/100] train_acc: 0.297 train_loss_sup: 3.601
[GPU0] epochs: [99/100] train_acc: 0.392 train_loss_sup: 2.664
[GPU0] epochs: [99/100] train_acc: 0.302 train_loss_sup: 3.794
[GPU0] epochs: [99/100] train_acc: 0.393 train_loss_sup: 2.648
--------------------------------
--------------------------------
[GPU0] epochs: [100/100] train_acc: 0.309 train_loss_sup: 3.236
[GPU0] epochs: [100/100] train_acc: 0.248 train_loss_sup: 3.870
[GPU0] epochs: [100/100] train_acc: 0.310 train_loss_sup: 3.228
[GPU0] epochs: [100/100] train_acc: 0.337 train_loss_sup: 2.906
[GPU0] epochs: [100/100] train_acc: 0.149 train_loss_sup: 4.246
[GPU0] epochs: [100/100] train_acc: 0.343 train_loss_sup: 2.883
[GPU0] epochs: [100/100] train_acc: 0.297 train_loss_sup: 3.603
[GPU0] epochs: [100/100] train_acc: 0.274 train_loss_sup: 3.984
[GPU0] epochs: [100/100] train_acc: 0.297 train_loss_sup: 3.599
[GPU0] epochs: [100/100] train_acc: 0.392 train_loss_sup: 2.659
[GPU0] epochs: [100/100] train_acc: 0.302 train_loss_sup: 3.791
[GPU0] epochs: [100/100] train_acc: 0.393 train_loss_sup: 2.642
--------------------------------
--------------------------------
[GPU0] Final Test Accuracy: 0.335
[GPU0] Final Test Accuracy: 0.275
[GPU0] Final Test Accuracy: 0.335
[GPU0] Final Test Accuracy: 0.357
[GPU0] Final Test Accuracy: 0.146
[GPU0] Final Test Accuracy: 0.364
[GPU0] Final Test Accuracy: 0.312
[GPU0] Final Test Accuracy: 0.284
[GPU0] Final Test Accuracy: 0.312
[GPU0] Final Test Accuracy: 0.413
[GPU0] Final Test Accuracy: 0.314
[GPU0] Final Test Accuracy: 0.414
--------------------------------
--------------------------------
LR: 0.100 | WD: 0.000001 | Cosine: False | test Acc: 0.335%
LR: 0.100 | WD: 0.000100 | Cosine: False | test Acc: 0.275%
LR: 0.100 | WD: 0.000000 | Cosine: False | test Acc: 0.335%
LR: 1.000 | WD: 0.000001 | Cosine: False | test Acc: 0.357%
LR: 1.000 | WD: 0.000100 | Cosine: False | test Acc: 0.172%
LR: 1.000 | WD: 0.000000 | Cosine: False | test Acc: 0.364%
LR: 0.100 | WD: 0.000001 | Cosine: True | test Acc: 0.312%
LR: 0.100 | WD: 0.000100 | Cosine: True | test Acc: 0.284%
LR: 0.100 | WD: 0.000000 | Cosine: True | test Acc: 0.312%
LR: 1.000 | WD: 0.000001 | Cosine: True | test Acc: 0.413%
LR: 1.000 | WD: 0.000100 | Cosine: True | test Acc: 0.314%
LR: 1.000 | WD: 0.000000 | Cosine: True | test Acc: 0.414%
--------------------------------
------------------------------
Best Test Accuracy: 0.414%
Optimal Hyperparameters: LR=1.0, WD=0.0, Cosine=True
Traceback (most recent call last):
  File "/data1/home/nirbhays/maessl/test_gs.py", line 257, in <module>
    output = get_tsne_knn_logreg(**test_config)
  File "/data1/home/nirbhays/maessl/train_utils.py", line 88, in get_tsne_knn_logreg
    train_output = get_features_labels(model, train_loader, device, return_logs)
  File "/data1/home/nirbhays/maessl/train_utils.py", line 67, in get_features_labels
    feats = model(x)
  File "/data1/home/nirbhays/envs/mlenv/lib/python3.10/site-packages/torch/nn/modules/module.py", line 1775, in _wrapped_call_impl
    return self._call_impl(*args, **kwargs)
  File "/data1/home/nirbhays/envs/mlenv/lib/python3.10/site-packages/torch/nn/modules/module.py", line 1786, in _call_impl
    return forward_call(*args, **kwargs)
  File "/data1/home/nirbhays/maessl/src/mae.py", line 157, in forward
    x = blk(x)
  File "/data1/home/nirbhays/envs/mlenv/lib/python3.10/site-packages/torch/nn/modules/module.py", line 1775, in _wrapped_call_impl
    return self._call_impl(*args, **kwargs)
  File "/data1/home/nirbhays/envs/mlenv/lib/python3.10/site-packages/torch/nn/modules/module.py", line 1786, in _call_impl
    return forward_call(*args, **kwargs)
  File "/data1/home/nirbhays/envs/mlenv/lib/python3.10/site-packages/timm/models/vision_transformer.py", line 213, in forward
    x = x + self.drop_path2(self.ls2(self.mlp(self.norm2(x))))
  File "/data1/home/nirbhays/envs/mlenv/lib/python3.10/site-packages/torch/nn/modules/module.py", line 1775, in _wrapped_call_impl
    return self._call_impl(*args, **kwargs)
  File "/data1/home/nirbhays/envs/mlenv/lib/python3.10/site-packages/torch/nn/modules/module.py", line 1786, in _call_impl
    return forward_call(*args, **kwargs)
  File "/data1/home/nirbhays/envs/mlenv/lib/python3.10/site-packages/timm/layers/mlp.py", line 49, in forward
    x = self.act(x)
  File "/data1/home/nirbhays/envs/mlenv/lib/python3.10/site-packages/torch/nn/modules/module.py", line 1775, in _wrapped_call_impl
    return self._call_impl(*args, **kwargs)
  File "/data1/home/nirbhays/envs/mlenv/lib/python3.10/site-packages/torch/nn/modules/module.py", line 1786, in _call_impl
    return forward_call(*args, **kwargs)
  File "/data1/home/nirbhays/envs/mlenv/lib/python3.10/site-packages/torch/nn/modules/activation.py", line 816, in forward
    return F.gelu(input, approximate=self.approximate)
torch.OutOfMemoryError: CUDA out of memory. Tried to allocate 772.00 MiB. GPU 0 has a total capacity of 139.80 GiB of which 216.88 MiB is free. Process 842247 has 3.96 GiB memory in use. Process 842249 has 3.96 GiB memory in use. Including non-PyTorch memory, this process has 4.62 GiB memory in use. Process 842250 has 6.88 GiB memory in use. Process 867035 has 120.12 GiB memory in use. Of the allocated memory 2.61 GiB is allocated by PyTorch, and 1.27 GiB is reserved by PyTorch but unallocated. If reserved but unallocated memory is large try setting PYTORCH_CUDA_ALLOC_CONF=expandable_segments:True to avoid fragmentation.  See documentation for Memory Management  (https://pytorch.org/docs/stable/notes/cuda.html#environment-variables)
Namespace(dataset='timg', saved_path='saved_models/mae.clr.rot.timg.wt0.8wt20.1.ec200.pth', gpu=1, model='vit', verbose=False, epochs=100, eval_every=10, knn=True, lreg=True, linprobe=True, tsne=False, umap=False, cmet=True, nw=4, pf=2, aug='v1', lrs=[5.0, 10.0, 15.0, 20.0, 30.0])
<All keys matched successfully>
sweeping through lr: [5.0, 10.0, 15.0, 20.0, 30.0]
sweeping through wd: [1e-06, 0.0001, 0.0]
Starting Hyperparameter Sweep on 1...
===> using linear mlp
linear probe with LR: 5.0, WD: 1e-06, Cosine: False
===> using linear mlp
linear probe with LR: 5.0, WD: 0.0001, Cosine: False
===> using linear mlp
linear probe with LR: 5.0, WD: 0.0, Cosine: False
===> using linear mlp
linear probe with LR: 10.0, WD: 1e-06, Cosine: False
===> using linear mlp
linear probe with LR: 10.0, WD: 0.0001, Cosine: False
===> using linear mlp
linear probe with LR: 10.0, WD: 0.0, Cosine: False
===> using linear mlp
linear probe with LR: 15.0, WD: 1e-06, Cosine: False
===> using linear mlp
linear probe with LR: 15.0, WD: 0.0001, Cosine: False
===> using linear mlp
linear probe with LR: 15.0, WD: 0.0, Cosine: False
===> using linear mlp
linear probe with LR: 20.0, WD: 1e-06, Cosine: False
===> using linear mlp
linear probe with LR: 20.0, WD: 0.0001, Cosine: False
===> using linear mlp
linear probe with LR: 20.0, WD: 0.0, Cosine: False
===> using linear mlp
linear probe with LR: 30.0, WD: 1e-06, Cosine: False
===> using linear mlp
linear probe with LR: 30.0, WD: 0.0001, Cosine: False
===> using linear mlp
linear probe with LR: 30.0, WD: 0.0, Cosine: False
===> using linear mlp
linear probe with LR: 5.0, WD: 1e-06, Cosine: True
===> using linear mlp
linear probe with LR: 5.0, WD: 0.0001, Cosine: True
===> using linear mlp
linear probe with LR: 5.0, WD: 0.0, Cosine: True
===> using linear mlp
linear probe with LR: 10.0, WD: 1e-06, Cosine: True
===> using linear mlp
linear probe with LR: 10.0, WD: 0.0001, Cosine: True
===> using linear mlp
linear probe with LR: 10.0, WD: 0.0, Cosine: True
===> using linear mlp
linear probe with LR: 15.0, WD: 1e-06, Cosine: True
===> using linear mlp
linear probe with LR: 15.0, WD: 0.0001, Cosine: True
===> using linear mlp
linear probe with LR: 15.0, WD: 0.0, Cosine: True
===> using linear mlp
linear probe with LR: 20.0, WD: 1e-06, Cosine: True
===> using linear mlp
linear probe with LR: 20.0, WD: 0.0001, Cosine: True
===> using linear mlp
linear probe with LR: 20.0, WD: 0.0, Cosine: True
===> using linear mlp
linear probe with LR: 30.0, WD: 1e-06, Cosine: True
===> using linear mlp
linear probe with LR: 30.0, WD: 0.0001, Cosine: True
===> using linear mlp
linear probe with LR: 30.0, WD: 0.0, Cosine: True
