Namespace(dataset='timg', saved_path='saved_models/mae.clr.rot.timg.ec300.pth', gpu=1, model='vit', verbose=False, epochs=100, eval_every=10, knn=True, lreg=True, linprobe=True, tsne=False, umap=False, cmet=True, nw=5)
<All keys matched successfully>
Starting Hyperparameter Sweep on 1...
===> using linear mlp
Scheduler: None
MLP: MLP(
  (mlp): Linear(in_features=384, out_features=200, bias=True)
)
[GPU1] Test Accuracy at epoch: 0: 0.025
[GPU1] epochs: [1/100] train_acc: 0.013 train_loss_sup: 5.268
[GPU1] epochs: [2/100] train_acc: 0.041 train_loss_sup: 5.189
[GPU1] epochs: [3/100] train_acc: 0.064 train_loss_sup: 5.114
[GPU1] epochs: [4/100] train_acc: 0.080 train_loss_sup: 5.041
[GPU1] epochs: [5/100] train_acc: 0.096 train_loss_sup: 4.976
[GPU1] epochs: [6/100] train_acc: 0.106 train_loss_sup: 4.914
[GPU1] epochs: [7/100] train_acc: 0.117 train_loss_sup: 4.856
[GPU1] epochs: [8/100] train_acc: 0.124 train_loss_sup: 4.799
[GPU1] epochs: [9/100] train_acc: 0.130 train_loss_sup: 4.747
[GPU1] epochs: [10/100] train_acc: 0.138 train_loss_sup: 4.700
[GPU1] Test Accuracy at epoch: 10: 0.158
[GPU1] epochs: [11/100] train_acc: 0.142 train_loss_sup: 4.655
[GPU1] epochs: [12/100] train_acc: 0.149 train_loss_sup: 4.610
[GPU1] epochs: [13/100] train_acc: 0.154 train_loss_sup: 4.569
[GPU1] epochs: [14/100] train_acc: 0.156 train_loss_sup: 4.528
[GPU1] epochs: [15/100] train_acc: 0.163 train_loss_sup: 4.491
[GPU1] epochs: [16/100] train_acc: 0.168 train_loss_sup: 4.454
[GPU1] epochs: [17/100] train_acc: 0.170 train_loss_sup: 4.420
[GPU1] epochs: [18/100] train_acc: 0.176 train_loss_sup: 4.386
[GPU1] epochs: [19/100] train_acc: 0.177 train_loss_sup: 4.357
[GPU1] epochs: [20/100] train_acc: 0.184 train_loss_sup: 4.325
[GPU1] Test Accuracy at epoch: 20: 0.196
[GPU1] epochs: [21/100] train_acc: 0.185 train_loss_sup: 4.297
[GPU1] epochs: [22/100] train_acc: 0.190 train_loss_sup: 4.270
[GPU1] epochs: [23/100] train_acc: 0.193 train_loss_sup: 4.242
[GPU1] epochs: [24/100] train_acc: 0.194 train_loss_sup: 4.219
[GPU1] epochs: [25/100] train_acc: 0.197 train_loss_sup: 4.192
[GPU1] epochs: [26/100] train_acc: 0.200 train_loss_sup: 4.168
[GPU1] epochs: [27/100] train_acc: 0.204 train_loss_sup: 4.145
[GPU1] epochs: [28/100] train_acc: 0.205 train_loss_sup: 4.125
[GPU1] epochs: [29/100] train_acc: 0.212 train_loss_sup: 4.106
[GPU1] epochs: [30/100] train_acc: 0.212 train_loss_sup: 4.082
[GPU1] Test Accuracy at epoch: 30: 0.216
[GPU1] epochs: [31/100] train_acc: 0.211 train_loss_sup: 4.066
[GPU1] epochs: [32/100] train_acc: 0.215 train_loss_sup: 4.043
[GPU1] epochs: [33/100] train_acc: 0.218 train_loss_sup: 4.026
[GPU1] epochs: [34/100] train_acc: 0.222 train_loss_sup: 4.005
[GPU1] epochs: [35/100] train_acc: 0.223 train_loss_sup: 3.986
[GPU1] epochs: [36/100] train_acc: 0.222 train_loss_sup: 3.974
[GPU1] epochs: [37/100] train_acc: 0.225 train_loss_sup: 3.956
[GPU1] epochs: [38/100] train_acc: 0.224 train_loss_sup: 3.941
[GPU1] epochs: [39/100] train_acc: 0.228 train_loss_sup: 3.921
[GPU1] epochs: [40/100] train_acc: 0.231 train_loss_sup: 3.910
[GPU1] Test Accuracy at epoch: 40: 0.238
[GPU1] epochs: [41/100] train_acc: 0.233 train_loss_sup: 3.894
[GPU1] epochs: [42/100] train_acc: 0.233 train_loss_sup: 3.880
[GPU1] epochs: [43/100] train_acc: 0.234 train_loss_sup: 3.867
[GPU1] epochs: [44/100] train_acc: 0.237 train_loss_sup: 3.852
[GPU1] epochs: [45/100] train_acc: 0.239 train_loss_sup: 3.839
[GPU1] epochs: [46/100] train_acc: 0.238 train_loss_sup: 3.826
[GPU1] epochs: [47/100] train_acc: 0.242 train_loss_sup: 3.811
[GPU1] epochs: [48/100] train_acc: 0.240 train_loss_sup: 3.803
[GPU1] epochs: [49/100] train_acc: 0.243 train_loss_sup: 3.790
[GPU1] epochs: [50/100] train_acc: 0.245 train_loss_sup: 3.780
[GPU1] Test Accuracy at epoch: 50: 0.25
[GPU1] epochs: [51/100] train_acc: 0.247 train_loss_sup: 3.768
[GPU1] epochs: [52/100] train_acc: 0.247 train_loss_sup: 3.755
[GPU1] epochs: [53/100] train_acc: 0.248 train_loss_sup: 3.746
[GPU1] epochs: [54/100] train_acc: 0.250 train_loss_sup: 3.735
[GPU1] epochs: [55/100] train_acc: 0.254 train_loss_sup: 3.722
[GPU1] epochs: [56/100] train_acc: 0.251 train_loss_sup: 3.716
[GPU1] epochs: [57/100] train_acc: 0.252 train_loss_sup: 3.708
[GPU1] epochs: [58/100] train_acc: 0.255 train_loss_sup: 3.690
[GPU1] epochs: [59/100] train_acc: 0.256 train_loss_sup: 3.685
[GPU1] epochs: [60/100] train_acc: 0.256 train_loss_sup: 3.675
[GPU1] Test Accuracy at epoch: 60: 0.264
[GPU1] epochs: [61/100] train_acc: 0.257 train_loss_sup: 3.665
[GPU1] epochs: [62/100] train_acc: 0.257 train_loss_sup: 3.659
[GPU1] epochs: [63/100] train_acc: 0.258 train_loss_sup: 3.649
[GPU1] epochs: [64/100] train_acc: 0.259 train_loss_sup: 3.639
[GPU1] epochs: [65/100] train_acc: 0.261 train_loss_sup: 3.630
[GPU1] epochs: [66/100] train_acc: 0.262 train_loss_sup: 3.624
[GPU1] epochs: [67/100] train_acc: 0.261 train_loss_sup: 3.615
[GPU1] epochs: [68/100] train_acc: 0.264 train_loss_sup: 3.604
[GPU1] epochs: [69/100] train_acc: 0.265 train_loss_sup: 3.598
[GPU1] epochs: [70/100] train_acc: 0.265 train_loss_sup: 3.591
[GPU1] Test Accuracy at epoch: 70: 0.272
[GPU1] epochs: [71/100] train_acc: 0.264 train_loss_sup: 3.584
[GPU1] epochs: [72/100] train_acc: 0.266 train_loss_sup: 3.580
[GPU1] epochs: [73/100] train_acc: 0.266 train_loss_sup: 3.572
[GPU1] epochs: [74/100] train_acc: 0.269 train_loss_sup: 3.565
[GPU1] epochs: [75/100] train_acc: 0.270 train_loss_sup: 3.552
[GPU1] epochs: [76/100] train_acc: 0.270 train_loss_sup: 3.551
[GPU1] epochs: [77/100] train_acc: 0.271 train_loss_sup: 3.537
[GPU1] epochs: [78/100] train_acc: 0.270 train_loss_sup: 3.536
[GPU1] epochs: [79/100] train_acc: 0.271 train_loss_sup: 3.529
[GPU1] epochs: [80/100] train_acc: 0.273 train_loss_sup: 3.523
[GPU1] Test Accuracy at epoch: 80: 0.278
[GPU1] epochs: [81/100] train_acc: 0.274 train_loss_sup: 3.516
[GPU1] epochs: [82/100] train_acc: 0.274 train_loss_sup: 3.508
[GPU1] epochs: [83/100] train_acc: 0.274 train_loss_sup: 3.501
[GPU1] epochs: [84/100] train_acc: 0.274 train_loss_sup: 3.497
[GPU1] epochs: [85/100] train_acc: 0.275 train_loss_sup: 3.490
[GPU1] epochs: [86/100] train_acc: 0.277 train_loss_sup: 3.487
[GPU1] epochs: [87/100] train_acc: 0.278 train_loss_sup: 3.481
[GPU1] epochs: [88/100] train_acc: 0.278 train_loss_sup: 3.477
[GPU1] epochs: [89/100] train_acc: 0.276 train_loss_sup: 3.468
[GPU1] epochs: [90/100] train_acc: 0.278 train_loss_sup: 3.467
[GPU1] Test Accuracy at epoch: 90: 0.289
[GPU1] epochs: [91/100] train_acc: 0.280 train_loss_sup: 3.460
[GPU1] epochs: [92/100] train_acc: 0.280 train_loss_sup: 3.453
[GPU1] epochs: [93/100] train_acc: 0.282 train_loss_sup: 3.450
[GPU1] epochs: [94/100] train_acc: 0.282 train_loss_sup: 3.437
[GPU1] epochs: [95/100] train_acc: 0.282 train_loss_sup: 3.437
[GPU1] epochs: [96/100] train_acc: 0.282 train_loss_sup: 3.432
[GPU1] epochs: [97/100] train_acc: 0.283 train_loss_sup: 3.431
[GPU1] epochs: [98/100] train_acc: 0.284 train_loss_sup: 3.422
[GPU1] epochs: [99/100] train_acc: 0.284 train_loss_sup: 3.420
[GPU1] epochs: [100/100] train_acc: 0.284 train_loss_sup: 3.414
[GPU1] Final Test Accuracy: 0.294
LR: 0.100 | WD: 0.000001 | Cosine: False | test Acc: 0.294%
===> using linear mlp
Scheduler: None
MLP: MLP(
  (mlp): Linear(in_features=384, out_features=200, bias=True)
)
[GPU1] Test Accuracy at epoch: 0: 0.03
[GPU1] epochs: [1/100] train_acc: 0.014 train_loss_sup: 5.269
[GPU1] epochs: [2/100] train_acc: 0.039 train_loss_sup: 5.190
[GPU1] epochs: [3/100] train_acc: 0.064 train_loss_sup: 5.118
[GPU1] epochs: [4/100] train_acc: 0.081 train_loss_sup: 5.051
[GPU1] epochs: [5/100] train_acc: 0.094 train_loss_sup: 4.990
[GPU1] epochs: [6/100] train_acc: 0.104 train_loss_sup: 4.931
[GPU1] epochs: [7/100] train_acc: 0.114 train_loss_sup: 4.879
[GPU1] epochs: [8/100] train_acc: 0.120 train_loss_sup: 4.830
[GPU1] epochs: [9/100] train_acc: 0.128 train_loss_sup: 4.784
[GPU1] epochs: [10/100] train_acc: 0.131 train_loss_sup: 4.743
[GPU1] Test Accuracy at epoch: 10: 0.143
[GPU1] epochs: [11/100] train_acc: 0.135 train_loss_sup: 4.704
[GPU1] epochs: [12/100] train_acc: 0.142 train_loss_sup: 4.666
[GPU1] epochs: [13/100] train_acc: 0.147 train_loss_sup: 4.632
[GPU1] epochs: [14/100] train_acc: 0.150 train_loss_sup: 4.601
[GPU1] epochs: [15/100] train_acc: 0.154 train_loss_sup: 4.571
[GPU1] epochs: [16/100] train_acc: 0.160 train_loss_sup: 4.539
[GPU1] epochs: [17/100] train_acc: 0.163 train_loss_sup: 4.515
[GPU1] epochs: [18/100] train_acc: 0.164 train_loss_sup: 4.488
[GPU1] epochs: [19/100] train_acc: 0.169 train_loss_sup: 4.466
[GPU1] epochs: [20/100] train_acc: 0.170 train_loss_sup: 4.444
[GPU1] Test Accuracy at epoch: 20: 0.185
[GPU1] epochs: [21/100] train_acc: 0.172 train_loss_sup: 4.423
[GPU1] epochs: [22/100] train_acc: 0.178 train_loss_sup: 4.398
[GPU1] epochs: [23/100] train_acc: 0.179 train_loss_sup: 4.384
[GPU1] epochs: [24/100] train_acc: 0.182 train_loss_sup: 4.365
[GPU1] epochs: [25/100] train_acc: 0.184 train_loss_sup: 4.347
[GPU1] epochs: [26/100] train_acc: 0.186 train_loss_sup: 4.331
[GPU1] epochs: [27/100] train_acc: 0.189 train_loss_sup: 4.314
[GPU1] epochs: [28/100] train_acc: 0.190 train_loss_sup: 4.299
[GPU1] epochs: [29/100] train_acc: 0.192 train_loss_sup: 4.284
[GPU1] epochs: [30/100] train_acc: 0.194 train_loss_sup: 4.274
[GPU1] Test Accuracy at epoch: 30: 0.199
[GPU1] epochs: [31/100] train_acc: 0.197 train_loss_sup: 4.262
[GPU1] epochs: [32/100] train_acc: 0.198 train_loss_sup: 4.249
[GPU1] epochs: [33/100] train_acc: 0.199 train_loss_sup: 4.237
[GPU1] epochs: [34/100] train_acc: 0.202 train_loss_sup: 4.224
[GPU1] epochs: [35/100] train_acc: 0.202 train_loss_sup: 4.213
[GPU1] epochs: [36/100] train_acc: 0.204 train_loss_sup: 4.205
[GPU1] epochs: [37/100] train_acc: 0.206 train_loss_sup: 4.194
[GPU1] epochs: [38/100] train_acc: 0.206 train_loss_sup: 4.185
[GPU1] epochs: [39/100] train_acc: 0.208 train_loss_sup: 4.174
[GPU1] epochs: [40/100] train_acc: 0.209 train_loss_sup: 4.167
[GPU1] Test Accuracy at epoch: 40: 0.216
[GPU1] epochs: [41/100] train_acc: 0.211 train_loss_sup: 4.160
[GPU1] epochs: [42/100] train_acc: 0.212 train_loss_sup: 4.148
[GPU1] epochs: [43/100] train_acc: 0.214 train_loss_sup: 4.141
[GPU1] epochs: [44/100] train_acc: 0.213 train_loss_sup: 4.137
[GPU1] epochs: [45/100] train_acc: 0.215 train_loss_sup: 4.129
[GPU1] epochs: [46/100] train_acc: 0.216 train_loss_sup: 4.123
[GPU1] epochs: [47/100] train_acc: 0.217 train_loss_sup: 4.114
[GPU1] epochs: [48/100] train_acc: 0.218 train_loss_sup: 4.109
[GPU1] epochs: [49/100] train_acc: 0.219 train_loss_sup: 4.103
[GPU1] epochs: [50/100] train_acc: 0.220 train_loss_sup: 4.097
[GPU1] Test Accuracy at epoch: 50: 0.237
[GPU1] epochs: [51/100] train_acc: 0.220 train_loss_sup: 4.090
[GPU1] epochs: [52/100] train_acc: 0.221 train_loss_sup: 4.088
[GPU1] epochs: [53/100] train_acc: 0.221 train_loss_sup: 4.082
[GPU1] epochs: [54/100] train_acc: 0.223 train_loss_sup: 4.075
[GPU1] epochs: [55/100] train_acc: 0.224 train_loss_sup: 4.069
[GPU1] epochs: [56/100] train_acc: 0.223 train_loss_sup: 4.065
[GPU1] epochs: [57/100] train_acc: 0.227 train_loss_sup: 4.060
[GPU1] epochs: [58/100] train_acc: 0.228 train_loss_sup: 4.057
[GPU1] epochs: [59/100] train_acc: 0.225 train_loss_sup: 4.052
[GPU1] epochs: [60/100] train_acc: 0.226 train_loss_sup: 4.048
[GPU1] Test Accuracy at epoch: 60: 0.237
[GPU1] epochs: [61/100] train_acc: 0.228 train_loss_sup: 4.046
[GPU1] epochs: [62/100] train_acc: 0.228 train_loss_sup: 4.041
[GPU1] epochs: [63/100] train_acc: 0.229 train_loss_sup: 4.037
[GPU1] epochs: [64/100] train_acc: 0.229 train_loss_sup: 4.034
[GPU1] epochs: [65/100] train_acc: 0.230 train_loss_sup: 4.033
[GPU1] epochs: [66/100] train_acc: 0.230 train_loss_sup: 4.028
[GPU1] epochs: [67/100] train_acc: 0.230 train_loss_sup: 4.026
[GPU1] epochs: [68/100] train_acc: 0.230 train_loss_sup: 4.022
[GPU1] epochs: [69/100] train_acc: 0.231 train_loss_sup: 4.016
[GPU1] epochs: [70/100] train_acc: 0.232 train_loss_sup: 4.017
[GPU1] Test Accuracy at epoch: 70: 0.242
[GPU1] epochs: [71/100] train_acc: 0.234 train_loss_sup: 4.012
[GPU1] epochs: [72/100] train_acc: 0.232 train_loss_sup: 4.011
[GPU1] epochs: [73/100] train_acc: 0.233 train_loss_sup: 4.008
[GPU1] epochs: [74/100] train_acc: 0.236 train_loss_sup: 4.004
[GPU1] epochs: [75/100] train_acc: 0.234 train_loss_sup: 4.003
[GPU1] epochs: [76/100] train_acc: 0.235 train_loss_sup: 3.999
[GPU1] epochs: [77/100] train_acc: 0.236 train_loss_sup: 3.996
[GPU1] epochs: [78/100] train_acc: 0.237 train_loss_sup: 3.995
[GPU1] epochs: [79/100] train_acc: 0.235 train_loss_sup: 3.996
[GPU1] epochs: [80/100] train_acc: 0.235 train_loss_sup: 3.994
[GPU1] Test Accuracy at epoch: 80: 0.25
[GPU1] epochs: [81/100] train_acc: 0.239 train_loss_sup: 3.988
[GPU1] epochs: [82/100] train_acc: 0.237 train_loss_sup: 3.990
[GPU1] epochs: [83/100] train_acc: 0.237 train_loss_sup: 3.987
[GPU1] epochs: [84/100] train_acc: 0.238 train_loss_sup: 3.986
[GPU1] epochs: [85/100] train_acc: 0.236 train_loss_sup: 3.984
[GPU1] epochs: [86/100] train_acc: 0.237 train_loss_sup: 3.981
[GPU1] epochs: [87/100] train_acc: 0.237 train_loss_sup: 3.981
[GPU1] epochs: [88/100] train_acc: 0.240 train_loss_sup: 3.976
[GPU1] epochs: [89/100] train_acc: 0.240 train_loss_sup: 3.978
[GPU1] epochs: [90/100] train_acc: 0.240 train_loss_sup: 3.975
[GPU1] Test Accuracy at epoch: 90: 0.25
[GPU1] epochs: [91/100] train_acc: 0.239 train_loss_sup: 3.971
[GPU1] epochs: [92/100] train_acc: 0.240 train_loss_sup: 3.974
[GPU1] epochs: [93/100] train_acc: 0.240 train_loss_sup: 3.968
[GPU1] epochs: [94/100] train_acc: 0.240 train_loss_sup: 3.970
[GPU1] epochs: [95/100] train_acc: 0.241 train_loss_sup: 3.968
[GPU1] epochs: [96/100] train_acc: 0.241 train_loss_sup: 3.966
[GPU1] epochs: [97/100] train_acc: 0.238 train_loss_sup: 3.969
[GPU1] epochs: [98/100] train_acc: 0.242 train_loss_sup: 3.964
[GPU1] epochs: [99/100] train_acc: 0.241 train_loss_sup: 3.967
[GPU1] epochs: [100/100] train_acc: 0.243 train_loss_sup: 3.962
[GPU1] Final Test Accuracy: 0.248
LR: 0.100 | WD: 0.000100 | Cosine: False | test Acc: 0.250%
===> using linear mlp
Scheduler: None
MLP: MLP(
  (mlp): Linear(in_features=384, out_features=200, bias=True)
)
[GPU1] Test Accuracy at epoch: 0: 0.034
[GPU1] epochs: [1/100] train_acc: 0.012 train_loss_sup: 5.268
[GPU1] epochs: [2/100] train_acc: 0.040 train_loss_sup: 5.188
[GPU1] epochs: [3/100] train_acc: 0.064 train_loss_sup: 5.112
[GPU1] epochs: [4/100] train_acc: 0.082 train_loss_sup: 5.042
[GPU1] epochs: [5/100] train_acc: 0.092 train_loss_sup: 4.977
[GPU1] epochs: [6/100] train_acc: 0.109 train_loss_sup: 4.915
[GPU1] epochs: [7/100] train_acc: 0.118 train_loss_sup: 4.856
[GPU1] epochs: [8/100] train_acc: 0.121 train_loss_sup: 4.801
[GPU1] epochs: [9/100] train_acc: 0.132 train_loss_sup: 4.748
[GPU1] epochs: [10/100] train_acc: 0.136 train_loss_sup: 4.699
[GPU1] Test Accuracy at epoch: 10: 0.147
[GPU1] epochs: [11/100] train_acc: 0.142 train_loss_sup: 4.652
[GPU1] epochs: [12/100] train_acc: 0.148 train_loss_sup: 4.608
[GPU1] epochs: [13/100] train_acc: 0.153 train_loss_sup: 4.566
[GPU1] epochs: [14/100] train_acc: 0.160 train_loss_sup: 4.526
[GPU1] epochs: [15/100] train_acc: 0.163 train_loss_sup: 4.489
[GPU1] epochs: [16/100] train_acc: 0.167 train_loss_sup: 4.452
[GPU1] epochs: [17/100] train_acc: 0.172 train_loss_sup: 4.419
[GPU1] epochs: [18/100] train_acc: 0.175 train_loss_sup: 4.387
[GPU1] epochs: [19/100] train_acc: 0.178 train_loss_sup: 4.355
[GPU1] epochs: [20/100] train_acc: 0.182 train_loss_sup: 4.325
[GPU1] Test Accuracy at epoch: 20: 0.192
[GPU1] epochs: [21/100] train_acc: 0.185 train_loss_sup: 4.296
[GPU1] epochs: [22/100] train_acc: 0.191 train_loss_sup: 4.266
[GPU1] epochs: [23/100] train_acc: 0.194 train_loss_sup: 4.244
[GPU1] epochs: [24/100] train_acc: 0.195 train_loss_sup: 4.216
[GPU1] epochs: [25/100] train_acc: 0.199 train_loss_sup: 4.190
[GPU1] epochs: [26/100] train_acc: 0.200 train_loss_sup: 4.168
[GPU1] epochs: [27/100] train_acc: 0.204 train_loss_sup: 4.144
[GPU1] epochs: [28/100] train_acc: 0.205 train_loss_sup: 4.123
[GPU1] epochs: [29/100] train_acc: 0.208 train_loss_sup: 4.103
[GPU1] epochs: [30/100] train_acc: 0.212 train_loss_sup: 4.080
[GPU1] Test Accuracy at epoch: 30: 0.218
[GPU1] epochs: [31/100] train_acc: 0.214 train_loss_sup: 4.061
[GPU1] epochs: [32/100] train_acc: 0.216 train_loss_sup: 4.039
[GPU1] epochs: [33/100] train_acc: 0.219 train_loss_sup: 4.023
[GPU1] epochs: [34/100] train_acc: 0.220 train_loss_sup: 4.005
[GPU1] epochs: [35/100] train_acc: 0.224 train_loss_sup: 3.986
[GPU1] epochs: [36/100] train_acc: 0.223 train_loss_sup: 3.970
[GPU1] epochs: [37/100] train_acc: 0.226 train_loss_sup: 3.953
[GPU1] epochs: [38/100] train_acc: 0.228 train_loss_sup: 3.935
[GPU1] epochs: [39/100] train_acc: 0.230 train_loss_sup: 3.919
[GPU1] epochs: [40/100] train_acc: 0.230 train_loss_sup: 3.910
[GPU1] Test Accuracy at epoch: 40: 0.237
[GPU1] epochs: [41/100] train_acc: 0.233 train_loss_sup: 3.892
[GPU1] epochs: [42/100] train_acc: 0.234 train_loss_sup: 3.877
[GPU1] epochs: [43/100] train_acc: 0.236 train_loss_sup: 3.864
[GPU1] epochs: [44/100] train_acc: 0.236 train_loss_sup: 3.851
[GPU1] epochs: [45/100] train_acc: 0.237 train_loss_sup: 3.837
[GPU1] epochs: [46/100] train_acc: 0.240 train_loss_sup: 3.820
[GPU1] epochs: [47/100] train_acc: 0.242 train_loss_sup: 3.810
[GPU1] epochs: [48/100] train_acc: 0.243 train_loss_sup: 3.797
[GPU1] epochs: [49/100] train_acc: 0.244 train_loss_sup: 3.786
[GPU1] epochs: [50/100] train_acc: 0.246 train_loss_sup: 3.774
[GPU1] Test Accuracy at epoch: 50: 0.255
[GPU1] epochs: [51/100] train_acc: 0.248 train_loss_sup: 3.760
[GPU1] epochs: [52/100] train_acc: 0.249 train_loss_sup: 3.753
[GPU1] epochs: [53/100] train_acc: 0.247 train_loss_sup: 3.740
[GPU1] epochs: [54/100] train_acc: 0.252 train_loss_sup: 3.730
[GPU1] epochs: [55/100] train_acc: 0.250 train_loss_sup: 3.720
[GPU1] epochs: [56/100] train_acc: 0.251 train_loss_sup: 3.710
[GPU1] epochs: [57/100] train_acc: 0.253 train_loss_sup: 3.703
[GPU1] epochs: [58/100] train_acc: 0.254 train_loss_sup: 3.692
[GPU1] epochs: [59/100] train_acc: 0.256 train_loss_sup: 3.680
[GPU1] epochs: [60/100] train_acc: 0.256 train_loss_sup: 3.671
[GPU1] Test Accuracy at epoch: 60: 0.261
[GPU1] epochs: [61/100] train_acc: 0.256 train_loss_sup: 3.660
[GPU1] epochs: [62/100] train_acc: 0.258 train_loss_sup: 3.652
[GPU1] epochs: [63/100] train_acc: 0.259 train_loss_sup: 3.645
[GPU1] epochs: [64/100] train_acc: 0.261 train_loss_sup: 3.636
[GPU1] epochs: [65/100] train_acc: 0.261 train_loss_sup: 3.626
[GPU1] epochs: [66/100] train_acc: 0.265 train_loss_sup: 3.615
[GPU1] epochs: [67/100] train_acc: 0.264 train_loss_sup: 3.609
[GPU1] epochs: [68/100] train_acc: 0.265 train_loss_sup: 3.600
[GPU1] epochs: [69/100] train_acc: 0.265 train_loss_sup: 3.595
[GPU1] epochs: [70/100] train_acc: 0.264 train_loss_sup: 3.589
[GPU1] Test Accuracy at epoch: 70: 0.271
[GPU1] epochs: [71/100] train_acc: 0.266 train_loss_sup: 3.581
[GPU1] epochs: [72/100] train_acc: 0.266 train_loss_sup: 3.570
[GPU1] epochs: [73/100] train_acc: 0.268 train_loss_sup: 3.562
[GPU1] epochs: [74/100] train_acc: 0.270 train_loss_sup: 3.554
[GPU1] epochs: [75/100] train_acc: 0.269 train_loss_sup: 3.549
[GPU1] epochs: [76/100] train_acc: 0.272 train_loss_sup: 3.541
[GPU1] epochs: [77/100] train_acc: 0.270 train_loss_sup: 3.539
[GPU1] epochs: [78/100] train_acc: 0.272 train_loss_sup: 3.532
[GPU1] epochs: [79/100] train_acc: 0.273 train_loss_sup: 3.523
[GPU1] epochs: [80/100] train_acc: 0.271 train_loss_sup: 3.521
[GPU1] Test Accuracy at epoch: 80: 0.283
[GPU1] epochs: [81/100] train_acc: 0.274 train_loss_sup: 3.506
[GPU1] epochs: [82/100] train_acc: 0.275 train_loss_sup: 3.503
[GPU1] epochs: [83/100] train_acc: 0.275 train_loss_sup: 3.500
[GPU1] epochs: [84/100] train_acc: 0.275 train_loss_sup: 3.494
[GPU1] epochs: [85/100] train_acc: 0.277 train_loss_sup: 3.483
[GPU1] epochs: [86/100] train_acc: 0.278 train_loss_sup: 3.479
[GPU1] epochs: [87/100] train_acc: 0.278 train_loss_sup: 3.472
[GPU1] epochs: [88/100] train_acc: 0.279 train_loss_sup: 3.469
[GPU1] epochs: [89/100] train_acc: 0.279 train_loss_sup: 3.463
[GPU1] epochs: [90/100] train_acc: 0.279 train_loss_sup: 3.459
[GPU1] Test Accuracy at epoch: 90: 0.288
[GPU1] epochs: [91/100] train_acc: 0.279 train_loss_sup: 3.452
[GPU1] epochs: [92/100] train_acc: 0.280 train_loss_sup: 3.446
[GPU1] epochs: [93/100] train_acc: 0.280 train_loss_sup: 3.441
[GPU1] epochs: [94/100] train_acc: 0.283 train_loss_sup: 3.436
[GPU1] epochs: [95/100] train_acc: 0.283 train_loss_sup: 3.431
[GPU1] epochs: [96/100] train_acc: 0.284 train_loss_sup: 3.421
[GPU1] epochs: [97/100] train_acc: 0.284 train_loss_sup: 3.423
[GPU1] epochs: [98/100] train_acc: 0.282 train_loss_sup: 3.417
[GPU1] epochs: [99/100] train_acc: 0.286 train_loss_sup: 3.412
[GPU1] epochs: [100/100] train_acc: 0.284 train_loss_sup: 3.406
[GPU1] Final Test Accuracy: 0.289
LR: 0.100 | WD: 0.000000 | Cosine: False | test Acc: 0.289%
===> using linear mlp
Scheduler: None
MLP: MLP(
  (mlp): Linear(in_features=384, out_features=200, bias=True)
)
[GPU1] Test Accuracy at epoch: 0: 0.071
[GPU1] epochs: [1/100] train_acc: 0.042 train_loss_sup: 5.058
[GPU1] epochs: [2/100] train_acc: 0.107 train_loss_sup: 4.566
[GPU1] epochs: [3/100] train_acc: 0.146 train_loss_sup: 4.265
[GPU1] epochs: [4/100] train_acc: 0.171 train_loss_sup: 4.067
[GPU1] epochs: [5/100] train_acc: 0.193 train_loss_sup: 3.912
[GPU1] epochs: [6/100] train_acc: 0.209 train_loss_sup: 3.790
[GPU1] epochs: [7/100] train_acc: 0.222 train_loss_sup: 3.698
[GPU1] epochs: [8/100] train_acc: 0.233 train_loss_sup: 3.622
[GPU1] epochs: [9/100] train_acc: 0.240 train_loss_sup: 3.562
[GPU1] epochs: [10/100] train_acc: 0.248 train_loss_sup: 3.506
[GPU1] Test Accuracy at epoch: 10: 0.265
[GPU1] epochs: [11/100] train_acc: 0.252 train_loss_sup: 3.463
[GPU1] epochs: [12/100] train_acc: 0.260 train_loss_sup: 3.412
[GPU1] epochs: [13/100] train_acc: 0.265 train_loss_sup: 3.384
[GPU1] epochs: [14/100] train_acc: 0.270 train_loss_sup: 3.346
[GPU1] epochs: [15/100] train_acc: 0.273 train_loss_sup: 3.319
[GPU1] epochs: [16/100] train_acc: 0.278 train_loss_sup: 3.288
[GPU1] epochs: [17/100] train_acc: 0.280 train_loss_sup: 3.272
[GPU1] epochs: [18/100] train_acc: 0.284 train_loss_sup: 3.246
[GPU1] epochs: [19/100] train_acc: 0.288 train_loss_sup: 3.224
[GPU1] epochs: [20/100] train_acc: 0.291 train_loss_sup: 3.202
[GPU1] Test Accuracy at epoch: 20: 0.302
[GPU1] epochs: [21/100] train_acc: 0.293 train_loss_sup: 3.187
[GPU1] epochs: [22/100] train_acc: 0.299 train_loss_sup: 3.171
[GPU1] epochs: [23/100] train_acc: 0.298 train_loss_sup: 3.156
[GPU1] epochs: [24/100] train_acc: 0.302 train_loss_sup: 3.133
[GPU1] epochs: [25/100] train_acc: 0.301 train_loss_sup: 3.128
[GPU1] epochs: [26/100] train_acc: 0.305 train_loss_sup: 3.116
[GPU1] epochs: [27/100] train_acc: 0.306 train_loss_sup: 3.103
[GPU1] epochs: [28/100] train_acc: 0.306 train_loss_sup: 3.095
[GPU1] epochs: [29/100] train_acc: 0.310 train_loss_sup: 3.078
[GPU1] epochs: [30/100] train_acc: 0.313 train_loss_sup: 3.071
[GPU1] Test Accuracy at epoch: 30: 0.323
[GPU1] epochs: [31/100] train_acc: 0.312 train_loss_sup: 3.066
[GPU1] epochs: [32/100] train_acc: 0.314 train_loss_sup: 3.054
[GPU1] epochs: [33/100] train_acc: 0.317 train_loss_sup: 3.045
[GPU1] epochs: [34/100] train_acc: 0.318 train_loss_sup: 3.032
[GPU1] epochs: [35/100] train_acc: 0.320 train_loss_sup: 3.028
[GPU1] epochs: [36/100] train_acc: 0.320 train_loss_sup: 3.018
[GPU1] epochs: [37/100] train_acc: 0.321 train_loss_sup: 3.014
[GPU1] epochs: [38/100] train_acc: 0.322 train_loss_sup: 3.003
[GPU1] epochs: [39/100] train_acc: 0.325 train_loss_sup: 2.994
[GPU1] epochs: [40/100] train_acc: 0.324 train_loss_sup: 2.992
[GPU1] Test Accuracy at epoch: 40: 0.34
[GPU1] epochs: [41/100] train_acc: 0.326 train_loss_sup: 2.987
[GPU1] epochs: [42/100] train_acc: 0.328 train_loss_sup: 2.981
[GPU1] epochs: [43/100] train_acc: 0.329 train_loss_sup: 2.965
[GPU1] epochs: [44/100] train_acc: 0.328 train_loss_sup: 2.970
[GPU1] epochs: [45/100] train_acc: 0.329 train_loss_sup: 2.960
[GPU1] epochs: [46/100] train_acc: 0.329 train_loss_sup: 2.955
[GPU1] epochs: [47/100] train_acc: 0.331 train_loss_sup: 2.949
[GPU1] epochs: [48/100] train_acc: 0.331 train_loss_sup: 2.949
[GPU1] epochs: [49/100] train_acc: 0.333 train_loss_sup: 2.939
[GPU1] epochs: [50/100] train_acc: 0.334 train_loss_sup: 2.937
[GPU1] Test Accuracy at epoch: 50: 0.344
[GPU1] epochs: [51/100] train_acc: 0.335 train_loss_sup: 2.931
[GPU1] epochs: [52/100] train_acc: 0.336 train_loss_sup: 2.926
[GPU1] epochs: [53/100] train_acc: 0.338 train_loss_sup: 2.923
[GPU1] epochs: [54/100] train_acc: 0.337 train_loss_sup: 2.918
[GPU1] epochs: [55/100] train_acc: 0.338 train_loss_sup: 2.914
[GPU1] epochs: [56/100] train_acc: 0.339 train_loss_sup: 2.906
[GPU1] epochs: [57/100] train_acc: 0.337 train_loss_sup: 2.913
[GPU1] epochs: [58/100] train_acc: 0.339 train_loss_sup: 2.904
[GPU1] epochs: [59/100] train_acc: 0.339 train_loss_sup: 2.904
[GPU1] epochs: [60/100] train_acc: 0.339 train_loss_sup: 2.899
[GPU1] Test Accuracy at epoch: 60: 0.35
[GPU1] epochs: [61/100] train_acc: 0.342 train_loss_sup: 2.892
[GPU1] epochs: [62/100] train_acc: 0.341 train_loss_sup: 2.891
[GPU1] epochs: [63/100] train_acc: 0.342 train_loss_sup: 2.886
[GPU1] epochs: [64/100] train_acc: 0.343 train_loss_sup: 2.881
[GPU1] epochs: [65/100] train_acc: 0.345 train_loss_sup: 2.876
[GPU1] epochs: [66/100] train_acc: 0.343 train_loss_sup: 2.876
[GPU1] epochs: [67/100] train_acc: 0.345 train_loss_sup: 2.879
[GPU1] epochs: [68/100] train_acc: 0.345 train_loss_sup: 2.874
[GPU1] epochs: [69/100] train_acc: 0.344 train_loss_sup: 2.873
[GPU1] epochs: [70/100] train_acc: 0.344 train_loss_sup: 2.866
[GPU1] Test Accuracy at epoch: 70: 0.351
[GPU1] epochs: [71/100] train_acc: 0.349 train_loss_sup: 2.858
[GPU1] epochs: [72/100] train_acc: 0.347 train_loss_sup: 2.861
[GPU1] epochs: [73/100] train_acc: 0.351 train_loss_sup: 2.852
[GPU1] epochs: [74/100] train_acc: 0.348 train_loss_sup: 2.860
[GPU1] epochs: [75/100] train_acc: 0.346 train_loss_sup: 2.858
[GPU1] epochs: [76/100] train_acc: 0.348 train_loss_sup: 2.849
[GPU1] epochs: [77/100] train_acc: 0.347 train_loss_sup: 2.859
[GPU1] epochs: [78/100] train_acc: 0.351 train_loss_sup: 2.840
[GPU1] epochs: [79/100] train_acc: 0.351 train_loss_sup: 2.843
[GPU1] epochs: [80/100] train_acc: 0.353 train_loss_sup: 2.837
[GPU1] Test Accuracy at epoch: 80: 0.36
[GPU1] epochs: [81/100] train_acc: 0.352 train_loss_sup: 2.837
[GPU1] epochs: [82/100] train_acc: 0.352 train_loss_sup: 2.839
[GPU1] epochs: [83/100] train_acc: 0.353 train_loss_sup: 2.829
[GPU1] epochs: [84/100] train_acc: 0.355 train_loss_sup: 2.829
[GPU1] epochs: [85/100] train_acc: 0.352 train_loss_sup: 2.832
[GPU1] epochs: [86/100] train_acc: 0.352 train_loss_sup: 2.829
[GPU1] epochs: [87/100] train_acc: 0.355 train_loss_sup: 2.821
[GPU1] epochs: [88/100] train_acc: 0.356 train_loss_sup: 2.815
[GPU1] epochs: [89/100] train_acc: 0.356 train_loss_sup: 2.820
[GPU1] epochs: [90/100] train_acc: 0.355 train_loss_sup: 2.819
[GPU1] Test Accuracy at epoch: 90: 0.36
[GPU1] epochs: [91/100] train_acc: 0.355 train_loss_sup: 2.817
[GPU1] epochs: [92/100] train_acc: 0.355 train_loss_sup: 2.816
[GPU1] epochs: [93/100] train_acc: 0.356 train_loss_sup: 2.813
[GPU1] epochs: [94/100] train_acc: 0.355 train_loss_sup: 2.811
[GPU1] epochs: [95/100] train_acc: 0.359 train_loss_sup: 2.810
[GPU1] epochs: [96/100] train_acc: 0.358 train_loss_sup: 2.803
[GPU1] epochs: [97/100] train_acc: 0.358 train_loss_sup: 2.810
[GPU1] epochs: [98/100] train_acc: 0.357 train_loss_sup: 2.806
[GPU1] epochs: [99/100] train_acc: 0.359 train_loss_sup: 2.803
[GPU1] epochs: [100/100] train_acc: 0.358 train_loss_sup: 2.802
[GPU1] Final Test Accuracy: 0.373
LR: 1.000 | WD: 0.000001 | Cosine: False | test Acc: 0.373%
===> using linear mlp
Scheduler: None
MLP: MLP(
  (mlp): Linear(in_features=384, out_features=200, bias=True)
)
[GPU1] Test Accuracy at epoch: 0: 0.077
[GPU1] epochs: [1/100] train_acc: 0.039 train_loss_sup: 5.074
[GPU1] epochs: [2/100] train_acc: 0.095 train_loss_sup: 4.643
[GPU1] epochs: [3/100] train_acc: 0.128 train_loss_sup: 4.419
[GPU1] epochs: [4/100] train_acc: 0.148 train_loss_sup: 4.285
[GPU1] epochs: [5/100] train_acc: 0.160 train_loss_sup: 4.201
[GPU1] epochs: [6/100] train_acc: 0.170 train_loss_sup: 4.144
[GPU1] epochs: [7/100] train_acc: 0.177 train_loss_sup: 4.103
[GPU1] epochs: [8/100] train_acc: 0.181 train_loss_sup: 4.074
[GPU1] epochs: [9/100] train_acc: 0.183 train_loss_sup: 4.057
[GPU1] epochs: [10/100] train_acc: 0.187 train_loss_sup: 4.044
[GPU1] Test Accuracy at epoch: 10: 0.195
[GPU1] epochs: [11/100] train_acc: 0.189 train_loss_sup: 4.035
[GPU1] epochs: [12/100] train_acc: 0.191 train_loss_sup: 4.025
[GPU1] epochs: [13/100] train_acc: 0.192 train_loss_sup: 4.021
[GPU1] epochs: [14/100] train_acc: 0.191 train_loss_sup: 4.016
[GPU1] epochs: [15/100] train_acc: 0.191 train_loss_sup: 4.014
[GPU1] epochs: [16/100] train_acc: 0.193 train_loss_sup: 4.008
[GPU1] epochs: [17/100] train_acc: 0.195 train_loss_sup: 4.005
[GPU1] epochs: [18/100] train_acc: 0.195 train_loss_sup: 4.001
[GPU1] epochs: [19/100] train_acc: 0.195 train_loss_sup: 4.002
[GPU1] epochs: [20/100] train_acc: 0.196 train_loss_sup: 4.002
[GPU1] Test Accuracy at epoch: 20: 0.207
[GPU1] epochs: [21/100] train_acc: 0.193 train_loss_sup: 4.001
[GPU1] epochs: [22/100] train_acc: 0.193 train_loss_sup: 4.003
[GPU1] epochs: [23/100] train_acc: 0.197 train_loss_sup: 4.000
[GPU1] epochs: [24/100] train_acc: 0.196 train_loss_sup: 3.996
[GPU1] epochs: [25/100] train_acc: 0.195 train_loss_sup: 4.001
[GPU1] epochs: [26/100] train_acc: 0.197 train_loss_sup: 3.998
[GPU1] epochs: [27/100] train_acc: 0.196 train_loss_sup: 3.998
[GPU1] epochs: [28/100] train_acc: 0.196 train_loss_sup: 4.001
[GPU1] epochs: [29/100] train_acc: 0.196 train_loss_sup: 4.000
[GPU1] epochs: [30/100] train_acc: 0.197 train_loss_sup: 3.998
[GPU1] Test Accuracy at epoch: 30: 0.213
[GPU1] epochs: [31/100] train_acc: 0.194 train_loss_sup: 4.006
[GPU1] epochs: [32/100] train_acc: 0.196 train_loss_sup: 4.001
[GPU1] epochs: [33/100] train_acc: 0.196 train_loss_sup: 4.001
[GPU1] epochs: [34/100] train_acc: 0.195 train_loss_sup: 4.000
[GPU1] epochs: [35/100] train_acc: 0.196 train_loss_sup: 4.001
[GPU1] epochs: [36/100] train_acc: 0.194 train_loss_sup: 4.001
[GPU1] epochs: [37/100] train_acc: 0.197 train_loss_sup: 3.999
[GPU1] epochs: [38/100] train_acc: 0.196 train_loss_sup: 3.997
[GPU1] epochs: [39/100] train_acc: 0.194 train_loss_sup: 4.002
[GPU1] epochs: [40/100] train_acc: 0.198 train_loss_sup: 3.999
[GPU1] Test Accuracy at epoch: 40: 0.2
[GPU1] epochs: [41/100] train_acc: 0.196 train_loss_sup: 4.003
[GPU1] epochs: [42/100] train_acc: 0.196 train_loss_sup: 3.998
[GPU1] epochs: [43/100] train_acc: 0.197 train_loss_sup: 3.996
[GPU1] epochs: [44/100] train_acc: 0.196 train_loss_sup: 3.999
[GPU1] epochs: [45/100] train_acc: 0.198 train_loss_sup: 3.997
[GPU1] epochs: [46/100] train_acc: 0.198 train_loss_sup: 3.996
[GPU1] epochs: [47/100] train_acc: 0.197 train_loss_sup: 3.999
[GPU1] epochs: [48/100] train_acc: 0.194 train_loss_sup: 4.005
[GPU1] epochs: [49/100] train_acc: 0.197 train_loss_sup: 4.001
[GPU1] epochs: [50/100] train_acc: 0.196 train_loss_sup: 3.998
[GPU1] Test Accuracy at epoch: 50: 0.193
[GPU1] epochs: [51/100] train_acc: 0.194 train_loss_sup: 4.000
[GPU1] epochs: [52/100] train_acc: 0.195 train_loss_sup: 3.997
[GPU1] epochs: [53/100] train_acc: 0.194 train_loss_sup: 4.001
[GPU1] epochs: [54/100] train_acc: 0.197 train_loss_sup: 4.004
[GPU1] epochs: [55/100] train_acc: 0.196 train_loss_sup: 4.000
[GPU1] epochs: [56/100] train_acc: 0.194 train_loss_sup: 3.999
[GPU1] epochs: [57/100] train_acc: 0.195 train_loss_sup: 3.997
[GPU1] epochs: [58/100] train_acc: 0.197 train_loss_sup: 3.995
[GPU1] epochs: [59/100] train_acc: 0.196 train_loss_sup: 4.000
[GPU1] epochs: [60/100] train_acc: 0.197 train_loss_sup: 3.998
[GPU1] Test Accuracy at epoch: 60: 0.202
[GPU1] epochs: [61/100] train_acc: 0.198 train_loss_sup: 3.997
[GPU1] epochs: [62/100] train_acc: 0.196 train_loss_sup: 3.997
[GPU1] epochs: [63/100] train_acc: 0.198 train_loss_sup: 3.999
[GPU1] epochs: [64/100] train_acc: 0.198 train_loss_sup: 3.997
[GPU1] epochs: [65/100] train_acc: 0.194 train_loss_sup: 4.001
[GPU1] epochs: [66/100] train_acc: 0.197 train_loss_sup: 3.998
[GPU1] epochs: [67/100] train_acc: 0.196 train_loss_sup: 3.997
[GPU1] epochs: [68/100] train_acc: 0.197 train_loss_sup: 3.999
[GPU1] epochs: [69/100] train_acc: 0.195 train_loss_sup: 4.000
[GPU1] epochs: [70/100] train_acc: 0.194 train_loss_sup: 3.999
[GPU1] Test Accuracy at epoch: 70: 0.211
[GPU1] epochs: [71/100] train_acc: 0.197 train_loss_sup: 3.997
[GPU1] epochs: [72/100] train_acc: 0.197 train_loss_sup: 4.000
[GPU1] epochs: [73/100] train_acc: 0.197 train_loss_sup: 4.000
[GPU1] epochs: [74/100] train_acc: 0.197 train_loss_sup: 3.999
[GPU1] epochs: [75/100] train_acc: 0.195 train_loss_sup: 4.000
[GPU1] epochs: [76/100] train_acc: 0.195 train_loss_sup: 4.002
[GPU1] epochs: [77/100] train_acc: 0.194 train_loss_sup: 4.002
[GPU1] epochs: [78/100] train_acc: 0.196 train_loss_sup: 4.001
[GPU1] epochs: [79/100] train_acc: 0.194 train_loss_sup: 4.000
[GPU1] epochs: [80/100] train_acc: 0.195 train_loss_sup: 3.999
[GPU1] Test Accuracy at epoch: 80: 0.205
[GPU1] epochs: [81/100] train_acc: 0.194 train_loss_sup: 4.001
[GPU1] epochs: [82/100] train_acc: 0.196 train_loss_sup: 3.999
[GPU1] epochs: [83/100] train_acc: 0.197 train_loss_sup: 4.000
[GPU1] epochs: [84/100] train_acc: 0.196 train_loss_sup: 3.997
[GPU1] epochs: [85/100] train_acc: 0.198 train_loss_sup: 3.997
[GPU1] epochs: [86/100] train_acc: 0.197 train_loss_sup: 3.996
[GPU1] epochs: [87/100] train_acc: 0.196 train_loss_sup: 3.997
[GPU1] epochs: [88/100] train_acc: 0.196 train_loss_sup: 3.999
[GPU1] epochs: [89/100] train_acc: 0.198 train_loss_sup: 4.000
[GPU1] epochs: [90/100] train_acc: 0.197 train_loss_sup: 4.001
[GPU1] Test Accuracy at epoch: 90: 0.202
[GPU1] epochs: [91/100] train_acc: 0.195 train_loss_sup: 4.003
[GPU1] epochs: [92/100] train_acc: 0.196 train_loss_sup: 3.999
[GPU1] epochs: [93/100] train_acc: 0.196 train_loss_sup: 4.001
[GPU1] epochs: [94/100] train_acc: 0.196 train_loss_sup: 3.999
[GPU1] epochs: [95/100] train_acc: 0.200 train_loss_sup: 3.995
[GPU1] epochs: [96/100] train_acc: 0.196 train_loss_sup: 3.999
[GPU1] epochs: [97/100] train_acc: 0.196 train_loss_sup: 3.998
[GPU1] epochs: [98/100] train_acc: 0.196 train_loss_sup: 3.995
[GPU1] epochs: [99/100] train_acc: 0.197 train_loss_sup: 4.000
[GPU1] epochs: [100/100] train_acc: 0.196 train_loss_sup: 4.002
[GPU1] Final Test Accuracy: 0.198
LR: 1.000 | WD: 0.000100 | Cosine: False | test Acc: 0.213%
===> using linear mlp
Scheduler: None
MLP: MLP(
  (mlp): Linear(in_features=384, out_features=200, bias=True)
)
[GPU1] Test Accuracy at epoch: 0: 0.084
[GPU1] epochs: [1/100] train_acc: 0.040 train_loss_sup: 5.056
[GPU1] epochs: [2/100] train_acc: 0.106 train_loss_sup: 4.569
[GPU1] epochs: [3/100] train_acc: 0.143 train_loss_sup: 4.265
[GPU1] epochs: [4/100] train_acc: 0.173 train_loss_sup: 4.061
[GPU1] epochs: [5/100] train_acc: 0.194 train_loss_sup: 3.910
[GPU1] epochs: [6/100] train_acc: 0.210 train_loss_sup: 3.793
[GPU1] epochs: [7/100] train_acc: 0.222 train_loss_sup: 3.695
[GPU1] epochs: [8/100] train_acc: 0.231 train_loss_sup: 3.622
[GPU1] epochs: [9/100] train_acc: 0.240 train_loss_sup: 3.555
[GPU1] epochs: [10/100] train_acc: 0.248 train_loss_sup: 3.502
[GPU1] Test Accuracy at epoch: 10: 0.258
[GPU1] epochs: [11/100] train_acc: 0.254 train_loss_sup: 3.457
[GPU1] epochs: [12/100] train_acc: 0.261 train_loss_sup: 3.411
[GPU1] epochs: [13/100] train_acc: 0.267 train_loss_sup: 3.369
[GPU1] epochs: [14/100] train_acc: 0.270 train_loss_sup: 3.338
[GPU1] epochs: [15/100] train_acc: 0.275 train_loss_sup: 3.308
[GPU1] epochs: [16/100] train_acc: 0.280 train_loss_sup: 3.282
[GPU1] epochs: [17/100] train_acc: 0.285 train_loss_sup: 3.257
[GPU1] epochs: [18/100] train_acc: 0.285 train_loss_sup: 3.233
[GPU1] epochs: [19/100] train_acc: 0.290 train_loss_sup: 3.212
[GPU1] epochs: [20/100] train_acc: 0.292 train_loss_sup: 3.197
[GPU1] Test Accuracy at epoch: 20: 0.305
[GPU1] epochs: [21/100] train_acc: 0.295 train_loss_sup: 3.177
[GPU1] epochs: [22/100] train_acc: 0.297 train_loss_sup: 3.160
[GPU1] epochs: [23/100] train_acc: 0.301 train_loss_sup: 3.144
[GPU1] epochs: [24/100] train_acc: 0.303 train_loss_sup: 3.128
[GPU1] epochs: [25/100] train_acc: 0.306 train_loss_sup: 3.114
[GPU1] epochs: [26/100] train_acc: 0.307 train_loss_sup: 3.103
[GPU1] epochs: [27/100] train_acc: 0.309 train_loss_sup: 3.089
[GPU1] epochs: [28/100] train_acc: 0.311 train_loss_sup: 3.075
[GPU1] epochs: [29/100] train_acc: 0.312 train_loss_sup: 3.065
[GPU1] epochs: [30/100] train_acc: 0.312 train_loss_sup: 3.056
[GPU1] Test Accuracy at epoch: 30: 0.33
[GPU1] epochs: [31/100] train_acc: 0.316 train_loss_sup: 3.047
[GPU1] epochs: [32/100] train_acc: 0.314 train_loss_sup: 3.044
[GPU1] epochs: [33/100] train_acc: 0.317 train_loss_sup: 3.031
[GPU1] epochs: [34/100] train_acc: 0.319 train_loss_sup: 3.018
[GPU1] epochs: [35/100] train_acc: 0.319 train_loss_sup: 3.015
[GPU1] epochs: [36/100] train_acc: 0.324 train_loss_sup: 3.002
[GPU1] epochs: [37/100] train_acc: 0.322 train_loss_sup: 2.996
[GPU1] epochs: [38/100] train_acc: 0.322 train_loss_sup: 2.996
[GPU1] epochs: [39/100] train_acc: 0.326 train_loss_sup: 2.984
[GPU1] epochs: [40/100] train_acc: 0.326 train_loss_sup: 2.974
[GPU1] Test Accuracy at epoch: 40: 0.341
[GPU1] epochs: [41/100] train_acc: 0.326 train_loss_sup: 2.976
[GPU1] epochs: [42/100] train_acc: 0.331 train_loss_sup: 2.964
[GPU1] epochs: [43/100] train_acc: 0.330 train_loss_sup: 2.955
[GPU1] epochs: [44/100] train_acc: 0.330 train_loss_sup: 2.952
[GPU1] epochs: [45/100] train_acc: 0.332 train_loss_sup: 2.942
[GPU1] epochs: [46/100] train_acc: 0.334 train_loss_sup: 2.935
[GPU1] epochs: [47/100] train_acc: 0.334 train_loss_sup: 2.929
[GPU1] epochs: [48/100] train_acc: 0.332 train_loss_sup: 2.933
[GPU1] epochs: [49/100] train_acc: 0.335 train_loss_sup: 2.927
[GPU1] epochs: [50/100] train_acc: 0.336 train_loss_sup: 2.917
[GPU1] Test Accuracy at epoch: 50: 0.344
[GPU1] epochs: [51/100] train_acc: 0.336 train_loss_sup: 2.915
[GPU1] epochs: [52/100] train_acc: 0.339 train_loss_sup: 2.908
[GPU1] epochs: [53/100] train_acc: 0.338 train_loss_sup: 2.902
[GPU1] epochs: [54/100] train_acc: 0.339 train_loss_sup: 2.903
[GPU1] epochs: [55/100] train_acc: 0.339 train_loss_sup: 2.901
[GPU1] epochs: [56/100] train_acc: 0.340 train_loss_sup: 2.895
[GPU1] epochs: [57/100] train_acc: 0.341 train_loss_sup: 2.890
[GPU1] epochs: [58/100] train_acc: 0.341 train_loss_sup: 2.885
[GPU1] epochs: [59/100] train_acc: 0.342 train_loss_sup: 2.881
[GPU1] epochs: [60/100] train_acc: 0.345 train_loss_sup: 2.866
[GPU1] Test Accuracy at epoch: 60: 0.348
[GPU1] epochs: [61/100] train_acc: 0.345 train_loss_sup: 2.869
[GPU1] epochs: [62/100] train_acc: 0.345 train_loss_sup: 2.868
[GPU1] epochs: [63/100] train_acc: 0.345 train_loss_sup: 2.876
[GPU1] epochs: [64/100] train_acc: 0.346 train_loss_sup: 2.865
[GPU1] epochs: [65/100] train_acc: 0.347 train_loss_sup: 2.855
[GPU1] epochs: [66/100] train_acc: 0.346 train_loss_sup: 2.860
[GPU1] epochs: [67/100] train_acc: 0.347 train_loss_sup: 2.855
[GPU1] epochs: [68/100] train_acc: 0.349 train_loss_sup: 2.848
[GPU1] epochs: [69/100] train_acc: 0.347 train_loss_sup: 2.847
[GPU1] epochs: [70/100] train_acc: 0.349 train_loss_sup: 2.844
[GPU1] Test Accuracy at epoch: 70: 0.358
[GPU1] epochs: [71/100] train_acc: 0.349 train_loss_sup: 2.840
[GPU1] epochs: [72/100] train_acc: 0.351 train_loss_sup: 2.837
[GPU1] epochs: [73/100] train_acc: 0.351 train_loss_sup: 2.832
[GPU1] epochs: [74/100] train_acc: 0.351 train_loss_sup: 2.829
[GPU1] epochs: [75/100] train_acc: 0.350 train_loss_sup: 2.828
[GPU1] epochs: [76/100] train_acc: 0.352 train_loss_sup: 2.829
[GPU1] epochs: [77/100] train_acc: 0.354 train_loss_sup: 2.822
[GPU1] epochs: [78/100] train_acc: 0.352 train_loss_sup: 2.823
[GPU1] epochs: [79/100] train_acc: 0.354 train_loss_sup: 2.824
[GPU1] epochs: [80/100] train_acc: 0.354 train_loss_sup: 2.822
[GPU1] Test Accuracy at epoch: 80: 0.366
[GPU1] epochs: [81/100] train_acc: 0.356 train_loss_sup: 2.809
[GPU1] epochs: [82/100] train_acc: 0.355 train_loss_sup: 2.814
[GPU1] epochs: [83/100] train_acc: 0.354 train_loss_sup: 2.810
[GPU1] epochs: [84/100] train_acc: 0.356 train_loss_sup: 2.808
[GPU1] epochs: [85/100] train_acc: 0.356 train_loss_sup: 2.802
[GPU1] epochs: [86/100] train_acc: 0.356 train_loss_sup: 2.805
[GPU1] epochs: [87/100] train_acc: 0.358 train_loss_sup: 2.796
[GPU1] epochs: [88/100] train_acc: 0.359 train_loss_sup: 2.799
[GPU1] epochs: [89/100] train_acc: 0.356 train_loss_sup: 2.799
[GPU1] epochs: [90/100] train_acc: 0.358 train_loss_sup: 2.797
[GPU1] Test Accuracy at epoch: 90: 0.361
[GPU1] epochs: [91/100] train_acc: 0.358 train_loss_sup: 2.793
[GPU1] epochs: [92/100] train_acc: 0.356 train_loss_sup: 2.793
[GPU1] epochs: [93/100] train_acc: 0.360 train_loss_sup: 2.783
[GPU1] epochs: [94/100] train_acc: 0.360 train_loss_sup: 2.784
[GPU1] epochs: [95/100] train_acc: 0.360 train_loss_sup: 2.789
[GPU1] epochs: [96/100] train_acc: 0.360 train_loss_sup: 2.790
[GPU1] epochs: [97/100] train_acc: 0.360 train_loss_sup: 2.784
[GPU1] epochs: [98/100] train_acc: 0.361 train_loss_sup: 2.779
[GPU1] epochs: [99/100] train_acc: 0.362 train_loss_sup: 2.776
[GPU1] epochs: [100/100] train_acc: 0.363 train_loss_sup: 2.771
[GPU1] Final Test Accuracy: 0.37
LR: 1.000 | WD: 0.000000 | Cosine: False | test Acc: 0.370%
===> using linear mlp
Scheduler: <torch.optim.lr_scheduler.CosineAnnealingLR object at 0x72b19e15feb0>
MLP: MLP(
  (mlp): Linear(in_features=384, out_features=200, bias=True)
)
[GPU1] Test Accuracy at epoch: 0: 0.024
[GPU1] epochs: [1/100] train_acc: 0.014 train_loss_sup: 5.269
[GPU1] epochs: [2/100] train_acc: 0.039 train_loss_sup: 5.189
[GPU1] epochs: [3/100] train_acc: 0.060 train_loss_sup: 5.113
[GPU1] epochs: [4/100] train_acc: 0.082 train_loss_sup: 5.042
[GPU1] epochs: [5/100] train_acc: 0.095 train_loss_sup: 4.977
[GPU1] epochs: [6/100] train_acc: 0.109 train_loss_sup: 4.913
[GPU1] epochs: [7/100] train_acc: 0.115 train_loss_sup: 4.856
[GPU1] epochs: [8/100] train_acc: 0.122 train_loss_sup: 4.802
[GPU1] epochs: [9/100] train_acc: 0.132 train_loss_sup: 4.750
[GPU1] epochs: [10/100] train_acc: 0.137 train_loss_sup: 4.702
[GPU1] Test Accuracy at epoch: 10: 0.144
[GPU1] epochs: [11/100] train_acc: 0.142 train_loss_sup: 4.658
[GPU1] epochs: [12/100] train_acc: 0.145 train_loss_sup: 4.614
[GPU1] epochs: [13/100] train_acc: 0.152 train_loss_sup: 4.573
[GPU1] epochs: [14/100] train_acc: 0.158 train_loss_sup: 4.535
[GPU1] epochs: [15/100] train_acc: 0.163 train_loss_sup: 4.499
[GPU1] epochs: [16/100] train_acc: 0.167 train_loss_sup: 4.463
[GPU1] epochs: [17/100] train_acc: 0.170 train_loss_sup: 4.431
[GPU1] epochs: [18/100] train_acc: 0.174 train_loss_sup: 4.400
[GPU1] epochs: [19/100] train_acc: 0.179 train_loss_sup: 4.371
[GPU1] epochs: [20/100] train_acc: 0.181 train_loss_sup: 4.344
[GPU1] Test Accuracy at epoch: 20: 0.193
[GPU1] epochs: [21/100] train_acc: 0.185 train_loss_sup: 4.313
[GPU1] epochs: [22/100] train_acc: 0.189 train_loss_sup: 4.288
[GPU1] epochs: [23/100] train_acc: 0.194 train_loss_sup: 4.264
[GPU1] epochs: [24/100] train_acc: 0.195 train_loss_sup: 4.241
[GPU1] epochs: [25/100] train_acc: 0.196 train_loss_sup: 4.219
[GPU1] epochs: [26/100] train_acc: 0.199 train_loss_sup: 4.198
[GPU1] epochs: [27/100] train_acc: 0.203 train_loss_sup: 4.179
[GPU1] epochs: [28/100] train_acc: 0.205 train_loss_sup: 4.156
[GPU1] epochs: [29/100] train_acc: 0.207 train_loss_sup: 4.137
[GPU1] epochs: [30/100] train_acc: 0.209 train_loss_sup: 4.121
[GPU1] Test Accuracy at epoch: 30: 0.22
[GPU1] epochs: [31/100] train_acc: 0.212 train_loss_sup: 4.103
[GPU1] epochs: [32/100] train_acc: 0.213 train_loss_sup: 4.090
[GPU1] epochs: [33/100] train_acc: 0.213 train_loss_sup: 4.072
[GPU1] epochs: [34/100] train_acc: 0.217 train_loss_sup: 4.057
[GPU1] epochs: [35/100] train_acc: 0.219 train_loss_sup: 4.043
[GPU1] epochs: [36/100] train_acc: 0.221 train_loss_sup: 4.030
[GPU1] epochs: [37/100] train_acc: 0.220 train_loss_sup: 4.017
[GPU1] epochs: [38/100] train_acc: 0.225 train_loss_sup: 4.002
[GPU1] epochs: [39/100] train_acc: 0.225 train_loss_sup: 3.990
[GPU1] epochs: [40/100] train_acc: 0.228 train_loss_sup: 3.975
[GPU1] Test Accuracy at epoch: 40: 0.236
[GPU1] epochs: [41/100] train_acc: 0.228 train_loss_sup: 3.965
[GPU1] epochs: [42/100] train_acc: 0.228 train_loss_sup: 3.956
[GPU1] epochs: [43/100] train_acc: 0.230 train_loss_sup: 3.945
[GPU1] epochs: [44/100] train_acc: 0.230 train_loss_sup: 3.937
[GPU1] epochs: [45/100] train_acc: 0.233 train_loss_sup: 3.927
[GPU1] epochs: [46/100] train_acc: 0.235 train_loss_sup: 3.915
[GPU1] epochs: [47/100] train_acc: 0.233 train_loss_sup: 3.909
[GPU1] epochs: [48/100] train_acc: 0.236 train_loss_sup: 3.899
[GPU1] epochs: [49/100] train_acc: 0.239 train_loss_sup: 3.890
[GPU1] epochs: [50/100] train_acc: 0.236 train_loss_sup: 3.886
[GPU1] Test Accuracy at epoch: 50: 0.248
[GPU1] epochs: [51/100] train_acc: 0.238 train_loss_sup: 3.875
[GPU1] epochs: [52/100] train_acc: 0.239 train_loss_sup: 3.868
[GPU1] epochs: [53/100] train_acc: 0.239 train_loss_sup: 3.864
[GPU1] epochs: [54/100] train_acc: 0.242 train_loss_sup: 3.855
[GPU1] epochs: [55/100] train_acc: 0.242 train_loss_sup: 3.851
[GPU1] epochs: [56/100] train_acc: 0.242 train_loss_sup: 3.847
[GPU1] epochs: [57/100] train_acc: 0.242 train_loss_sup: 3.842
[GPU1] epochs: [58/100] train_acc: 0.244 train_loss_sup: 3.836
[GPU1] epochs: [59/100] train_acc: 0.244 train_loss_sup: 3.826
[GPU1] epochs: [60/100] train_acc: 0.246 train_loss_sup: 3.824
[GPU1] Test Accuracy at epoch: 60: 0.25
[GPU1] epochs: [61/100] train_acc: 0.246 train_loss_sup: 3.818
[GPU1] epochs: [62/100] train_acc: 0.244 train_loss_sup: 3.815
[GPU1] epochs: [63/100] train_acc: 0.246 train_loss_sup: 3.811
[GPU1] epochs: [64/100] train_acc: 0.248 train_loss_sup: 3.807
[GPU1] epochs: [65/100] train_acc: 0.249 train_loss_sup: 3.801
[GPU1] epochs: [66/100] train_acc: 0.248 train_loss_sup: 3.799
[GPU1] epochs: [67/100] train_acc: 0.247 train_loss_sup: 3.799
[GPU1] epochs: [68/100] train_acc: 0.250 train_loss_sup: 3.793
[GPU1] epochs: [69/100] train_acc: 0.247 train_loss_sup: 3.792
[GPU1] epochs: [70/100] train_acc: 0.249 train_loss_sup: 3.787
[GPU1] Test Accuracy at epoch: 70: 0.26
[GPU1] epochs: [71/100] train_acc: 0.251 train_loss_sup: 3.785
[GPU1] epochs: [72/100] train_acc: 0.251 train_loss_sup: 3.781
[GPU1] epochs: [73/100] train_acc: 0.250 train_loss_sup: 3.784
[GPU1] epochs: [74/100] train_acc: 0.251 train_loss_sup: 3.776
[GPU1] epochs: [75/100] train_acc: 0.251 train_loss_sup: 3.776
[GPU1] epochs: [76/100] train_acc: 0.254 train_loss_sup: 3.774
[GPU1] epochs: [77/100] train_acc: 0.251 train_loss_sup: 3.771
[GPU1] epochs: [78/100] train_acc: 0.250 train_loss_sup: 3.770
[GPU1] epochs: [79/100] train_acc: 0.253 train_loss_sup: 3.770
[GPU1] epochs: [80/100] train_acc: 0.253 train_loss_sup: 3.768
[GPU1] Test Accuracy at epoch: 80: 0.262
[GPU1] epochs: [81/100] train_acc: 0.252 train_loss_sup: 3.767
[GPU1] epochs: [82/100] train_acc: 0.254 train_loss_sup: 3.766
[GPU1] epochs: [83/100] train_acc: 0.255 train_loss_sup: 3.762
[GPU1] epochs: [84/100] train_acc: 0.254 train_loss_sup: 3.762
[GPU1] epochs: [85/100] train_acc: 0.253 train_loss_sup: 3.761
[GPU1] epochs: [86/100] train_acc: 0.253 train_loss_sup: 3.765
[GPU1] epochs: [87/100] train_acc: 0.253 train_loss_sup: 3.762
[GPU1] epochs: [88/100] train_acc: 0.254 train_loss_sup: 3.759
[GPU1] epochs: [89/100] train_acc: 0.253 train_loss_sup: 3.760
[GPU1] epochs: [90/100] train_acc: 0.253 train_loss_sup: 3.760
[GPU1] Test Accuracy at epoch: 90: 0.261
[GPU1] epochs: [91/100] train_acc: 0.253 train_loss_sup: 3.763
[GPU1] epochs: [92/100] train_acc: 0.255 train_loss_sup: 3.756
[GPU1] epochs: [93/100] train_acc: 0.254 train_loss_sup: 3.756
[GPU1] epochs: [94/100] train_acc: 0.253 train_loss_sup: 3.758
[GPU1] epochs: [95/100] train_acc: 0.254 train_loss_sup: 3.758
[GPU1] epochs: [96/100] train_acc: 0.254 train_loss_sup: 3.757
[GPU1] epochs: [97/100] train_acc: 0.254 train_loss_sup: 3.758
[GPU1] epochs: [98/100] train_acc: 0.254 train_loss_sup: 3.759
[GPU1] epochs: [99/100] train_acc: 0.255 train_loss_sup: 3.757
[GPU1] epochs: [100/100] train_acc: 0.252 train_loss_sup: 3.759
[GPU1] Final Test Accuracy: 0.261
LR: 0.100 | WD: 0.000001 | Cosine: True | test Acc: 0.262%
===> using linear mlp
Scheduler: <torch.optim.lr_scheduler.CosineAnnealingLR object at 0x72b19e15e800>
MLP: MLP(
  (mlp): Linear(in_features=384, out_features=200, bias=True)
)
[GPU1] Test Accuracy at epoch: 0: 0.025
[GPU1] epochs: [1/100] train_acc: 0.014 train_loss_sup: 5.269
[GPU1] epochs: [2/100] train_acc: 0.036 train_loss_sup: 5.191
[GPU1] epochs: [3/100] train_acc: 0.065 train_loss_sup: 5.118
[GPU1] epochs: [4/100] train_acc: 0.082 train_loss_sup: 5.051
[GPU1] epochs: [5/100] train_acc: 0.092 train_loss_sup: 4.989
[GPU1] epochs: [6/100] train_acc: 0.103 train_loss_sup: 4.932
[GPU1] epochs: [7/100] train_acc: 0.112 train_loss_sup: 4.881
[GPU1] epochs: [8/100] train_acc: 0.121 train_loss_sup: 4.830
[GPU1] epochs: [9/100] train_acc: 0.126 train_loss_sup: 4.787
[GPU1] epochs: [10/100] train_acc: 0.131 train_loss_sup: 4.745
[GPU1] Test Accuracy at epoch: 10: 0.155
[GPU1] epochs: [11/100] train_acc: 0.139 train_loss_sup: 4.706
[GPU1] epochs: [12/100] train_acc: 0.142 train_loss_sup: 4.671
[GPU1] epochs: [13/100] train_acc: 0.146 train_loss_sup: 4.637
[GPU1] epochs: [14/100] train_acc: 0.152 train_loss_sup: 4.605
[GPU1] epochs: [15/100] train_acc: 0.152 train_loss_sup: 4.576
[GPU1] epochs: [16/100] train_acc: 0.158 train_loss_sup: 4.550
[GPU1] epochs: [17/100] train_acc: 0.160 train_loss_sup: 4.523
[GPU1] epochs: [18/100] train_acc: 0.168 train_loss_sup: 4.498
[GPU1] epochs: [19/100] train_acc: 0.167 train_loss_sup: 4.476
[GPU1] epochs: [20/100] train_acc: 0.172 train_loss_sup: 4.454
[GPU1] Test Accuracy at epoch: 20: 0.184
[GPU1] epochs: [21/100] train_acc: 0.174 train_loss_sup: 4.434
[GPU1] epochs: [22/100] train_acc: 0.176 train_loss_sup: 4.414
[GPU1] epochs: [23/100] train_acc: 0.181 train_loss_sup: 4.396
[GPU1] epochs: [24/100] train_acc: 0.183 train_loss_sup: 4.380
[GPU1] epochs: [25/100] train_acc: 0.185 train_loss_sup: 4.365
[GPU1] epochs: [26/100] train_acc: 0.188 train_loss_sup: 4.351
[GPU1] epochs: [27/100] train_acc: 0.189 train_loss_sup: 4.334
[GPU1] epochs: [28/100] train_acc: 0.189 train_loss_sup: 4.322
[GPU1] epochs: [29/100] train_acc: 0.193 train_loss_sup: 4.308
[GPU1] epochs: [30/100] train_acc: 0.194 train_loss_sup: 4.298
[GPU1] Test Accuracy at epoch: 30: 0.203
[GPU1] epochs: [31/100] train_acc: 0.195 train_loss_sup: 4.287
[GPU1] epochs: [32/100] train_acc: 0.197 train_loss_sup: 4.274
[GPU1] epochs: [33/100] train_acc: 0.197 train_loss_sup: 4.267
[GPU1] epochs: [34/100] train_acc: 0.200 train_loss_sup: 4.256
[GPU1] epochs: [35/100] train_acc: 0.200 train_loss_sup: 4.248
[GPU1] epochs: [36/100] train_acc: 0.204 train_loss_sup: 4.237
[GPU1] epochs: [37/100] train_acc: 0.206 train_loss_sup: 4.229
[GPU1] epochs: [38/100] train_acc: 0.205 train_loss_sup: 4.222
[GPU1] epochs: [39/100] train_acc: 0.206 train_loss_sup: 4.213
[GPU1] epochs: [40/100] train_acc: 0.207 train_loss_sup: 4.206
[GPU1] Test Accuracy at epoch: 40: 0.217
[GPU1] epochs: [41/100] train_acc: 0.209 train_loss_sup: 4.200
[GPU1] epochs: [42/100] train_acc: 0.210 train_loss_sup: 4.195
[GPU1] epochs: [43/100] train_acc: 0.211 train_loss_sup: 4.188
[GPU1] epochs: [44/100] train_acc: 0.212 train_loss_sup: 4.181
[GPU1] epochs: [45/100] train_acc: 0.215 train_loss_sup: 4.175
[GPU1] epochs: [46/100] train_acc: 0.214 train_loss_sup: 4.171
[GPU1] epochs: [47/100] train_acc: 0.214 train_loss_sup: 4.167
[GPU1] epochs: [48/100] train_acc: 0.216 train_loss_sup: 4.159
[GPU1] epochs: [49/100] train_acc: 0.215 train_loss_sup: 4.157
[GPU1] epochs: [50/100] train_acc: 0.217 train_loss_sup: 4.149
[GPU1] Test Accuracy at epoch: 50: 0.226
[GPU1] epochs: [51/100] train_acc: 0.219 train_loss_sup: 4.148
[GPU1] epochs: [52/100] train_acc: 0.218 train_loss_sup: 4.142
[GPU1] epochs: [53/100] train_acc: 0.220 train_loss_sup: 4.140
[GPU1] epochs: [54/100] train_acc: 0.221 train_loss_sup: 4.135
[GPU1] epochs: [55/100] train_acc: 0.221 train_loss_sup: 4.135
[GPU1] epochs: [56/100] train_acc: 0.220 train_loss_sup: 4.130
[GPU1] epochs: [57/100] train_acc: 0.221 train_loss_sup: 4.127
[GPU1] epochs: [58/100] train_acc: 0.224 train_loss_sup: 4.124
[GPU1] epochs: [59/100] train_acc: 0.221 train_loss_sup: 4.121
[GPU1] epochs: [60/100] train_acc: 0.224 train_loss_sup: 4.119
[GPU1] Test Accuracy at epoch: 60: 0.235
[GPU1] epochs: [61/100] train_acc: 0.224 train_loss_sup: 4.115
[GPU1] epochs: [62/100] train_acc: 0.225 train_loss_sup: 4.113
[GPU1] epochs: [63/100] train_acc: 0.225 train_loss_sup: 4.112
[GPU1] epochs: [64/100] train_acc: 0.226 train_loss_sup: 4.111
[GPU1] epochs: [65/100] train_acc: 0.227 train_loss_sup: 4.105
[GPU1] epochs: [66/100] train_acc: 0.227 train_loss_sup: 4.104
[GPU1] epochs: [67/100] train_acc: 0.227 train_loss_sup: 4.101
[GPU1] epochs: [68/100] train_acc: 0.226 train_loss_sup: 4.100
[GPU1] epochs: [69/100] train_acc: 0.229 train_loss_sup: 4.098
[GPU1] epochs: [70/100] train_acc: 0.228 train_loss_sup: 4.099
[GPU1] Test Accuracy at epoch: 70: 0.237
[GPU1] epochs: [71/100] train_acc: 0.228 train_loss_sup: 4.097
[GPU1] epochs: [72/100] train_acc: 0.228 train_loss_sup: 4.096
[GPU1] epochs: [73/100] train_acc: 0.230 train_loss_sup: 4.094
[GPU1] epochs: [74/100] train_acc: 0.229 train_loss_sup: 4.092
[GPU1] epochs: [75/100] train_acc: 0.229 train_loss_sup: 4.092
[GPU1] epochs: [76/100] train_acc: 0.230 train_loss_sup: 4.091
[GPU1] epochs: [77/100] train_acc: 0.232 train_loss_sup: 4.090
[GPU1] epochs: [78/100] train_acc: 0.228 train_loss_sup: 4.090
[GPU1] epochs: [79/100] train_acc: 0.231 train_loss_sup: 4.088
[GPU1] epochs: [80/100] train_acc: 0.232 train_loss_sup: 4.089
[GPU1] Test Accuracy at epoch: 80: 0.238
[GPU1] epochs: [81/100] train_acc: 0.231 train_loss_sup: 4.088
[GPU1] epochs: [82/100] train_acc: 0.231 train_loss_sup: 4.088
[GPU1] epochs: [83/100] train_acc: 0.231 train_loss_sup: 4.086
[GPU1] epochs: [84/100] train_acc: 0.232 train_loss_sup: 4.085
[GPU1] epochs: [85/100] train_acc: 0.231 train_loss_sup: 4.086
[GPU1] epochs: [86/100] train_acc: 0.233 train_loss_sup: 4.084
[GPU1] epochs: [87/100] train_acc: 0.233 train_loss_sup: 4.084
[GPU1] epochs: [88/100] train_acc: 0.234 train_loss_sup: 4.086
[GPU1] epochs: [89/100] train_acc: 0.232 train_loss_sup: 4.085
[GPU1] epochs: [90/100] train_acc: 0.231 train_loss_sup: 4.083
[GPU1] Test Accuracy at epoch: 90: 0.241
[GPU1] epochs: [91/100] train_acc: 0.234 train_loss_sup: 4.083
[GPU1] epochs: [92/100] train_acc: 0.233 train_loss_sup: 4.083
[GPU1] epochs: [93/100] train_acc: 0.232 train_loss_sup: 4.086
[GPU1] epochs: [94/100] train_acc: 0.232 train_loss_sup: 4.083
[GPU1] epochs: [95/100] train_acc: 0.233 train_loss_sup: 4.082
[GPU1] epochs: [96/100] train_acc: 0.231 train_loss_sup: 4.083
[GPU1] epochs: [97/100] train_acc: 0.233 train_loss_sup: 4.081
[GPU1] epochs: [98/100] train_acc: 0.233 train_loss_sup: 4.084
[GPU1] epochs: [99/100] train_acc: 0.232 train_loss_sup: 4.082
[GPU1] epochs: [100/100] train_acc: 0.234 train_loss_sup: 4.082
[GPU1] Final Test Accuracy: 0.241
LR: 0.100 | WD: 0.000100 | Cosine: True | test Acc: 0.241%
===> using linear mlp
Scheduler: <torch.optim.lr_scheduler.CosineAnnealingLR object at 0x72b19e15d360>
MLP: MLP(
  (mlp): Linear(in_features=384, out_features=200, bias=True)
)
[GPU1] Test Accuracy at epoch: 0: 0.024
[GPU1] epochs: [1/100] train_acc: 0.013 train_loss_sup: 5.269
[GPU1] epochs: [2/100] train_acc: 0.042 train_loss_sup: 5.189
[GPU1] epochs: [3/100] train_acc: 0.063 train_loss_sup: 5.114
[GPU1] epochs: [4/100] train_acc: 0.081 train_loss_sup: 5.042
[GPU1] epochs: [5/100] train_acc: 0.095 train_loss_sup: 4.977
[GPU1] epochs: [6/100] train_acc: 0.103 train_loss_sup: 4.914
[GPU1] epochs: [7/100] train_acc: 0.114 train_loss_sup: 4.856
[GPU1] epochs: [8/100] train_acc: 0.127 train_loss_sup: 4.801
[GPU1] epochs: [9/100] train_acc: 0.132 train_loss_sup: 4.751
[GPU1] epochs: [10/100] train_acc: 0.137 train_loss_sup: 4.701
[GPU1] Test Accuracy at epoch: 10: 0.151
[GPU1] epochs: [11/100] train_acc: 0.144 train_loss_sup: 4.656
[GPU1] epochs: [12/100] train_acc: 0.149 train_loss_sup: 4.613
[GPU1] epochs: [13/100] train_acc: 0.151 train_loss_sup: 4.573
[GPU1] epochs: [14/100] train_acc: 0.156 train_loss_sup: 4.535
[GPU1] epochs: [15/100] train_acc: 0.165 train_loss_sup: 4.496
[GPU1] epochs: [16/100] train_acc: 0.168 train_loss_sup: 4.461
[GPU1] epochs: [17/100] train_acc: 0.172 train_loss_sup: 4.430
[GPU1] epochs: [18/100] train_acc: 0.174 train_loss_sup: 4.398
[GPU1] epochs: [19/100] train_acc: 0.178 train_loss_sup: 4.369
[GPU1] epochs: [20/100] train_acc: 0.183 train_loss_sup: 4.340
[GPU1] Test Accuracy at epoch: 20: 0.193
[GPU1] epochs: [21/100] train_acc: 0.185 train_loss_sup: 4.315
[GPU1] epochs: [22/100] train_acc: 0.189 train_loss_sup: 4.289
[GPU1] epochs: [23/100] train_acc: 0.194 train_loss_sup: 4.260
[GPU1] epochs: [24/100] train_acc: 0.194 train_loss_sup: 4.243
[GPU1] epochs: [25/100] train_acc: 0.196 train_loss_sup: 4.216
[GPU1] epochs: [26/100] train_acc: 0.201 train_loss_sup: 4.198
[GPU1] epochs: [27/100] train_acc: 0.203 train_loss_sup: 4.174
[GPU1] epochs: [28/100] train_acc: 0.206 train_loss_sup: 4.154
[GPU1] epochs: [29/100] train_acc: 0.205 train_loss_sup: 4.138
[GPU1] epochs: [30/100] train_acc: 0.210 train_loss_sup: 4.119
[GPU1] Test Accuracy at epoch: 30: 0.217
[GPU1] epochs: [31/100] train_acc: 0.210 train_loss_sup: 4.100
[GPU1] epochs: [32/100] train_acc: 0.214 train_loss_sup: 4.084
[GPU1] epochs: [33/100] train_acc: 0.214 train_loss_sup: 4.070
[GPU1] epochs: [34/100] train_acc: 0.217 train_loss_sup: 4.055
[GPU1] epochs: [35/100] train_acc: 0.217 train_loss_sup: 4.040
[GPU1] epochs: [36/100] train_acc: 0.219 train_loss_sup: 4.025
[GPU1] epochs: [37/100] train_acc: 0.220 train_loss_sup: 4.014
[GPU1] epochs: [38/100] train_acc: 0.224 train_loss_sup: 4.001
[GPU1] epochs: [39/100] train_acc: 0.226 train_loss_sup: 3.986
[GPU1] epochs: [40/100] train_acc: 0.225 train_loss_sup: 3.978
[GPU1] Test Accuracy at epoch: 40: 0.243
[GPU1] epochs: [41/100] train_acc: 0.225 train_loss_sup: 3.966
[GPU1] epochs: [42/100] train_acc: 0.227 train_loss_sup: 3.957
[GPU1] epochs: [43/100] train_acc: 0.228 train_loss_sup: 3.945
[GPU1] epochs: [44/100] train_acc: 0.232 train_loss_sup: 3.934
[GPU1] epochs: [45/100] train_acc: 0.231 train_loss_sup: 3.924
[GPU1] epochs: [46/100] train_acc: 0.232 train_loss_sup: 3.916
[GPU1] epochs: [47/100] train_acc: 0.234 train_loss_sup: 3.907
[GPU1] epochs: [48/100] train_acc: 0.234 train_loss_sup: 3.899
[GPU1] epochs: [49/100] train_acc: 0.236 train_loss_sup: 3.890
[GPU1] epochs: [50/100] train_acc: 0.239 train_loss_sup: 3.881
[GPU1] Test Accuracy at epoch: 50: 0.245
[GPU1] epochs: [51/100] train_acc: 0.238 train_loss_sup: 3.875
[GPU1] epochs: [52/100] train_acc: 0.241 train_loss_sup: 3.865
[GPU1] epochs: [53/100] train_acc: 0.239 train_loss_sup: 3.861
[GPU1] epochs: [54/100] train_acc: 0.241 train_loss_sup: 3.852
[GPU1] epochs: [55/100] train_acc: 0.242 train_loss_sup: 3.850
[GPU1] epochs: [56/100] train_acc: 0.242 train_loss_sup: 3.844
[GPU1] epochs: [57/100] train_acc: 0.245 train_loss_sup: 3.833
[GPU1] epochs: [58/100] train_acc: 0.243 train_loss_sup: 3.832
[GPU1] epochs: [59/100] train_acc: 0.245 train_loss_sup: 3.826
[GPU1] epochs: [60/100] train_acc: 0.245 train_loss_sup: 3.824
[GPU1] Test Accuracy at epoch: 60: 0.252
[GPU1] epochs: [61/100] train_acc: 0.246 train_loss_sup: 3.817
[GPU1] epochs: [62/100] train_acc: 0.245 train_loss_sup: 3.809
[GPU1] epochs: [63/100] train_acc: 0.248 train_loss_sup: 3.807
[GPU1] epochs: [64/100] train_acc: 0.248 train_loss_sup: 3.803
[GPU1] epochs: [65/100] train_acc: 0.246 train_loss_sup: 3.801
[GPU1] epochs: [66/100] train_acc: 0.249 train_loss_sup: 3.794
[GPU1] epochs: [67/100] train_acc: 0.249 train_loss_sup: 3.793
[GPU1] epochs: [68/100] train_acc: 0.247 train_loss_sup: 3.791
[GPU1] epochs: [69/100] train_acc: 0.249 train_loss_sup: 3.787
[GPU1] epochs: [70/100] train_acc: 0.251 train_loss_sup: 3.782
[GPU1] Test Accuracy at epoch: 70: 0.258
[GPU1] epochs: [71/100] train_acc: 0.250 train_loss_sup: 3.782
[GPU1] epochs: [72/100] train_acc: 0.250 train_loss_sup: 3.777
[GPU1] epochs: [73/100] train_acc: 0.252 train_loss_sup: 3.776
[GPU1] epochs: [74/100] train_acc: 0.251 train_loss_sup: 3.776
[GPU1] epochs: [75/100] train_acc: 0.252 train_loss_sup: 3.772
[GPU1] epochs: [76/100] train_acc: 0.252 train_loss_sup: 3.772
[GPU1] epochs: [77/100] train_acc: 0.251 train_loss_sup: 3.768
[GPU1] epochs: [78/100] train_acc: 0.252 train_loss_sup: 3.767
[GPU1] epochs: [79/100] train_acc: 0.252 train_loss_sup: 3.768
[GPU1] epochs: [80/100] train_acc: 0.254 train_loss_sup: 3.764
[GPU1] Test Accuracy at epoch: 80: 0.26
[GPU1] epochs: [81/100] train_acc: 0.254 train_loss_sup: 3.759
[GPU1] epochs: [82/100] train_acc: 0.253 train_loss_sup: 3.762
[GPU1] epochs: [83/100] train_acc: 0.254 train_loss_sup: 3.760
[GPU1] epochs: [84/100] train_acc: 0.255 train_loss_sup: 3.755
[GPU1] epochs: [85/100] train_acc: 0.255 train_loss_sup: 3.756
[GPU1] epochs: [86/100] train_acc: 0.252 train_loss_sup: 3.757
[GPU1] epochs: [87/100] train_acc: 0.252 train_loss_sup: 3.762
[GPU1] epochs: [88/100] train_acc: 0.254 train_loss_sup: 3.756
[GPU1] epochs: [89/100] train_acc: 0.253 train_loss_sup: 3.754
[GPU1] epochs: [90/100] train_acc: 0.252 train_loss_sup: 3.755
[GPU1] Test Accuracy at epoch: 90: 0.261
[GPU1] epochs: [91/100] train_acc: 0.253 train_loss_sup: 3.757
[GPU1] epochs: [92/100] train_acc: 0.255 train_loss_sup: 3.754
[GPU1] epochs: [93/100] train_acc: 0.254 train_loss_sup: 3.755
[GPU1] epochs: [94/100] train_acc: 0.254 train_loss_sup: 3.756
[GPU1] epochs: [95/100] train_acc: 0.253 train_loss_sup: 3.755
[GPU1] epochs: [96/100] train_acc: 0.254 train_loss_sup: 3.754
[GPU1] epochs: [97/100] train_acc: 0.256 train_loss_sup: 3.753
[GPU1] epochs: [98/100] train_acc: 0.252 train_loss_sup: 3.756
[GPU1] epochs: [99/100] train_acc: 0.253 train_loss_sup: 3.755
[GPU1] epochs: [100/100] train_acc: 0.254 train_loss_sup: 3.753
[GPU1] Final Test Accuracy: 0.261
LR: 0.100 | WD: 0.000000 | Cosine: True | test Acc: 0.261%
===> using linear mlp
Scheduler: <torch.optim.lr_scheduler.CosineAnnealingLR object at 0x72b19e15d330>
MLP: MLP(
  (mlp): Linear(in_features=384, out_features=200, bias=True)
)
[GPU1] Test Accuracy at epoch: 0: 0.083
[GPU1] epochs: [1/100] train_acc: 0.040 train_loss_sup: 5.057
[GPU1] epochs: [2/100] train_acc: 0.105 train_loss_sup: 4.568
[GPU1] epochs: [3/100] train_acc: 0.145 train_loss_sup: 4.265
[GPU1] epochs: [4/100] train_acc: 0.171 train_loss_sup: 4.059
[GPU1] epochs: [5/100] train_acc: 0.194 train_loss_sup: 3.911
[GPU1] epochs: [6/100] train_acc: 0.210 train_loss_sup: 3.793
[GPU1] epochs: [7/100] train_acc: 0.221 train_loss_sup: 3.699
[GPU1] epochs: [8/100] train_acc: 0.233 train_loss_sup: 3.630
[GPU1] epochs: [9/100] train_acc: 0.239 train_loss_sup: 3.564
[GPU1] epochs: [10/100] train_acc: 0.249 train_loss_sup: 3.504
[GPU1] Test Accuracy at epoch: 10: 0.266
[GPU1] epochs: [11/100] train_acc: 0.254 train_loss_sup: 3.462
[GPU1] epochs: [12/100] train_acc: 0.259 train_loss_sup: 3.417
[GPU1] epochs: [13/100] train_acc: 0.268 train_loss_sup: 3.383
[GPU1] epochs: [14/100] train_acc: 0.270 train_loss_sup: 3.353
[GPU1] epochs: [15/100] train_acc: 0.275 train_loss_sup: 3.322
[GPU1] epochs: [16/100] train_acc: 0.280 train_loss_sup: 3.289
[GPU1] epochs: [17/100] train_acc: 0.282 train_loss_sup: 3.268
[GPU1] epochs: [18/100] train_acc: 0.285 train_loss_sup: 3.248
[GPU1] epochs: [19/100] train_acc: 0.288 train_loss_sup: 3.230
[GPU1] epochs: [20/100] train_acc: 0.292 train_loss_sup: 3.212
[GPU1] Test Accuracy at epoch: 20: 0.308
[GPU1] epochs: [21/100] train_acc: 0.293 train_loss_sup: 3.190
[GPU1] epochs: [22/100] train_acc: 0.296 train_loss_sup: 3.178
[GPU1] epochs: [23/100] train_acc: 0.299 train_loss_sup: 3.162
[GPU1] epochs: [24/100] train_acc: 0.301 train_loss_sup: 3.147
[GPU1] epochs: [25/100] train_acc: 0.301 train_loss_sup: 3.138
[GPU1] epochs: [26/100] train_acc: 0.307 train_loss_sup: 3.120
[GPU1] epochs: [27/100] train_acc: 0.305 train_loss_sup: 3.112
[GPU1] epochs: [28/100] train_acc: 0.311 train_loss_sup: 3.089
[GPU1] epochs: [29/100] train_acc: 0.313 train_loss_sup: 3.085
[GPU1] epochs: [30/100] train_acc: 0.314 train_loss_sup: 3.076
[GPU1] Test Accuracy at epoch: 30: 0.323
[GPU1] epochs: [31/100] train_acc: 0.315 train_loss_sup: 3.067
[GPU1] epochs: [32/100] train_acc: 0.316 train_loss_sup: 3.059
[GPU1] epochs: [33/100] train_acc: 0.319 train_loss_sup: 3.047
[GPU1] epochs: [34/100] train_acc: 0.318 train_loss_sup: 3.043
[GPU1] epochs: [35/100] train_acc: 0.321 train_loss_sup: 3.031
[GPU1] epochs: [36/100] train_acc: 0.322 train_loss_sup: 3.025
[GPU1] epochs: [37/100] train_acc: 0.324 train_loss_sup: 3.019
[GPU1] epochs: [38/100] train_acc: 0.324 train_loss_sup: 3.013
[GPU1] epochs: [39/100] train_acc: 0.326 train_loss_sup: 2.999
[GPU1] epochs: [40/100] train_acc: 0.327 train_loss_sup: 3.004
[GPU1] Test Accuracy at epoch: 40: 0.341
[GPU1] epochs: [41/100] train_acc: 0.329 train_loss_sup: 2.991
[GPU1] epochs: [42/100] train_acc: 0.329 train_loss_sup: 2.987
[GPU1] epochs: [43/100] train_acc: 0.330 train_loss_sup: 2.981
[GPU1] epochs: [44/100] train_acc: 0.332 train_loss_sup: 2.976
[GPU1] epochs: [45/100] train_acc: 0.333 train_loss_sup: 2.975
[GPU1] epochs: [46/100] train_acc: 0.333 train_loss_sup: 2.964
[GPU1] epochs: [47/100] train_acc: 0.333 train_loss_sup: 2.960
[GPU1] epochs: [48/100] train_acc: 0.333 train_loss_sup: 2.962
[GPU1] epochs: [49/100] train_acc: 0.337 train_loss_sup: 2.951
[GPU1] epochs: [50/100] train_acc: 0.336 train_loss_sup: 2.943
[GPU1] Test Accuracy at epoch: 50: 0.348
[GPU1] epochs: [51/100] train_acc: 0.340 train_loss_sup: 2.942
[GPU1] epochs: [52/100] train_acc: 0.339 train_loss_sup: 2.935
[GPU1] epochs: [53/100] train_acc: 0.337 train_loss_sup: 2.937
[GPU1] epochs: [54/100] train_acc: 0.341 train_loss_sup: 2.933
[GPU1] epochs: [55/100] train_acc: 0.341 train_loss_sup: 2.928
[GPU1] epochs: [56/100] train_acc: 0.341 train_loss_sup: 2.928
[GPU1] epochs: [57/100] train_acc: 0.341 train_loss_sup: 2.922
[GPU1] epochs: [58/100] train_acc: 0.344 train_loss_sup: 2.917
[GPU1] epochs: [59/100] train_acc: 0.344 train_loss_sup: 2.919
[GPU1] epochs: [60/100] train_acc: 0.344 train_loss_sup: 2.914
[GPU1] Test Accuracy at epoch: 60: 0.353
[GPU1] epochs: [61/100] train_acc: 0.346 train_loss_sup: 2.909
[GPU1] epochs: [62/100] train_acc: 0.345 train_loss_sup: 2.904
[GPU1] epochs: [63/100] train_acc: 0.348 train_loss_sup: 2.898
[GPU1] epochs: [64/100] train_acc: 0.347 train_loss_sup: 2.901
[GPU1] epochs: [65/100] train_acc: 0.347 train_loss_sup: 2.894
[GPU1] epochs: [66/100] train_acc: 0.347 train_loss_sup: 2.901
[GPU1] epochs: [67/100] train_acc: 0.349 train_loss_sup: 2.893
[GPU1] epochs: [68/100] train_acc: 0.350 train_loss_sup: 2.895
[GPU1] epochs: [69/100] train_acc: 0.350 train_loss_sup: 2.891
[GPU1] epochs: [70/100] train_acc: 0.351 train_loss_sup: 2.887
[GPU1] Test Accuracy at epoch: 70: 0.362
[GPU1] epochs: [71/100] train_acc: 0.350 train_loss_sup: 2.888
[GPU1] epochs: [72/100] train_acc: 0.352 train_loss_sup: 2.881
[GPU1] epochs: [73/100] train_acc: 0.351 train_loss_sup: 2.884
[GPU1] epochs: [74/100] train_acc: 0.353 train_loss_sup: 2.881
[GPU1] epochs: [75/100] train_acc: 0.351 train_loss_sup: 2.881
[GPU1] epochs: [76/100] train_acc: 0.353 train_loss_sup: 2.878
[GPU1] epochs: [77/100] train_acc: 0.354 train_loss_sup: 2.875
[GPU1] epochs: [78/100] train_acc: 0.352 train_loss_sup: 2.878
[GPU1] epochs: [79/100] train_acc: 0.353 train_loss_sup: 2.873
[GPU1] epochs: [80/100] train_acc: 0.355 train_loss_sup: 2.873
[GPU1] Test Accuracy at epoch: 80: 0.366
[GPU1] epochs: [81/100] train_acc: 0.355 train_loss_sup: 2.870
[GPU1] epochs: [82/100] train_acc: 0.355 train_loss_sup: 2.864
[GPU1] epochs: [83/100] train_acc: 0.354 train_loss_sup: 2.875
[GPU1] epochs: [84/100] train_acc: 0.355 train_loss_sup: 2.868
[GPU1] epochs: [85/100] train_acc: 0.356 train_loss_sup: 2.866
[GPU1] epochs: [86/100] train_acc: 0.354 train_loss_sup: 2.872
[GPU1] epochs: [87/100] train_acc: 0.356 train_loss_sup: 2.869
[GPU1] epochs: [88/100] train_acc: 0.357 train_loss_sup: 2.861
[GPU1] epochs: [89/100] train_acc: 0.356 train_loss_sup: 2.864
[GPU1] epochs: [90/100] train_acc: 0.357 train_loss_sup: 2.863
[GPU1] Test Accuracy at epoch: 90: 0.366
[GPU1] epochs: [91/100] train_acc: 0.357 train_loss_sup: 2.862
[GPU1] epochs: [92/100] train_acc: 0.358 train_loss_sup: 2.863
[GPU1] epochs: [93/100] train_acc: 0.357 train_loss_sup: 2.864
[GPU1] epochs: [94/100] train_acc: 0.357 train_loss_sup: 2.866
[GPU1] epochs: [95/100] train_acc: 0.356 train_loss_sup: 2.862
[GPU1] epochs: [96/100] train_acc: 0.357 train_loss_sup: 2.863
[GPU1] epochs: [97/100] train_acc: 0.357 train_loss_sup: 2.858
[GPU1] epochs: [98/100] train_acc: 0.358 train_loss_sup: 2.867
[GPU1] epochs: [99/100] train_acc: 0.359 train_loss_sup: 2.860
[GPU1] epochs: [100/100] train_acc: 0.357 train_loss_sup: 2.860
[GPU1] Final Test Accuracy: 0.368
LR: 1.000 | WD: 0.000001 | Cosine: True | test Acc: 0.368%
===> using linear mlp
Scheduler: <torch.optim.lr_scheduler.CosineAnnealingLR object at 0x72b19e15feb0>
MLP: MLP(
  (mlp): Linear(in_features=384, out_features=200, bias=True)
)
[GPU1] Test Accuracy at epoch: 0: 0.08
[GPU1] epochs: [1/100] train_acc: 0.040 train_loss_sup: 5.068
[GPU1] epochs: [2/100] train_acc: 0.094 train_loss_sup: 4.649
[GPU1] epochs: [3/100] train_acc: 0.127 train_loss_sup: 4.420
[GPU1] epochs: [4/100] train_acc: 0.147 train_loss_sup: 4.286
[GPU1] epochs: [5/100] train_acc: 0.161 train_loss_sup: 4.200
[GPU1] epochs: [6/100] train_acc: 0.166 train_loss_sup: 4.146
[GPU1] epochs: [7/100] train_acc: 0.175 train_loss_sup: 4.104
[GPU1] epochs: [8/100] train_acc: 0.180 train_loss_sup: 4.071
[GPU1] epochs: [9/100] train_acc: 0.188 train_loss_sup: 4.050
[GPU1] epochs: [10/100] train_acc: 0.184 train_loss_sup: 4.042
[GPU1] Test Accuracy at epoch: 10: 0.205
[GPU1] epochs: [11/100] train_acc: 0.188 train_loss_sup: 4.028
[GPU1] epochs: [12/100] train_acc: 0.189 train_loss_sup: 4.023
[GPU1] epochs: [13/100] train_acc: 0.195 train_loss_sup: 4.010
[GPU1] epochs: [14/100] train_acc: 0.194 train_loss_sup: 4.012
[GPU1] epochs: [15/100] train_acc: 0.196 train_loss_sup: 4.006
[GPU1] epochs: [16/100] train_acc: 0.197 train_loss_sup: 4.001
[GPU1] epochs: [17/100] train_acc: 0.197 train_loss_sup: 4.002
[GPU1] epochs: [18/100] train_acc: 0.198 train_loss_sup: 3.998
[GPU1] epochs: [19/100] train_acc: 0.196 train_loss_sup: 3.997
[GPU1] epochs: [20/100] train_acc: 0.201 train_loss_sup: 3.991
[GPU1] Test Accuracy at epoch: 20: 0.206
[GPU1] epochs: [21/100] train_acc: 0.202 train_loss_sup: 3.995
[GPU1] epochs: [22/100] train_acc: 0.200 train_loss_sup: 3.990
[GPU1] epochs: [23/100] train_acc: 0.201 train_loss_sup: 3.991
[GPU1] epochs: [24/100] train_acc: 0.196 train_loss_sup: 3.996
[GPU1] epochs: [25/100] train_acc: 0.202 train_loss_sup: 3.990
[GPU1] epochs: [26/100] train_acc: 0.203 train_loss_sup: 3.989
[GPU1] epochs: [27/100] train_acc: 0.204 train_loss_sup: 3.985
[GPU1] epochs: [28/100] train_acc: 0.202 train_loss_sup: 3.982
[GPU1] epochs: [29/100] train_acc: 0.205 train_loss_sup: 3.987
[GPU1] epochs: [30/100] train_acc: 0.203 train_loss_sup: 3.983
[GPU1] Test Accuracy at epoch: 30: 0.213
[GPU1] epochs: [31/100] train_acc: 0.204 train_loss_sup: 3.985
[GPU1] epochs: [32/100] train_acc: 0.205 train_loss_sup: 3.982
[GPU1] epochs: [33/100] train_acc: 0.206 train_loss_sup: 3.978
[GPU1] epochs: [34/100] train_acc: 0.206 train_loss_sup: 3.980
[GPU1] epochs: [35/100] train_acc: 0.208 train_loss_sup: 3.975
[GPU1] epochs: [36/100] train_acc: 0.209 train_loss_sup: 3.973
[GPU1] epochs: [37/100] train_acc: 0.207 train_loss_sup: 3.976
[GPU1] epochs: [38/100] train_acc: 0.209 train_loss_sup: 3.973
[GPU1] epochs: [39/100] train_acc: 0.209 train_loss_sup: 3.975
[GPU1] epochs: [40/100] train_acc: 0.210 train_loss_sup: 3.970
[GPU1] Test Accuracy at epoch: 40: 0.218
[GPU1] epochs: [41/100] train_acc: 0.212 train_loss_sup: 3.966
[GPU1] epochs: [42/100] train_acc: 0.215 train_loss_sup: 3.965
[GPU1] epochs: [43/100] train_acc: 0.213 train_loss_sup: 3.966
[GPU1] epochs: [44/100] train_acc: 0.213 train_loss_sup: 3.964
[GPU1] epochs: [45/100] train_acc: 0.213 train_loss_sup: 3.965
[GPU1] epochs: [46/100] train_acc: 0.214 train_loss_sup: 3.962
[GPU1] epochs: [47/100] train_acc: 0.218 train_loss_sup: 3.961
[GPU1] epochs: [48/100] train_acc: 0.217 train_loss_sup: 3.962
[GPU1] epochs: [49/100] train_acc: 0.217 train_loss_sup: 3.960
[GPU1] epochs: [50/100] train_acc: 0.218 train_loss_sup: 3.957
[GPU1] Test Accuracy at epoch: 50: 0.227
[GPU1] epochs: [51/100] train_acc: 0.217 train_loss_sup: 3.956
[GPU1] epochs: [52/100] train_acc: 0.221 train_loss_sup: 3.957
[GPU1] epochs: [53/100] train_acc: 0.221 train_loss_sup: 3.956
[GPU1] epochs: [54/100] train_acc: 0.223 train_loss_sup: 3.954
[GPU1] epochs: [55/100] train_acc: 0.221 train_loss_sup: 3.954
[GPU1] epochs: [56/100] train_acc: 0.223 train_loss_sup: 3.951
[GPU1] epochs: [57/100] train_acc: 0.225 train_loss_sup: 3.949
[GPU1] epochs: [58/100] train_acc: 0.226 train_loss_sup: 3.950
[GPU1] epochs: [59/100] train_acc: 0.227 train_loss_sup: 3.948
[GPU1] epochs: [60/100] train_acc: 0.230 train_loss_sup: 3.947
[GPU1] Test Accuracy at epoch: 60: 0.233
[GPU1] epochs: [61/100] train_acc: 0.229 train_loss_sup: 3.945
[GPU1] epochs: [62/100] train_acc: 0.230 train_loss_sup: 3.946
[GPU1] epochs: [63/100] train_acc: 0.229 train_loss_sup: 3.944
[GPU1] epochs: [64/100] train_acc: 0.231 train_loss_sup: 3.942
[GPU1] epochs: [65/100] train_acc: 0.236 train_loss_sup: 3.938
[GPU1] epochs: [66/100] train_acc: 0.236 train_loss_sup: 3.937
[GPU1] epochs: [67/100] train_acc: 0.234 train_loss_sup: 3.935
[GPU1] epochs: [68/100] train_acc: 0.237 train_loss_sup: 3.938
[GPU1] epochs: [69/100] train_acc: 0.239 train_loss_sup: 3.936
[GPU1] epochs: [70/100] train_acc: 0.239 train_loss_sup: 3.934
[GPU1] Test Accuracy at epoch: 70: 0.246
[GPU1] epochs: [71/100] train_acc: 0.239 train_loss_sup: 3.934
[GPU1] epochs: [72/100] train_acc: 0.241 train_loss_sup: 3.931
[GPU1] epochs: [73/100] train_acc: 0.243 train_loss_sup: 3.930
[GPU1] epochs: [74/100] train_acc: 0.243 train_loss_sup: 3.929
[GPU1] epochs: [75/100] train_acc: 0.245 train_loss_sup: 3.928
[GPU1] epochs: [76/100] train_acc: 0.246 train_loss_sup: 3.927
[GPU1] epochs: [77/100] train_acc: 0.247 train_loss_sup: 3.928
[GPU1] epochs: [78/100] train_acc: 0.248 train_loss_sup: 3.927
[GPU1] epochs: [79/100] train_acc: 0.250 train_loss_sup: 3.924
[GPU1] epochs: [80/100] train_acc: 0.250 train_loss_sup: 3.925
[GPU1] Test Accuracy at epoch: 80: 0.262
[GPU1] epochs: [81/100] train_acc: 0.251 train_loss_sup: 3.924
[GPU1] epochs: [82/100] train_acc: 0.252 train_loss_sup: 3.922
[GPU1] epochs: [83/100] train_acc: 0.252 train_loss_sup: 3.925
[GPU1] epochs: [84/100] train_acc: 0.253 train_loss_sup: 3.924
[GPU1] epochs: [85/100] train_acc: 0.254 train_loss_sup: 3.920
[GPU1] epochs: [86/100] train_acc: 0.257 train_loss_sup: 3.920
[GPU1] epochs: [87/100] train_acc: 0.255 train_loss_sup: 3.921
[GPU1] epochs: [88/100] train_acc: 0.255 train_loss_sup: 3.921
[GPU1] epochs: [89/100] train_acc: 0.256 train_loss_sup: 3.921
[GPU1] epochs: [90/100] train_acc: 0.257 train_loss_sup: 3.918
[GPU1] Test Accuracy at epoch: 90: 0.268
[GPU1] epochs: [91/100] train_acc: 0.258 train_loss_sup: 3.918
[GPU1] epochs: [92/100] train_acc: 0.258 train_loss_sup: 3.921
[GPU1] epochs: [93/100] train_acc: 0.260 train_loss_sup: 3.919
[GPU1] epochs: [94/100] train_acc: 0.260 train_loss_sup: 3.917
[GPU1] epochs: [95/100] train_acc: 0.259 train_loss_sup: 3.916
[GPU1] epochs: [96/100] train_acc: 0.261 train_loss_sup: 3.917
[GPU1] epochs: [97/100] train_acc: 0.260 train_loss_sup: 3.915
[GPU1] epochs: [98/100] train_acc: 0.261 train_loss_sup: 3.917
[GPU1] epochs: [99/100] train_acc: 0.261 train_loss_sup: 3.916
[GPU1] epochs: [100/100] train_acc: 0.262 train_loss_sup: 3.916
[GPU1] Final Test Accuracy: 0.269
LR: 1.000 | WD: 0.000100 | Cosine: True | test Acc: 0.269%
===> using linear mlp
Scheduler: <torch.optim.lr_scheduler.CosineAnnealingLR object at 0x72b19e15e9b0>
MLP: MLP(
  (mlp): Linear(in_features=384, out_features=200, bias=True)
)
[GPU1] Test Accuracy at epoch: 0: 0.093
[GPU1] epochs: [1/100] train_acc: 0.041 train_loss_sup: 5.058
[GPU1] epochs: [2/100] train_acc: 0.106 train_loss_sup: 4.565
[GPU1] epochs: [3/100] train_acc: 0.146 train_loss_sup: 4.268
[GPU1] epochs: [4/100] train_acc: 0.171 train_loss_sup: 4.062
[GPU1] epochs: [5/100] train_acc: 0.191 train_loss_sup: 3.912
[GPU1] epochs: [6/100] train_acc: 0.208 train_loss_sup: 3.794
[GPU1] epochs: [7/100] train_acc: 0.222 train_loss_sup: 3.698
[GPU1] epochs: [8/100] train_acc: 0.233 train_loss_sup: 3.620
[GPU1] epochs: [9/100] train_acc: 0.242 train_loss_sup: 3.553
[GPU1] epochs: [10/100] train_acc: 0.247 train_loss_sup: 3.508
[GPU1] Test Accuracy at epoch: 10: 0.272
[GPU1] epochs: [11/100] train_acc: 0.255 train_loss_sup: 3.453
[GPU1] epochs: [12/100] train_acc: 0.261 train_loss_sup: 3.414
[GPU1] epochs: [13/100] train_acc: 0.265 train_loss_sup: 3.376
[GPU1] epochs: [14/100] train_acc: 0.270 train_loss_sup: 3.345
[GPU1] epochs: [15/100] train_acc: 0.274 train_loss_sup: 3.315
[GPU1] epochs: [16/100] train_acc: 0.279 train_loss_sup: 3.287
[GPU1] epochs: [17/100] train_acc: 0.282 train_loss_sup: 3.259
[GPU1] epochs: [18/100] train_acc: 0.286 train_loss_sup: 3.240
[GPU1] epochs: [19/100] train_acc: 0.288 train_loss_sup: 3.218
[GPU1] epochs: [20/100] train_acc: 0.292 train_loss_sup: 3.197
[GPU1] Test Accuracy at epoch: 20: 0.311
[GPU1] epochs: [21/100] train_acc: 0.294 train_loss_sup: 3.184
[GPU1] epochs: [22/100] train_acc: 0.299 train_loss_sup: 3.163
[GPU1] epochs: [23/100] train_acc: 0.302 train_loss_sup: 3.146
[GPU1] epochs: [24/100] train_acc: 0.302 train_loss_sup: 3.137
[GPU1] epochs: [25/100] train_acc: 0.305 train_loss_sup: 3.121
[GPU1] epochs: [26/100] train_acc: 0.306 train_loss_sup: 3.113
[GPU1] epochs: [27/100] train_acc: 0.309 train_loss_sup: 3.096
[GPU1] epochs: [28/100] train_acc: 0.312 train_loss_sup: 3.083
[GPU1] epochs: [29/100] train_acc: 0.314 train_loss_sup: 3.073
[GPU1] epochs: [30/100] train_acc: 0.312 train_loss_sup: 3.064
[GPU1] Test Accuracy at epoch: 30: 0.33
[GPU1] epochs: [31/100] train_acc: 0.316 train_loss_sup: 3.054
[GPU1] epochs: [32/100] train_acc: 0.318 train_loss_sup: 3.045
[GPU1] epochs: [33/100] train_acc: 0.320 train_loss_sup: 3.033
[GPU1] epochs: [34/100] train_acc: 0.320 train_loss_sup: 3.029
[GPU1] epochs: [35/100] train_acc: 0.320 train_loss_sup: 3.022
[GPU1] epochs: [36/100] train_acc: 0.323 train_loss_sup: 3.013
[GPU1] epochs: [37/100] train_acc: 0.324 train_loss_sup: 3.006
[GPU1] epochs: [38/100] train_acc: 0.326 train_loss_sup: 2.994
[GPU1] epochs: [39/100] train_acc: 0.327 train_loss_sup: 2.988
[GPU1] epochs: [40/100] train_acc: 0.328 train_loss_sup: 2.982
[GPU1] Test Accuracy at epoch: 40: 0.342
[GPU1] epochs: [41/100] train_acc: 0.328 train_loss_sup: 2.979
[GPU1] epochs: [42/100] train_acc: 0.330 train_loss_sup: 2.972
[GPU1] epochs: [43/100] train_acc: 0.332 train_loss_sup: 2.965
[GPU1] epochs: [44/100] train_acc: 0.333 train_loss_sup: 2.961
[GPU1] epochs: [45/100] train_acc: 0.334 train_loss_sup: 2.952
[GPU1] epochs: [46/100] train_acc: 0.335 train_loss_sup: 2.952
[GPU1] epochs: [47/100] train_acc: 0.336 train_loss_sup: 2.949
[GPU1] epochs: [48/100] train_acc: 0.336 train_loss_sup: 2.941
[GPU1] epochs: [49/100] train_acc: 0.338 train_loss_sup: 2.936
[GPU1] epochs: [50/100] train_acc: 0.337 train_loss_sup: 2.936
[GPU1] Test Accuracy at epoch: 50: 0.351
[GPU1] epochs: [51/100] train_acc: 0.340 train_loss_sup: 2.927
[GPU1] epochs: [52/100] train_acc: 0.343 train_loss_sup: 2.916
[GPU1] epochs: [53/100] train_acc: 0.342 train_loss_sup: 2.922
[GPU1] epochs: [54/100] train_acc: 0.343 train_loss_sup: 2.913
[GPU1] epochs: [55/100] train_acc: 0.342 train_loss_sup: 2.909
[GPU1] epochs: [56/100] train_acc: 0.344 train_loss_sup: 2.907
[GPU1] epochs: [57/100] train_acc: 0.344 train_loss_sup: 2.908
[GPU1] epochs: [58/100] train_acc: 0.346 train_loss_sup: 2.901
[GPU1] epochs: [59/100] train_acc: 0.344 train_loss_sup: 2.900
[GPU1] epochs: [60/100] train_acc: 0.347 train_loss_sup: 2.894
[GPU1] Test Accuracy at epoch: 60: 0.352
[GPU1] epochs: [61/100] train_acc: 0.347 train_loss_sup: 2.890
[GPU1] epochs: [62/100] train_acc: 0.347 train_loss_sup: 2.891
[GPU1] epochs: [63/100] train_acc: 0.347 train_loss_sup: 2.887
[GPU1] epochs: [64/100] train_acc: 0.349 train_loss_sup: 2.886
[GPU1] epochs: [65/100] train_acc: 0.347 train_loss_sup: 2.883
[GPU1] epochs: [66/100] train_acc: 0.349 train_loss_sup: 2.879
[GPU1] epochs: [67/100] train_acc: 0.350 train_loss_sup: 2.876
[GPU1] epochs: [68/100] train_acc: 0.350 train_loss_sup: 2.879
[GPU1] epochs: [69/100] train_acc: 0.352 train_loss_sup: 2.873
[GPU1] epochs: [70/100] train_acc: 0.351 train_loss_sup: 2.871
[GPU1] Test Accuracy at epoch: 70: 0.36
[GPU1] epochs: [71/100] train_acc: 0.351 train_loss_sup: 2.875
[GPU1] epochs: [72/100] train_acc: 0.355 train_loss_sup: 2.862
[GPU1] epochs: [73/100] train_acc: 0.355 train_loss_sup: 2.860
[GPU1] epochs: [74/100] train_acc: 0.354 train_loss_sup: 2.863
[GPU1] epochs: [75/100] train_acc: 0.354 train_loss_sup: 2.866
[GPU1] epochs: [76/100] train_acc: 0.356 train_loss_sup: 2.860
[GPU1] epochs: [77/100] train_acc: 0.356 train_loss_sup: 2.859
[GPU1] epochs: [78/100] train_acc: 0.353 train_loss_sup: 2.862
[GPU1] epochs: [79/100] train_acc: 0.355 train_loss_sup: 2.855
[GPU1] epochs: [80/100] train_acc: 0.355 train_loss_sup: 2.856
[GPU1] Test Accuracy at epoch: 80: 0.363
[GPU1] epochs: [81/100] train_acc: 0.354 train_loss_sup: 2.859
[GPU1] epochs: [82/100] train_acc: 0.357 train_loss_sup: 2.851
[GPU1] epochs: [83/100] train_acc: 0.356 train_loss_sup: 2.853
[GPU1] epochs: [84/100] train_acc: 0.355 train_loss_sup: 2.853
[GPU1] epochs: [85/100] train_acc: 0.357 train_loss_sup: 2.851
[GPU1] epochs: [86/100] train_acc: 0.357 train_loss_sup: 2.849
[GPU1] epochs: [87/100] train_acc: 0.357 train_loss_sup: 2.851
