Namespace(dataset='img100', saved_path='saved_models/mae.bt.rot.i100.ec200.pth', gpu=0, model='vit', verbose=False, epochs=100, eval_every=10, knn=True, lreg=True, linprobe=True, tsne=False, umap=False, cmet=True, nw=4, pf=2)
<All keys matched successfully>
Starting Hyperparameter Sweep on 0...
===> using linear mlp
Scheduler: None
MLP: MLP(
  (mlp): Linear(in_features=384, out_features=100, bias=True)
)
[GPU0] Test Accuracy at epoch: 0: 0.44
[GPU0] epochs: [1/100] train_acc: 0.308 train_loss_sup: 3.535
[GPU0] epochs: [2/100] train_acc: 0.473 train_loss_sup: 2.516
[GPU0] epochs: [3/100] train_acc: 0.517 train_loss_sup: 2.160
[GPU0] epochs: [4/100] train_acc: 0.538 train_loss_sup: 1.987
[GPU0] epochs: [5/100] train_acc: 0.554 train_loss_sup: 1.873
[GPU0] epochs: [6/100] train_acc: 0.566 train_loss_sup: 1.796
[GPU0] epochs: [7/100] train_acc: 0.573 train_loss_sup: 1.738
[GPU0] epochs: [8/100] train_acc: 0.581 train_loss_sup: 1.692
[GPU0] epochs: [9/100] train_acc: 0.586 train_loss_sup: 1.659
[GPU0] epochs: [10/100] train_acc: 0.593 train_loss_sup: 1.621
[GPU0] Test Accuracy at epoch: 10: 0.59
[GPU0] epochs: [11/100] train_acc: 0.595 train_loss_sup: 1.599
[GPU0] epochs: [12/100] train_acc: 0.599 train_loss_sup: 1.576
[GPU0] epochs: [13/100] train_acc: 0.601 train_loss_sup: 1.561
[GPU0] epochs: [14/100] train_acc: 0.606 train_loss_sup: 1.542
[GPU0] epochs: [15/100] train_acc: 0.607 train_loss_sup: 1.529
Namespace(dataset='img100', saved_path='saved_models/mae.bt.rot.i100.ec200.pth', gpu=0, model='vit', verbose=False, epochs=100, eval_every=10, knn=True, lreg=True, linprobe=True, tsne=False, umap=False, cmet=True, nw=4, pf=2)
<All keys matched successfully>
Starting Hyperparameter Sweep on 0...
===> using linear mlp
Scheduler: None
MLP: MLP(
  (mlp): Linear(in_features=384, out_features=100, bias=True)
)
Namespace(dataset='img100', saved_path='saved_models/mae.bt.rot.i100.ec200.pth', gpu=1, model='vit', verbose=False, epochs=100, eval_every=10, knn=True, lreg=True, linprobe=True, tsne=False, umap=False, cmet=True, nw=4, pf=2)
<All keys matched successfully>
Starting Hyperparameter Sweep on 1...
===> using linear mlp
Scheduler: None
MLP: MLP(
  (mlp): Linear(in_features=384, out_features=100, bias=True)
)
[GPU1] Test Accuracy at epoch: 0: 0.403
[GPU1] epochs: [1/100] train_acc: 0.308 train_loss_sup: 3.537
[GPU1] epochs: [2/100] train_acc: 0.472 train_loss_sup: 2.515
[GPU1] epochs: [3/100] train_acc: 0.515 train_loss_sup: 2.164
[GPU1] epochs: [4/100] train_acc: 0.538 train_loss_sup: 1.987
[GPU1] epochs: [5/100] train_acc: 0.554 train_loss_sup: 1.873
[GPU1] epochs: [6/100] train_acc: 0.563 train_loss_sup: 1.797
[GPU1] epochs: [7/100] train_acc: 0.575 train_loss_sup: 1.738
[GPU1] epochs: [8/100] train_acc: 0.582 train_loss_sup: 1.690
[GPU1] epochs: [9/100] train_acc: 0.587 train_loss_sup: 1.657
[GPU1] epochs: [10/100] train_acc: 0.591 train_loss_sup: 1.625
[GPU1] Test Accuracy at epoch: 10: 0.591
[GPU1] epochs: [11/100] train_acc: 0.595 train_loss_sup: 1.602
[GPU1] epochs: [12/100] train_acc: 0.599 train_loss_sup: 1.579
[GPU1] epochs: [13/100] train_acc: 0.603 train_loss_sup: 1.557
[GPU1] epochs: [14/100] train_acc: 0.606 train_loss_sup: 1.545
[GPU1] epochs: [15/100] train_acc: 0.609 train_loss_sup: 1.524
[GPU1] epochs: [16/100] train_acc: 0.612 train_loss_sup: 1.512
[GPU1] epochs: [17/100] train_acc: 0.612 train_loss_sup: 1.504
[GPU1] epochs: [18/100] train_acc: 0.614 train_loss_sup: 1.492
[GPU1] epochs: [19/100] train_acc: 0.617 train_loss_sup: 1.479
[GPU1] epochs: [20/100] train_acc: 0.619 train_loss_sup: 1.469
[GPU1] Test Accuracy at epoch: 20: 0.612
[GPU1] epochs: [21/100] train_acc: 0.620 train_loss_sup: 1.462
[GPU1] epochs: [22/100] train_acc: 0.620 train_loss_sup: 1.456
[GPU1] epochs: [23/100] train_acc: 0.623 train_loss_sup: 1.444
[GPU1] epochs: [24/100] train_acc: 0.625 train_loss_sup: 1.437
[GPU1] epochs: [25/100] train_acc: 0.624 train_loss_sup: 1.435
[GPU1] epochs: [26/100] train_acc: 0.627 train_loss_sup: 1.425
[GPU1] epochs: [27/100] train_acc: 0.629 train_loss_sup: 1.421
[GPU1] epochs: [28/100] train_acc: 0.629 train_loss_sup: 1.415
[GPU1] epochs: [29/100] train_acc: 0.631 train_loss_sup: 1.405
[GPU1] epochs: [30/100] train_acc: 0.632 train_loss_sup: 1.400
[GPU1] Test Accuracy at epoch: 30: 0.62
[GPU1] epochs: [31/100] train_acc: 0.633 train_loss_sup: 1.402
[GPU1] epochs: [32/100] train_acc: 0.633 train_loss_sup: 1.394
[GPU1] epochs: [33/100] train_acc: 0.635 train_loss_sup: 1.387
[GPU1] epochs: [34/100] train_acc: 0.635 train_loss_sup: 1.382
[GPU1] epochs: [35/100] train_acc: 0.635 train_loss_sup: 1.384
[GPU1] epochs: [36/100] train_acc: 0.636 train_loss_sup: 1.376
[GPU1] epochs: [37/100] train_acc: 0.637 train_loss_sup: 1.376
[GPU1] epochs: [38/100] train_acc: 0.639 train_loss_sup: 1.368
[GPU1] epochs: [39/100] train_acc: 0.640 train_loss_sup: 1.365
[GPU1] epochs: [40/100] train_acc: 0.639 train_loss_sup: 1.364
[GPU1] Test Accuracy at epoch: 40: 0.627
[GPU1] epochs: [41/100] train_acc: 0.640 train_loss_sup: 1.359
[GPU1] epochs: [42/100] train_acc: 0.641 train_loss_sup: 1.357
[GPU1] epochs: [43/100] train_acc: 0.641 train_loss_sup: 1.358
[GPU1] epochs: [44/100] train_acc: 0.642 train_loss_sup: 1.351
[GPU1] epochs: [45/100] train_acc: 0.641 train_loss_sup: 1.353
[GPU1] epochs: [46/100] train_acc: 0.642 train_loss_sup: 1.348
[GPU1] epochs: [47/100] train_acc: 0.644 train_loss_sup: 1.347
[GPU1] epochs: [48/100] train_acc: 0.643 train_loss_sup: 1.342
[GPU1] epochs: [49/100] train_acc: 0.645 train_loss_sup: 1.339
[GPU1] epochs: [50/100] train_acc: 0.646 train_loss_sup: 1.333
[GPU1] Test Accuracy at epoch: 50: 0.633
[GPU1] epochs: [51/100] train_acc: 0.646 train_loss_sup: 1.332
[GPU1] epochs: [52/100] train_acc: 0.646 train_loss_sup: 1.332
[GPU1] epochs: [53/100] train_acc: 0.646 train_loss_sup: 1.333
[GPU1] epochs: [54/100] train_acc: 0.647 train_loss_sup: 1.326
[GPU1] epochs: [55/100] train_acc: 0.646 train_loss_sup: 1.329
[GPU1] epochs: [56/100] train_acc: 0.648 train_loss_sup: 1.324
[GPU1] epochs: [57/100] train_acc: 0.647 train_loss_sup: 1.325
[GPU1] epochs: [58/100] train_acc: 0.648 train_loss_sup: 1.320
[GPU1] epochs: [59/100] train_acc: 0.649 train_loss_sup: 1.318
[GPU1] epochs: [60/100] train_acc: 0.649 train_loss_sup: 1.314
[GPU1] Test Accuracy at epoch: 60: 0.636
[GPU1] epochs: [61/100] train_acc: 0.650 train_loss_sup: 1.313
[GPU1] epochs: [62/100] train_acc: 0.650 train_loss_sup: 1.315
[GPU1] epochs: [63/100] train_acc: 0.652 train_loss_sup: 1.308
[GPU1] epochs: [64/100] train_acc: 0.653 train_loss_sup: 1.306
[GPU1] epochs: [65/100] train_acc: 0.652 train_loss_sup: 1.305
[GPU1] epochs: [66/100] train_acc: 0.650 train_loss_sup: 1.308
[GPU1] epochs: [67/100] train_acc: 0.651 train_loss_sup: 1.302
[GPU1] epochs: [68/100] train_acc: 0.651 train_loss_sup: 1.302
[GPU1] epochs: [69/100] train_acc: 0.653 train_loss_sup: 1.300
[GPU1] epochs: [70/100] train_acc: 0.653 train_loss_sup: 1.301
[GPU1] Test Accuracy at epoch: 70: 0.64
[GPU1] epochs: [71/100] train_acc: 0.652 train_loss_sup: 1.298
[GPU1] epochs: [72/100] train_acc: 0.653 train_loss_sup: 1.298
[GPU1] epochs: [73/100] train_acc: 0.654 train_loss_sup: 1.296
[GPU1] epochs: [74/100] train_acc: 0.654 train_loss_sup: 1.297
[GPU1] epochs: [75/100] train_acc: 0.655 train_loss_sup: 1.289
[GPU1] epochs: [76/100] train_acc: 0.653 train_loss_sup: 1.294
[GPU1] epochs: [77/100] train_acc: 0.655 train_loss_sup: 1.290
[GPU1] epochs: [78/100] train_acc: 0.654 train_loss_sup: 1.288
[GPU1] epochs: [79/100] train_acc: 0.654 train_loss_sup: 1.293
[GPU1] epochs: [80/100] train_acc: 0.656 train_loss_sup: 1.287
[GPU1] Test Accuracy at epoch: 80: 0.641
[GPU1] epochs: [81/100] train_acc: 0.656 train_loss_sup: 1.286
[GPU1] epochs: [82/100] train_acc: 0.656 train_loss_sup: 1.284
[GPU1] epochs: [83/100] train_acc: 0.655 train_loss_sup: 1.284
[GPU1] epochs: [84/100] train_acc: 0.658 train_loss_sup: 1.280
[GPU1] epochs: [85/100] train_acc: 0.657 train_loss_sup: 1.281
[GPU1] epochs: [86/100] train_acc: 0.657 train_loss_sup: 1.282
[GPU1] epochs: [87/100] train_acc: 0.657 train_loss_sup: 1.280
[GPU1] epochs: [88/100] train_acc: 0.656 train_loss_sup: 1.280
[GPU1] epochs: [89/100] train_acc: 0.658 train_loss_sup: 1.279
[GPU1] epochs: [90/100] train_acc: 0.660 train_loss_sup: 1.275
[GPU1] Test Accuracy at epoch: 90: 0.64
[GPU1] epochs: [91/100] train_acc: 0.656 train_loss_sup: 1.279
[GPU1] epochs: [92/100] train_acc: 0.657 train_loss_sup: 1.279
[GPU1] epochs: [93/100] train_acc: 0.657 train_loss_sup: 1.278
[GPU1] epochs: [94/100] train_acc: 0.658 train_loss_sup: 1.277
[GPU1] epochs: [95/100] train_acc: 0.660 train_loss_sup: 1.269
[GPU1] epochs: [96/100] train_acc: 0.661 train_loss_sup: 1.269
[GPU1] epochs: [97/100] train_acc: 0.659 train_loss_sup: 1.274
[GPU1] epochs: [98/100] train_acc: 0.660 train_loss_sup: 1.267
[GPU1] epochs: [99/100] train_acc: 0.659 train_loss_sup: 1.274
[GPU1] epochs: [100/100] train_acc: 0.660 train_loss_sup: 1.267
[GPU1] Final Test Accuracy: 0.642
LR: 0.100 | WD: 0.000001 | Cosine: False | test Acc: 0.642%
===> using linear mlp
Scheduler: None
MLP: MLP(
  (mlp): Linear(in_features=384, out_features=100, bias=True)
)
[GPU1] Test Accuracy at epoch: 0: 0.421
[GPU1] epochs: [1/100] train_acc: 0.307 train_loss_sup: 3.545
[GPU1] epochs: [2/100] train_acc: 0.469 train_loss_sup: 2.548
[GPU1] epochs: [3/100] train_acc: 0.512 train_loss_sup: 2.213
[GPU1] epochs: [4/100] train_acc: 0.534 train_loss_sup: 2.049
[GPU1] epochs: [5/100] train_acc: 0.548 train_loss_sup: 1.951
[GPU1] epochs: [6/100] train_acc: 0.560 train_loss_sup: 1.883
[GPU1] epochs: [7/100] train_acc: 0.567 train_loss_sup: 1.831
[GPU1] epochs: [8/100] train_acc: 0.574 train_loss_sup: 1.795
[GPU1] epochs: [9/100] train_acc: 0.579 train_loss_sup: 1.767
[GPU1] epochs: [10/100] train_acc: 0.582 train_loss_sup: 1.743
[GPU1] Test Accuracy at epoch: 10: 0.586
[GPU1] epochs: [11/100] train_acc: 0.587 train_loss_sup: 1.724
[GPU1] epochs: [12/100] train_acc: 0.588 train_loss_sup: 1.709
[GPU1] epochs: [13/100] train_acc: 0.591 train_loss_sup: 1.697
[GPU1] epochs: [14/100] train_acc: 0.593 train_loss_sup: 1.688
[GPU1] epochs: [15/100] train_acc: 0.595 train_loss_sup: 1.683
[GPU1] epochs: [16/100] train_acc: 0.597 train_loss_sup: 1.668
[GPU1] epochs: [17/100] train_acc: 0.599 train_loss_sup: 1.660
[GPU1] epochs: [18/100] train_acc: 0.597 train_loss_sup: 1.657
[GPU1] epochs: [19/100] train_acc: 0.601 train_loss_sup: 1.654
[GPU1] epochs: [20/100] train_acc: 0.600 train_loss_sup: 1.648
[GPU1] Test Accuracy at epoch: 20: 0.592
[GPU1] epochs: [21/100] train_acc: 0.605 train_loss_sup: 1.642
[GPU1] epochs: [22/100] train_acc: 0.604 train_loss_sup: 1.640
[GPU1] epochs: [23/100] train_acc: 0.604 train_loss_sup: 1.641
[GPU1] epochs: [24/100] train_acc: 0.605 train_loss_sup: 1.634
[GPU1] epochs: [25/100] train_acc: 0.604 train_loss_sup: 1.634
[GPU1] epochs: [26/100] train_acc: 0.606 train_loss_sup: 1.628
[GPU1] epochs: [27/100] train_acc: 0.606 train_loss_sup: 1.629
[GPU1] epochs: [28/100] train_acc: 0.607 train_loss_sup: 1.627
[GPU1] epochs: [29/100] train_acc: 0.606 train_loss_sup: 1.626
[GPU1] epochs: [30/100] train_acc: 0.607 train_loss_sup: 1.625
[GPU1] Test Accuracy at epoch: 30: 0.604
[GPU1] epochs: [31/100] train_acc: 0.608 train_loss_sup: 1.623
[GPU1] epochs: [32/100] train_acc: 0.608 train_loss_sup: 1.621
[GPU1] epochs: [33/100] train_acc: 0.608 train_loss_sup: 1.622
[GPU1] epochs: [34/100] train_acc: 0.609 train_loss_sup: 1.619
[GPU1] epochs: [35/100] train_acc: 0.609 train_loss_sup: 1.618
[GPU1] epochs: [36/100] train_acc: 0.608 train_loss_sup: 1.619
[GPU1] epochs: [37/100] train_acc: 0.609 train_loss_sup: 1.617
[GPU1] epochs: [38/100] train_acc: 0.609 train_loss_sup: 1.615
[GPU1] epochs: [39/100] train_acc: 0.609 train_loss_sup: 1.616
[GPU1] epochs: [40/100] train_acc: 0.609 train_loss_sup: 1.615
[GPU1] Test Accuracy at epoch: 40: 0.596
[GPU1] epochs: [41/100] train_acc: 0.610 train_loss_sup: 1.616
[GPU1] epochs: [42/100] train_acc: 0.608 train_loss_sup: 1.618
[GPU1] epochs: [43/100] train_acc: 0.611 train_loss_sup: 1.613
[GPU1] epochs: [44/100] train_acc: 0.609 train_loss_sup: 1.617
[GPU1] epochs: [45/100] train_acc: 0.610 train_loss_sup: 1.615
[GPU1] epochs: [46/100] train_acc: 0.609 train_loss_sup: 1.614
[GPU1] epochs: [47/100] train_acc: 0.610 train_loss_sup: 1.610
[GPU1] epochs: [48/100] train_acc: 0.611 train_loss_sup: 1.610
[GPU1] epochs: [49/100] train_acc: 0.610 train_loss_sup: 1.611
