environment: 
YAML: configs/bt_clr.yaml
==> SEED: 42
==> train_algo: bt_clr
==> dataset: {'cifar10': {'num_classes': 10, 'params': {'data_dir': 'datasets/cifar10', 'batch_size': 512, 'num_workers': 1, 'image_size': 32, 'algo': 'bt_clr'}}, 'cifar100': {'num_classes': 100, 'params': {'data_dir': 'datasets/cifar100', 'batch_size': 512, 'num_workers': 1, 'image_size': 32, 'algo': 'bt_clr'}}, 'timg': {'num_classes': 200, 'params': {'data_dir': 'datasets/tinyimagenet/tiny-imagenet-200', 'batch_size': 256, 'num_workers': 1, 'image_size': 64, 'algo': 'bt_clr'}}}
==> return_logs: False
==> eval_every: 10
==> n_epochs: 800
==> n_epochs_mlp: 100
==> gpu_id: 0
==> opt: SGD
==> opt_params: {'lr': 0.4, 'momentum': 0.9, 'weight_decay': 0.0001}
==> schedular_params: {'T_max': 790, 'eta_min': 0.001}
==> mlp_opt: SGD
==> mlp_opt_params: {'lr': 0.01, 'momentum': 0.9}
==> model_params: {'model_name': 'resnet18', 'pretrained': False, 'proj_dim': 4096, 'barlow_hidden': 4096, 'clr_proj': 128, 'algo_type': 'bt_clr'}
==> mlp_type: hidden
==> loss: bt_clr
==> loss_params: {'simclr': {'sim': 'cosine', 'tau': 0.5}, 'bt': {'lambd': 0.005}}
==> distributed: False
==> model_save_path: saved_models/bt.clr.r18.c100.pth
==> warmup_epochs: 10
==> config: configs/bt_clr.yaml
--------------------------------------------------
Network(
  (base_encoder): BaseEncoder(
    (feat_extractor): Sequential(
      (conv1): Conv2d(3, 64, kernel_size=(3, 3), stride=(1, 1), padding=(1, 1), bias=False)
      (bn1): BatchNorm2d(64, eps=1e-05, momentum=0.1, affine=True, track_running_stats=True)
      (relu): ReLU(inplace=True)
      (layer1): Sequential(
        (0): BasicBlock(
          (conv1): Conv2d(64, 64, kernel_size=(3, 3), stride=(1, 1), padding=(1, 1), bias=False)
          (bn1): BatchNorm2d(64, eps=1e-05, momentum=0.1, affine=True, track_running_stats=True)
          (relu): ReLU(inplace=True)
          (conv2): Conv2d(64, 64, kernel_size=(3, 3), stride=(1, 1), padding=(1, 1), bias=False)
          (bn2): BatchNorm2d(64, eps=1e-05, momentum=0.1, affine=True, track_running_stats=True)
        )
        (1): BasicBlock(
          (conv1): Conv2d(64, 64, kernel_size=(3, 3), stride=(1, 1), padding=(1, 1), bias=False)
          (bn1): BatchNorm2d(64, eps=1e-05, momentum=0.1, affine=True, track_running_stats=True)
          (relu): ReLU(inplace=True)
          (conv2): Conv2d(64, 64, kernel_size=(3, 3), stride=(1, 1), padding=(1, 1), bias=False)
          (bn2): BatchNorm2d(64, eps=1e-05, momentum=0.1, affine=True, track_running_stats=True)
        )
      )
      (layer2): Sequential(
        (0): BasicBlock(
          (conv1): Conv2d(64, 128, kernel_size=(3, 3), stride=(2, 2), padding=(1, 1), bias=False)
          (bn1): BatchNorm2d(128, eps=1e-05, momentum=0.1, affine=True, track_running_stats=True)
          (relu): ReLU(inplace=True)
          (conv2): Conv2d(128, 128, kernel_size=(3, 3), stride=(1, 1), padding=(1, 1), bias=False)
          (bn2): BatchNorm2d(128, eps=1e-05, momentum=0.1, affine=True, track_running_stats=True)
          (downsample): Sequential(
            (0): Conv2d(64, 128, kernel_size=(1, 1), stride=(2, 2), bias=False)
            (1): BatchNorm2d(128, eps=1e-05, momentum=0.1, affine=True, track_running_stats=True)
          )
        )
        (1): BasicBlock(
          (conv1): Conv2d(128, 128, kernel_size=(3, 3), stride=(1, 1), padding=(1, 1), bias=False)
          (bn1): BatchNorm2d(128, eps=1e-05, momentum=0.1, affine=True, track_running_stats=True)
          (relu): ReLU(inplace=True)
          (conv2): Conv2d(128, 128, kernel_size=(3, 3), stride=(1, 1), padding=(1, 1), bias=False)
          (bn2): BatchNorm2d(128, eps=1e-05, momentum=0.1, affine=True, track_running_stats=True)
        )
      )
      (layer3): Sequential(
        (0): BasicBlock(
          (conv1): Conv2d(128, 256, kernel_size=(3, 3), stride=(2, 2), padding=(1, 1), bias=False)
          (bn1): BatchNorm2d(256, eps=1e-05, momentum=0.1, affine=True, track_running_stats=True)
          (relu): ReLU(inplace=True)
          (conv2): Conv2d(256, 256, kernel_size=(3, 3), stride=(1, 1), padding=(1, 1), bias=False)
          (bn2): BatchNorm2d(256, eps=1e-05, momentum=0.1, affine=True, track_running_stats=True)
          (downsample): Sequential(
            (0): Conv2d(128, 256, kernel_size=(1, 1), stride=(2, 2), bias=False)
            (1): BatchNorm2d(256, eps=1e-05, momentum=0.1, affine=True, track_running_stats=True)
          )
        )
        (1): BasicBlock(
          (conv1): Conv2d(256, 256, kernel_size=(3, 3), stride=(1, 1), padding=(1, 1), bias=False)
          (bn1): BatchNorm2d(256, eps=1e-05, momentum=0.1, affine=True, track_running_stats=True)
          (relu): ReLU(inplace=True)
          (conv2): Conv2d(256, 256, kernel_size=(3, 3), stride=(1, 1), padding=(1, 1), bias=False)
          (bn2): BatchNorm2d(256, eps=1e-05, momentum=0.1, affine=True, track_running_stats=True)
        )
      )
      (layer4): Sequential(
        (0): BasicBlock(
          (conv1): Conv2d(256, 512, kernel_size=(3, 3), stride=(2, 2), padding=(1, 1), bias=False)
          (bn1): BatchNorm2d(512, eps=1e-05, momentum=0.1, affine=True, track_running_stats=True)
          (relu): ReLU(inplace=True)
          (conv2): Conv2d(512, 512, kernel_size=(3, 3), stride=(1, 1), padding=(1, 1), bias=False)
          (bn2): BatchNorm2d(512, eps=1e-05, momentum=0.1, affine=True, track_running_stats=True)
          (downsample): Sequential(
            (0): Conv2d(256, 512, kernel_size=(1, 1), stride=(2, 2), bias=False)
            (1): BatchNorm2d(512, eps=1e-05, momentum=0.1, affine=True, track_running_stats=True)
          )
        )
        (1): BasicBlock(
          (conv1): Conv2d(512, 512, kernel_size=(3, 3), stride=(1, 1), padding=(1, 1), bias=False)
          (bn1): BatchNorm2d(512, eps=1e-05, momentum=0.1, affine=True, track_running_stats=True)
          (relu): ReLU(inplace=True)
          (conv2): Conv2d(512, 512, kernel_size=(3, 3), stride=(1, 1), padding=(1, 1), bias=False)
          (bn2): BatchNorm2d(512, eps=1e-05, momentum=0.1, affine=True, track_running_stats=True)
        )
      )
      (avgpool): AdaptiveAvgPool2d(output_size=(1, 1))
    )
  )
  (proj_clr): BYOL_mlp(
    (mlp): Sequential(
      (0): Linear(in_features=512, out_features=512, bias=False)
      (1): BatchNorm1d(512, eps=1e-05, momentum=0.1, affine=True, track_running_stats=True)
      (2): ReLU()
      (3): Linear(in_features=512, out_features=128, bias=True)
    )
  )
  (proj_other): bt_proj(
    (proj): Sequential(
      (0): Linear(in_features=512, out_features=4096, bias=False)
      (1): BatchNorm1d(4096, eps=1e-05, momentum=0.1, affine=True, track_running_stats=True)
      (2): ReLU()
      (3): Linear(in_features=4096, out_features=4096, bias=False)
      (4): BatchNorm1d(4096, eps=1e-05, momentum=0.1, affine=True, track_running_stats=True)
      (5): ReLU()
      (6): Linear(in_features=4096, out_features=4096, bias=True)
      (7): BatchNorm1d(4096, eps=1e-05, momentum=0.1, affine=False, track_running_stats=True)
    )
  )
)
NOC: 100
augmentation for bt_clr: 
Compose(
    RandomResizedCrop(size=(32, 32), scale=(0.08, 1.0), ratio=(0.75, 1.3333), interpolation=bilinear, antialias=True)
    RandomHorizontalFlip(p=0.5)
    RandomApply(
    p=0.8
    ColorJitter(brightness=(0.6, 1.4), contrast=(0.6, 1.4), saturation=(0.6, 1.4), hue=(-0.1, 0.1))
)
    RandomGrayscale(p=0.2)
    Solarization(p = 0.0)
    ToTensor()
    Normalize(mean=(0.5071, 0.4867, 0.4408), std=(0.2675, 0.2565, 0.2761))
)
Compose(
    RandomResizedCrop(size=(32, 32), scale=(0.08, 1.0), ratio=(0.75, 1.3333), interpolation=bilinear, antialias=True)
    RandomHorizontalFlip(p=0.5)
    RandomApply(
    p=0.8
    ColorJitter(brightness=(0.6, 1.4), contrast=(0.6, 1.4), saturation=(0.6, 1.4), hue=(-0.1, 0.1))
)
    RandomGrayscale(p=0.2)
    Solarization(p = 0.1)
    ToTensor()
    Normalize(mean=(0.5071, 0.4867, 0.4408), std=(0.2675, 0.2565, 0.2761))
)
using optimizer: SGD
# of Training Images: 50000
# of Testing Images: 10000
schedular: <torch.optim.lr_scheduler.SequentialLR object at 0x7f9108b3aa70>
loss function: simclr
loss function: bt
loss: SimCLR(sim=cosine, tau=0.5)
loss: BT(lambda=0.005)
### Barlow Twins + SimCLR Training begins
[GPU0] epochs: [1/800] train_loss_con: 3344.053
[GPU0] epochs: [2/800] train_loss_con: 3610.089
[GPU0] epochs: [3/800] train_loss_con: 3528.035
[GPU0] epochs: [4/800] train_loss_con: 3521.614
[GPU0] epochs: [5/800] train_loss_con: 3396.556
[GPU0] epochs: [6/800] train_loss_con: 3300.658
[GPU0] epochs: [7/800] train_loss_con: 3263.312
[GPU0] epochs: [8/800] train_loss_con: 3188.455
[GPU0] epochs: [9/800] train_loss_con: 3124.431
[GPU0] epochs: [10/800] train_loss_con: 3058.312
[GPU0] epochs: [11/800] train_loss_con: 3020.394
[GPU0] epochs: [12/800] train_loss_con: 2968.529
[GPU0] epochs: [13/800] train_loss_con: 2939.781
[GPU0] epochs: [14/800] train_loss_con: 2871.171
[GPU0] epochs: [15/800] train_loss_con: 2789.484
[GPU0] epochs: [16/800] train_loss_con: 2726.698
[GPU0] epochs: [17/800] train_loss_con: 2649.850
[GPU0] epochs: [18/800] train_loss_con: 2567.253
[GPU0] epochs: [19/800] train_loss_con: 2463.179
[GPU0] epochs: [20/800] train_loss_con: 2402.212
[GPU0] epochs: [21/800] train_loss_con: 2313.114
[GPU0] epochs: [22/800] train_loss_con: 2235.797
[GPU0] epochs: [23/800] train_loss_con: 2151.311
[GPU0] epochs: [24/800] train_loss_con: 2085.504
[GPU0] epochs: [25/800] train_loss_con: 2007.423
[GPU0] epochs: [26/800] train_loss_con: 1941.568
[GPU0] epochs: [27/800] train_loss_con: 1867.978
[GPU0] epochs: [28/800] train_loss_con: 1822.754
[GPU0] epochs: [29/800] train_loss_con: 1770.888
[GPU0] epochs: [30/800] train_loss_con: 1726.140
[GPU0] epochs: [31/800] train_loss_con: 1670.198
[GPU0] epochs: [32/800] train_loss_con: 1619.069
[GPU0] epochs: [33/800] train_loss_con: 1599.259
[GPU0] epochs: [34/800] train_loss_con: 1559.062
[GPU0] epochs: [35/800] train_loss_con: 1523.780
[GPU0] epochs: [36/800] train_loss_con: 1493.814
[GPU0] epochs: [37/800] train_loss_con: 1473.611
[GPU0] epochs: [38/800] train_loss_con: 1447.171
[GPU0] epochs: [39/800] train_loss_con: 1423.906
[GPU0] epochs: [40/800] train_loss_con: 1409.735
[GPU0] epochs: [41/800] train_loss_con: 1394.011
[GPU0] epochs: [42/800] train_loss_con: 1373.004
[GPU0] epochs: [43/800] train_loss_con: 1355.609
[GPU0] epochs: [44/800] train_loss_con: 1343.199
[GPU0] epochs: [45/800] train_loss_con: 1323.816
[GPU0] epochs: [46/800] train_loss_con: 1300.292
[GPU0] epochs: [47/800] train_loss_con: 1283.486
[GPU0] epochs: [48/800] train_loss_con: 1273.148
[GPU0] epochs: [49/800] train_loss_con: 1258.774
[GPU0] epochs: [50/800] train_loss_con: 1235.779
[GPU0] epochs: [51/800] train_loss_con: 1232.327
[GPU0] epochs: [52/800] train_loss_con: 1213.913
[GPU0] epochs: [53/800] train_loss_con: 1201.104
[GPU0] epochs: [54/800] train_loss_con: 1186.888
[GPU0] epochs: [55/800] train_loss_con: 1171.708
[GPU0] epochs: [56/800] train_loss_con: 1160.346
[GPU0] epochs: [57/800] train_loss_con: 1158.082
[GPU0] epochs: [58/800] train_loss_con: 1152.566
[GPU0] epochs: [59/800] train_loss_con: 1131.615
[GPU0] epochs: [60/800] train_loss_con: 1123.839
[GPU0] epochs: [61/800] train_loss_con: 1121.960
[GPU0] epochs: [62/800] train_loss_con: 1113.699
[GPU0] epochs: [63/800] train_loss_con: 1100.674
[GPU0] epochs: [64/800] train_loss_con: 1099.620
[GPU0] epochs: [65/800] train_loss_con: 1079.649
[GPU0] epochs: [66/800] train_loss_con: 1070.273
[GPU0] epochs: [67/800] train_loss_con: 1067.576
[GPU0] epochs: [68/800] train_loss_con: 1057.929
[GPU0] epochs: [69/800] train_loss_con: 1049.015
[GPU0] epochs: [70/800] train_loss_con: 1046.256
[GPU0] epochs: [71/800] train_loss_con: 1036.455
[GPU0] epochs: [72/800] train_loss_con: 1033.260
[GPU0] epochs: [73/800] train_loss_con: 1016.896
[GPU0] epochs: [74/800] train_loss_con: 1011.045
[GPU0] epochs: [75/800] train_loss_con: 1007.931
[GPU0] epochs: [76/800] train_loss_con: 1003.975
[GPU0] epochs: [77/800] train_loss_con: 998.536
[GPU0] epochs: [78/800] train_loss_con: 988.025
[GPU0] epochs: [79/800] train_loss_con: 985.301
[GPU0] epochs: [80/800] train_loss_con: 973.509
[GPU0] epochs: [81/800] train_loss_con: 967.038
[GPU0] epochs: [82/800] train_loss_con: 968.011
[GPU0] epochs: [83/800] train_loss_con: 958.633
[GPU0] epochs: [84/800] train_loss_con: 958.093
[GPU0] epochs: [85/800] train_loss_con: 950.026
[GPU0] epochs: [86/800] train_loss_con: 945.180
[GPU0] epochs: [87/800] train_loss_con: 943.144
[GPU0] epochs: [88/800] train_loss_con: 929.188
[GPU0] epochs: [89/800] train_loss_con: 941.436
[GPU0] epochs: [90/800] train_loss_con: 924.775
[GPU0] epochs: [91/800] train_loss_con: 920.012
[GPU0] epochs: [92/800] train_loss_con: 914.255
[GPU0] epochs: [93/800] train_loss_con: 915.400
[GPU0] epochs: [94/800] train_loss_con: 912.741
[GPU0] epochs: [95/800] train_loss_con: 903.316
[GPU0] epochs: [96/800] train_loss_con: 903.131
[GPU0] epochs: [97/800] train_loss_con: 899.054
[GPU0] epochs: [98/800] train_loss_con: 888.413
[GPU0] epochs: [99/800] train_loss_con: 884.148
[GPU0] epochs: [100/800] train_loss_con: 882.529
[GPU0] epochs: [101/800] train_loss_con: 887.336
[GPU0] epochs: [102/800] train_loss_con: 878.642
[GPU0] epochs: [103/800] train_loss_con: 875.165
[GPU0] epochs: [104/800] train_loss_con: 872.906
[GPU0] epochs: [105/800] train_loss_con: 868.388
[GPU0] epochs: [106/800] train_loss_con: 855.624
[GPU0] epochs: [107/800] train_loss_con: 865.684
[GPU0] epochs: [108/800] train_loss_con: 849.041
[GPU0] epochs: [109/800] train_loss_con: 850.788
[GPU0] epochs: [110/800] train_loss_con: 848.493
[GPU0] epochs: [111/800] train_loss_con: 845.827
[GPU0] epochs: [112/800] train_loss_con: 837.948
[GPU0] epochs: [113/800] train_loss_con: 841.232
[GPU0] epochs: [114/800] train_loss_con: 840.285
[GPU0] epochs: [115/800] train_loss_con: 830.622
[GPU0] epochs: [116/800] train_loss_con: 834.446
[GPU0] epochs: [117/800] train_loss_con: 827.851
[GPU0] epochs: [118/800] train_loss_con: 819.821
[GPU0] epochs: [119/800] train_loss_con: 824.520
[GPU0] epochs: [120/800] train_loss_con: 833.081
[GPU0] epochs: [121/800] train_loss_con: 818.801
[GPU0] epochs: [122/800] train_loss_con: 814.077
[GPU0] epochs: [123/800] train_loss_con: 814.236
[GPU0] epochs: [124/800] train_loss_con: 815.738
[GPU0] epochs: [125/800] train_loss_con: 811.889
[GPU0] epochs: [126/800] train_loss_con: 810.216
[GPU0] epochs: [127/800] train_loss_con: 817.629
[GPU0] epochs: [128/800] train_loss_con: 807.069
[GPU0] epochs: [129/800] train_loss_con: 802.475
[GPU0] epochs: [130/800] train_loss_con: 797.124
[GPU0] epochs: [131/800] train_loss_con: 788.796
[GPU0] epochs: [132/800] train_loss_con: 795.652
[GPU0] epochs: [133/800] train_loss_con: 796.272
[GPU0] epochs: [134/800] train_loss_con: 790.221
[GPU0] epochs: [135/800] train_loss_con: 790.347
[GPU0] epochs: [136/800] train_loss_con: 797.558
[GPU0] epochs: [137/800] train_loss_con: 783.126
[GPU0] epochs: [138/800] train_loss_con: 789.358
[GPU0] epochs: [139/800] train_loss_con: 782.771
[GPU0] epochs: [140/800] train_loss_con: 783.270
[GPU0] epochs: [141/800] train_loss_con: 772.795
[GPU0] epochs: [142/800] train_loss_con: 774.875
[GPU0] epochs: [143/800] train_loss_con: 780.420
[GPU0] epochs: [144/800] train_loss_con: 771.410
[GPU0] epochs: [145/800] train_loss_con: 768.800
[GPU0] epochs: [146/800] train_loss_con: 774.279
[GPU0] epochs: [147/800] train_loss_con: 762.479
[GPU0] epochs: [148/800] train_loss_con: 762.076
[GPU0] epochs: [149/800] train_loss_con: 763.560
[GPU0] epochs: [150/800] train_loss_con: 767.021
[GPU0] epochs: [151/800] train_loss_con: 758.548
[GPU0] epochs: [152/800] train_loss_con: 756.154
[GPU0] epochs: [153/800] train_loss_con: 749.226
[GPU0] epochs: [154/800] train_loss_con: 754.304
[GPU0] epochs: [155/800] train_loss_con: 763.482
[GPU0] epochs: [156/800] train_loss_con: 756.964
[GPU0] epochs: [157/800] train_loss_con: 759.131
[GPU0] epochs: [158/800] train_loss_con: 743.345
[GPU0] epochs: [159/800] train_loss_con: 754.758
[GPU0] epochs: [160/800] train_loss_con: 749.940
[GPU0] epochs: [161/800] train_loss_con: 747.917
[GPU0] epochs: [162/800] train_loss_con: 755.328
[GPU0] epochs: [163/800] train_loss_con: 742.503
[GPU0] epochs: [164/800] train_loss_con: 744.953
[GPU0] epochs: [165/800] train_loss_con: 752.879
[GPU0] epochs: [166/800] train_loss_con: 744.642
[GPU0] epochs: [167/800] train_loss_con: 737.021
[GPU0] epochs: [168/800] train_loss_con: 731.073
[GPU0] epochs: [169/800] train_loss_con: 742.328
[GPU0] epochs: [170/800] train_loss_con: 739.993
[GPU0] epochs: [171/800] train_loss_con: 737.451
[GPU0] epochs: [172/800] train_loss_con: 726.593
[GPU0] epochs: [173/800] train_loss_con: 732.963
[GPU0] epochs: [174/800] train_loss_con: 729.401
[GPU0] epochs: [175/800] train_loss_con: 730.540
[GPU0] epochs: [176/800] train_loss_con: 735.219
[GPU0] epochs: [177/800] train_loss_con: 743.819
[GPU0] epochs: [178/800] train_loss_con: 731.337
[GPU0] epochs: [179/800] train_loss_con: 721.573
[GPU0] epochs: [180/800] train_loss_con: 727.260
[GPU0] epochs: [181/800] train_loss_con: 727.547
[GPU0] epochs: [182/800] train_loss_con: 726.259
[GPU0] epochs: [183/800] train_loss_con: 723.995
[GPU0] epochs: [184/800] train_loss_con: 720.633
[GPU0] epochs: [185/800] train_loss_con: 727.298
[GPU0] epochs: [186/800] train_loss_con: 733.296
[GPU0] epochs: [187/800] train_loss_con: 721.622
[GPU0] epochs: [188/800] train_loss_con: 721.437
[GPU0] epochs: [189/800] train_loss_con: 720.600
[GPU0] epochs: [190/800] train_loss_con: 719.179
[GPU0] epochs: [191/800] train_loss_con: 720.998
[GPU0] epochs: [192/800] train_loss_con: 718.899
[GPU0] epochs: [193/800] train_loss_con: 710.760
[GPU0] epochs: [194/800] train_loss_con: 724.365
[GPU0] epochs: [195/800] train_loss_con: 712.528
[GPU0] epochs: [196/800] train_loss_con: 709.840
[GPU0] epochs: [197/800] train_loss_con: 709.359
[GPU0] epochs: [198/800] train_loss_con: 722.504
[GPU0] epochs: [199/800] train_loss_con: 709.598
[GPU0] epochs: [200/800] train_loss_con: 704.907
[GPU0] epochs: [201/800] train_loss_con: 699.007
[GPU0] epochs: [202/800] train_loss_con: 702.215
[GPU0] epochs: [203/800] train_loss_con: 711.934
[GPU0] epochs: [204/800] train_loss_con: 710.656
[GPU0] epochs: [205/800] train_loss_con: 713.620
[GPU0] epochs: [206/800] train_loss_con: 701.497
[GPU0] epochs: [207/800] train_loss_con: 698.575
[GPU0] epochs: [208/800] train_loss_con: 703.203
[GPU0] epochs: [209/800] train_loss_con: 701.223
[GPU0] epochs: [210/800] train_loss_con: 699.240
[GPU0] epochs: [211/800] train_loss_con: 694.489
[GPU0] epochs: [212/800] train_loss_con: 700.327
[GPU0] epochs: [213/800] train_loss_con: 703.042
[GPU0] epochs: [214/800] train_loss_con: 704.352
[GPU0] epochs: [215/800] train_loss_con: 697.694
[GPU0] epochs: [216/800] train_loss_con: 701.447
[GPU0] epochs: [217/800] train_loss_con: 705.391
[GPU0] epochs: [218/800] train_loss_con: 690.755
[GPU0] epochs: [219/800] train_loss_con: 695.682
[GPU0] epochs: [220/800] train_loss_con: 700.289
[GPU0] epochs: [221/800] train_loss_con: 692.605
[GPU0] epochs: [222/800] train_loss_con: 686.890
[GPU0] epochs: [223/800] train_loss_con: 696.484
[GPU0] epochs: [224/800] train_loss_con: 710.054
[GPU0] epochs: [225/800] train_loss_con: 692.203
[GPU0] epochs: [226/800] train_loss_con: 691.034
[GPU0] epochs: [227/800] train_loss_con: 698.299
[GPU0] epochs: [228/800] train_loss_con: 688.804
[GPU0] epochs: [229/800] train_loss_con: 695.640
[GPU0] epochs: [230/800] train_loss_con: 687.010
[GPU0] epochs: [231/800] train_loss_con: 686.984
[GPU0] epochs: [232/800] train_loss_con: 695.778
[GPU0] epochs: [233/800] train_loss_con: 683.499
[GPU0] epochs: [234/800] train_loss_con: 690.191
[GPU0] epochs: [235/800] train_loss_con: 692.335
[GPU0] epochs: [236/800] train_loss_con: 685.478
[GPU0] epochs: [237/800] train_loss_con: 681.654
[GPU0] epochs: [238/800] train_loss_con: 690.107
[GPU0] epochs: [239/800] train_loss_con: 692.523
[GPU0] epochs: [240/800] train_loss_con: 686.668
[GPU0] epochs: [241/800] train_loss_con: 679.934
[GPU0] epochs: [242/800] train_loss_con: 685.751
[GPU0] epochs: [243/800] train_loss_con: 684.557
[GPU0] epochs: [244/800] train_loss_con: 681.670
[GPU0] epochs: [245/800] train_loss_con: 678.339
[GPU0] epochs: [246/800] train_loss_con: 682.388
[GPU0] epochs: [247/800] train_loss_con: 680.466
[GPU0] epochs: [248/800] train_loss_con: 680.846
[GPU0] epochs: [249/800] train_loss_con: 680.972
[GPU0] epochs: [250/800] train_loss_con: 678.083
[GPU0] epochs: [251/800] train_loss_con: 678.427
[GPU0] epochs: [252/800] train_loss_con: 674.328
[GPU0] epochs: [253/800] train_loss_con: 687.368
[GPU0] epochs: [254/800] train_loss_con: 679.967
[GPU0] epochs: [255/800] train_loss_con: 674.197
[GPU0] epochs: [256/800] train_loss_con: 680.959
[GPU0] epochs: [257/800] train_loss_con: 671.194
[GPU0] epochs: [258/800] train_loss_con: 670.888
[GPU0] epochs: [259/800] train_loss_con: 673.821
[GPU0] epochs: [260/800] train_loss_con: 678.898
[GPU0] epochs: [261/800] train_loss_con: 670.513
[GPU0] epochs: [262/800] train_loss_con: 669.696
[GPU0] epochs: [263/800] train_loss_con: 670.466
[GPU0] epochs: [264/800] train_loss_con: 674.477
[GPU0] epochs: [265/800] train_loss_con: 669.956
[GPU0] epochs: [266/800] train_loss_con: 664.849
[GPU0] epochs: [267/800] train_loss_con: 664.073
[GPU0] epochs: [268/800] train_loss_con: 668.795
[GPU0] epochs: [269/800] train_loss_con: 673.027
[GPU0] epochs: [270/800] train_loss_con: 666.644
[GPU0] epochs: [271/800] train_loss_con: 669.948
[GPU0] epochs: [272/800] train_loss_con: 663.651
[GPU0] epochs: [273/800] train_loss_con: 661.997
[GPU0] epochs: [274/800] train_loss_con: 664.553
[GPU0] epochs: [275/800] train_loss_con: 660.517
