environment: 
YAML: configs/bt.yaml
==> SEED: 42
==> train_algo: bt
==> dataset: {'cifar10': {'num_classes': 10, 'params': {'data_dir': 'datasets/cifar10', 'batch_size': 512, 'num_workers': 1, 'image_size': 32, 'algo': 'bt'}}, 'cifar100': {'num_classes': 100, 'params': {'data_dir': 'datasets/cifar100', 'batch_size': 1024, 'num_workers': 1, 'image_size': 32, 'algo': 'bt'}}, 'timg': {'num_classes': 200, 'params': {'data_dir': 'datasets/tinyimagenet/tiny-imagenet-200', 'batch_size': 256, 'num_workers': 1, 'image_size': 64, 'algo': 'bt'}}}
==> return_logs: False
==> eval_every: 10
==> n_epochs: 800
==> n_epochs_mlp: 100
==> gpu_id: 0
==> opt: SGD
==> opt_params: {'lr': 0.8, 'momentum': 0.9, 'weight_decay': 0.0001}
==> schedular_params: {'T_max': 790, 'eta_min': 0.001}
==> mlp_opt: SGD
==> mlp_opt_params: {'lr': 0.01, 'momentum': 0.9}
==> model_params: {'model_name': 'resnet18', 'pretrained': False, 'proj_dim': 4096, 'barlow_hidden': 4096, 'algo_type': 'bt'}
==> mlp_type: hidden
==> loss: bt
==> loss_params: {'lambd': 0.005}
==> distributed: False
==> model_save_path: saved_models/bt.r18.c100.we10.bs1024.pth
==> warmup_epochs: 10
==> config: configs/bt.yaml
--------------------------------------------------
Network(
  (base_encoder): BaseEncoder(
    (feat_extractor): Sequential(
      (conv1): Conv2d(3, 64, kernel_size=(3, 3), stride=(1, 1), padding=(1, 1), bias=False)
      (bn1): BatchNorm2d(64, eps=1e-05, momentum=0.1, affine=True, track_running_stats=True)
      (relu): ReLU(inplace=True)
      (layer1): Sequential(
        (0): BasicBlock(
          (conv1): Conv2d(64, 64, kernel_size=(3, 3), stride=(1, 1), padding=(1, 1), bias=False)
          (bn1): BatchNorm2d(64, eps=1e-05, momentum=0.1, affine=True, track_running_stats=True)
          (relu): ReLU(inplace=True)
          (conv2): Conv2d(64, 64, kernel_size=(3, 3), stride=(1, 1), padding=(1, 1), bias=False)
          (bn2): BatchNorm2d(64, eps=1e-05, momentum=0.1, affine=True, track_running_stats=True)
        )
        (1): BasicBlock(
          (conv1): Conv2d(64, 64, kernel_size=(3, 3), stride=(1, 1), padding=(1, 1), bias=False)
          (bn1): BatchNorm2d(64, eps=1e-05, momentum=0.1, affine=True, track_running_stats=True)
          (relu): ReLU(inplace=True)
          (conv2): Conv2d(64, 64, kernel_size=(3, 3), stride=(1, 1), padding=(1, 1), bias=False)
          (bn2): BatchNorm2d(64, eps=1e-05, momentum=0.1, affine=True, track_running_stats=True)
        )
      )
      (layer2): Sequential(
        (0): BasicBlock(
          (conv1): Conv2d(64, 128, kernel_size=(3, 3), stride=(2, 2), padding=(1, 1), bias=False)
          (bn1): BatchNorm2d(128, eps=1e-05, momentum=0.1, affine=True, track_running_stats=True)
          (relu): ReLU(inplace=True)
          (conv2): Conv2d(128, 128, kernel_size=(3, 3), stride=(1, 1), padding=(1, 1), bias=False)
          (bn2): BatchNorm2d(128, eps=1e-05, momentum=0.1, affine=True, track_running_stats=True)
          (downsample): Sequential(
            (0): Conv2d(64, 128, kernel_size=(1, 1), stride=(2, 2), bias=False)
            (1): BatchNorm2d(128, eps=1e-05, momentum=0.1, affine=True, track_running_stats=True)
          )
        )
        (1): BasicBlock(
          (conv1): Conv2d(128, 128, kernel_size=(3, 3), stride=(1, 1), padding=(1, 1), bias=False)
          (bn1): BatchNorm2d(128, eps=1e-05, momentum=0.1, affine=True, track_running_stats=True)
          (relu): ReLU(inplace=True)
          (conv2): Conv2d(128, 128, kernel_size=(3, 3), stride=(1, 1), padding=(1, 1), bias=False)
          (bn2): BatchNorm2d(128, eps=1e-05, momentum=0.1, affine=True, track_running_stats=True)
        )
      )
      (layer3): Sequential(
        (0): BasicBlock(
          (conv1): Conv2d(128, 256, kernel_size=(3, 3), stride=(2, 2), padding=(1, 1), bias=False)
          (bn1): BatchNorm2d(256, eps=1e-05, momentum=0.1, affine=True, track_running_stats=True)
          (relu): ReLU(inplace=True)
          (conv2): Conv2d(256, 256, kernel_size=(3, 3), stride=(1, 1), padding=(1, 1), bias=False)
          (bn2): BatchNorm2d(256, eps=1e-05, momentum=0.1, affine=True, track_running_stats=True)
          (downsample): Sequential(
            (0): Conv2d(128, 256, kernel_size=(1, 1), stride=(2, 2), bias=False)
            (1): BatchNorm2d(256, eps=1e-05, momentum=0.1, affine=True, track_running_stats=True)
          )
        )
        (1): BasicBlock(
          (conv1): Conv2d(256, 256, kernel_size=(3, 3), stride=(1, 1), padding=(1, 1), bias=False)
          (bn1): BatchNorm2d(256, eps=1e-05, momentum=0.1, affine=True, track_running_stats=True)
          (relu): ReLU(inplace=True)
          (conv2): Conv2d(256, 256, kernel_size=(3, 3), stride=(1, 1), padding=(1, 1), bias=False)
          (bn2): BatchNorm2d(256, eps=1e-05, momentum=0.1, affine=True, track_running_stats=True)
        )
      )
      (layer4): Sequential(
        (0): BasicBlock(
          (conv1): Conv2d(256, 512, kernel_size=(3, 3), stride=(2, 2), padding=(1, 1), bias=False)
          (bn1): BatchNorm2d(512, eps=1e-05, momentum=0.1, affine=True, track_running_stats=True)
          (relu): ReLU(inplace=True)
          (conv2): Conv2d(512, 512, kernel_size=(3, 3), stride=(1, 1), padding=(1, 1), bias=False)
          (bn2): BatchNorm2d(512, eps=1e-05, momentum=0.1, affine=True, track_running_stats=True)
          (downsample): Sequential(
            (0): Conv2d(256, 512, kernel_size=(1, 1), stride=(2, 2), bias=False)
            (1): BatchNorm2d(512, eps=1e-05, momentum=0.1, affine=True, track_running_stats=True)
          )
        )
        (1): BasicBlock(
          (conv1): Conv2d(512, 512, kernel_size=(3, 3), stride=(1, 1), padding=(1, 1), bias=False)
          (bn1): BatchNorm2d(512, eps=1e-05, momentum=0.1, affine=True, track_running_stats=True)
          (relu): ReLU(inplace=True)
          (conv2): Conv2d(512, 512, kernel_size=(3, 3), stride=(1, 1), padding=(1, 1), bias=False)
          (bn2): BatchNorm2d(512, eps=1e-05, momentum=0.1, affine=True, track_running_stats=True)
        )
      )
      (avgpool): AdaptiveAvgPool2d(output_size=(1, 1))
    )
  )
  (proj_other): bt_proj(
    (proj): Sequential(
      (0): Linear(in_features=512, out_features=4096, bias=False)
      (1): BatchNorm1d(4096, eps=1e-05, momentum=0.1, affine=True, track_running_stats=True)
      (2): ReLU()
      (3): Linear(in_features=4096, out_features=4096, bias=False)
      (4): BatchNorm1d(4096, eps=1e-05, momentum=0.1, affine=True, track_running_stats=True)
      (5): ReLU()
      (6): Linear(in_features=4096, out_features=4096, bias=True)
      (7): BatchNorm1d(4096, eps=1e-05, momentum=0.1, affine=False, track_running_stats=True)
    )
  )
)
NOC: 100
augmentation for bt: 
Compose(
    RandomResizedCrop(size=(32, 32), scale=(0.08, 1.0), ratio=(0.75, 1.3333), interpolation=bilinear, antialias=True)
    RandomHorizontalFlip(p=0.5)
    RandomApply(
    p=0.8
    ColorJitter(brightness=(0.6, 1.4), contrast=(0.6, 1.4), saturation=(0.6, 1.4), hue=(-0.1, 0.1))
)
    RandomGrayscale(p=0.2)
    Solarization(p = 0.0)
    ToTensor()
    Normalize(mean=(0.5071, 0.4867, 0.4408), std=(0.2675, 0.2565, 0.2761))
)
Compose(
    RandomResizedCrop(size=(32, 32), scale=(0.08, 1.0), ratio=(0.75, 1.3333), interpolation=bilinear, antialias=True)
    RandomHorizontalFlip(p=0.5)
    RandomApply(
    p=0.8
    ColorJitter(brightness=(0.6, 1.4), contrast=(0.6, 1.4), saturation=(0.6, 1.4), hue=(-0.1, 0.1))
)
    RandomGrayscale(p=0.2)
    Solarization(p = 0.1)
    ToTensor()
    Normalize(mean=(0.5071, 0.4867, 0.4408), std=(0.2675, 0.2565, 0.2761))
)
using optimizer: SGD
# of Training Images: 50000
# of Testing Images: 10000
schedular: <torch.optim.lr_scheduler.SequentialLR object at 0x730aa1716b30>
loss function: bt
### Barlow Twins Training begins
[GPU0] epochs: [1/800] train_loss_con: 3302.469
[GPU0] epochs: [2/800] train_loss_con: 3637.884
[GPU0] epochs: [3/800] train_loss_con: 3401.360
[GPU0] epochs: [4/800] train_loss_con: 3320.102
[GPU0] epochs: [5/800] train_loss_con: 3297.877
[GPU0] epochs: [6/800] train_loss_con: 3270.831
[GPU0] epochs: [7/800] train_loss_con: 3197.411
[GPU0] epochs: [8/800] train_loss_con: 3193.738
[GPU0] epochs: [9/800] train_loss_con: 3114.154
[GPU0] epochs: [10/800] train_loss_con: 3060.307
[GPU0] epochs: [11/800] train_loss_con: 2978.703
[GPU0] epochs: [12/800] train_loss_con: 2958.294
[GPU0] epochs: [13/800] train_loss_con: 2883.253
[GPU0] epochs: [14/800] train_loss_con: 2844.149
[GPU0] epochs: [15/800] train_loss_con: 2777.633
[GPU0] epochs: [16/800] train_loss_con: 2707.586
[GPU0] epochs: [17/800] train_loss_con: 2615.823
[GPU0] epochs: [18/800] train_loss_con: 2563.724
[GPU0] epochs: [19/800] train_loss_con: 2517.362
[GPU0] epochs: [20/800] train_loss_con: 2442.018
[GPU0] epochs: [21/800] train_loss_con: 2356.517
[GPU0] epochs: [22/800] train_loss_con: 2308.290
[GPU0] epochs: [23/800] train_loss_con: 2255.866
[GPU0] epochs: [24/800] train_loss_con: 2196.388
[GPU0] epochs: [25/800] train_loss_con: 2126.927
[GPU0] epochs: [26/800] train_loss_con: 2069.222
[GPU0] epochs: [27/800] train_loss_con: 2012.754
[GPU0] epochs: [28/800] train_loss_con: 1943.809
[GPU0] epochs: [29/800] train_loss_con: 1893.069
[GPU0] epochs: [30/800] train_loss_con: 1841.977
[GPU0] epochs: [31/800] train_loss_con: 1783.363
[GPU0] epochs: [32/800] train_loss_con: 1737.011
[GPU0] epochs: [33/800] train_loss_con: 1694.476
[GPU0] epochs: [34/800] train_loss_con: 1634.711
[GPU0] epochs: [35/800] train_loss_con: 1601.493
[GPU0] epochs: [36/800] train_loss_con: 1553.557
[GPU0] epochs: [37/800] train_loss_con: 1523.938
[GPU0] epochs: [38/800] train_loss_con: 1490.441
[GPU0] epochs: [39/800] train_loss_con: 1463.884
[GPU0] epochs: [40/800] train_loss_con: 1438.637
[GPU0] epochs: [41/800] train_loss_con: 1417.737
[GPU0] epochs: [42/800] train_loss_con: 1394.593
[GPU0] epochs: [43/800] train_loss_con: 1364.354
[GPU0] epochs: [44/800] train_loss_con: 1339.461
[GPU0] epochs: [45/800] train_loss_con: 1321.540
[GPU0] epochs: [46/800] train_loss_con: 1319.143
[GPU0] epochs: [47/800] train_loss_con: 1295.442
[GPU0] epochs: [48/800] train_loss_con: 1289.471
[GPU0] epochs: [49/800] train_loss_con: 1274.301
[GPU0] epochs: [50/800] train_loss_con: 1250.294
[GPU0] epochs: [51/800] train_loss_con: 1230.322
[GPU0] epochs: [52/800] train_loss_con: 1222.346
[GPU0] epochs: [53/800] train_loss_con: 1208.984
[GPU0] epochs: [54/800] train_loss_con: 1198.835
[GPU0] epochs: [55/800] train_loss_con: 1181.587
[GPU0] epochs: [56/800] train_loss_con: 1171.167
[GPU0] epochs: [57/800] train_loss_con: 1152.384
[GPU0] epochs: [58/800] train_loss_con: 1137.261
[GPU0] epochs: [59/800] train_loss_con: 1125.549
[GPU0] epochs: [60/800] train_loss_con: 1113.164
[GPU0] epochs: [61/800] train_loss_con: 1092.980
[GPU0] epochs: [62/800] train_loss_con: 1088.030
[GPU0] epochs: [63/800] train_loss_con: 1080.064
[GPU0] epochs: [64/800] train_loss_con: 1073.141
[GPU0] epochs: [65/800] train_loss_con: 1059.744
[GPU0] epochs: [66/800] train_loss_con: 1044.506
[GPU0] epochs: [67/800] train_loss_con: 1051.028
[GPU0] epochs: [68/800] train_loss_con: 1038.667
[GPU0] epochs: [69/800] train_loss_con: 1022.378
[GPU0] epochs: [70/800] train_loss_con: 1010.281
[GPU0] epochs: [71/800] train_loss_con: 989.454
[GPU0] epochs: [72/800] train_loss_con: 985.872
[GPU0] epochs: [73/800] train_loss_con: 988.871
[GPU0] epochs: [74/800] train_loss_con: 978.203
[GPU0] epochs: [75/800] train_loss_con: 967.052
[GPU0] epochs: [76/800] train_loss_con: 960.489
[GPU0] epochs: [77/800] train_loss_con: 946.792
[GPU0] epochs: [78/800] train_loss_con: 944.455
[GPU0] epochs: [79/800] train_loss_con: 933.348
[GPU0] epochs: [80/800] train_loss_con: 932.138
[GPU0] epochs: [81/800] train_loss_con: 938.830
[GPU0] epochs: [82/800] train_loss_con: 909.544
[GPU0] epochs: [83/800] train_loss_con: 915.703
[GPU0] epochs: [84/800] train_loss_con: 910.256
[GPU0] epochs: [85/800] train_loss_con: 903.882
[GPU0] epochs: [86/800] train_loss_con: 893.548
[GPU0] epochs: [87/800] train_loss_con: 890.193
[GPU0] epochs: [88/800] train_loss_con: 899.935
[GPU0] epochs: [89/800] train_loss_con: 886.285
[GPU0] epochs: [90/800] train_loss_con: 877.519
[GPU0] epochs: [91/800] train_loss_con: 866.283
[GPU0] epochs: [92/800] train_loss_con: 860.091
[GPU0] epochs: [93/800] train_loss_con: 856.071
[GPU0] epochs: [94/800] train_loss_con: 841.892
[GPU0] epochs: [95/800] train_loss_con: 847.913
[GPU0] epochs: [96/800] train_loss_con: 861.134
[GPU0] epochs: [97/800] train_loss_con: 845.510
[GPU0] epochs: [98/800] train_loss_con: 838.692
[GPU0] epochs: [99/800] train_loss_con: 823.987
[GPU0] epochs: [100/800] train_loss_con: 828.844
[GPU0] epochs: [101/800] train_loss_con: 829.469
[GPU0] epochs: [102/800] train_loss_con: 821.844
[GPU0] epochs: [103/800] train_loss_con: 818.725
[GPU0] epochs: [104/800] train_loss_con: 817.220
[GPU0] epochs: [105/800] train_loss_con: 817.338
[GPU0] epochs: [106/800] train_loss_con: 808.808
[GPU0] epochs: [107/800] train_loss_con: 801.311
[GPU0] epochs: [108/800] train_loss_con: 802.208
[GPU0] epochs: [109/800] train_loss_con: 798.080
[GPU0] epochs: [110/800] train_loss_con: 796.903
[GPU0] epochs: [111/800] train_loss_con: 792.669
[GPU0] epochs: [112/800] train_loss_con: 784.568
[GPU0] epochs: [113/800] train_loss_con: 791.034
[GPU0] epochs: [114/800] train_loss_con: 787.903
[GPU0] epochs: [115/800] train_loss_con: 786.430
[GPU0] epochs: [116/800] train_loss_con: 776.553
[GPU0] epochs: [117/800] train_loss_con: 771.722
[GPU0] epochs: [118/800] train_loss_con: 777.243
[GPU0] epochs: [119/800] train_loss_con: 770.167
[GPU0] epochs: [120/800] train_loss_con: 776.704
[GPU0] epochs: [121/800] train_loss_con: 757.745
[GPU0] epochs: [122/800] train_loss_con: 755.887
[GPU0] epochs: [123/800] train_loss_con: 760.244
[GPU0] epochs: [124/800] train_loss_con: 749.347
[GPU0] epochs: [125/800] train_loss_con: 766.320
[GPU0] epochs: [126/800] train_loss_con: 752.458
[GPU0] epochs: [127/800] train_loss_con: 750.233
[GPU0] epochs: [128/800] train_loss_con: 747.374
[GPU0] epochs: [129/800] train_loss_con: 750.141
[GPU0] epochs: [130/800] train_loss_con: 749.917
[GPU0] epochs: [131/800] train_loss_con: 738.858
[GPU0] epochs: [132/800] train_loss_con: 728.468
[GPU0] epochs: [133/800] train_loss_con: 737.618
[GPU0] epochs: [134/800] train_loss_con: 740.751
[GPU0] epochs: [135/800] train_loss_con: 734.679
[GPU0] epochs: [136/800] train_loss_con: 736.570
[GPU0] epochs: [137/800] train_loss_con: 732.552
