environment: 
YAML: configs/bt.yaml
==> SEED: 42
==> train_algo: bt
==> dataset: {'cifar10': {'num_classes': 10, 'params': {'data_dir': 'datasets/cifar10', 'batch_size': 512, 'num_workers': 1, 'image_size': 32, 'algo': 'bt'}}, 'cifar100': {'num_classes': 100, 'params': {'data_dir': 'datasets/cifar100', 'batch_size': 256, 'num_workers': 1, 'image_size': 32, 'algo': 'bt'}}, 'timg': {'num_classes': 200, 'params': {'data_dir': 'datasets/tinyimagenet/tiny-imagenet-200', 'batch_size': 256, 'num_workers': 1, 'image_size': 64, 'algo': 'bt'}}}
==> return_logs: False
==> eval_every: 10
==> n_epochs: 800
==> n_epochs_mlp: 100
==> gpu_id: 0
==> opt: SGD
==> opt_params: {'lr': 0.4, 'momentum': 0.9, 'weight_decay': 0.0001}
==> schedular_params: {'T_max': 790, 'eta_min': 0.001}
==> mlp_opt: SGD
==> mlp_opt_params: {'lr': 0.01, 'momentum': 0.9}
==> model_params: {'model_name': 'resnet18', 'pretrained': False, 'proj_dim': 4096, 'barlow_hidden': 4096, 'algo_type': 'bt'}
==> mlp_type: hidden
==> loss: bt
==> loss_params: {'lambd': 0.005}
==> distributed: True
==> model_save_path: saved_models/bt.r18.c100.dist.we10.bs512.pth
==> warmup_epochs: 10
==> config: configs/bt.yaml
--------------------------------------------------
Launching DDP across 2 GPUs
augmentation for bt: 
Compose(
    RandomResizedCrop(size=(32, 32), scale=(0.08, 1.0), ratio=(0.75, 1.3333), interpolation=bilinear, antialias=True)
    RandomHorizontalFlip(p=0.5)
    RandomApply(
    p=0.8
    ColorJitter(brightness=(0.6, 1.4), contrast=(0.6, 1.4), saturation=(0.6, 1.4), hue=(-0.1, 0.1))
)
    RandomGrayscale(p=0.2)
    Solarization(p = 0.0)
    ToTensor()
    Normalize(mean=(0.5071, 0.4867, 0.4408), std=(0.2675, 0.2565, 0.2761))
)
Compose(
    RandomResizedCrop(size=(32, 32), scale=(0.08, 1.0), ratio=(0.75, 1.3333), interpolation=bilinear, antialias=True)
    RandomHorizontalFlip(p=0.5)
    RandomApply(
    p=0.8
    ColorJitter(brightness=(0.6, 1.4), contrast=(0.6, 1.4), saturation=(0.6, 1.4), hue=(-0.1, 0.1))
)
    RandomGrayscale(p=0.2)
    Solarization(p = 0.1)
    ToTensor()
    Normalize(mean=(0.5071, 0.4867, 0.4408), std=(0.2675, 0.2565, 0.2761))
)
using optimizer: SGD
loss function: bt
Network(
  (base_encoder): BaseEncoder(
    (feat_extractor): Sequential(
      (conv1): Conv2d(3, 64, kernel_size=(3, 3), stride=(1, 1), padding=(1, 1), bias=False)
      (bn1): BatchNorm2d(64, eps=1e-05, momentum=0.1, affine=True, track_running_stats=True)
      (relu): ReLU(inplace=True)
      (layer1): Sequential(
        (0): BasicBlock(
          (conv1): Conv2d(64, 64, kernel_size=(3, 3), stride=(1, 1), padding=(1, 1), bias=False)
          (bn1): BatchNorm2d(64, eps=1e-05, momentum=0.1, affine=True, track_running_stats=True)
          (relu): ReLU(inplace=True)
          (conv2): Conv2d(64, 64, kernel_size=(3, 3), stride=(1, 1), padding=(1, 1), bias=False)
          (bn2): BatchNorm2d(64, eps=1e-05, momentum=0.1, affine=True, track_running_stats=True)
        )
        (1): BasicBlock(
          (conv1): Conv2d(64, 64, kernel_size=(3, 3), stride=(1, 1), padding=(1, 1), bias=False)
          (bn1): BatchNorm2d(64, eps=1e-05, momentum=0.1, affine=True, track_running_stats=True)
          (relu): ReLU(inplace=True)
          (conv2): Conv2d(64, 64, kernel_size=(3, 3), stride=(1, 1), padding=(1, 1), bias=False)
          (bn2): BatchNorm2d(64, eps=1e-05, momentum=0.1, affine=True, track_running_stats=True)
        )
      )
      (layer2): Sequential(
        (0): BasicBlock(
          (conv1): Conv2d(64, 128, kernel_size=(3, 3), stride=(2, 2), padding=(1, 1), bias=False)
          (bn1): BatchNorm2d(128, eps=1e-05, momentum=0.1, affine=True, track_running_stats=True)
          (relu): ReLU(inplace=True)
          (conv2): Conv2d(128, 128, kernel_size=(3, 3), stride=(1, 1), padding=(1, 1), bias=False)
          (bn2): BatchNorm2d(128, eps=1e-05, momentum=0.1, affine=True, track_running_stats=True)
          (downsample): Sequential(
            (0): Conv2d(64, 128, kernel_size=(1, 1), stride=(2, 2), bias=False)
            (1): BatchNorm2d(128, eps=1e-05, momentum=0.1, affine=True, track_running_stats=True)
          )
        )
        (1): BasicBlock(
          (conv1): Conv2d(128, 128, kernel_size=(3, 3), stride=(1, 1), padding=(1, 1), bias=False)
          (bn1): BatchNorm2d(128, eps=1e-05, momentum=0.1, affine=True, track_running_stats=True)
          (relu): ReLU(inplace=True)
          (conv2): Conv2d(128, 128, kernel_size=(3, 3), stride=(1, 1), padding=(1, 1), bias=False)
          (bn2): BatchNorm2d(128, eps=1e-05, momentum=0.1, affine=True, track_running_stats=True)
        )
      )
      (layer3): Sequential(
        (0): BasicBlock(
          (conv1): Conv2d(128, 256, kernel_size=(3, 3), stride=(2, 2), padding=(1, 1), bias=False)
          (bn1): BatchNorm2d(256, eps=1e-05, momentum=0.1, affine=True, track_running_stats=True)
          (relu): ReLU(inplace=True)
          (conv2): Conv2d(256, 256, kernel_size=(3, 3), stride=(1, 1), padding=(1, 1), bias=False)
          (bn2): BatchNorm2d(256, eps=1e-05, momentum=0.1, affine=True, track_running_stats=True)
          (downsample): Sequential(
            (0): Conv2d(128, 256, kernel_size=(1, 1), stride=(2, 2), bias=False)
            (1): BatchNorm2d(256, eps=1e-05, momentum=0.1, affine=True, track_running_stats=True)
          )
        )
        (1): BasicBlock(
          (conv1): Conv2d(256, 256, kernel_size=(3, 3), stride=(1, 1), padding=(1, 1), bias=False)
          (bn1): BatchNorm2d(256, eps=1e-05, momentum=0.1, affine=True, track_running_stats=True)
          (relu): ReLU(inplace=True)
          (conv2): Conv2d(256, 256, kernel_size=(3, 3), stride=(1, 1), padding=(1, 1), bias=False)
          (bn2): BatchNorm2d(256, eps=1e-05, momentum=0.1, affine=True, track_running_stats=True)
        )
      )
      (layer4): Sequential(
        (0): BasicBlock(
          (conv1): Conv2d(256, 512, kernel_size=(3, 3), stride=(2, 2), padding=(1, 1), bias=False)
          (bn1): BatchNorm2d(512, eps=1e-05, momentum=0.1, affine=True, track_running_stats=True)
          (relu): ReLU(inplace=True)
          (conv2): Conv2d(512, 512, kernel_size=(3, 3), stride=(1, 1), padding=(1, 1), bias=False)
          (bn2): BatchNorm2d(512, eps=1e-05, momentum=0.1, affine=True, track_running_stats=True)
          (downsample): Sequential(
            (0): Conv2d(256, 512, kernel_size=(1, 1), stride=(2, 2), bias=False)
            (1): BatchNorm2d(512, eps=1e-05, momentum=0.1, affine=True, track_running_stats=True)
          )
        )
        (1): BasicBlock(
          (conv1): Conv2d(512, 512, kernel_size=(3, 3), stride=(1, 1), padding=(1, 1), bias=False)
          (bn1): BatchNorm2d(512, eps=1e-05, momentum=0.1, affine=True, track_running_stats=True)
          (relu): ReLU(inplace=True)
          (conv2): Conv2d(512, 512, kernel_size=(3, 3), stride=(1, 1), padding=(1, 1), bias=False)
          (bn2): BatchNorm2d(512, eps=1e-05, momentum=0.1, affine=True, track_running_stats=True)
        )
      )
      (avgpool): AdaptiveAvgPool2d(output_size=(1, 1))
    )
  )
  (proj_other): bt_proj(
    (proj): Sequential(
      (0): Linear(in_features=512, out_features=4096, bias=False)
      (1): BatchNorm1d(4096, eps=1e-05, momentum=0.1, affine=True, track_running_stats=True)
      (2): ReLU()
      (3): Linear(in_features=4096, out_features=4096, bias=False)
      (4): BatchNorm1d(4096, eps=1e-05, momentum=0.1, affine=True, track_running_stats=True)
      (5): ReLU()
      (6): Linear(in_features=4096, out_features=4096, bias=True)
      (7): BatchNorm1d(4096, eps=1e-05, momentum=0.1, affine=False, track_running_stats=True)
    )
  )
)
NOC: 100
augmentation for bt: 
Compose(
    RandomResizedCrop(size=(32, 32), scale=(0.08, 1.0), ratio=(0.75, 1.3333), interpolation=bilinear, antialias=True)
    RandomHorizontalFlip(p=0.5)
    RandomApply(
    p=0.8
    ColorJitter(brightness=(0.6, 1.4), contrast=(0.6, 1.4), saturation=(0.6, 1.4), hue=(-0.1, 0.1))
)
    RandomGrayscale(p=0.2)
    Solarization(p = 0.0)
    ToTensor()
    Normalize(mean=(0.5071, 0.4867, 0.4408), std=(0.2675, 0.2565, 0.2761))
)
Compose(
    RandomResizedCrop(size=(32, 32), scale=(0.08, 1.0), ratio=(0.75, 1.3333), interpolation=bilinear, antialias=True)
    RandomHorizontalFlip(p=0.5)
    RandomApply(
    p=0.8
    ColorJitter(brightness=(0.6, 1.4), contrast=(0.6, 1.4), saturation=(0.6, 1.4), hue=(-0.1, 0.1))
)
    RandomGrayscale(p=0.2)
    Solarization(p = 0.1)
    ToTensor()
    Normalize(mean=(0.5071, 0.4867, 0.4408), std=(0.2675, 0.2565, 0.2761))
)
using optimizer: SGD
# of Training Images: 50000
# of Testing Images: 10000
schedular: <torch.optim.lr_scheduler.SequentialLR object at 0x7bee3c6178b0>
loss function: bt
### Barlow Twins Training begins
[GPU0] epochs: [1/800] train_loss_con: 3471.523
[GPU1] epochs: [1/800] train_loss_con: 3471.523
[GPU1] epochs: [2/800] train_loss_con: 3656.903
[GPU0] epochs: [2/800] train_loss_con: 3656.903
[GPU0] epochs: [3/800] train_loss_con: 3576.170
[GPU1] epochs: [3/800] train_loss_con: 3576.170
[GPU1] epochs: [4/800] train_loss_con: 3548.348
[GPU0] epochs: [4/800] train_loss_con: 3548.348
[GPU0] epochs: [5/800] train_loss_con: 3507.041
[GPU1] epochs: [5/800] train_loss_con: 3507.041
[GPU0] epochs: [6/800] train_loss_con: 3434.679
[GPU1] epochs: [6/800] train_loss_con: 3434.679
[GPU1] epochs: [7/800] train_loss_con: 3398.881
[GPU0] epochs: [7/800] train_loss_con: 3398.881
[GPU1] epochs: [8/800] train_loss_con: 3323.905
[GPU0] epochs: [8/800] train_loss_con: 3323.905
[GPU0] epochs: [9/800] train_loss_con: 3292.838
[GPU1] epochs: [9/800] train_loss_con: 3292.838
[GPU0] epochs: [10/800] train_loss_con: 3255.202
[GPU1] epochs: [10/800] train_loss_con: 3255.202
[GPU0] epochs: [11/800] train_loss_con: 3180.543
[GPU1] epochs: [11/800] train_loss_con: 3180.543
[GPU0] epochs: [12/800] train_loss_con: 3146.272
[GPU1] epochs: [12/800] train_loss_con: 3146.272
[GPU1] epochs: [13/800] train_loss_con: 3138.575
[GPU0] epochs: [13/800] train_loss_con: 3138.575
[GPU1] epochs: [14/800] train_loss_con: 3043.545
[GPU0] epochs: [14/800] train_loss_con: 3043.545
[GPU0] epochs: [15/800] train_loss_con: 3011.435
[GPU1] epochs: [15/800] train_loss_con: 3011.435
[GPU1] epochs: [16/800] train_loss_con: 2945.088
[GPU0] epochs: [16/800] train_loss_con: 2945.088
[GPU1] epochs: [17/800] train_loss_con: 2890.488
[GPU0] epochs: [17/800] train_loss_con: 2890.488
[GPU1] epochs: [18/800] train_loss_con: 2832.748
[GPU0] epochs: [18/800] train_loss_con: 2832.748
[GPU0] epochs: [19/800] train_loss_con: 2766.397
[GPU1] epochs: [19/800] train_loss_con: 2766.397
[GPU0] epochs: [20/800] train_loss_con: 2712.142
[GPU1] epochs: [20/800] train_loss_con: 2712.142
[GPU0] epochs: [21/800] train_loss_con: 2664.267
[GPU1] epochs: [21/800] train_loss_con: 2664.267
[GPU1] epochs: [22/800] train_loss_con: 2609.286
[GPU0] epochs: [22/800] train_loss_con: 2609.286
[GPU1] epochs: [23/800] train_loss_con: 2556.915
[GPU0] epochs: [23/800] train_loss_con: 2556.915
[GPU1] epochs: [24/800] train_loss_con: 2441.773
[GPU0] epochs: [24/800] train_loss_con: 2441.773
[GPU1] epochs: [25/800] train_loss_con: 2367.892
[GPU0] epochs: [25/800] train_loss_con: 2367.892
[GPU1] epochs: [26/800] train_loss_con: 2295.112
[GPU0] epochs: [26/800] train_loss_con: 2295.112
[GPU0] epochs: [27/800] train_loss_con: 2234.124
[GPU1] epochs: [27/800] train_loss_con: 2234.124
[GPU1] epochs: [28/800] train_loss_con: 2131.993
[GPU0] epochs: [28/800] train_loss_con: 2131.993
[GPU0] epochs: [29/800] train_loss_con: 2062.244
[GPU1] epochs: [29/800] train_loss_con: 2062.244
[GPU0] epochs: [30/800] train_loss_con: 1974.347
[GPU1] epochs: [30/800] train_loss_con: 1974.347
[GPU0] epochs: [31/800] train_loss_con: 1904.813
[GPU1] epochs: [31/800] train_loss_con: 1904.813
[GPU0] epochs: [32/800] train_loss_con: 1839.372
[GPU1] epochs: [32/800] train_loss_con: 1839.372
[GPU0] epochs: [33/800] train_loss_con: 1796.957
[GPU1] epochs: [33/800] train_loss_con: 1796.957
[GPU0] epochs: [34/800] train_loss_con: 1733.956
[GPU1] epochs: [34/800] train_loss_con: 1733.956
[GPU0] epochs: [35/800] train_loss_con: 1684.681
[GPU1] epochs: [35/800] train_loss_con: 1684.681
[GPU0] epochs: [36/800] train_loss_con: 1654.205
[GPU1] epochs: [36/800] train_loss_con: 1654.205
[GPU1] epochs: [37/800] train_loss_con: 1596.323
[GPU0] epochs: [37/800] train_loss_con: 1596.323
[GPU1] epochs: [38/800] train_loss_con: 1572.013
[GPU0] epochs: [38/800] train_loss_con: 1572.013
[GPU0] epochs: [39/800] train_loss_con: 1538.693
[GPU1] epochs: [39/800] train_loss_con: 1538.693
[GPU0] epochs: [40/800] train_loss_con: 1501.965
[GPU1] epochs: [40/800] train_loss_con: 1501.965
[GPU0] epochs: [41/800] train_loss_con: 1476.469
[GPU1] epochs: [41/800] train_loss_con: 1476.469
[GPU0] epochs: [42/800] train_loss_con: 1433.256
[GPU1] epochs: [42/800] train_loss_con: 1433.256
[GPU1] epochs: [43/800] train_loss_con: 1418.316
[GPU0] epochs: [43/800] train_loss_con: 1418.316
