environment: 
YAML: configs/mae_clr_rot.yaml
==> SEED: 42
==> train_algo: mae_clr_rot
==> dataset: {'cifar10': {'num_classes': 10, 'params': {'data_dir': 'datasets/cifar10', 'batch_size': 512, 'test_batch_size': 512, 'num_workers': 1, 'image_size': 32, 'prefetch_factor': 4, 'algo': 'mae_clr_rot'}}, 'cifar100': {'num_classes': 100, 'params': {'data_dir': 'datasets/cifar100', 'batch_size': 512, 'test_batch_size': 512, 'num_workers': 1, 'image_size': 32, 'prefetch_factor': 4, 'algo': 'mae_clr_rot'}}, 'timg': {'num_classes': 200, 'params': {'data_dir': 'datasets/tinyimagenet/tiny-imagenet-200', 'batch_size': 512, 'test_batch_size': 512, 'num_workers': 10, 'image_size': 64, 'prefetch_factor': 2, 'algo': 'mae_clr_rot'}}, 'img100': {'num_classes': 100, 'params': {'data_dir': 'datasets/imagenet100', 'labels_json': 'Labels.json', 'batch_size': 256, 'test_batch_size': 256, 'num_workers': 6, 'image_size': 224, 'prefetch_factor': 4, 'algo': 'mae_clr_rot'}}}
==> return_logs: False
==> eval_every: 10
==> n_epochs: 400
==> n_epochs_mlp: 100
==> gpu_id: 0
==> opt: AdamW
==> opt_params: {'lr': 0.0003, 'weight_decay': 0.05, 'betas': (0.9, 0.95)}
==> schedular_params: {'T_max': 380, 'eta_min': 0.001}
==> mlp_opt: SGD
==> mlp_opt_params: {'lr': 0.01, 'momentum': 0.9}
==> model_params: {'img_size': 64, 'in_chans': 3, 'patch_size': 4, 'embed_dim': 384, 'depth': 12, 'num_heads': 6, 'decoder_embed_dim': 256, 'decoder_depth': 4, 'decoder_num_heads': 8, 'mlp_ratio': 4, 'norm_pix_loss': False, 'algo_type': 'mae_clr_rot', 'model_name': 'vit'}
==> rotnet_params: {'rot_hidden': 768, 'num_classes': 4}
==> mlp_type: hidden
==> loss: mae_clr_rot
==> loss_params: {'sim': 'cosine', 'tau': 0.5}
==> distributed: False
==> model_save_path: saved_models/mae.clr.rot.timg.wt0.8wt20.1.pth
==> warmup_epochs: 20
==> weight: {'wt1': 0.8, 'wt2': 0.1}
==> config: configs/mae_clr_rot.yaml
--------------------------------------------------
MaskedAutoencoderViT(
  (base_encoder): MAEEncoder(
    (patch_embed): PatchEmbed(
      (proj): Conv2d(3, 384, kernel_size=(4, 4), stride=(4, 4))
      (norm): Identity()
    )
    (blocks): ModuleList(
      (0-11): 12 x Block(
        (norm1): LayerNorm((384,), eps=1e-06, elementwise_affine=True)
        (attn): Attention(
          (qkv): Linear(in_features=384, out_features=1152, bias=True)
          (q_norm): Identity()
          (k_norm): Identity()
          (attn_drop): Dropout(p=0.0, inplace=False)
          (norm): Identity()
          (proj): Linear(in_features=384, out_features=384, bias=True)
          (proj_drop): Dropout(p=0.0, inplace=False)
        )
        (ls1): Identity()
        (drop_path1): Identity()
        (norm2): LayerNorm((384,), eps=1e-06, elementwise_affine=True)
        (mlp): Mlp(
          (fc1): Linear(in_features=384, out_features=1536, bias=True)
          (act): GELU(approximate='none')
          (drop1): Dropout(p=0.0, inplace=False)
          (norm): Identity()
          (fc2): Linear(in_features=1536, out_features=384, bias=True)
          (drop2): Dropout(p=0.0, inplace=False)
        )
        (ls2): Identity()
        (drop_path2): Identity()
      )
    )
    (norm): LayerNorm((384,), eps=1e-06, elementwise_affine=True)
  )
  (decoder): MAEDecoder(
    (decoder_embed): Linear(in_features=384, out_features=256, bias=True)
    (decoder_blocks): ModuleList(
      (0-3): 4 x Block(
        (norm1): LayerNorm((256,), eps=1e-06, elementwise_affine=True)
        (attn): Attention(
          (qkv): Linear(in_features=256, out_features=768, bias=True)
          (q_norm): Identity()
          (k_norm): Identity()
          (attn_drop): Dropout(p=0.0, inplace=False)
          (norm): Identity()
          (proj): Linear(in_features=256, out_features=256, bias=True)
          (proj_drop): Dropout(p=0.0, inplace=False)
        )
        (ls1): Identity()
        (drop_path1): Identity()
        (norm2): LayerNorm((256,), eps=1e-06, elementwise_affine=True)
        (mlp): Mlp(
          (fc1): Linear(in_features=256, out_features=1024, bias=True)
          (act): GELU(approximate='none')
          (drop1): Dropout(p=0.0, inplace=False)
          (norm): Identity()
          (fc2): Linear(in_features=1024, out_features=256, bias=True)
          (drop2): Dropout(p=0.0, inplace=False)
        )
        (ls2): Identity()
        (drop_path2): Identity()
      )
    )
    (decoder_norm): LayerNorm((256,), eps=1e-06, elementwise_affine=True)
    (decoder_pred): Linear(in_features=256, out_features=48, bias=True)
  )
  (proj): BYOL_mlp(
    (mlp): Sequential(
      (0): Linear(in_features=384, out_features=384, bias=False)
      (1): BatchNorm1d(384, eps=1e-05, momentum=0.1, affine=True, track_running_stats=True)
      (2): ReLU()
      (3): Linear(in_features=384, out_features=128, bias=True)
    )
  )
)
NOC: 200
rotnet_cls(
  (proj): Sequential(
    (0): Linear(in_features=384, out_features=768, bias=False)
    (1): BatchNorm1d(768, eps=1e-05, momentum=0.1, affine=True, track_running_stats=True)
    (2): ReLU()
    (3): Linear(in_features=768, out_features=768, bias=False)
    (4): BatchNorm1d(768, eps=1e-05, momentum=0.1, affine=True, track_running_stats=True)
    (5): ReLU()
    (6): Linear(in_features=768, out_features=4, bias=True)
  )
)
augmentation for mae_clr_rot: 
Compose(
    RandomResizedCrop(size=(64, 64), scale=(0.08, 1.0), ratio=(0.75, 1.3333), interpolation=bilinear, antialias=True)
    RandomHorizontalFlip(p=0.5)
    RandomApply(
    p=0.8
    ColorJitter(brightness=(0.6, 1.4), contrast=(0.6, 1.4), saturation=(0.6, 1.4), hue=(-0.1, 0.1))
)
    RandomGrayscale(p=0.2)
    Identity()
    Solarization(p = 0.0)
    ToTensor()
    Normalize(mean=(0.485, 0.456, 0.406), std=(0.229, 0.224, 0.225))
)
Compose(
    RandomResizedCrop(size=(64, 64), scale=(0.08, 1.0), ratio=(0.75, 1.3333), interpolation=bilinear, antialias=True)
    RandomHorizontalFlip(p=0.5)
    RandomApply(
    p=0.8
    ColorJitter(brightness=(0.6, 1.4), contrast=(0.6, 1.4), saturation=(0.6, 1.4), hue=(-0.1, 0.1))
)
    RandomGrayscale(p=0.2)
    Identity()
    Solarization(p = 0.0)
    ToTensor()
    Normalize(mean=(0.485, 0.456, 0.406), std=(0.229, 0.224, 0.225))
)
using optimizer: AdamW
# of Training Images: 100000
# of Testing Images: 10000
schedular: <torch.optim.lr_scheduler.SequentialLR object at 0x79d4c6757280>
loss function: simclr
loss: SimCLR(sim=cosine, tau=0.5)
param config for: mae_clr_rot
{'train_algo': 'mae_clr_rot', 'model': MaskedAutoencoderViT(
  (base_encoder): MAEEncoder(
    (patch_embed): PatchEmbed(
      (proj): Conv2d(3, 384, kernel_size=(4, 4), stride=(4, 4))
      (norm): Identity()
    )
    (blocks): ModuleList(
      (0-11): 12 x Block(
        (norm1): LayerNorm((384,), eps=1e-06, elementwise_affine=True)
        (attn): Attention(
          (qkv): Linear(in_features=384, out_features=1152, bias=True)
          (q_norm): Identity()
          (k_norm): Identity()
          (attn_drop): Dropout(p=0.0, inplace=False)
          (norm): Identity()
          (proj): Linear(in_features=384, out_features=384, bias=True)
          (proj_drop): Dropout(p=0.0, inplace=False)
        )
        (ls1): Identity()
        (drop_path1): Identity()
        (norm2): LayerNorm((384,), eps=1e-06, elementwise_affine=True)
        (mlp): Mlp(
          (fc1): Linear(in_features=384, out_features=1536, bias=True)
          (act): GELU(approximate='none')
          (drop1): Dropout(p=0.0, inplace=False)
          (norm): Identity()
          (fc2): Linear(in_features=1536, out_features=384, bias=True)
          (drop2): Dropout(p=0.0, inplace=False)
        )
        (ls2): Identity()
        (drop_path2): Identity()
      )
    )
    (norm): LayerNorm((384,), eps=1e-06, elementwise_affine=True)
  )
  (decoder): MAEDecoder(
    (decoder_embed): Linear(in_features=384, out_features=256, bias=True)
    (decoder_blocks): ModuleList(
      (0-3): 4 x Block(
        (norm1): LayerNorm((256,), eps=1e-06, elementwise_affine=True)
        (attn): Attention(
          (qkv): Linear(in_features=256, out_features=768, bias=True)
          (q_norm): Identity()
          (k_norm): Identity()
          (attn_drop): Dropout(p=0.0, inplace=False)
          (norm): Identity()
          (proj): Linear(in_features=256, out_features=256, bias=True)
          (proj_drop): Dropout(p=0.0, inplace=False)
        )
        (ls1): Identity()
        (drop_path1): Identity()
        (norm2): LayerNorm((256,), eps=1e-06, elementwise_affine=True)
        (mlp): Mlp(
          (fc1): Linear(in_features=256, out_features=1024, bias=True)
          (act): GELU(approximate='none')
          (drop1): Dropout(p=0.0, inplace=False)
          (norm): Identity()
          (fc2): Linear(in_features=1024, out_features=256, bias=True)
          (drop2): Dropout(p=0.0, inplace=False)
        )
        (ls2): Identity()
        (drop_path2): Identity()
      )
    )
    (decoder_norm): LayerNorm((256,), eps=1e-06, elementwise_affine=True)
    (decoder_pred): Linear(in_features=256, out_features=48, bias=True)
  )
  (proj): BYOL_mlp(
    (mlp): Sequential(
      (0): Linear(in_features=384, out_features=384, bias=False)
      (1): BatchNorm1d(384, eps=1e-05, momentum=0.1, affine=True, track_running_stats=True)
      (2): ReLU()
      (3): Linear(in_features=384, out_features=128, bias=True)
    )
  )
), 'train_loader': <torch.utils.data.dataloader.DataLoader object at 0x79d4c62cf580>, 'scaler': <torch.cuda.amp.grad_scaler.GradScaler object at 0x79d4c6755540>, 'loss_base': SimCLR(sim=cosine, tau=0.5), 'optimizer': AdamW (
Parameter Group 0
    amsgrad: False
    betas: (0.9, 0.95)
    capturable: False
    decoupled_weight_decay: True
    differentiable: False
    eps: 1e-08
    foreach: None
    fused: True
    initial_lr: 0.0003
    lr: 2.9999999999999995e-10
    maximize: False
    weight_decay: 0.05
), 'opt_lr_schedular': <torch.optim.lr_scheduler.SequentialLR object at 0x79d4c6757280>, 'progress': <function progress at 0x79d4c69df0a0>, 'n_epochs': 400, 'device_id': 0, 'eval_id': 0, 'return_logs': False, 'weight': {'wt1': 0.8, 'wt2': 0.1}, 'rotnet': rotnet_cls(
  (proj): Sequential(
    (0): Linear(in_features=384, out_features=768, bias=False)
    (1): BatchNorm1d(768, eps=1e-05, momentum=0.1, affine=True, track_running_stats=True)
    (2): ReLU()
    (3): Linear(in_features=768, out_features=768, bias=False)
    (4): BatchNorm1d(768, eps=1e-05, momentum=0.1, affine=True, track_running_stats=True)
    (5): ReLU()
    (6): Linear(in_features=768, out_features=4, bias=True)
  )
), 'save_model': functools.partial(<function save_model at 0x79d4c69df640>, path='saved_models/mae.clr.rot.timg.wt0.8wt20.1.pth')}
dict_keys(['train_algo', 'model', 'train_loader', 'scaler', 'loss_base', 'optimizer', 'opt_lr_schedular', 'progress', 'n_epochs', 'device_id', 'eval_id', 'return_logs', 'weight', 'rotnet', 'save_model'])
### mae + simclr + rotnet Training begins
[GPU0] epochs: [1/400] train_loss_con: 8.107
[GPU0] epochs: [2/400] train_loss_con: 6.113
[GPU0] epochs: [3/400] train_loss_con: 5.635
[GPU0] epochs: [4/400] train_loss_con: 5.482
[GPU0] epochs: [5/400] train_loss_con: 5.404
[GPU0] epochs: [6/400] train_loss_con: 5.283
[GPU0] epochs: [7/400] train_loss_con: 5.187
[GPU0] epochs: [8/400] train_loss_con: 5.143
[GPU0] epochs: [9/400] train_loss_con: 5.105
[GPU0] epochs: [10/400] train_loss_con: 5.072
[GPU0] epochs: [11/400] train_loss_con: 5.041
[GPU0] epochs: [12/400] train_loss_con: 5.017
[GPU0] epochs: [13/400] train_loss_con: 4.992
[GPU0] epochs: [14/400] train_loss_con: 4.969
[GPU0] epochs: [15/400] train_loss_con: 4.956
[GPU0] epochs: [16/400] train_loss_con: 4.937
[GPU0] epochs: [17/400] train_loss_con: 4.920
[GPU0] epochs: [18/400] train_loss_con: 4.905
[GPU0] epochs: [19/400] train_loss_con: 4.890
[GPU0] epochs: [20/400] train_loss_con: 4.879
[GPU0] epochs: [21/400] train_loss_con: 4.866
[GPU0] epochs: [22/400] train_loss_con: 4.854
[GPU0] epochs: [23/400] train_loss_con: 4.842
[GPU0] epochs: [24/400] train_loss_con: 4.829
[GPU0] epochs: [25/400] train_loss_con: 4.819
[GPU0] epochs: [26/400] train_loss_con: 4.811
[GPU0] epochs: [27/400] train_loss_con: 4.803
[GPU0] epochs: [28/400] train_loss_con: 4.795
[GPU0] epochs: [29/400] train_loss_con: 4.789
[GPU0] epochs: [30/400] train_loss_con: 4.784
[GPU0] epochs: [31/400] train_loss_con: 4.777
[GPU0] epochs: [32/400] train_loss_con: 4.771
[GPU0] epochs: [33/400] train_loss_con: 4.763
[GPU0] epochs: [34/400] train_loss_con: 4.758
[GPU0] epochs: [35/400] train_loss_con: 4.752
[GPU0] epochs: [36/400] train_loss_con: 4.749
[GPU0] epochs: [37/400] train_loss_con: 4.744
[GPU0] epochs: [38/400] train_loss_con: 4.740
[GPU0] epochs: [39/400] train_loss_con: 4.735
[GPU0] epochs: [40/400] train_loss_con: 4.732
[GPU0] epochs: [41/400] train_loss_con: 4.727
[GPU0] epochs: [42/400] train_loss_con: 4.726
[GPU0] epochs: [43/400] train_loss_con: 4.718
[GPU0] epochs: [44/400] train_loss_con: 4.719
[GPU0] epochs: [45/400] train_loss_con: 4.715
[GPU0] epochs: [46/400] train_loss_con: 4.711
[GPU0] epochs: [47/400] train_loss_con: 4.710
[GPU0] epochs: [48/400] train_loss_con: 4.708
[GPU0] epochs: [49/400] train_loss_con: 4.702
[GPU0] epochs: [50/400] train_loss_con: 4.700
[GPU0] epochs: [51/400] train_loss_con: 4.698
[GPU0] epochs: [52/400] train_loss_con: 4.694
[GPU0] epochs: [53/400] train_loss_con: 4.693
[GPU0] epochs: [54/400] train_loss_con: 4.690
[GPU0] epochs: [55/400] train_loss_con: 4.687
[GPU0] epochs: [56/400] train_loss_con: 4.686
[GPU0] epochs: [57/400] train_loss_con: 4.683
[GPU0] epochs: [58/400] train_loss_con: 4.679
[GPU0] epochs: [59/400] train_loss_con: 4.678
[GPU0] epochs: [60/400] train_loss_con: 4.677
[GPU0] epochs: [61/400] train_loss_con: 4.674
[GPU0] epochs: [62/400] train_loss_con: 4.673
[GPU0] epochs: [63/400] train_loss_con: 4.671
[GPU0] epochs: [64/400] train_loss_con: 4.669
[GPU0] epochs: [65/400] train_loss_con: 4.667
[GPU0] epochs: [66/400] train_loss_con: 4.665
[GPU0] epochs: [67/400] train_loss_con: 4.663
[GPU0] epochs: [68/400] train_loss_con: 4.662
[GPU0] epochs: [69/400] train_loss_con: 4.661
[GPU0] epochs: [70/400] train_loss_con: 4.659
[GPU0] epochs: [71/400] train_loss_con: 4.656
[GPU0] epochs: [72/400] train_loss_con: 4.654
[GPU0] epochs: [73/400] train_loss_con: 4.655
[GPU0] epochs: [74/400] train_loss_con: 4.654
[GPU0] epochs: [75/400] train_loss_con: 4.652
[GPU0] epochs: [76/400] train_loss_con: 4.650
[GPU0] epochs: [77/400] train_loss_con: 4.649
[GPU0] epochs: [78/400] train_loss_con: 4.648
[GPU0] epochs: [79/400] train_loss_con: 4.645
[GPU0] epochs: [80/400] train_loss_con: 4.644
[GPU0] epochs: [81/400] train_loss_con: 4.642
[GPU0] epochs: [82/400] train_loss_con: 4.643
[GPU0] epochs: [83/400] train_loss_con: 4.640
[GPU0] epochs: [84/400] train_loss_con: 4.638
[GPU0] epochs: [85/400] train_loss_con: 4.638
[GPU0] epochs: [86/400] train_loss_con: 4.636
[GPU0] epochs: [87/400] train_loss_con: 4.635
[GPU0] epochs: [88/400] train_loss_con: 4.635
[GPU0] epochs: [89/400] train_loss_con: 4.633
[GPU0] epochs: [90/400] train_loss_con: 4.629
[GPU0] epochs: [91/400] train_loss_con: 4.629
[GPU0] epochs: [92/400] train_loss_con: 4.630
[GPU0] epochs: [93/400] train_loss_con: 4.629
[GPU0] epochs: [94/400] train_loss_con: 4.628
[GPU0] epochs: [95/400] train_loss_con: 4.627
[GPU0] epochs: [96/400] train_loss_con: 4.625
[GPU0] epochs: [97/400] train_loss_con: 4.624
[GPU0] epochs: [98/400] train_loss_con: 4.622
[GPU0] epochs: [99/400] train_loss_con: 4.621
Model saved at: saved_models/mae.clr.rot.timg.wt0.8wt20.1.ec100.pth
[GPU0] epochs: [100/400] train_loss_con: 4.623
[GPU0] epochs: [101/400] train_loss_con: 4.620
[GPU0] epochs: [102/400] train_loss_con: 4.619
[GPU0] epochs: [103/400] train_loss_con: 4.617
[GPU0] epochs: [104/400] train_loss_con: 4.615
[GPU0] epochs: [105/400] train_loss_con: 4.615
[GPU0] epochs: [106/400] train_loss_con: 4.615
[GPU0] epochs: [107/400] train_loss_con: 4.614
[GPU0] epochs: [108/400] train_loss_con: 4.611
[GPU0] epochs: [109/400] train_loss_con: 4.612
[GPU0] epochs: [110/400] train_loss_con: 4.611
[GPU0] epochs: [111/400] train_loss_con: 4.610
[GPU0] epochs: [112/400] train_loss_con: 4.609
[GPU0] epochs: [113/400] train_loss_con: 4.607
[GPU0] epochs: [114/400] train_loss_con: 4.607
[GPU0] epochs: [115/400] train_loss_con: 4.606
[GPU0] epochs: [116/400] train_loss_con: 4.605
[GPU0] epochs: [117/400] train_loss_con: 4.604
[GPU0] epochs: [118/400] train_loss_con: 4.605
[GPU0] epochs: [119/400] train_loss_con: 4.603
[GPU0] epochs: [120/400] train_loss_con: 4.603
[GPU0] epochs: [121/400] train_loss_con: 4.600
[GPU0] epochs: [122/400] train_loss_con: 4.599
[GPU0] epochs: [123/400] train_loss_con: 4.600
[GPU0] epochs: [124/400] train_loss_con: 4.599
[GPU0] epochs: [125/400] train_loss_con: 4.599
[GPU0] epochs: [126/400] train_loss_con: 4.597
[GPU0] epochs: [127/400] train_loss_con: 4.595
[GPU0] epochs: [128/400] train_loss_con: 4.594
[GPU0] epochs: [129/400] train_loss_con: 4.593
[GPU0] epochs: [130/400] train_loss_con: 4.594
[GPU0] epochs: [131/400] train_loss_con: 4.593
[GPU0] epochs: [132/400] train_loss_con: 4.593
[GPU0] epochs: [133/400] train_loss_con: 4.591
[GPU0] epochs: [134/400] train_loss_con: 4.591
[GPU0] epochs: [135/400] train_loss_con: 4.590
[GPU0] epochs: [136/400] train_loss_con: 4.590
[GPU0] epochs: [137/400] train_loss_con: 4.589
[GPU0] epochs: [138/400] train_loss_con: 4.590
[GPU0] epochs: [139/400] train_loss_con: 4.585
[GPU0] epochs: [140/400] train_loss_con: 4.586
[GPU0] epochs: [141/400] train_loss_con: 4.585
[GPU0] epochs: [142/400] train_loss_con: 4.585
[GPU0] epochs: [143/400] train_loss_con: 4.586
[GPU0] epochs: [144/400] train_loss_con: 4.584
[GPU0] epochs: [145/400] train_loss_con: 4.584
[GPU0] epochs: [146/400] train_loss_con: 4.584
[GPU0] epochs: [147/400] train_loss_con: 4.584
[GPU0] epochs: [148/400] train_loss_con: 4.582
[GPU0] epochs: [149/400] train_loss_con: 4.581
[GPU0] epochs: [150/400] train_loss_con: 4.581
[GPU0] epochs: [151/400] train_loss_con: 4.580
[GPU0] epochs: [152/400] train_loss_con: 4.578
[GPU0] epochs: [153/400] train_loss_con: 4.578
[GPU0] epochs: [154/400] train_loss_con: 4.577
[GPU0] epochs: [155/400] train_loss_con: 4.578
[GPU0] epochs: [156/400] train_loss_con: 4.577
[GPU0] epochs: [157/400] train_loss_con: 4.576
[GPU0] epochs: [158/400] train_loss_con: 4.575
[GPU0] epochs: [159/400] train_loss_con: 4.574
[GPU0] epochs: [160/400] train_loss_con: 4.574
[GPU0] epochs: [161/400] train_loss_con: 4.574
[GPU0] epochs: [162/400] train_loss_con: 4.574
[GPU0] epochs: [163/400] train_loss_con: 4.575
[GPU0] epochs: [164/400] train_loss_con: 4.571
[GPU0] epochs: [165/400] train_loss_con: 4.573
[GPU0] epochs: [166/400] train_loss_con: 4.573
[GPU0] epochs: [167/400] train_loss_con: 4.571
[GPU0] epochs: [168/400] train_loss_con: 4.571
[GPU0] epochs: [169/400] train_loss_con: 4.572
[GPU0] epochs: [170/400] train_loss_con: 4.570
[GPU0] epochs: [171/400] train_loss_con: 4.570
[GPU0] epochs: [172/400] train_loss_con: 4.568
[GPU0] epochs: [173/400] train_loss_con: 4.569
[GPU0] epochs: [174/400] train_loss_con: 4.568
[GPU0] epochs: [175/400] train_loss_con: 4.567
[GPU0] epochs: [176/400] train_loss_con: 4.566
[GPU0] epochs: [177/400] train_loss_con: 4.566
[GPU0] epochs: [178/400] train_loss_con: 4.565
[GPU0] epochs: [179/400] train_loss_con: 4.566
[GPU0] epochs: [180/400] train_loss_con: 4.566
[GPU0] epochs: [181/400] train_loss_con: 4.564
[GPU0] epochs: [182/400] train_loss_con: 4.565
[GPU0] epochs: [183/400] train_loss_con: 4.564
[GPU0] epochs: [184/400] train_loss_con: 4.564
[GPU0] epochs: [185/400] train_loss_con: 4.564
[GPU0] epochs: [186/400] train_loss_con: 4.562
[GPU0] epochs: [187/400] train_loss_con: 4.561
[GPU0] epochs: [188/400] train_loss_con: 4.560
[GPU0] epochs: [189/400] train_loss_con: 4.561
[GPU0] epochs: [190/400] train_loss_con: 4.559
[GPU0] epochs: [191/400] train_loss_con: 4.562
[GPU0] epochs: [192/400] train_loss_con: 4.560
[GPU0] epochs: [193/400] train_loss_con: 4.561
[GPU0] epochs: [194/400] train_loss_con: 4.559
[GPU0] epochs: [195/400] train_loss_con: 4.559
[GPU0] epochs: [196/400] train_loss_con: 4.559
[GPU0] epochs: [197/400] train_loss_con: 4.557
[GPU0] epochs: [198/400] train_loss_con: 4.557
[GPU0] epochs: [199/400] train_loss_con: 4.558
Model saved at: saved_models/mae.clr.rot.timg.wt0.8wt20.1.ec200.pth
[GPU0] epochs: [200/400] train_loss_con: 4.556
[GPU0] epochs: [201/400] train_loss_con: 4.558
[GPU0] epochs: [202/400] train_loss_con: 4.555
[GPU0] epochs: [203/400] train_loss_con: 4.557
[GPU0] epochs: [204/400] train_loss_con: 4.554
[GPU0] epochs: [205/400] train_loss_con: 4.555
[GPU0] epochs: [206/400] train_loss_con: 4.552
[GPU0] epochs: [207/400] train_loss_con: 4.553
[GPU0] epochs: [208/400] train_loss_con: 4.553
[GPU0] epochs: [209/400] train_loss_con: 4.552
[GPU0] epochs: [210/400] train_loss_con: 4.552
[GPU0] epochs: [211/400] train_loss_con: 4.551
[GPU0] epochs: [212/400] train_loss_con: 4.552
[GPU0] epochs: [213/400] train_loss_con: 4.552
[GPU0] epochs: [214/400] train_loss_con: 4.551
[GPU0] epochs: [215/400] train_loss_con: 4.549
[GPU0] epochs: [216/400] train_loss_con: 4.550
[GPU0] epochs: [217/400] train_loss_con: 4.549
[GPU0] epochs: [218/400] train_loss_con: 4.547
[GPU0] epochs: [219/400] train_loss_con: 4.549
[GPU0] epochs: [220/400] train_loss_con: 4.550
[GPU0] epochs: [221/400] train_loss_con: 4.548
[GPU0] epochs: [222/400] train_loss_con: 4.548
[GPU0] epochs: [223/400] train_loss_con: 4.547
[GPU0] epochs: [224/400] train_loss_con: 4.549
[GPU0] epochs: [225/400] train_loss_con: 4.545
[GPU0] epochs: [226/400] train_loss_con: 4.548
[GPU0] epochs: [227/400] train_loss_con: 4.547
[GPU0] epochs: [228/400] train_loss_con: 4.547
[GPU0] epochs: [229/400] train_loss_con: 4.546
[GPU0] epochs: [230/400] train_loss_con: 4.545
[GPU0] epochs: [231/400] train_loss_con: 4.546
[GPU0] epochs: [232/400] train_loss_con: 4.543
[GPU0] epochs: [233/400] train_loss_con: 4.544
[GPU0] epochs: [234/400] train_loss_con: 4.543
[GPU0] epochs: [235/400] train_loss_con: 4.544
[GPU0] epochs: [236/400] train_loss_con: 4.544
[GPU0] epochs: [237/400] train_loss_con: 4.542
[GPU0] epochs: [238/400] train_loss_con: 4.542
[GPU0] epochs: [239/400] train_loss_con: 4.541
[GPU0] epochs: [240/400] train_loss_con: 4.542
[GPU0] epochs: [241/400] train_loss_con: 4.541
[GPU0] epochs: [242/400] train_loss_con: 4.542
[GPU0] epochs: [243/400] train_loss_con: 4.540
[GPU0] epochs: [244/400] train_loss_con: 4.542
[GPU0] epochs: [245/400] train_loss_con: 4.540
[GPU0] epochs: [246/400] train_loss_con: 4.540
[GPU0] epochs: [247/400] train_loss_con: 4.540
[GPU0] epochs: [248/400] train_loss_con: 4.539
[GPU0] epochs: [249/400] train_loss_con: 4.539
[GPU0] epochs: [250/400] train_loss_con: 4.539
[GPU0] epochs: [251/400] train_loss_con: 4.540
[GPU0] epochs: [252/400] train_loss_con: 4.540
[GPU0] epochs: [253/400] train_loss_con: 4.537
[GPU0] epochs: [254/400] train_loss_con: 4.539
[GPU0] epochs: [255/400] train_loss_con: 4.537
[GPU0] epochs: [256/400] train_loss_con: 4.537
[GPU0] epochs: [257/400] train_loss_con: 4.539
[GPU0] epochs: [258/400] train_loss_con: 4.537
[GPU0] epochs: [259/400] train_loss_con: 4.537
[GPU0] epochs: [260/400] train_loss_con: 4.537
[GPU0] epochs: [261/400] train_loss_con: 4.537
[GPU0] epochs: [262/400] train_loss_con: 4.536
[GPU0] epochs: [263/400] train_loss_con: 4.534
[GPU0] epochs: [264/400] train_loss_con: 4.537
[GPU0] epochs: [265/400] train_loss_con: 4.535
[GPU0] epochs: [266/400] train_loss_con: 4.534
[GPU0] epochs: [267/400] train_loss_con: 4.535
[GPU0] epochs: [268/400] train_loss_con: 4.533
[GPU0] epochs: [269/400] train_loss_con: 4.534
[GPU0] epochs: [270/400] train_loss_con: 4.533
[GPU0] epochs: [271/400] train_loss_con: 4.534
[GPU0] epochs: [272/400] train_loss_con: 4.532
[GPU0] epochs: [273/400] train_loss_con: 4.534
[GPU0] epochs: [274/400] train_loss_con: 4.533
[GPU0] epochs: [275/400] train_loss_con: 4.533
[GPU0] epochs: [276/400] train_loss_con: 4.532
[GPU0] epochs: [277/400] train_loss_con: 4.532
[GPU0] epochs: [278/400] train_loss_con: 4.532
[GPU0] epochs: [279/400] train_loss_con: 4.530
[GPU0] epochs: [280/400] train_loss_con: 4.530
