environment: 
YAML: configs/mae_bt.yaml
==> SEED: 42
==> train_algo: mae_bt
==> dataset: {'cifar10': {'num_classes': 10, 'params': {'data_dir': 'datasets/cifar10', 'batch_size': 512, 'test_batch_size': 512, 'num_workers': 1, 'image_size': 32, 'algo': 'mae_bt'}}, 'cifar100': {'num_classes': 100, 'params': {'data_dir': 'datasets/cifar100', 'batch_size': 512, 'test_batch_size': 512, 'num_workers': 1, 'image_size': 32, 'algo': 'mae_bt'}}, 'timg': {'num_classes': 200, 'params': {'data_dir': 'datasets/tinyimagenet/tiny-imagenet-200', 'batch_size': 256, 'test_batch_size': 256, 'num_workers': 1, 'image_size': 64, 'algo': 'mae_bt'}}, 'img100': {'num_classes': 100, 'params': {'data_dir': 'datasets/imagenet100', 'labels_json': 'Labels.json', 'batch_size': 512, 'test_batch_size': 512, 'num_workers': 1, 'image_size': 224, 'algo': 'mae_bt'}}}
==> return_logs: False
==> eval_every: 10
==> n_epochs: 400
==> n_epochs_mlp: 100
==> gpu_id: 0
==> opt: AdamW
==> opt_params: {'lr': 0.0003, 'weight_decay': 0.05, 'betas': (0.9, 0.95)}
==> schedular_params: {'T_max': 360, 'eta_min': 0.001}
==> mlp_opt: SGD
==> mlp_opt_params: {'lr': 0.01, 'momentum': 0.9}
==> model_params: {'img_size': 224, 'in_chans': 3, 'patch_size': 16, 'embed_dim': 384, 'depth': 12, 'num_heads': 6, 'decoder_embed_dim': 256, 'decoder_depth': 4, 'decoder_num_heads': 8, 'mlp_ratio': 4, 'norm_pix_loss': False, 'proj_dim': 4096, 'barlow_hidden': 4096, 'algo_type': 'mae_bt', 'model_name': 'vit'}
==> mlp_type: hidden
==> loss: mae_bt
==> loss_params: {'lambd': 0.005}
==> distributed: False
==> model_save_path: saved_models/mae.bt.i100.pth
==> warmup_epochs: 40
==> config: configs/mae_bt.yaml
--------------------------------------------------
MaskedAutoencoderViT(
  (base_encoder): MAEEncoder(
    (patch_embed): PatchEmbed(
      (proj): Conv2d(3, 384, kernel_size=(16, 16), stride=(16, 16))
      (norm): Identity()
    )
    (blocks): ModuleList(
      (0-11): 12 x Block(
        (norm1): LayerNorm((384,), eps=1e-06, elementwise_affine=True)
        (attn): Attention(
          (qkv): Linear(in_features=384, out_features=1152, bias=True)
          (q_norm): Identity()
          (k_norm): Identity()
          (attn_drop): Dropout(p=0.0, inplace=False)
          (norm): Identity()
          (proj): Linear(in_features=384, out_features=384, bias=True)
          (proj_drop): Dropout(p=0.0, inplace=False)
        )
        (ls1): Identity()
        (drop_path1): Identity()
        (norm2): LayerNorm((384,), eps=1e-06, elementwise_affine=True)
        (mlp): Mlp(
          (fc1): Linear(in_features=384, out_features=1536, bias=True)
          (act): GELU(approximate='none')
          (drop1): Dropout(p=0.0, inplace=False)
          (norm): Identity()
          (fc2): Linear(in_features=1536, out_features=384, bias=True)
          (drop2): Dropout(p=0.0, inplace=False)
        )
        (ls2): Identity()
        (drop_path2): Identity()
      )
    )
    (norm): LayerNorm((384,), eps=1e-06, elementwise_affine=True)
  )
  (decoder): MAEDecoder(
    (decoder_embed): Linear(in_features=384, out_features=256, bias=True)
    (decoder_blocks): ModuleList(
      (0-3): 4 x Block(
        (norm1): LayerNorm((256,), eps=1e-06, elementwise_affine=True)
        (attn): Attention(
          (qkv): Linear(in_features=256, out_features=768, bias=True)
          (q_norm): Identity()
          (k_norm): Identity()
          (attn_drop): Dropout(p=0.0, inplace=False)
          (norm): Identity()
          (proj): Linear(in_features=256, out_features=256, bias=True)
          (proj_drop): Dropout(p=0.0, inplace=False)
        )
        (ls1): Identity()
        (drop_path1): Identity()
        (norm2): LayerNorm((256,), eps=1e-06, elementwise_affine=True)
        (mlp): Mlp(
          (fc1): Linear(in_features=256, out_features=1024, bias=True)
          (act): GELU(approximate='none')
          (drop1): Dropout(p=0.0, inplace=False)
          (norm): Identity()
          (fc2): Linear(in_features=1024, out_features=256, bias=True)
          (drop2): Dropout(p=0.0, inplace=False)
        )
        (ls2): Identity()
        (drop_path2): Identity()
      )
    )
    (decoder_norm): LayerNorm((256,), eps=1e-06, elementwise_affine=True)
    (decoder_pred): Linear(in_features=256, out_features=768, bias=True)
  )
  (proj): bt_proj(
    (proj): Sequential(
      (0): Linear(in_features=384, out_features=4096, bias=False)
      (1): BatchNorm1d(4096, eps=1e-05, momentum=0.1, affine=True, track_running_stats=True)
      (2): ReLU()
      (3): Linear(in_features=4096, out_features=4096, bias=False)
      (4): BatchNorm1d(4096, eps=1e-05, momentum=0.1, affine=True, track_running_stats=True)
      (5): ReLU()
      (6): Linear(in_features=4096, out_features=4096, bias=True)
      (7): BatchNorm1d(4096, eps=1e-05, momentum=0.1, affine=False, track_running_stats=True)
    )
  )
)
NOC: 100
augmentation for mae_bt: 
Compose(
    RandomResizedCrop(size=(224, 224), scale=(0.08, 1.0), ratio=(0.75, 1.3333), interpolation=bilinear, antialias=True)
    RandomHorizontalFlip(p=0.5)
    RandomApply(
    p=0.8
    ColorJitter(brightness=(0.6, 1.4), contrast=(0.6, 1.4), saturation=(0.6, 1.4), hue=(-0.1, 0.1))
)
    RandomGrayscale(p=0.2)
    GaussianBlur(p = 1.0)
    Solarization(p = 0.0)
    ToTensor()
    Normalize(mean=[0.485, 0.456, 0.406], std=[0.229, 0.224, 0.225])
)
Compose(
    RandomResizedCrop(size=(224, 224), scale=(0.08, 1.0), ratio=(0.75, 1.3333), interpolation=bilinear, antialias=True)
    RandomHorizontalFlip(p=0.5)
    RandomApply(
    p=0.8
    ColorJitter(brightness=(0.6, 1.4), contrast=(0.6, 1.4), saturation=(0.6, 1.4), hue=(-0.1, 0.1))
)
    RandomGrayscale(p=0.2)
    GaussianBlur(p = 0.1)
    Solarization(p = 0.1)
    ToTensor()
    Normalize(mean=[0.485, 0.456, 0.406], std=[0.229, 0.224, 0.225])
)
using optimizer: AdamW
# of Training Images: 130000
# of Testing Images: 5000
schedular: <torch.optim.lr_scheduler.SequentialLR object at 0x76b9ee53b700>
loss function: bt
### mae + bt Training begins
[GPU0] epochs: [1/400] train_loss_con: 341.684
[GPU0] epochs: [2/400] train_loss_con: 246.536
[GPU0] epochs: [3/400] train_loss_con: 196.398
[GPU0] epochs: [4/400] train_loss_con: 177.372
[GPU0] epochs: [5/400] train_loss_con: 164.908
[GPU0] epochs: [6/400] train_loss_con: 155.769
[GPU0] epochs: [7/400] train_loss_con: 148.461
[GPU0] epochs: [8/400] train_loss_con: 141.546
[GPU0] epochs: [9/400] train_loss_con: 135.972
[GPU0] epochs: [10/400] train_loss_con: 131.935
[GPU0] epochs: [11/400] train_loss_con: 128.286
[GPU0] epochs: [12/400] train_loss_con: 124.655
[GPU0] epochs: [13/400] train_loss_con: 122.086
[GPU0] epochs: [14/400] train_loss_con: 119.852
[GPU0] epochs: [15/400] train_loss_con: 117.287
[GPU0] epochs: [16/400] train_loss_con: 115.597
[GPU0] epochs: [17/400] train_loss_con: 114.192
[GPU0] epochs: [18/400] train_loss_con: 111.739
[GPU0] epochs: [19/400] train_loss_con: 110.221
[GPU0] epochs: [20/400] train_loss_con: 109.654
[GPU0] epochs: [21/400] train_loss_con: 107.916
[GPU0] epochs: [22/400] train_loss_con: 106.600
[GPU0] epochs: [23/400] train_loss_con: 105.545
[GPU0] epochs: [24/400] train_loss_con: 104.339
[GPU0] epochs: [25/400] train_loss_con: 103.292
[GPU0] epochs: [26/400] train_loss_con: 102.155
[GPU0] epochs: [27/400] train_loss_con: 101.247
[GPU0] epochs: [28/400] train_loss_con: 100.690
[GPU0] epochs: [29/400] train_loss_con: 99.071
[GPU0] epochs: [30/400] train_loss_con: 98.410
[GPU0] epochs: [31/400] train_loss_con: 98.026
[GPU0] epochs: [32/400] train_loss_con: 96.786
[GPU0] epochs: [33/400] train_loss_con: 96.310
[GPU0] epochs: [34/400] train_loss_con: 95.534
[GPU0] epochs: [35/400] train_loss_con: 94.845
[GPU0] epochs: [36/400] train_loss_con: 93.704
[GPU0] epochs: [37/400] train_loss_con: 93.265
[GPU0] epochs: [38/400] train_loss_con: 92.735
[GPU0] epochs: [39/400] train_loss_con: 91.815
[GPU0] epochs: [40/400] train_loss_con: 91.091
[GPU0] epochs: [41/400] train_loss_con: 90.577
[GPU0] epochs: [42/400] train_loss_con: 89.564
[GPU0] epochs: [43/400] train_loss_con: 88.809
[GPU0] epochs: [44/400] train_loss_con: 87.946
[GPU0] epochs: [45/400] train_loss_con: 87.562
[GPU0] epochs: [46/400] train_loss_con: 86.130
[GPU0] epochs: [47/400] train_loss_con: 85.881
[GPU0] epochs: [48/400] train_loss_con: 84.816
[GPU0] epochs: [49/400] train_loss_con: 84.651
[GPU0] epochs: [50/400] train_loss_con: 83.898
[GPU0] epochs: [51/400] train_loss_con: 83.010
[GPU0] epochs: [52/400] train_loss_con: 82.589
[GPU0] epochs: [53/400] train_loss_con: 81.979
[GPU0] epochs: [54/400] train_loss_con: 81.361
[GPU0] epochs: [55/400] train_loss_con: 80.633
[GPU0] epochs: [56/400] train_loss_con: 80.163
[GPU0] epochs: [57/400] train_loss_con: 79.422
[GPU0] epochs: [58/400] train_loss_con: 79.108
[GPU0] epochs: [59/400] train_loss_con: 78.362
[GPU0] epochs: [60/400] train_loss_con: 77.949
[GPU0] epochs: [61/400] train_loss_con: 77.198
[GPU0] epochs: [62/400] train_loss_con: 77.191
[GPU0] epochs: [63/400] train_loss_con: 76.842
[GPU0] epochs: [64/400] train_loss_con: 76.268
[GPU0] epochs: [65/400] train_loss_con: 75.872
[GPU0] epochs: [66/400] train_loss_con: 75.071
[GPU0] epochs: [67/400] train_loss_con: 74.741
[GPU0] epochs: [68/400] train_loss_con: 74.540
[GPU0] epochs: [69/400] train_loss_con: 74.078
[GPU0] epochs: [70/400] train_loss_con: 73.665
[GPU0] epochs: [71/400] train_loss_con: 73.121
[GPU0] epochs: [72/400] train_loss_con: 73.054
[GPU0] epochs: [73/400] train_loss_con: 72.725
[GPU0] epochs: [74/400] train_loss_con: 72.223
[GPU0] epochs: [75/400] train_loss_con: 72.007
[GPU0] epochs: [76/400] train_loss_con: 71.547
[GPU0] epochs: [77/400] train_loss_con: 71.147
[GPU0] epochs: [78/400] train_loss_con: 70.815
[GPU0] epochs: [79/400] train_loss_con: 70.783
[GPU0] epochs: [80/400] train_loss_con: 70.155
[GPU0] epochs: [81/400] train_loss_con: 70.064
[GPU0] epochs: [82/400] train_loss_con: 69.604
[GPU0] epochs: [83/400] train_loss_con: 69.596
[GPU0] epochs: [84/400] train_loss_con: 69.142
[GPU0] epochs: [85/400] train_loss_con: 68.761
[GPU0] epochs: [86/400] train_loss_con: 68.790
[GPU0] epochs: [87/400] train_loss_con: 68.600
[GPU0] epochs: [88/400] train_loss_con: 68.165
[GPU0] epochs: [89/400] train_loss_con: 67.819
[GPU0] epochs: [90/400] train_loss_con: 67.440
[GPU0] epochs: [91/400] train_loss_con: 67.240
[GPU0] epochs: [92/400] train_loss_con: 66.932
[GPU0] epochs: [93/400] train_loss_con: 66.741
[GPU0] epochs: [94/400] train_loss_con: 66.470
[GPU0] epochs: [95/400] train_loss_con: 66.203
[GPU0] epochs: [96/400] train_loss_con: 66.055
[GPU0] epochs: [97/400] train_loss_con: 66.048
[GPU0] epochs: [98/400] train_loss_con: 65.721
[GPU0] epochs: [99/400] train_loss_con: 65.328
[GPU0] epochs: [100/400] train_loss_con: 65.121
[GPU0] epochs: [101/400] train_loss_con: 64.947
[GPU0] epochs: [102/400] train_loss_con: 64.729
[GPU0] epochs: [103/400] train_loss_con: 64.430
[GPU0] epochs: [104/400] train_loss_con: 64.363
[GPU0] epochs: [105/400] train_loss_con: 64.266
[GPU0] epochs: [106/400] train_loss_con: 63.810
[GPU0] epochs: [107/400] train_loss_con: 63.686
[GPU0] epochs: [108/400] train_loss_con: 63.686
[GPU0] epochs: [109/400] train_loss_con: 63.118
[GPU0] epochs: [110/400] train_loss_con: 63.089
[GPU0] epochs: [111/400] train_loss_con: 62.904
[GPU0] epochs: [112/400] train_loss_con: 63.004
[GPU0] epochs: [113/400] train_loss_con: 62.561
[GPU0] epochs: [114/400] train_loss_con: 62.547
[GPU0] epochs: [115/400] train_loss_con: 62.368
[GPU0] epochs: [116/400] train_loss_con: 62.103
[GPU0] epochs: [117/400] train_loss_con: 61.777
[GPU0] epochs: [118/400] train_loss_con: 61.812
[GPU0] epochs: [119/400] train_loss_con: 61.664
[GPU0] epochs: [120/400] train_loss_con: 61.641
[GPU0] epochs: [121/400] train_loss_con: 61.373
[GPU0] epochs: [122/400] train_loss_con: 61.033
[GPU0] epochs: [123/400] train_loss_con: 61.176
[GPU0] epochs: [124/400] train_loss_con: 60.850
[GPU0] epochs: [125/400] train_loss_con: 60.538
[GPU0] epochs: [126/400] train_loss_con: 60.548
[GPU0] epochs: [127/400] train_loss_con: 60.638
[GPU0] epochs: [128/400] train_loss_con: 60.452
[GPU0] epochs: [129/400] train_loss_con: 60.229
[GPU0] epochs: [130/400] train_loss_con: 59.896
[GPU0] epochs: [131/400] train_loss_con: 59.696
[GPU0] epochs: [132/400] train_loss_con: 59.684
[GPU0] epochs: [133/400] train_loss_con: 59.424
[GPU0] epochs: [134/400] train_loss_con: 59.052
[GPU0] epochs: [135/400] train_loss_con: 59.250
[GPU0] epochs: [136/400] train_loss_con: 59.033
[GPU0] epochs: [137/400] train_loss_con: 58.900
[GPU0] epochs: [138/400] train_loss_con: 59.011
[GPU0] epochs: [139/400] train_loss_con: 58.802
[GPU0] epochs: [140/400] train_loss_con: 58.692
[GPU0] epochs: [141/400] train_loss_con: 58.679
[GPU0] epochs: [142/400] train_loss_con: 58.392
[GPU0] epochs: [143/400] train_loss_con: 58.190
[GPU0] epochs: [144/400] train_loss_con: 58.240
[GPU0] epochs: [145/400] train_loss_con: 58.098
[GPU0] epochs: [146/400] train_loss_con: 58.052
[GPU0] epochs: [147/400] train_loss_con: 57.798
[GPU0] epochs: [148/400] train_loss_con: 57.866
[GPU0] epochs: [149/400] train_loss_con: 57.758
[GPU0] epochs: [150/400] train_loss_con: 57.704
[GPU0] epochs: [151/400] train_loss_con: 57.602
[GPU0] epochs: [152/400] train_loss_con: 57.635
[GPU0] epochs: [153/400] train_loss_con: 57.105
[GPU0] epochs: [154/400] train_loss_con: 57.348
[GPU0] epochs: [155/400] train_loss_con: 56.688
[GPU0] epochs: [156/400] train_loss_con: 56.796
[GPU0] epochs: [157/400] train_loss_con: 56.795
[GPU0] epochs: [158/400] train_loss_con: 56.511
[GPU0] epochs: [159/400] train_loss_con: 56.627
[GPU0] epochs: [160/400] train_loss_con: 56.419
[GPU0] epochs: [161/400] train_loss_con: 56.330
[GPU0] epochs: [162/400] train_loss_con: 56.479
[GPU0] epochs: [163/400] train_loss_con: 56.057
[GPU0] epochs: [164/400] train_loss_con: 56.225
[GPU0] epochs: [165/400] train_loss_con: 56.201
[GPU0] epochs: [166/400] train_loss_con: 56.116
[GPU0] epochs: [167/400] train_loss_con: 56.101
[GPU0] epochs: [168/400] train_loss_con: 55.471
[GPU0] epochs: [169/400] train_loss_con: 55.811
[GPU0] epochs: [170/400] train_loss_con: 55.561
[GPU0] epochs: [171/400] train_loss_con: 55.570
[GPU0] epochs: [172/400] train_loss_con: 55.601
[GPU0] epochs: [173/400] train_loss_con: 55.376
[GPU0] epochs: [174/400] train_loss_con: 55.249
[GPU0] epochs: [175/400] train_loss_con: 55.037
[GPU0] epochs: [176/400] train_loss_con: 55.143
[GPU0] epochs: [177/400] train_loss_con: 54.992
[GPU0] epochs: [178/400] train_loss_con: 54.788
[GPU0] epochs: [179/400] train_loss_con: 54.783
[GPU0] epochs: [180/400] train_loss_con: 54.825
[GPU0] epochs: [181/400] train_loss_con: 54.914
[GPU0] epochs: [182/400] train_loss_con: 54.416
[GPU0] epochs: [183/400] train_loss_con: 54.497
[GPU0] epochs: [184/400] train_loss_con: 54.497
[GPU0] epochs: [185/400] train_loss_con: 54.428
[GPU0] epochs: [186/400] train_loss_con: 54.479
[GPU0] epochs: [187/400] train_loss_con: 54.146
[GPU0] epochs: [188/400] train_loss_con: 54.186
[GPU0] epochs: [189/400] train_loss_con: 54.317
[GPU0] epochs: [190/400] train_loss_con: 54.273
[GPU0] epochs: [191/400] train_loss_con: 53.910
[GPU0] epochs: [192/400] train_loss_con: 53.874
[GPU0] epochs: [193/400] train_loss_con: 53.881
[GPU0] epochs: [194/400] train_loss_con: 53.934
[GPU0] epochs: [195/400] train_loss_con: 53.600
[GPU0] epochs: [196/400] train_loss_con: 53.728
[GPU0] epochs: [197/400] train_loss_con: 53.516
[GPU0] epochs: [198/400] train_loss_con: 53.555
[GPU0] epochs: [199/400] train_loss_con: 53.578
[GPU0] epochs: [200/400] train_loss_con: 53.708
[GPU0] epochs: [201/400] train_loss_con: 53.402
[GPU0] epochs: [202/400] train_loss_con: 53.392
[GPU0] epochs: [203/400] train_loss_con: 53.369
[GPU0] epochs: [204/400] train_loss_con: 52.993
[GPU0] epochs: [205/400] train_loss_con: 53.072
[GPU0] epochs: [206/400] train_loss_con: 53.183
[GPU0] epochs: [207/400] train_loss_con: 53.204
[GPU0] epochs: [208/400] train_loss_con: 52.903
[GPU0] epochs: [209/400] train_loss_con: 53.103
[GPU0] epochs: [210/400] train_loss_con: 52.806
[GPU0] epochs: [211/400] train_loss_con: 52.973
[GPU0] epochs: [212/400] train_loss_con: 52.720
[GPU0] epochs: [213/400] train_loss_con: 52.798
[GPU0] epochs: [214/400] train_loss_con: 52.714
[GPU0] epochs: [215/400] train_loss_con: 52.535
[GPU0] epochs: [216/400] train_loss_con: 52.617
[GPU0] epochs: [217/400] train_loss_con: 52.512
[GPU0] epochs: [218/400] train_loss_con: 52.548
[GPU0] epochs: [219/400] train_loss_con: 52.336
[GPU0] epochs: [220/400] train_loss_con: 52.517
[GPU0] epochs: [221/400] train_loss_con: 52.288
[GPU0] epochs: [222/400] train_loss_con: 52.207
[GPU0] epochs: [223/400] train_loss_con: 52.329
[GPU0] epochs: [224/400] train_loss_con: 52.240
[GPU0] epochs: [225/400] train_loss_con: 52.381
[GPU0] epochs: [226/400] train_loss_con: 52.175
[GPU0] epochs: [227/400] train_loss_con: 52.098
[GPU0] epochs: [228/400] train_loss_con: 52.158
[GPU0] epochs: [229/400] train_loss_con: 52.117
[GPU0] epochs: [230/400] train_loss_con: 51.969
[GPU0] epochs: [231/400] train_loss_con: 51.919
[GPU0] epochs: [232/400] train_loss_con: 51.937
[GPU0] epochs: [233/400] train_loss_con: 52.075
[GPU0] epochs: [234/400] train_loss_con: 51.835
[GPU0] epochs: [235/400] train_loss_con: 51.917
[GPU0] epochs: [236/400] train_loss_con: 51.661
[GPU0] epochs: [237/400] train_loss_con: 51.488
[GPU0] epochs: [238/400] train_loss_con: 51.567
[GPU0] epochs: [239/400] train_loss_con: 51.699
[GPU0] epochs: [240/400] train_loss_con: 51.593
[GPU0] epochs: [241/400] train_loss_con: 51.514
[GPU0] epochs: [242/400] train_loss_con: 51.560
[GPU0] epochs: [243/400] train_loss_con: 51.375
[GPU0] epochs: [244/400] train_loss_con: 51.538
[GPU0] epochs: [245/400] train_loss_con: 51.412
[GPU0] epochs: [246/400] train_loss_con: 51.475
[GPU0] epochs: [247/400] train_loss_con: 51.428
[GPU0] epochs: [248/400] train_loss_con: 51.152
[GPU0] epochs: [249/400] train_loss_con: 51.495
[GPU0] epochs: [250/400] train_loss_con: 51.265
[GPU0] epochs: [251/400] train_loss_con: 50.945
[GPU0] epochs: [252/400] train_loss_con: 51.194
[GPU0] epochs: [253/400] train_loss_con: 51.357
[GPU0] epochs: [254/400] train_loss_con: 51.273
[GPU0] epochs: [255/400] train_loss_con: 51.145
[GPU0] epochs: [256/400] train_loss_con: 51.238
[GPU0] epochs: [257/400] train_loss_con: 51.009
[GPU0] epochs: [258/400] train_loss_con: 50.870
[GPU0] epochs: [259/400] train_loss_con: 50.973
[GPU0] epochs: [260/400] train_loss_con: 50.984
[GPU0] epochs: [261/400] train_loss_con: 51.108
[GPU0] epochs: [262/400] train_loss_con: 50.661
[GPU0] epochs: [263/400] train_loss_con: 50.824
[GPU0] epochs: [264/400] train_loss_con: 50.900
[GPU0] epochs: [265/400] train_loss_con: 51.033
[GPU0] epochs: [266/400] train_loss_con: 50.909
[GPU0] epochs: [267/400] train_loss_con: 50.713
[GPU0] epochs: [268/400] train_loss_con: 50.785
[GPU0] epochs: [269/400] train_loss_con: 50.717
[GPU0] epochs: [270/400] train_loss_con: 50.581
[GPU0] epochs: [271/400] train_loss_con: 50.576
[GPU0] epochs: [272/400] train_loss_con: 50.585
[GPU0] epochs: [273/400] train_loss_con: 50.559
[GPU0] epochs: [274/400] train_loss_con: 50.493
[GPU0] epochs: [275/400] train_loss_con: 50.470
[GPU0] epochs: [276/400] train_loss_con: 50.720
[GPU0] epochs: [277/400] train_loss_con: 50.185
[GPU0] epochs: [278/400] train_loss_con: 50.506
[GPU0] epochs: [279/400] train_loss_con: 50.471
[GPU0] epochs: [280/400] train_loss_con: 50.152
[GPU0] epochs: [281/400] train_loss_con: 50.238
[GPU0] epochs: [282/400] train_loss_con: 50.102
[GPU0] epochs: [283/400] train_loss_con: 50.319
[GPU0] epochs: [284/400] train_loss_con: 50.233
[GPU0] epochs: [285/400] train_loss_con: 50.379
[GPU0] epochs: [286/400] train_loss_con: 50.128
[GPU0] epochs: [287/400] train_loss_con: 50.144
[GPU0] epochs: [288/400] train_loss_con: 50.091
[GPU0] epochs: [289/400] train_loss_con: 50.048
[GPU0] epochs: [290/400] train_loss_con: 50.145
[GPU0] epochs: [291/400] train_loss_con: 50.078
[GPU0] epochs: [292/400] train_loss_con: 50.203
[GPU0] epochs: [293/400] train_loss_con: 50.069
[GPU0] epochs: [294/400] train_loss_con: 49.787
[GPU0] epochs: [295/400] train_loss_con: 50.136
[GPU0] epochs: [296/400] train_loss_con: 50.033
[GPU0] epochs: [297/400] train_loss_con: 50.296
[GPU0] epochs: [298/400] train_loss_con: 50.042
[GPU0] epochs: [299/400] train_loss_con: 49.902
[GPU0] epochs: [300/400] train_loss_con: 49.948
[GPU0] epochs: [301/400] train_loss_con: 49.608
[GPU0] epochs: [302/400] train_loss_con: 49.764
[GPU0] epochs: [303/400] train_loss_con: 50.137
[GPU0] epochs: [304/400] train_loss_con: 49.884
[GPU0] epochs: [305/400] train_loss_con: 49.769
[GPU0] epochs: [306/400] train_loss_con: 49.776
[GPU0] epochs: [307/400] train_loss_con: 49.745
[GPU0] epochs: [308/400] train_loss_con: 49.647
[GPU0] epochs: [309/400] train_loss_con: 49.871
[GPU0] epochs: [310/400] train_loss_con: 49.623
[GPU0] epochs: [311/400] train_loss_con: 49.704
[GPU0] epochs: [312/400] train_loss_con: 49.642
[GPU0] epochs: [313/400] train_loss_con: 49.659
[GPU0] epochs: [314/400] train_loss_con: 49.604
[GPU0] epochs: [315/400] train_loss_con: 49.445
[GPU0] epochs: [316/400] train_loss_con: 49.700
[GPU0] epochs: [317/400] train_loss_con: 49.578
[GPU0] epochs: [318/400] train_loss_con: 49.426
[GPU0] epochs: [319/400] train_loss_con: 49.525
[GPU0] epochs: [320/400] train_loss_con: 49.453
[GPU0] epochs: [321/400] train_loss_con: 49.513
[GPU0] epochs: [322/400] train_loss_con: 49.397
[GPU0] epochs: [323/400] train_loss_con: 49.307
[GPU0] epochs: [324/400] train_loss_con: 49.305
[GPU0] epochs: [325/400] train_loss_con: 49.596
[GPU0] epochs: [326/400] train_loss_con: 49.480
[GPU0] epochs: [327/400] train_loss_con: 49.264
[GPU0] epochs: [328/400] train_loss_con: 49.267
[GPU0] epochs: [329/400] train_loss_con: 49.283
[GPU0] epochs: [330/400] train_loss_con: 49.336
[GPU0] epochs: [331/400] train_loss_con: 49.191
[GPU0] epochs: [332/400] train_loss_con: 49.182
[GPU0] epochs: [333/400] train_loss_con: 49.281
[GPU0] epochs: [334/400] train_loss_con: 49.220
[GPU0] epochs: [335/400] train_loss_con: 49.384
[GPU0] epochs: [336/400] train_loss_con: 49.216
[GPU0] epochs: [337/400] train_loss_con: 49.123
[GPU0] epochs: [338/400] train_loss_con: 49.353
[GPU0] epochs: [339/400] train_loss_con: 49.201
[GPU0] epochs: [340/400] train_loss_con: 49.151
[GPU0] epochs: [341/400] train_loss_con: 49.157
[GPU0] epochs: [342/400] train_loss_con: 49.149
[GPU0] epochs: [343/400] train_loss_con: 49.018
[GPU0] epochs: [344/400] train_loss_con: 48.973
[GPU0] epochs: [345/400] train_loss_con: 49.174
[GPU0] epochs: [346/400] train_loss_con: 49.106
[GPU0] epochs: [347/400] train_loss_con: 48.952
[GPU0] epochs: [348/400] train_loss_con: 49.003
[GPU0] epochs: [349/400] train_loss_con: 48.954
[GPU0] epochs: [350/400] train_loss_con: 48.960
[GPU0] epochs: [351/400] train_loss_con: 49.096
[GPU0] epochs: [352/400] train_loss_con: 49.025
[GPU0] epochs: [353/400] train_loss_con: 48.978
[GPU0] epochs: [354/400] train_loss_con: 48.725
[GPU0] epochs: [355/400] train_loss_con: 48.828
[GPU0] epochs: [356/400] train_loss_con: 48.718
[GPU0] epochs: [357/400] train_loss_con: 48.974
[GPU0] epochs: [358/400] train_loss_con: 48.654
[GPU0] epochs: [359/400] train_loss_con: 48.673
[GPU0] epochs: [360/400] train_loss_con: 48.513
[GPU0] epochs: [361/400] train_loss_con: 48.763
[GPU0] epochs: [362/400] train_loss_con: 48.578
[GPU0] epochs: [363/400] train_loss_con: 48.464
[GPU0] epochs: [364/400] train_loss_con: 48.787
[GPU0] epochs: [365/400] train_loss_con: 49.000
[GPU0] epochs: [366/400] train_loss_con: 48.720
[GPU0] epochs: [367/400] train_loss_con: 48.576
[GPU0] epochs: [368/400] train_loss_con: 48.524
[GPU0] epochs: [369/400] train_loss_con: 48.588
[GPU0] epochs: [370/400] train_loss_con: 48.411
[GPU0] epochs: [371/400] train_loss_con: 48.498
[GPU0] epochs: [372/400] train_loss_con: 48.389
[GPU0] epochs: [373/400] train_loss_con: 48.521
[GPU0] epochs: [374/400] train_loss_con: 48.453
[GPU0] epochs: [375/400] train_loss_con: 48.368
[GPU0] epochs: [376/400] train_loss_con: 48.449
[GPU0] epochs: [377/400] train_loss_con: 48.253
[GPU0] epochs: [378/400] train_loss_con: 48.314
[GPU0] epochs: [379/400] train_loss_con: 48.204
[GPU0] epochs: [380/400] train_loss_con: 48.207
[GPU0] epochs: [381/400] train_loss_con: 48.263
[GPU0] epochs: [382/400] train_loss_con: 47.937
[GPU0] epochs: [383/400] train_loss_con: 48.268
[GPU0] epochs: [384/400] train_loss_con: 48.134
[GPU0] epochs: [385/400] train_loss_con: 47.992
[GPU0] epochs: [386/400] train_loss_con: 48.160
[GPU0] epochs: [387/400] train_loss_con: 48.398
[GPU0] epochs: [388/400] train_loss_con: 47.950
[GPU0] epochs: [389/400] train_loss_con: 47.828
[GPU0] epochs: [390/400] train_loss_con: 47.953
[GPU0] epochs: [391/400] train_loss_con: 48.156
[GPU0] epochs: [392/400] train_loss_con: 47.985
[GPU0] epochs: [393/400] train_loss_con: 47.883
[GPU0] epochs: [394/400] train_loss_con: 47.815
[GPU0] epochs: [395/400] train_loss_con: 47.715
[GPU0] epochs: [396/400] train_loss_con: 47.921
[GPU0] epochs: [397/400] train_loss_con: 48.019
[GPU0] epochs: [398/400] train_loss_con: 47.638
[GPU0] epochs: [399/400] train_loss_con: 47.648
[GPU0] epochs: [400/400] train_loss_con: 47.794
Model weights saved
--------------------------------------------------
starting linear probing
<All keys matched successfully>
augmentation for mae_bt: 
Compose(
    RandomResizedCrop(size=(224, 224), scale=(0.08, 1.0), ratio=(0.75, 1.3333), interpolation=bilinear, antialias=True)
    RandomHorizontalFlip(p=0.5)
    RandomApply(
    p=0.8
    ColorJitter(brightness=(0.6, 1.4), contrast=(0.6, 1.4), saturation=(0.6, 1.4), hue=(-0.1, 0.1))
)
    RandomGrayscale(p=0.2)
    GaussianBlur(p = 1.0)
    Solarization(p = 0.0)
    ToTensor()
    Normalize(mean=[0.485, 0.456, 0.406], std=[0.229, 0.224, 0.225])
)
Compose(
    RandomResizedCrop(size=(224, 224), scale=(0.08, 1.0), ratio=(0.75, 1.3333), interpolation=bilinear, antialias=True)
    RandomHorizontalFlip(p=0.5)
    RandomApply(
    p=0.8
    ColorJitter(brightness=(0.6, 1.4), contrast=(0.6, 1.4), saturation=(0.6, 1.4), hue=(-0.1, 0.1))
)
    RandomGrayscale(p=0.2)
    GaussianBlur(p = 0.1)
    Solarization(p = 0.1)
    ToTensor()
    Normalize(mean=[0.485, 0.456, 0.406], std=[0.229, 0.224, 0.225])
)
Starting Hyperparameter Sweep on 0...
===> using linear mlp
Scheduler: None
MLP: MLP(
  (mlp): Linear(in_features=384, out_features=100, bias=True)
)Namespace(dataset='img100', saved_path='saved_models/mae.bt.i100.pth', gpu=0, model='vit', verbose=False, epochs=100, eval_every=10, knn=True, lreg=True, linprobe=True, tsne=False, umap=False, cmet=True, nw=4)
<All keys matched successfully>
Starting Hyperparameter Sweep on 0...
===> using linear mlp
Scheduler: None
MLP: MLP(
  (mlp): Linear(in_features=384, out_features=100, bias=True)
)
[GPU0] Test Accuracy at epoch: 0: 0.111
[GPU0] epochs: [1/100] train_acc: 0.061 train_loss_sup: 4.524
[GPU0] epochs: [2/100] train_acc: 0.133 train_loss_sup: 4.369
Namespace(dataset='img100', saved_path='saved_models/mae.bt.i100.pth', gpu=0, model='vit', verbose=False, epochs=100, eval_every=10, knn=True, lreg=True, linprobe=True, tsne=False, umap=False, cmet=True, nw=6)
<All keys matched successfully>
Starting Hyperparameter Sweep on 0...
===> using linear mlp
Scheduler: None
MLP: MLP(
  (mlp): Linear(in_features=384, out_features=100, bias=True)
)
