base_model: vit
environment: 
YAML: configs/mae_bt_rot.yaml
==> SEED: 42
==> train_algo: mae_bt_rot
==> dataset: {'cifar10': {'num_classes': 10, 'params': {'data_dir': 'datasets/cifar10', 'batch_size': 512, 'test_batch_size': 512, 'num_workers': 1, 'image_size': 32, 'prefetch_factor': 4, 'algo': 'mae_bt_rot'}}, 'cifar100': {'num_classes': 100, 'params': {'data_dir': 'datasets/cifar100', 'batch_size': 512, 'test_batch_size': 512, 'num_workers': 1, 'image_size': 32, 'prefetch_factor': 4, 'algo': 'mae_bt_rot'}}, 'timg': {'num_classes': 200, 'params': {'data_dir': 'datasets/tinyimagenet/tiny-imagenet-200', 'batch_size': 256, 'test_batch_size': 256, 'num_workers': 6, 'image_size': 64, 'prefetch_factor': 4, 'algo': 'mae_bt_rot'}}, 'img100': {'num_classes': 100, 'params': {'data_dir': 'datasets/imagenet100', 'labels_json': 'Labels.json', 'batch_size': 256, 'test_batch_size': 512, 'num_workers': 4, 'image_size': 224, 'prefetch_factor': 2, 'algo': 'mae_bt_rot'}}}
==> return_logs: False
==> eval_every: 10
==> n_epochs: 400
==> n_epochs_mlp: 100
==> gpu_id: 0
==> opt: AdamW
==> opt_params: {'lr': 0.0003, 'weight_decay': 0.05, 'betas': (0.9, 0.95)}
==> schedular_params: {'T_max': 380, 'eta_min': 0.001}
==> mlp_opt: SGD
==> mlp_opt_params: {'lr': 0.01, 'momentum': 0.9}
==> model_params: {'img_size': 224, 'in_chans': 3, 'patch_size': 8, 'embed_dim': 192, 'depth': 12, 'num_heads': 3, 'decoder_embed_dim': 128, 'decoder_depth': 4, 'decoder_num_heads': 4, 'mlp_ratio': 4, 'norm_pix_loss': False, 'algo_type': 'mae_bt_rot', 'model_name': 'vit'}
==> rotnet_params: {'rot_hidden': 768, 'num_classes': 4}
==> mlp_type: hidden
==> loss: mae_bt_rot
==> loss_params: {'lambd': 0.005}
==> distributed: True
==> model_save_path: saved_models/mae.bt.rot.i100.vit.t.8.dist.pth
==> warmup_epochs: 20
==> weight: {'wt1': 0.1, 'wt2': 0.8}
==> config: configs/mae_bt_rot.yaml
==> aug: v1
==> damp_rot: False
--------------------------------------------------
Launching DDP across 2 GPUs
MaskedAutoencoderViT(
  (base_encoder): MAEEncoder(
    (patch_embed): PatchEmbed(
      (proj): Conv2d(3, 192, kernel_size=(8, 8), stride=(8, 8))
      (norm): Identity()
    )
    (blocks): ModuleList(
      (0-11): 12 x Block(
        (norm1): LayerNorm((192,), eps=1e-06, elementwise_affine=True)
        (attn): Attention(
          (qkv): Linear(in_features=192, out_features=576, bias=True)
          (q_norm): Identity()
          (k_norm): Identity()
          (attn_drop): Dropout(p=0.0, inplace=False)
          (norm): Identity()
          (proj): Linear(in_features=192, out_features=192, bias=True)
          (proj_drop): Dropout(p=0.0, inplace=False)
        )
        (ls1): Identity()
        (drop_path1): Identity()
        (norm2): LayerNorm((192,), eps=1e-06, elementwise_affine=True)
        (mlp): Mlp(
          (fc1): Linear(in_features=192, out_features=768, bias=True)
          (act): GELU(approximate='none')
          (drop1): Dropout(p=0.0, inplace=False)
          (norm): Identity()
          (fc2): Linear(in_features=768, out_features=192, bias=True)
          (drop2): Dropout(p=0.0, inplace=False)
        )
        (ls2): Identity()
        (drop_path2): Identity()
      )
    )
    (norm): LayerNorm((192,), eps=1e-06, elementwise_affine=True)
  )
  (decoder): MAEDecoder(
    (decoder_embed): Linear(in_features=192, out_features=128, bias=True)
    (decoder_blocks): ModuleList(
      (0-3): 4 x Block(
        (norm1): LayerNorm((128,), eps=1e-06, elementwise_affine=True)
        (attn): Attention(
          (qkv): Linear(in_features=128, out_features=384, bias=True)
          (q_norm): Identity()
          (k_norm): Identity()
          (attn_drop): Dropout(p=0.0, inplace=False)
          (norm): Identity()
          (proj): Linear(in_features=128, out_features=128, bias=True)
          (proj_drop): Dropout(p=0.0, inplace=False)
        )
        (ls1): Identity()
        (drop_path1): Identity()
        (norm2): LayerNorm((128,), eps=1e-06, elementwise_affine=True)
        (mlp): Mlp(
          (fc1): Linear(in_features=128, out_features=512, bias=True)
          (act): GELU(approximate='none')
          (drop1): Dropout(p=0.0, inplace=False)
          (norm): Identity()
          (fc2): Linear(in_features=512, out_features=128, bias=True)
          (drop2): Dropout(p=0.0, inplace=False)
        )
        (ls2): Identity()
        (drop_path2): Identity()
      )
    )
    (decoder_norm): LayerNorm((128,), eps=1e-06, elementwise_affine=True)
    (decoder_pred): Linear(in_features=128, out_features=192, bias=True)
  )
  (proj): bt_proj(
    (proj): Sequential(
      (0): Linear(in_features=192, out_features=8192, bias=False)
      (1): BatchNorm1d(8192, eps=1e-05, momentum=0.1, affine=True, track_running_stats=True)
      (2): ReLU()
      (3): Linear(in_features=8192, out_features=8192, bias=False)
      (4): BatchNorm1d(8192, eps=1e-05, momentum=0.1, affine=True, track_running_stats=True)
      (5): ReLU()
      (6): Linear(in_features=8192, out_features=8192, bias=True)
      (7): BatchNorm1d(8192, eps=1e-05, momentum=0.1, affine=False, track_running_stats=True)
    )
  )
)
NOC: 100
rotnet_cls(
  (proj): Sequential(
    (0): Linear(in_features=192, out_features=768, bias=False)
    (1): BatchNorm1d(768, eps=1e-05, momentum=0.1, affine=True, track_running_stats=True)
    (2): ReLU()
    (3): Linear(in_features=768, out_features=768, bias=False)
    (4): BatchNorm1d(768, eps=1e-05, momentum=0.1, affine=True, track_running_stats=True)
    (5): ReLU()
    (6): Linear(in_features=768, out_features=4, bias=True)
  )
)
augmentation for mae_bt_rot: 
Compose(
    RandomResizedCrop(size=(224, 224), scale=(0.08, 1.0), ratio=(0.75, 1.3333), interpolation=bilinear, antialias=True)
    RandomHorizontalFlip(p=0.5)
    RandomApply(
    p=0.8
    ColorJitter(brightness=(0.6, 1.4), contrast=(0.6, 1.4), saturation=(0.6, 1.4), hue=(-0.1, 0.1))
)
    RandomGrayscale(p=0.2)
    GaussianBlur(p = 1.0)
    Solarization(p = 0.0)
    ToTensor()
    Normalize(mean=[0.485, 0.456, 0.406], std=[0.229, 0.224, 0.225])
)
Compose(
    RandomResizedCrop(size=(224, 224), scale=(0.08, 1.0), ratio=(0.75, 1.3333), interpolation=bilinear, antialias=True)
    RandomHorizontalFlip(p=0.5)
    RandomApply(
    p=0.8
    ColorJitter(brightness=(0.6, 1.4), contrast=(0.6, 1.4), saturation=(0.6, 1.4), hue=(-0.1, 0.1))
)
    RandomGrayscale(p=0.2)
    GaussianBlur(p = 0.1)
    Solarization(p = 0.1)
    ToTensor()
    Normalize(mean=[0.485, 0.456, 0.406], std=[0.229, 0.224, 0.225])
)
using optimizer: AdamW
# of Training Images: 130000
# of Testing Images: 5000
schedular: <torch.optim.lr_scheduler.SequentialLR object at 0x79b002dc3c10>
loss function: bt
loss: BT(lambda=0.005)
param config for: mae_bt_rot
{'train_algo': 'mae_bt_rot', 'model': DistributedDataParallel(
  (module): MaskedAutoencoderViT(
    (base_encoder): MAEEncoder(
      (patch_embed): PatchEmbed(
        (proj): Conv2d(3, 192, kernel_size=(8, 8), stride=(8, 8))
        (norm): Identity()
      )
      (blocks): ModuleList(
        (0-11): 12 x Block(
          (norm1): LayerNorm((192,), eps=1e-06, elementwise_affine=True)
          (attn): Attention(
            (qkv): Linear(in_features=192, out_features=576, bias=True)
            (q_norm): Identity()
            (k_norm): Identity()
            (attn_drop): Dropout(p=0.0, inplace=False)
            (norm): Identity()
            (proj): Linear(in_features=192, out_features=192, bias=True)
            (proj_drop): Dropout(p=0.0, inplace=False)
          )
          (ls1): Identity()
          (drop_path1): Identity()
          (norm2): LayerNorm((192,), eps=1e-06, elementwise_affine=True)
          (mlp): Mlp(
            (fc1): Linear(in_features=192, out_features=768, bias=True)
            (act): GELU(approximate='none')
            (drop1): Dropout(p=0.0, inplace=False)
            (norm): Identity()
            (fc2): Linear(in_features=768, out_features=192, bias=True)
            (drop2): Dropout(p=0.0, inplace=False)
          )
          (ls2): Identity()
          (drop_path2): Identity()
        )
      )
      (norm): LayerNorm((192,), eps=1e-06, elementwise_affine=True)
    )
    (decoder): MAEDecoder(
      (decoder_embed): Linear(in_features=192, out_features=128, bias=True)
      (decoder_blocks): ModuleList(
        (0-3): 4 x Block(
          (norm1): LayerNorm((128,), eps=1e-06, elementwise_affine=True)
          (attn): Attention(
            (qkv): Linear(in_features=128, out_features=384, bias=True)
            (q_norm): Identity()
            (k_norm): Identity()
            (attn_drop): Dropout(p=0.0, inplace=False)
            (norm): Identity()
            (proj): Linear(in_features=128, out_features=128, bias=True)
            (proj_drop): Dropout(p=0.0, inplace=False)
          )
          (ls1): Identity()
          (drop_path1): Identity()
          (norm2): LayerNorm((128,), eps=1e-06, elementwise_affine=True)
          (mlp): Mlp(
            (fc1): Linear(in_features=128, out_features=512, bias=True)
            (act): GELU(approximate='none')
            (drop1): Dropout(p=0.0, inplace=False)
            (norm): Identity()
            (fc2): Linear(in_features=512, out_features=128, bias=True)
            (drop2): Dropout(p=0.0, inplace=False)
          )
          (ls2): Identity()
          (drop_path2): Identity()
        )
      )
      (decoder_norm): LayerNorm((128,), eps=1e-06, elementwise_affine=True)
      (decoder_pred): Linear(in_features=128, out_features=192, bias=True)
    )
    (proj): bt_proj(
      (proj): Sequential(
        (0): Linear(in_features=192, out_features=8192, bias=False)
        (1): SyncBatchNorm(8192, eps=1e-05, momentum=0.1, affine=True, track_running_stats=True)
        (2): ReLU()
        (3): Linear(in_features=8192, out_features=8192, bias=False)
        (4): SyncBatchNorm(8192, eps=1e-05, momentum=0.1, affine=True, track_running_stats=True)
        (5): ReLU()
        (6): Linear(in_features=8192, out_features=8192, bias=True)
        (7): SyncBatchNorm(8192, eps=1e-05, momentum=0.1, affine=False, track_running_stats=True)
      )
    )
  )
), 'train_loader': <torch.utils.data.dataloader.DataLoader object at 0x79b002dc1f90>, 'scaler': <torch.cuda.amp.grad_scaler.GradScaler object at 0x79b002dc36a0>, 'loss_base': BT(lambda=0.005), 'optimizer': AdamW (
Parameter Group 0
    amsgrad: False
    betas: (0.9, 0.95)
    capturable: False
    decoupled_weight_decay: True
    differentiable: False
    eps: 1e-08
    foreach: None
    fused: True
    initial_lr: 0.0003
    lr: 2.9999999999999995e-10
    maximize: False
    weight_decay: 0.05
), 'opt_lr_schedular': <torch.optim.lr_scheduler.SequentialLR object at 0x79b002dc3c10>, 'progress': <function progress at 0x79b0023d5510>, 'n_epochs': 400, 'device_id': 0, 'eval_id': 0, 'return_logs': False, 'weight': {'wt1': 0.1, 'wt2': 0.8}, 'rotnet': DistributedDataParallel(
  (module): rotnet_cls(
    (proj): Sequential(
      (0): Linear(in_features=192, out_features=768, bias=False)
      (1): SyncBatchNorm(768, eps=1e-05, momentum=0.1, affine=True, track_running_stats=True)
      (2): ReLU()
      (3): Linear(in_features=768, out_features=768, bias=False)
      (4): SyncBatchNorm(768, eps=1e-05, momentum=0.1, affine=True, track_running_stats=True)
      (5): ReLU()
      (6): Linear(in_features=768, out_features=4, bias=True)
    )
  )
), 'save_model': functools.partial(<function save_model at 0x79b0023d5480>, path='saved_models/mae.bt.rot.i100.vit.t.8.dist.pth')}
dict_keys(['train_algo', 'model', 'train_loader', 'scaler', 'loss_base', 'optimizer', 'opt_lr_schedular', 'progress', 'n_epochs', 'device_id', 'eval_id', 'return_logs', 'weight', 'rotnet', 'save_model'])
### mae + bt + rotnet Training begins
rotnet_cls(
  (proj): Sequential(
    (0): Linear(in_features=192, out_features=768, bias=False)
    (1): BatchNorm1d(768, eps=1e-05, momentum=0.1, affine=True, track_running_stats=True)
    (2): ReLU()
    (3): Linear(in_features=768, out_features=768, bias=False)
    (4): BatchNorm1d(768, eps=1e-05, momentum=0.1, affine=True, track_running_stats=True)
    (5): ReLU()
    (6): Linear(in_features=768, out_features=4, bias=True)
  )
)
augmentation for mae_bt_rot: 
Compose(
    RandomResizedCrop(size=(224, 224), scale=(0.08, 1.0), ratio=(0.75, 1.3333), interpolation=bilinear, antialias=True)
    RandomHorizontalFlip(p=0.5)
    RandomApply(
    p=0.8
    ColorJitter(brightness=(0.6, 1.4), contrast=(0.6, 1.4), saturation=(0.6, 1.4), hue=(-0.1, 0.1))
)
    RandomGrayscale(p=0.2)
    GaussianBlur(p = 1.0)
    Solarization(p = 0.0)
    ToTensor()
    Normalize(mean=[0.485, 0.456, 0.406], std=[0.229, 0.224, 0.225])
)
Compose(
    RandomResizedCrop(size=(224, 224), scale=(0.08, 1.0), ratio=(0.75, 1.3333), interpolation=bilinear, antialias=True)
    RandomHorizontalFlip(p=0.5)
    RandomApply(
    p=0.8
    ColorJitter(brightness=(0.6, 1.4), contrast=(0.6, 1.4), saturation=(0.6, 1.4), hue=(-0.1, 0.1))
)
    RandomGrayscale(p=0.2)
    GaussianBlur(p = 0.1)
    Solarization(p = 0.1)
    ToTensor()
    Normalize(mean=[0.485, 0.456, 0.406], std=[0.229, 0.224, 0.225])
)
using optimizer: AdamW
loss function: bt
loss: BT(lambda=0.005)
param config for: mae_bt_rot
{'train_algo': 'mae_bt_rot', 'model': DistributedDataParallel(
  (module): MaskedAutoencoderViT(
    (base_encoder): MAEEncoder(
      (patch_embed): PatchEmbed(
        (proj): Conv2d(3, 192, kernel_size=(8, 8), stride=(8, 8))
        (norm): Identity()
      )
      (blocks): ModuleList(
        (0-11): 12 x Block(
          (norm1): LayerNorm((192,), eps=1e-06, elementwise_affine=True)
          (attn): Attention(
            (qkv): Linear(in_features=192, out_features=576, bias=True)
            (q_norm): Identity()
            (k_norm): Identity()
            (attn_drop): Dropout(p=0.0, inplace=False)
            (norm): Identity()
            (proj): Linear(in_features=192, out_features=192, bias=True)
            (proj_drop): Dropout(p=0.0, inplace=False)
          )
          (ls1): Identity()
          (drop_path1): Identity()
          (norm2): LayerNorm((192,), eps=1e-06, elementwise_affine=True)
          (mlp): Mlp(
            (fc1): Linear(in_features=192, out_features=768, bias=True)
            (act): GELU(approximate='none')
            (drop1): Dropout(p=0.0, inplace=False)
            (norm): Identity()
            (fc2): Linear(in_features=768, out_features=192, bias=True)
            (drop2): Dropout(p=0.0, inplace=False)
          )
          (ls2): Identity()
          (drop_path2): Identity()
        )
      )
      (norm): LayerNorm((192,), eps=1e-06, elementwise_affine=True)
    )
    (decoder): MAEDecoder(
      (decoder_embed): Linear(in_features=192, out_features=128, bias=True)
      (decoder_blocks): ModuleList(
        (0-3): 4 x Block(
          (norm1): LayerNorm((128,), eps=1e-06, elementwise_affine=True)
          (attn): Attention(
            (qkv): Linear(in_features=128, out_features=384, bias=True)
            (q_norm): Identity()
            (k_norm): Identity()
            (attn_drop): Dropout(p=0.0, inplace=False)
            (norm): Identity()
            (proj): Linear(in_features=128, out_features=128, bias=True)
            (proj_drop): Dropout(p=0.0, inplace=False)
          )
          (ls1): Identity()
          (drop_path1): Identity()
          (norm2): LayerNorm((128,), eps=1e-06, elementwise_affine=True)
          (mlp): Mlp(
            (fc1): Linear(in_features=128, out_features=512, bias=True)
            (act): GELU(approximate='none')
            (drop1): Dropout(p=0.0, inplace=False)
            (norm): Identity()
            (fc2): Linear(in_features=512, out_features=128, bias=True)
            (drop2): Dropout(p=0.0, inplace=False)
          )
          (ls2): Identity()
          (drop_path2): Identity()
        )
      )
      (decoder_norm): LayerNorm((128,), eps=1e-06, elementwise_affine=True)
      (decoder_pred): Linear(in_features=128, out_features=192, bias=True)
    )
    (proj): bt_proj(
      (proj): Sequential(
        (0): Linear(in_features=192, out_features=8192, bias=False)
        (1): SyncBatchNorm(8192, eps=1e-05, momentum=0.1, affine=True, track_running_stats=True)
        (2): ReLU()
        (3): Linear(in_features=8192, out_features=8192, bias=False)
        (4): SyncBatchNorm(8192, eps=1e-05, momentum=0.1, affine=True, track_running_stats=True)
        (5): ReLU()
        (6): Linear(in_features=8192, out_features=8192, bias=True)
        (7): SyncBatchNorm(8192, eps=1e-05, momentum=0.1, affine=False, track_running_stats=True)
      )
    )
  )
), 'train_loader': <torch.utils.data.dataloader.DataLoader object at 0x7dfdc034b970>, 'scaler': <torch.cuda.amp.grad_scaler.GradScaler object at 0x7dfdc034b100>, 'loss_base': BT(lambda=0.005), 'optimizer': AdamW (
Parameter Group 0
    amsgrad: False
    betas: (0.9, 0.95)
    capturable: False
    decoupled_weight_decay: True
    differentiable: False
    eps: 1e-08
    foreach: None
    fused: True
    initial_lr: 0.0003
    lr: 2.9999999999999995e-10
    maximize: False
    weight_decay: 0.05
), 'opt_lr_schedular': <torch.optim.lr_scheduler.SequentialLR object at 0x7dfdc034a380>, 'progress': <function progress at 0x7dfdbfdad510>, 'n_epochs': 400, 'device_id': 1, 'eval_id': 0, 'return_logs': False, 'weight': {'wt1': 0.1, 'wt2': 0.8}, 'rotnet': DistributedDataParallel(
  (module): rotnet_cls(
    (proj): Sequential(
      (0): Linear(in_features=192, out_features=768, bias=False)
      (1): SyncBatchNorm(768, eps=1e-05, momentum=0.1, affine=True, track_running_stats=True)
      (2): ReLU()
      (3): Linear(in_features=768, out_features=768, bias=False)
      (4): SyncBatchNorm(768, eps=1e-05, momentum=0.1, affine=True, track_running_stats=True)
      (5): ReLU()
      (6): Linear(in_features=768, out_features=4, bias=True)
    )
  )
), 'save_model': functools.partial(<function save_model at 0x7dfdbfdad480>, path='saved_models/mae.bt.rot.i100.vit.t.8.dist.pth')}
dict_keys(['train_algo', 'model', 'train_loader', 'scaler', 'loss_base', 'optimizer', 'opt_lr_schedular', 'progress', 'n_epochs', 'device_id', 'eval_id', 'return_logs', 'weight', 'rotnet', 'save_model'])
[GPU0] epochs: [1/400] train_loss_con: 983.408
[GPU0] epochs: [2/400] train_loss_con: 576.812
[GPU0] epochs: [3/400] train_loss_con: 461.317
[GPU0] epochs: [4/400] train_loss_con: 414.718
[GPU0] epochs: [5/400] train_loss_con: 383.338
[GPU0] epochs: [6/400] train_loss_con: 361.453
[GPU0] epochs: [7/400] train_loss_con: 343.485
[GPU0] epochs: [8/400] train_loss_con: 330.055
[GPU0] epochs: [9/400] train_loss_con: 317.384
[GPU0] epochs: [10/400] train_loss_con: 310.018
[GPU0] epochs: [11/400] train_loss_con: 301.977
[GPU0] epochs: [12/400] train_loss_con: 294.602
[GPU0] epochs: [13/400] train_loss_con: 288.776
[GPU0] epochs: [14/400] train_loss_con: 283.945
[GPU0] epochs: [15/400] train_loss_con: 278.418
[GPU0] epochs: [16/400] train_loss_con: 274.433
[GPU0] epochs: [17/400] train_loss_con: 269.814
[GPU0] epochs: [18/400] train_loss_con: 266.246
[GPU0] epochs: [19/400] train_loss_con: 262.188
[GPU0] epochs: [20/400] train_loss_con: 259.090
[GPU0] epochs: [21/400] train_loss_con: 255.810
[GPU0] epochs: [22/400] train_loss_con: 252.058
[GPU0] epochs: [23/400] train_loss_con: 248.148
[GPU0] epochs: [24/400] train_loss_con: 245.284
[GPU0] epochs: [25/400] train_loss_con: 242.285
[GPU0] epochs: [26/400] train_loss_con: 239.078
[GPU0] epochs: [27/400] train_loss_con: 235.921
[GPU0] epochs: [28/400] train_loss_con: 233.110
[GPU0] epochs: [29/400] train_loss_con: 231.232
[GPU0] epochs: [30/400] train_loss_con: 229.000
[GPU0] epochs: [31/400] train_loss_con: 226.798
[GPU0] epochs: [32/400] train_loss_con: 224.139
[GPU0] epochs: [33/400] train_loss_con: 222.186
[GPU0] epochs: [34/400] train_loss_con: 220.376
[GPU0] epochs: [35/400] train_loss_con: 219.041
[GPU0] epochs: [36/400] train_loss_con: 217.351
[GPU0] epochs: [37/400] train_loss_con: 215.420
[GPU0] epochs: [38/400] train_loss_con: 213.631
[GPU0] epochs: [39/400] train_loss_con: 212.025
[GPU0] epochs: [40/400] train_loss_con: 210.591
[GPU0] epochs: [41/400] train_loss_con: 208.793
[GPU0] epochs: [42/400] train_loss_con: 207.179
[GPU0] epochs: [43/400] train_loss_con: 205.606
[GPU0] epochs: [44/400] train_loss_con: 204.955
[GPU0] epochs: [45/400] train_loss_con: 203.567
[GPU0] epochs: [46/400] train_loss_con: 201.958
[GPU0] epochs: [47/400] train_loss_con: 200.315
[GPU0] epochs: [48/400] train_loss_con: 199.806
[GPU0] epochs: [49/400] train_loss_con: 198.380
[GPU0] epochs: [50/400] train_loss_con: 197.397
[GPU0] epochs: [51/400] train_loss_con: 196.224
[GPU0] epochs: [52/400] train_loss_con: 194.747
[GPU0] epochs: [53/400] train_loss_con: 193.287
[GPU0] epochs: [54/400] train_loss_con: 192.284
[GPU0] epochs: [55/400] train_loss_con: 191.838
[GPU0] epochs: [56/400] train_loss_con: 191.081
[GPU0] epochs: [57/400] train_loss_con: 190.009
[GPU0] epochs: [58/400] train_loss_con: 188.764
[GPU0] epochs: [59/400] train_loss_con: 187.896
[GPU0] epochs: [60/400] train_loss_con: 187.073
[GPU0] epochs: [61/400] train_loss_con: 185.686
[GPU0] epochs: [62/400] train_loss_con: 185.143
[GPU0] epochs: [63/400] train_loss_con: 184.536
[GPU0] epochs: [64/400] train_loss_con: 183.568
[GPU0] epochs: [65/400] train_loss_con: 182.928
[GPU0] epochs: [66/400] train_loss_con: 182.150
[GPU0] epochs: [67/400] train_loss_con: 180.886
[GPU0] epochs: [68/400] train_loss_con: 179.974
[GPU0] epochs: [69/400] train_loss_con: 179.286
[GPU0] epochs: [70/400] train_loss_con: 178.369
[GPU0] epochs: [71/400] train_loss_con: 177.731
[GPU0] epochs: [72/400] train_loss_con: 177.106
[GPU0] epochs: [73/400] train_loss_con: 176.594
[GPU0] epochs: [74/400] train_loss_con: 175.305
[GPU0] epochs: [75/400] train_loss_con: 174.712
[GPU0] epochs: [76/400] train_loss_con: 173.921
[GPU0] epochs: [77/400] train_loss_con: 173.455
[GPU0] epochs: [78/400] train_loss_con: 172.415
[GPU0] epochs: [79/400] train_loss_con: 172.117
[GPU0] epochs: [80/400] train_loss_con: 171.649
[GPU0] epochs: [81/400] train_loss_con: 170.799
[GPU0] epochs: [82/400] train_loss_con: 169.839
[GPU0] epochs: [83/400] train_loss_con: 169.624
[GPU0] epochs: [84/400] train_loss_con: 168.639
[GPU0] epochs: [85/400] train_loss_con: 168.611
[GPU0] epochs: [86/400] train_loss_con: 167.919
[GPU0] epochs: [87/400] train_loss_con: 167.612
[GPU0] epochs: [88/400] train_loss_con: 166.257
[GPU0] epochs: [89/400] train_loss_con: 165.432
[GPU0] epochs: [90/400] train_loss_con: 165.550
[GPU0] epochs: [91/400] train_loss_con: 164.931
[GPU0] epochs: [92/400] train_loss_con: 164.298
[GPU0] epochs: [93/400] train_loss_con: 163.437
[GPU0] epochs: [94/400] train_loss_con: 163.361
[GPU0] epochs: [95/400] train_loss_con: 162.841
[GPU0] epochs: [96/400] train_loss_con: 161.861
[GPU0] epochs: [97/400] train_loss_con: 161.033
[GPU0] epochs: [98/400] train_loss_con: 160.833
[GPU0] epochs: [99/400] train_loss_con: 160.613
Model saved at: saved_models/mae.bt.rot.i100.vit.t.8.dist.ec100.pth
[GPU0] epochs: [100/400] train_loss_con: 160.487
[GPU0] epochs: [101/400] train_loss_con: 159.660
[GPU0] epochs: [102/400] train_loss_con: 158.998
[GPU0] epochs: [103/400] train_loss_con: 158.877
[GPU0] epochs: [104/400] train_loss_con: 158.251
[GPU0] epochs: [105/400] train_loss_con: 157.964
[GPU0] epochs: [106/400] train_loss_con: 156.989
[GPU0] epochs: [107/400] train_loss_con: 157.198
[GPU0] epochs: [108/400] train_loss_con: 156.855
[GPU0] epochs: [109/400] train_loss_con: 155.848
[GPU0] epochs: [110/400] train_loss_con: 155.831
[GPU0] epochs: [111/400] train_loss_con: 155.100
[GPU0] epochs: [112/400] train_loss_con: 154.788
[GPU0] epochs: [113/400] train_loss_con: 153.823
[GPU0] epochs: [114/400] train_loss_con: 153.923
[GPU0] epochs: [115/400] train_loss_con: 153.492
[GPU0] epochs: [116/400] train_loss_con: 152.846
[GPU0] epochs: [117/400] train_loss_con: 152.905
[GPU0] epochs: [118/400] train_loss_con: 152.493
[GPU0] epochs: [119/400] train_loss_con: 152.175
[GPU0] epochs: [120/400] train_loss_con: 151.938
[GPU0] epochs: [121/400] train_loss_con: 151.072
[GPU0] epochs: [122/400] train_loss_con: 150.991
[GPU0] epochs: [123/400] train_loss_con: 150.774
[GPU0] epochs: [124/400] train_loss_con: 150.066
[GPU0] epochs: [125/400] train_loss_con: 149.758
[GPU0] epochs: [126/400] train_loss_con: 149.365
[GPU0] epochs: [127/400] train_loss_con: 148.842
[GPU0] epochs: [128/400] train_loss_con: 148.584
[GPU0] epochs: [129/400] train_loss_con: 148.154
[GPU0] epochs: [130/400] train_loss_con: 147.843
[GPU0] epochs: [131/400] train_loss_con: 147.549
[GPU0] epochs: [132/400] train_loss_con: 147.031
[GPU0] epochs: [133/400] train_loss_con: 147.100
[GPU0] epochs: [134/400] train_loss_con: 146.463
[GPU0] epochs: [135/400] train_loss_con: 146.239
[GPU0] epochs: [136/400] train_loss_con: 145.975
[GPU0] epochs: [137/400] train_loss_con: 146.021
[GPU0] epochs: [138/400] train_loss_con: 145.350
[GPU0] epochs: [139/400] train_loss_con: 145.464
[GPU0] epochs: [140/400] train_loss_con: 144.780
[GPU0] epochs: [141/400] train_loss_con: 145.118
[GPU0] epochs: [142/400] train_loss_con: 144.051
[GPU0] epochs: [143/400] train_loss_con: 144.174
[GPU0] epochs: [144/400] train_loss_con: 143.514
[GPU0] epochs: [145/400] train_loss_con: 143.884
[GPU0] epochs: [146/400] train_loss_con: 143.161
[GPU0] epochs: [147/400] train_loss_con: 142.767
[GPU0] epochs: [148/400] train_loss_con: 142.332
[GPU0] epochs: [149/400] train_loss_con: 142.404
[GPU0] epochs: [150/400] train_loss_con: 142.062
[GPU0] epochs: [151/400] train_loss_con: 141.550
[GPU0] epochs: [152/400] train_loss_con: 141.863
[GPU0] epochs: [153/400] train_loss_con: 140.994
[GPU0] epochs: [154/400] train_loss_con: 141.043
[GPU0] epochs: [155/400] train_loss_con: 140.728
[GPU0] epochs: [156/400] train_loss_con: 140.198
[GPU0] epochs: [157/400] train_loss_con: 140.402
[GPU0] epochs: [158/400] train_loss_con: 140.349
[GPU0] epochs: [159/400] train_loss_con: 140.084
[GPU0] epochs: [160/400] train_loss_con: 139.333
[GPU0] epochs: [161/400] train_loss_con: 139.266
[GPU0] epochs: [162/400] train_loss_con: 138.877
[GPU0] epochs: [163/400] train_loss_con: 138.993
[GPU0] epochs: [164/400] train_loss_con: 138.442
[GPU0] epochs: [165/400] train_loss_con: 138.114
[GPU0] epochs: [166/400] train_loss_con: 138.623
[GPU0] epochs: [167/400] train_loss_con: 137.698
[GPU0] epochs: [168/400] train_loss_con: 137.287
[GPU1] epochs: [1/400] train_loss_con: 983.406
[GPU1] epochs: [2/400] train_loss_con: 576.812
[GPU1] epochs: [3/400] train_loss_con: 461.316
[GPU1] epochs: [4/400] train_loss_con: 414.717
[GPU1] epochs: [5/400] train_loss_con: 383.339
[GPU1] epochs: [6/400] train_loss_con: 361.449
[GPU1] epochs: [7/400] train_loss_con: 343.490
[GPU1] epochs: [8/400] train_loss_con: 330.053
[GPU1] epochs: [9/400] train_loss_con: 317.384
[GPU1] epochs: [10/400] train_loss_con: 310.021
[GPU1] epochs: [11/400] train_loss_con: 301.978
[GPU1] epochs: [12/400] train_loss_con: 294.601
[GPU1] epochs: [13/400] train_loss_con: 288.779
[GPU1] epochs: [14/400] train_loss_con: 283.944
[GPU1] epochs: [15/400] train_loss_con: 278.421
[GPU1] epochs: [16/400] train_loss_con: 274.430
[GPU1] epochs: [17/400] train_loss_con: 269.814
[GPU1] epochs: [18/400] train_loss_con: 266.247
[GPU1] epochs: [19/400] train_loss_con: 262.186
[GPU1] epochs: [20/400] train_loss_con: 259.090
[GPU1] epochs: [21/400] train_loss_con: 255.807
[GPU1] epochs: [22/400] train_loss_con: 252.062
[GPU1] epochs: [23/400] train_loss_con: 248.151
[GPU1] epochs: [24/400] train_loss_con: 245.288
[GPU1] epochs: [25/400] train_loss_con: 242.289
[GPU1] epochs: [26/400] train_loss_con: 239.076
[GPU1] epochs: [27/400] train_loss_con: 235.923
[GPU1] epochs: [28/400] train_loss_con: 233.110
[GPU1] epochs: [29/400] train_loss_con: 231.233
[GPU1] epochs: [30/400] train_loss_con: 228.997
[GPU1] epochs: [31/400] train_loss_con: 226.800
[GPU1] epochs: [32/400] train_loss_con: 224.140
[GPU1] epochs: [33/400] train_loss_con: 222.187
[GPU1] epochs: [34/400] train_loss_con: 220.375
[GPU1] epochs: [35/400] train_loss_con: 219.044
[GPU1] epochs: [36/400] train_loss_con: 217.355
[GPU1] epochs: [37/400] train_loss_con: 215.422
[GPU1] epochs: [38/400] train_loss_con: 213.630
[GPU1] epochs: [39/400] train_loss_con: 212.028
[GPU1] epochs: [40/400] train_loss_con: 210.592
[GPU1] epochs: [41/400] train_loss_con: 208.792
[GPU1] epochs: [42/400] train_loss_con: 207.180
[GPU1] epochs: [43/400] train_loss_con: 205.605
[GPU1] epochs: [44/400] train_loss_con: 204.955
[GPU1] epochs: [45/400] train_loss_con: 203.565
[GPU1] epochs: [46/400] train_loss_con: 201.958
[GPU1] epochs: [47/400] train_loss_con: 200.320
[GPU1] epochs: [48/400] train_loss_con: 199.808
[GPU1] epochs: [49/400] train_loss_con: 198.383
[GPU1] epochs: [50/400] train_loss_con: 197.397
[GPU1] epochs: [51/400] train_loss_con: 196.227
[GPU1] epochs: [52/400] train_loss_con: 194.746
[GPU1] epochs: [53/400] train_loss_con: 193.288
[GPU1] epochs: [54/400] train_loss_con: 192.284
[GPU1] epochs: [55/400] train_loss_con: 191.834
[GPU1] epochs: [56/400] train_loss_con: 191.079
[GPU1] epochs: [57/400] train_loss_con: 190.008
[GPU1] epochs: [58/400] train_loss_con: 188.766
[GPU1] epochs: [59/400] train_loss_con: 187.898
[GPU1] epochs: [60/400] train_loss_con: 187.074
[GPU1] epochs: [61/400] train_loss_con: 185.684
[GPU1] epochs: [62/400] train_loss_con: 185.143
[GPU1] epochs: [63/400] train_loss_con: 184.533
[GPU1] epochs: [64/400] train_loss_con: 183.565
[GPU1] epochs: [65/400] train_loss_con: 182.930
[GPU1] epochs: [66/400] train_loss_con: 182.153
[GPU1] epochs: [67/400] train_loss_con: 180.888
[GPU1] epochs: [68/400] train_loss_con: 179.973
[GPU1] epochs: [69/400] train_loss_con: 179.288
[GPU1] epochs: [70/400] train_loss_con: 178.368
[GPU1] epochs: [71/400] train_loss_con: 177.733
[GPU1] epochs: [72/400] train_loss_con: 177.108
[GPU1] epochs: [73/400] train_loss_con: 176.594
[GPU1] epochs: [74/400] train_loss_con: 175.312
[GPU1] epochs: [75/400] train_loss_con: 174.714
[GPU1] epochs: [76/400] train_loss_con: 173.925
[GPU1] epochs: [77/400] train_loss_con: 173.452
[GPU1] epochs: [78/400] train_loss_con: 172.416
[GPU1] epochs: [79/400] train_loss_con: 172.117
[GPU1] epochs: [80/400] train_loss_con: 171.650
[GPU1] epochs: [81/400] train_loss_con: 170.797
[GPU1] epochs: [82/400] train_loss_con: 169.842
[GPU1] epochs: [83/400] train_loss_con: 169.627
[GPU1] epochs: [84/400] train_loss_con: 168.642
[GPU1] epochs: [85/400] train_loss_con: 168.609
[GPU1] epochs: [86/400] train_loss_con: 167.919
[GPU1] epochs: [87/400] train_loss_con: 167.615
[GPU1] epochs: [88/400] train_loss_con: 166.257
[GPU1] epochs: [89/400] train_loss_con: 165.435
[GPU1] epochs: [90/400] train_loss_con: 165.554
[GPU1] epochs: [91/400] train_loss_con: 164.933
[GPU1] epochs: [92/400] train_loss_con: 164.296
[GPU1] epochs: [93/400] train_loss_con: 163.441
[GPU1] epochs: [94/400] train_loss_con: 163.358
[GPU1] epochs: [95/400] train_loss_con: 162.844
[GPU1] epochs: [96/400] train_loss_con: 161.862
[GPU1] epochs: [97/400] train_loss_con: 161.028
[GPU1] epochs: [98/400] train_loss_con: 160.837
[GPU1] epochs: [99/400] train_loss_con: 160.614
[GPU1] epochs: [100/400] train_loss_con: 160.487
[GPU1] epochs: [101/400] train_loss_con: 159.659
[GPU1] epochs: [102/400] train_loss_con: 159.000
[GPU1] epochs: [103/400] train_loss_con: 158.874
[GPU1] epochs: [104/400] train_loss_con: 158.253
[GPU1] epochs: [105/400] train_loss_con: 157.968
[GPU1] epochs: [106/400] train_loss_con: 156.991
[GPU1] epochs: [107/400] train_loss_con: 157.199
[GPU1] epochs: [108/400] train_loss_con: 156.853
[GPU1] epochs: [109/400] train_loss_con: 155.851
[GPU1] epochs: [110/400] train_loss_con: 155.829
[GPU1] epochs: [111/400] train_loss_con: 155.095
[GPU1] epochs: [112/400] train_loss_con: 154.787
[GPU1] epochs: [113/400] train_loss_con: 153.826
[GPU1] epochs: [114/400] train_loss_con: 153.924
[GPU1] epochs: [115/400] train_loss_con: 153.488
[GPU1] epochs: [116/400] train_loss_con: 152.847
[GPU1] epochs: [117/400] train_loss_con: 152.902
[GPU1] epochs: [118/400] train_loss_con: 152.494
[GPU1] epochs: [119/400] train_loss_con: 152.178
[GPU1] epochs: [120/400] train_loss_con: 151.944
[GPU1] epochs: [121/400] train_loss_con: 151.076
[GPU1] epochs: [122/400] train_loss_con: 150.993
[GPU1] epochs: [123/400] train_loss_con: 150.776
[GPU1] epochs: [124/400] train_loss_con: 150.066
[GPU1] epochs: [125/400] train_loss_con: 149.764
[GPU1] epochs: [126/400] train_loss_con: 149.366
[GPU1] epochs: [127/400] train_loss_con: 148.843
[GPU1] epochs: [128/400] train_loss_con: 148.580
[GPU1] epochs: [129/400] train_loss_con: 148.158
[GPU1] epochs: [130/400] train_loss_con: 147.842
[GPU1] epochs: [131/400] train_loss_con: 147.541
[GPU1] epochs: [132/400] train_loss_con: 147.028
[GPU1] epochs: [133/400] train_loss_con: 147.096
[GPU1] epochs: [134/400] train_loss_con: 146.467
[GPU1] epochs: [135/400] train_loss_con: 146.236
[GPU1] epochs: [136/400] train_loss_con: 145.978
[GPU1] epochs: [137/400] train_loss_con: 146.018
[GPU1] epochs: [138/400] train_loss_con: 145.349
[GPU1] epochs: [139/400] train_loss_con: 145.465
[GPU1] epochs: [140/400] train_loss_con: 144.779
[GPU1] epochs: [141/400] train_loss_con: 145.117
[GPU1] epochs: [142/400] train_loss_con: 144.047
[GPU1] epochs: [143/400] train_loss_con: 144.178
[GPU1] epochs: [144/400] train_loss_con: 143.514
[GPU1] epochs: [145/400] train_loss_con: 143.887
[GPU1] epochs: [146/400] train_loss_con: 143.163
[GPU1] epochs: [147/400] train_loss_con: 142.769
[GPU1] epochs: [148/400] train_loss_con: 142.328
[GPU1] epochs: [149/400] train_loss_con: 142.404
[GPU1] epochs: [150/400] train_loss_con: 142.061
[GPU1] epochs: [151/400] train_loss_con: 141.557
[GPU1] epochs: [152/400] train_loss_con: 141.865
[GPU1] epochs: [153/400] train_loss_con: 140.998
[GPU1] epochs: [154/400] train_loss_con: 141.037
[GPU1] epochs: [155/400] train_loss_con: 140.730
[GPU1] epochs: [156/400] train_loss_con: 140.195
[GPU1] epochs: [157/400] train_loss_con: 140.406
[GPU1] epochs: [158/400] train_loss_con: 140.343
[GPU1] epochs: [159/400] train_loss_con: 140.082
[GPU1] epochs: [160/400] train_loss_con: 139.337
[GPU1] epochs: [161/400] train_loss_con: 139.268
[GPU1] epochs: [162/400] train_loss_con: 138.877
[GPU1] epochs: [163/400] train_loss_con: 138.993
[GPU1] epochs: [164/400] train_loss_con: 138.437
[GPU1] epochs: [165/400] train_loss_con: 138.113
[GPU1] epochs: [166/400] train_loss_con: 138.626
[GPU1] epochs: [167/400] train_loss_con: 137.692
[GPU1] epochs: [168/400] train_loss_con: 137.286
[GPU1] epochs: [169/400] train_loss_con: 137.757
