environment: 
YAML: configs/mae_bt_rot.yaml
==> SEED: 42
==> train_algo: mae_bt_rot
==> dataset: {'cifar10': {'num_classes': 10, 'params': {'data_dir': 'datasets/cifar10', 'batch_size': 512, 'test_batch_size': 512, 'num_workers': 1, 'image_size': 32, 'prefetch_factor': 4, 'algo': 'mae_bt_rot'}}, 'cifar100': {'num_classes': 100, 'params': {'data_dir': 'datasets/cifar100', 'batch_size': 512, 'test_batch_size': 512, 'num_workers': 1, 'image_size': 32, 'prefetch_factor': 4, 'algo': 'mae_bt_rot'}}, 'timg': {'num_classes': 200, 'params': {'data_dir': 'datasets/tinyimagenet/tiny-imagenet-200', 'batch_size': 512, 'test_batch_size': 512, 'num_workers': 8, 'image_size': 64, 'prefetch_factor': 2, 'algo': 'mae_bt_rot'}}, 'img100': {'num_classes': 100, 'params': {'data_dir': 'datasets/imagenet100', 'labels_json': 'Labels.json', 'batch_size': 256, 'test_batch_size': 256, 'num_workers': 6, 'image_size': 224, 'prefetch_factor': 4, 'algo': 'mae_bt_rot'}}}
==> return_logs: False
==> eval_every: 10
==> n_epochs: 400
==> n_epochs_mlp: 100
==> gpu_id: 0
==> opt: AdamW
==> opt_params: {'lr': 0.001, 'weight_decay': 0.05, 'betas': (0.9, 0.95)}
==> schedular_params: {'T_max': 380, 'eta_min': 0.001}
==> mlp_opt: SGD
==> mlp_opt_params: {'lr': 0.01, 'momentum': 0.9}
==> model_params: {'img_size': 64, 'in_chans': 3, 'patch_size': 4, 'embed_dim': 384, 'depth': 12, 'num_heads': 6, 'decoder_embed_dim': 256, 'decoder_depth': 4, 'decoder_num_heads': 8, 'mlp_ratio': 4, 'norm_pix_loss': False, 'algo_type': 'mae_bt_rot', 'model_name': 'vit'}
==> rotnet_params: {'rot_hidden': 768, 'num_classes': 4}
==> mlp_type: hidden
==> loss: mae_bt_rot
==> loss_params: {'lambd': 0.005}
==> distributed: False
==> model_save_path: saved_models/mae.bt.rot.timg.lr5e.4.pth
==> warmup_epochs: 20
==> weight: {'wt1': 0.1, 'wt2': 0.5}
==> config: configs/mae_bt_rot.yaml
==> aug: v2
--------------------------------------------------
MaskedAutoencoderViT(
  (base_encoder): MAEEncoder(
    (patch_embed): PatchEmbed(
      (proj): Conv2d(3, 384, kernel_size=(4, 4), stride=(4, 4))
      (norm): Identity()
    )
    (blocks): ModuleList(
      (0-11): 12 x Block(
        (norm1): LayerNorm((384,), eps=1e-06, elementwise_affine=True)
        (attn): Attention(
          (qkv): Linear(in_features=384, out_features=1152, bias=True)
          (q_norm): Identity()
          (k_norm): Identity()
          (attn_drop): Dropout(p=0.0, inplace=False)
          (norm): Identity()
          (proj): Linear(in_features=384, out_features=384, bias=True)
          (proj_drop): Dropout(p=0.0, inplace=False)
        )
        (ls1): Identity()
        (drop_path1): Identity()
        (norm2): LayerNorm((384,), eps=1e-06, elementwise_affine=True)
        (mlp): Mlp(
          (fc1): Linear(in_features=384, out_features=1536, bias=True)
          (act): GELU(approximate='none')
          (drop1): Dropout(p=0.0, inplace=False)
          (norm): Identity()
          (fc2): Linear(in_features=1536, out_features=384, bias=True)
          (drop2): Dropout(p=0.0, inplace=False)
        )
        (ls2): Identity()
        (drop_path2): Identity()
      )
    )
    (norm): LayerNorm((384,), eps=1e-06, elementwise_affine=True)
  )
  (decoder): MAEDecoder(
    (decoder_embed): Linear(in_features=384, out_features=256, bias=True)
    (decoder_blocks): ModuleList(
      (0-3): 4 x Block(
        (norm1): LayerNorm((256,), eps=1e-06, elementwise_affine=True)
        (attn): Attention(
          (qkv): Linear(in_features=256, out_features=768, bias=True)
          (q_norm): Identity()
          (k_norm): Identity()
          (attn_drop): Dropout(p=0.0, inplace=False)
          (norm): Identity()
          (proj): Linear(in_features=256, out_features=256, bias=True)
          (proj_drop): Dropout(p=0.0, inplace=False)
        )
        (ls1): Identity()
        (drop_path1): Identity()
        (norm2): LayerNorm((256,), eps=1e-06, elementwise_affine=True)
        (mlp): Mlp(
          (fc1): Linear(in_features=256, out_features=1024, bias=True)
          (act): GELU(approximate='none')
          (drop1): Dropout(p=0.0, inplace=False)
          (norm): Identity()
          (fc2): Linear(in_features=1024, out_features=256, bias=True)
          (drop2): Dropout(p=0.0, inplace=False)
        )
        (ls2): Identity()
        (drop_path2): Identity()
      )
    )
    (decoder_norm): LayerNorm((256,), eps=1e-06, elementwise_affine=True)
    (decoder_pred): Linear(in_features=256, out_features=48, bias=True)
  )
  (proj): bt_proj(
    (proj): Sequential(
      (0): Linear(in_features=384, out_features=8192, bias=False)
      (1): BatchNorm1d(8192, eps=1e-05, momentum=0.1, affine=True, track_running_stats=True)
      (2): ReLU()
      (3): Linear(in_features=8192, out_features=8192, bias=False)
      (4): BatchNorm1d(8192, eps=1e-05, momentum=0.1, affine=True, track_running_stats=True)
      (5): ReLU()
      (6): Linear(in_features=8192, out_features=8192, bias=True)
      (7): BatchNorm1d(8192, eps=1e-05, momentum=0.1, affine=False, track_running_stats=True)
    )
  )
)
NOC: 200
rotnet_cls(
  (proj): Sequential(
    (0): Linear(in_features=384, out_features=768, bias=False)
    (1): BatchNorm1d(768, eps=1e-05, momentum=0.1, affine=True, track_running_stats=True)
    (2): ReLU()
    (3): Linear(in_features=768, out_features=768, bias=False)
    (4): BatchNorm1d(768, eps=1e-05, momentum=0.1, affine=True, track_running_stats=True)
    (5): ReLU()
    (6): Linear(in_features=768, out_features=4, bias=True)
  )
)
augmentation for mae_bt_rot: 
Compose(
      ToImage()
      RandomResizedCrop(size=(64, 64), scale=(0.08, 1.0), ratio=(0.75, 1.3333333333333333), interpolation=InterpolationMode.BILINEAR, antialias=True)
      RandomHorizontalFlip(p=0.5)
      RandomApply(    ColorJitter(brightness=(0.6, 1.4), contrast=(0.6, 1.4), saturation=(0.6, 1.4), hue=(-0.1, 0.1)))
      RandomGrayscale(p=0.2)
      Identity()
      RandomSolarize(p=0.0, threshold=128)
      ToDtype(scale=True)
      Normalize(mean=[0.485, 0.456, 0.406], std=[0.229, 0.224, 0.225], inplace=False)
)
Compose(
      ToImage()
      RandomResizedCrop(size=(64, 64), scale=(0.08, 1.0), ratio=(0.75, 1.3333333333333333), interpolation=InterpolationMode.BILINEAR, antialias=True)
      RandomHorizontalFlip(p=0.5)
      RandomApply(    ColorJitter(brightness=(0.6, 1.4), contrast=(0.6, 1.4), saturation=(0.6, 1.4), hue=(-0.1, 0.1)))
      RandomGrayscale(p=0.2)
      Identity()
      RandomSolarize(p=0.1, threshold=128)
      ToDtype(scale=True)
      Normalize(mean=[0.485, 0.456, 0.406], std=[0.229, 0.224, 0.225], inplace=False)
)
using optimizer: AdamW
# of Training Images: 100000
# of Testing Images: 10000
schedular: <torch.optim.lr_scheduler.SequentialLR object at 0x7c7cd07e9030>
loss function: bt
loss: BT(lambda=0.005)
param config for: mae_bt_rot
{'train_algo': 'mae_bt_rot', 'model': MaskedAutoencoderViT(
  (base_encoder): MAEEncoder(
    (patch_embed): PatchEmbed(
      (proj): Conv2d(3, 384, kernel_size=(4, 4), stride=(4, 4))
      (norm): Identity()
    )
    (blocks): ModuleList(
      (0-11): 12 x Block(
        (norm1): LayerNorm((384,), eps=1e-06, elementwise_affine=True)
        (attn): Attention(
          (qkv): Linear(in_features=384, out_features=1152, bias=True)
          (q_norm): Identity()
          (k_norm): Identity()
          (attn_drop): Dropout(p=0.0, inplace=False)
          (norm): Identity()
          (proj): Linear(in_features=384, out_features=384, bias=True)
          (proj_drop): Dropout(p=0.0, inplace=False)
        )
        (ls1): Identity()
        (drop_path1): Identity()
        (norm2): LayerNorm((384,), eps=1e-06, elementwise_affine=True)
        (mlp): Mlp(
          (fc1): Linear(in_features=384, out_features=1536, bias=True)
          (act): GELU(approximate='none')
          (drop1): Dropout(p=0.0, inplace=False)
          (norm): Identity()
          (fc2): Linear(in_features=1536, out_features=384, bias=True)
          (drop2): Dropout(p=0.0, inplace=False)
        )
        (ls2): Identity()
        (drop_path2): Identity()
      )
    )
    (norm): LayerNorm((384,), eps=1e-06, elementwise_affine=True)
  )
  (decoder): MAEDecoder(
    (decoder_embed): Linear(in_features=384, out_features=256, bias=True)
    (decoder_blocks): ModuleList(
      (0-3): 4 x Block(
        (norm1): LayerNorm((256,), eps=1e-06, elementwise_affine=True)
        (attn): Attention(
          (qkv): Linear(in_features=256, out_features=768, bias=True)
          (q_norm): Identity()
          (k_norm): Identity()
          (attn_drop): Dropout(p=0.0, inplace=False)
          (norm): Identity()
          (proj): Linear(in_features=256, out_features=256, bias=True)
          (proj_drop): Dropout(p=0.0, inplace=False)
        )
        (ls1): Identity()
        (drop_path1): Identity()
        (norm2): LayerNorm((256,), eps=1e-06, elementwise_affine=True)
        (mlp): Mlp(
          (fc1): Linear(in_features=256, out_features=1024, bias=True)
          (act): GELU(approximate='none')
          (drop1): Dropout(p=0.0, inplace=False)
          (norm): Identity()
          (fc2): Linear(in_features=1024, out_features=256, bias=True)
          (drop2): Dropout(p=0.0, inplace=False)
        )
        (ls2): Identity()
        (drop_path2): Identity()
      )
    )
    (decoder_norm): LayerNorm((256,), eps=1e-06, elementwise_affine=True)
    (decoder_pred): Linear(in_features=256, out_features=48, bias=True)
  )
  (proj): bt_proj(
    (proj): Sequential(
      (0): Linear(in_features=384, out_features=8192, bias=False)
      (1): BatchNorm1d(8192, eps=1e-05, momentum=0.1, affine=True, track_running_stats=True)
      (2): ReLU()
      (3): Linear(in_features=8192, out_features=8192, bias=False)
      (4): BatchNorm1d(8192, eps=1e-05, momentum=0.1, affine=True, track_running_stats=True)
      (5): ReLU()
      (6): Linear(in_features=8192, out_features=8192, bias=True)
      (7): BatchNorm1d(8192, eps=1e-05, momentum=0.1, affine=False, track_running_stats=True)
    )
  )
), 'train_loader': <torch.utils.data.dataloader.DataLoader object at 0x7c7cd0639900>, 'scaler': <torch.cuda.amp.grad_scaler.GradScaler object at 0x7c7cd07e9000>, 'loss_base': BT(lambda=0.005), 'optimizer': AdamW (
Parameter Group 0
    amsgrad: False
    betas: (0.9, 0.95)
    capturable: False
    decoupled_weight_decay: True
    differentiable: False
    eps: 1e-08
    foreach: None
    fused: True
    initial_lr: 0.001
    lr: 1e-09
    maximize: False
    weight_decay: 0.05
), 'opt_lr_schedular': <torch.optim.lr_scheduler.SequentialLR object at 0x7c7cd07e9030>, 'progress': <function progress at 0x7c7cd02c29e0>, 'n_epochs': 400, 'device_id': 0, 'eval_id': 0, 'return_logs': False, 'weight': {'wt1': 0.1, 'wt2': 0.5}, 'rotnet': rotnet_cls(
  (proj): Sequential(
    (0): Linear(in_features=384, out_features=768, bias=False)
    (1): BatchNorm1d(768, eps=1e-05, momentum=0.1, affine=True, track_running_stats=True)
    (2): ReLU()
    (3): Linear(in_features=768, out_features=768, bias=False)
    (4): BatchNorm1d(768, eps=1e-05, momentum=0.1, affine=True, track_running_stats=True)
    (5): ReLU()
    (6): Linear(in_features=768, out_features=4, bias=True)
  )
), 'save_model': functools.partial(<function save_model at 0x7c7cd02c1750>, path='saved_models/mae.bt.rot.timg.lr5e.4.pth')}
dict_keys(['train_algo', 'model', 'train_loader', 'scaler', 'loss_base', 'optimizer', 'opt_lr_schedular', 'progress', 'n_epochs', 'device_id', 'eval_id', 'return_logs', 'weight', 'rotnet', 'save_model'])
### mae + bt + rotnet Training begins
[GPU0] epochs: [1/400] train_loss_con: 983.668
[GPU0] epochs: [2/400] train_loss_con: 563.758
[GPU0] epochs: [3/400] train_loss_con: 472.700
[GPU0] epochs: [4/400] train_loss_con: 438.534
[GPU0] epochs: [5/400] train_loss_con: 414.605
[GPU0] epochs: [6/400] train_loss_con: 395.714
[GPU0] epochs: [7/400] train_loss_con: 380.880
[GPU0] epochs: [8/400] train_loss_con: 369.004
[GPU0] epochs: [9/400] train_loss_con: 359.932
[GPU0] epochs: [10/400] train_loss_con: 350.952
[GPU0] epochs: [11/400] train_loss_con: 344.289
[GPU0] epochs: [12/400] train_loss_con: 336.966
[GPU0] epochs: [13/400] train_loss_con: 332.048
[GPU0] epochs: [14/400] train_loss_con: 327.662
[GPU0] epochs: [15/400] train_loss_con: 323.049
[GPU0] epochs: [16/400] train_loss_con: 319.396
[GPU0] epochs: [17/400] train_loss_con: 313.601
[GPU0] epochs: [18/400] train_loss_con: 310.491
[GPU0] epochs: [19/400] train_loss_con: 306.926
[GPU0] epochs: [20/400] train_loss_con: 302.557
[GPU0] epochs: [21/400] train_loss_con: 299.294
[GPU0] epochs: [22/400] train_loss_con: 295.875
[GPU0] epochs: [23/400] train_loss_con: 290.659
[GPU0] epochs: [24/400] train_loss_con: 287.704
[GPU0] epochs: [25/400] train_loss_con: 284.166
[GPU0] epochs: [26/400] train_loss_con: 281.026
[GPU0] epochs: [27/400] train_loss_con: 278.562
[GPU0] epochs: [28/400] train_loss_con: 275.737
[GPU0] epochs: [29/400] train_loss_con: 272.457
[GPU0] epochs: [30/400] train_loss_con: 271.012
[GPU0] epochs: [31/400] train_loss_con: 268.857
[GPU0] epochs: [32/400] train_loss_con: 266.567
[GPU0] epochs: [33/400] train_loss_con: 263.861
[GPU0] epochs: [34/400] train_loss_con: 262.239
[GPU0] epochs: [35/400] train_loss_con: 261.013
[GPU0] epochs: [36/400] train_loss_con: 259.497
[GPU0] epochs: [37/400] train_loss_con: 257.874
[GPU0] epochs: [38/400] train_loss_con: 255.928
[GPU0] epochs: [39/400] train_loss_con: 254.247
[GPU0] epochs: [40/400] train_loss_con: 253.211
[GPU0] epochs: [41/400] train_loss_con: 251.665
[GPU0] epochs: [42/400] train_loss_con: 249.761
[GPU0] epochs: [43/400] train_loss_con: 249.441
[GPU0] epochs: [44/400] train_loss_con: 247.033
[GPU0] epochs: [45/400] train_loss_con: 246.804
[GPU0] epochs: [46/400] train_loss_con: 245.347
[GPU0] epochs: [47/400] train_loss_con: 244.999
[GPU0] epochs: [48/400] train_loss_con: 242.821
[GPU0] epochs: [49/400] train_loss_con: 242.627
[GPU0] epochs: [50/400] train_loss_con: 241.737
[GPU0] epochs: [51/400] train_loss_con: 241.338
[GPU0] epochs: [52/400] train_loss_con: 239.654
[GPU0] epochs: [53/400] train_loss_con: 238.947
[GPU0] epochs: [54/400] train_loss_con: 238.247
[GPU0] epochs: [55/400] train_loss_con: 236.529
[GPU0] epochs: [56/400] train_loss_con: 235.736
[GPU0] epochs: [57/400] train_loss_con: 235.623
[GPU0] epochs: [58/400] train_loss_con: 234.386
[GPU0] epochs: [59/400] train_loss_con: 233.634
[GPU0] epochs: [60/400] train_loss_con: 232.747
[GPU0] epochs: [61/400] train_loss_con: 232.042
[GPU0] epochs: [62/400] train_loss_con: 230.986
[GPU0] epochs: [63/400] train_loss_con: 230.612
[GPU0] epochs: [64/400] train_loss_con: 230.060
[GPU0] epochs: [65/400] train_loss_con: 227.958
[GPU0] epochs: [66/400] train_loss_con: 227.272
[GPU0] epochs: [67/400] train_loss_con: 227.895
[GPU0] epochs: [68/400] train_loss_con: 226.642
[GPU0] epochs: [69/400] train_loss_con: 225.461
[GPU0] epochs: [70/400] train_loss_con: 225.561
[GPU0] epochs: [71/400] train_loss_con: 224.269
[GPU0] epochs: [72/400] train_loss_con: 223.898
[GPU0] epochs: [73/400] train_loss_con: 223.123
[GPU0] epochs: [74/400] train_loss_con: 222.547
[GPU0] epochs: [75/400] train_loss_con: 221.632
[GPU0] epochs: [76/400] train_loss_con: 221.098
[GPU0] epochs: [77/400] train_loss_con: 221.222
[GPU0] epochs: [78/400] train_loss_con: 220.235
[GPU0] epochs: [79/400] train_loss_con: 219.443
[GPU0] epochs: [80/400] train_loss_con: 219.696
[GPU0] epochs: [81/400] train_loss_con: 218.714
[GPU0] epochs: [82/400] train_loss_con: 217.721
[GPU0] epochs: [83/400] train_loss_con: 217.662
[GPU0] epochs: [84/400] train_loss_con: 217.154
[GPU0] epochs: [85/400] train_loss_con: 216.403
[GPU0] epochs: [86/400] train_loss_con: 215.502
[GPU0] epochs: [87/400] train_loss_con: 215.072
[GPU0] epochs: [88/400] train_loss_con: 214.670
[GPU0] epochs: [89/400] train_loss_con: 214.919
[GPU0] epochs: [90/400] train_loss_con: 213.665
[GPU0] epochs: [91/400] train_loss_con: 213.469
[GPU0] epochs: [92/400] train_loss_con: 213.872
[GPU0] epochs: [93/400] train_loss_con: 212.537
[GPU0] epochs: [94/400] train_loss_con: 211.727
[GPU0] epochs: [95/400] train_loss_con: 211.540
[GPU0] epochs: [96/400] train_loss_con: 210.247
[GPU0] epochs: [97/400] train_loss_con: 210.718
[GPU0] epochs: [98/400] train_loss_con: 210.751
[GPU0] epochs: [99/400] train_loss_con: 209.136
Model saved at: saved_models/mae.bt.rot.timg.lr5e.4.ec100.pth
[GPU0] epochs: [100/400] train_loss_con: 209.696
[GPU0] epochs: [101/400] train_loss_con: 209.045
[GPU0] epochs: [102/400] train_loss_con: 208.625
[GPU0] epochs: [103/400] train_loss_con: 209.363
[GPU0] epochs: [104/400] train_loss_con: 208.114
[GPU0] epochs: [105/400] train_loss_con: 207.284
[GPU0] epochs: [106/400] train_loss_con: 207.753
[GPU0] epochs: [107/400] train_loss_con: 207.215
[GPU0] epochs: [108/400] train_loss_con: 206.339
[GPU0] epochs: [109/400] train_loss_con: 205.664
[GPU0] epochs: [110/400] train_loss_con: 205.932
[GPU0] epochs: [111/400] train_loss_con: 205.332
[GPU0] epochs: [112/400] train_loss_con: 204.972
[GPU0] epochs: [113/400] train_loss_con: 204.088
[GPU0] epochs: [114/400] train_loss_con: 203.706
[GPU0] epochs: [115/400] train_loss_con: 203.134
[GPU0] epochs: [116/400] train_loss_con: 203.308
[GPU0] epochs: [117/400] train_loss_con: 202.768
[GPU0] epochs: [118/400] train_loss_con: 202.403
[GPU0] epochs: [119/400] train_loss_con: 202.054
[GPU0] epochs: [120/400] train_loss_con: 201.656
[GPU0] epochs: [121/400] train_loss_con: 201.897
[GPU0] epochs: [122/400] train_loss_con: 201.045
[GPU0] epochs: [123/400] train_loss_con: 200.588
[GPU0] epochs: [124/400] train_loss_con: 200.678
[GPU0] epochs: [125/400] train_loss_con: 200.420
[GPU0] epochs: [126/400] train_loss_con: 200.033
[GPU0] epochs: [127/400] train_loss_con: 199.288
[GPU0] epochs: [128/400] train_loss_con: 199.205
[GPU0] epochs: [129/400] train_loss_con: 198.985
[GPU0] epochs: [130/400] train_loss_con: 198.694
[GPU0] epochs: [131/400] train_loss_con: 198.940
[GPU0] epochs: [132/400] train_loss_con: 198.115
[GPU0] epochs: [133/400] train_loss_con: 197.320
[GPU0] epochs: [134/400] train_loss_con: 197.316
[GPU0] epochs: [135/400] train_loss_con: 197.714
[GPU0] epochs: [136/400] train_loss_con: 197.388
[GPU0] epochs: [137/400] train_loss_con: 196.548
[GPU0] epochs: [138/400] train_loss_con: 196.108
[GPU0] epochs: [139/400] train_loss_con: 195.606
[GPU0] epochs: [140/400] train_loss_con: 195.338
[GPU0] epochs: [141/400] train_loss_con: 195.605
[GPU0] epochs: [142/400] train_loss_con: 195.174
[GPU0] epochs: [143/400] train_loss_con: 195.429
[GPU0] epochs: [144/400] train_loss_con: 194.903
[GPU0] epochs: [145/400] train_loss_con: 194.241
[GPU0] epochs: [146/400] train_loss_con: 193.727
[GPU0] epochs: [147/400] train_loss_con: 193.623
[GPU0] epochs: [148/400] train_loss_con: 192.801
[GPU0] epochs: [149/400] train_loss_con: 192.762
[GPU0] epochs: [150/400] train_loss_con: 193.524
[GPU0] epochs: [151/400] train_loss_con: 193.986
[GPU0] epochs: [152/400] train_loss_con: 192.651
[GPU0] epochs: [153/400] train_loss_con: 192.205
[GPU0] epochs: [154/400] train_loss_con: 191.505
[GPU0] epochs: [155/400] train_loss_con: 192.009
[GPU0] epochs: [156/400] train_loss_con: 191.268
[GPU0] epochs: [157/400] train_loss_con: 190.984
[GPU0] epochs: [158/400] train_loss_con: 190.553
[GPU0] epochs: [159/400] train_loss_con: 190.720
[GPU0] epochs: [160/400] train_loss_con: 190.783
[GPU0] epochs: [161/400] train_loss_con: 189.509
[GPU0] epochs: [162/400] train_loss_con: 190.292
[GPU0] epochs: [163/400] train_loss_con: 189.793
[GPU0] epochs: [164/400] train_loss_con: 189.950
[GPU0] epochs: [165/400] train_loss_con: 189.554
[GPU0] epochs: [166/400] train_loss_con: 189.830
[GPU0] epochs: [167/400] train_loss_con: 189.186
[GPU0] epochs: [168/400] train_loss_con: 188.905
[GPU0] epochs: [169/400] train_loss_con: 188.998
[GPU0] epochs: [170/400] train_loss_con: 188.509
[GPU0] epochs: [171/400] train_loss_con: 188.403
[GPU0] epochs: [172/400] train_loss_con: 187.975
[GPU0] epochs: [173/400] train_loss_con: 188.415
[GPU0] epochs: [174/400] train_loss_con: 187.531
[GPU0] epochs: [175/400] train_loss_con: 187.453
[GPU0] epochs: [176/400] train_loss_con: 186.730
[GPU0] epochs: [177/400] train_loss_con: 187.435
[GPU0] epochs: [178/400] train_loss_con: 186.525
