environment: 
YAML: configs/mae_bt.yaml
==> SEED: 42
==> train_algo: mae_bt
==> dataset: {'cifar10': {'num_classes': 10, 'params': {'data_dir': 'datasets/cifar10', 'batch_size': 512, 'test_batch_size': 512, 'num_workers': 1, 'image_size': 32, 'algo': 'mae_bt'}}, 'cifar100': {'num_classes': 100, 'params': {'data_dir': 'datasets/cifar100', 'batch_size': 512, 'test_batch_size': 512, 'num_workers': 1, 'image_size': 32, 'algo': 'mae_bt'}}, 'timg': {'num_classes': 200, 'params': {'data_dir': 'datasets/tinyimagenet/tiny-imagenet-200', 'batch_size': 512, 'test_batch_size': 512, 'num_workers': 6, 'image_size': 64, 'algo': 'mae_bt'}}, 'img100': {'num_classes': 100, 'params': {'data_dir': 'datasets/imagenet100', 'labels_json': 'Labels.json', 'batch_size': 256, 'test_batch_size': 256, 'num_workers': 6, 'image_size': 224, 'algo': 'mae_bt'}}}
==> return_logs: False
==> eval_every: 10
==> n_epochs: 400
==> n_epochs_mlp: 100
==> gpu_id: 1
==> opt: AdamW
==> opt_params: {'lr': 0.0003, 'weight_decay': 0.05, 'betas': (0.9, 0.95)}
==> schedular_params: {'T_max': 380, 'eta_min': 0.001}
==> mlp_opt: SGD
==> mlp_opt_params: {'lr': 0.01, 'momentum': 0.9}
==> model_params: {'img_size': 64, 'in_chans': 3, 'patch_size': 4, 'embed_dim': 384, 'depth': 12, 'num_heads': 6, 'decoder_embed_dim': 256, 'decoder_depth': 4, 'decoder_num_heads': 8, 'mlp_ratio': 4, 'norm_pix_loss': False, 'proj_dim': 4096, 'barlow_hidden': 4096, 'algo_type': 'mae_bt', 'model_name': 'vit'}
==> mlp_type: hidden
==> loss: mae_bt
==> loss_params: {'lambd': 0.005}
==> distributed: False
==> model_save_path: saved_models/mae.bt.timg.wt0.5.pth
==> warmup_epochs: 20
==> weight: 0.5
==> config: configs/mae_bt.yaml
--------------------------------------------------
MaskedAutoencoderViT(
  (base_encoder): MAEEncoder(
    (patch_embed): PatchEmbed(
      (proj): Conv2d(3, 384, kernel_size=(4, 4), stride=(4, 4))
      (norm): Identity()
    )
    (blocks): ModuleList(
      (0-11): 12 x Block(
        (norm1): LayerNorm((384,), eps=1e-06, elementwise_affine=True)
        (attn): Attention(
          (qkv): Linear(in_features=384, out_features=1152, bias=True)
          (q_norm): Identity()
          (k_norm): Identity()
          (attn_drop): Dropout(p=0.0, inplace=False)
          (norm): Identity()
          (proj): Linear(in_features=384, out_features=384, bias=True)
          (proj_drop): Dropout(p=0.0, inplace=False)
        )
        (ls1): Identity()
        (drop_path1): Identity()
        (norm2): LayerNorm((384,), eps=1e-06, elementwise_affine=True)
        (mlp): Mlp(
          (fc1): Linear(in_features=384, out_features=1536, bias=True)
          (act): GELU(approximate='none')
          (drop1): Dropout(p=0.0, inplace=False)
          (norm): Identity()
          (fc2): Linear(in_features=1536, out_features=384, bias=True)
          (drop2): Dropout(p=0.0, inplace=False)
        )
        (ls2): Identity()
        (drop_path2): Identity()
      )
    )
    (norm): LayerNorm((384,), eps=1e-06, elementwise_affine=True)
  )
  (decoder): MAEDecoder(
    (decoder_embed): Linear(in_features=384, out_features=256, bias=True)
    (decoder_blocks): ModuleList(
      (0-3): 4 x Block(
        (norm1): LayerNorm((256,), eps=1e-06, elementwise_affine=True)
        (attn): Attention(
          (qkv): Linear(in_features=256, out_features=768, bias=True)
          (q_norm): Identity()
          (k_norm): Identity()
          (attn_drop): Dropout(p=0.0, inplace=False)
          (norm): Identity()
          (proj): Linear(in_features=256, out_features=256, bias=True)
          (proj_drop): Dropout(p=0.0, inplace=False)
        )
        (ls1): Identity()
        (drop_path1): Identity()
        (norm2): LayerNorm((256,), eps=1e-06, elementwise_affine=True)
        (mlp): Mlp(
          (fc1): Linear(in_features=256, out_features=1024, bias=True)
          (act): GELU(approximate='none')
          (drop1): Dropout(p=0.0, inplace=False)
          (norm): Identity()
          (fc2): Linear(in_features=1024, out_features=256, bias=True)
          (drop2): Dropout(p=0.0, inplace=False)
        )
        (ls2): Identity()
        (drop_path2): Identity()
      )
    )
    (decoder_norm): LayerNorm((256,), eps=1e-06, elementwise_affine=True)
    (decoder_pred): Linear(in_features=256, out_features=48, bias=True)
  )
  (proj): bt_proj(
    (proj): Sequential(
      (0): Linear(in_features=384, out_features=4096, bias=False)
      (1): BatchNorm1d(4096, eps=1e-05, momentum=0.1, affine=True, track_running_stats=True)
      (2): ReLU()
      (3): Linear(in_features=4096, out_features=4096, bias=False)
      (4): BatchNorm1d(4096, eps=1e-05, momentum=0.1, affine=True, track_running_stats=True)
      (5): ReLU()
      (6): Linear(in_features=4096, out_features=4096, bias=True)
      (7): BatchNorm1d(4096, eps=1e-05, momentum=0.1, affine=False, track_running_stats=True)
    )
  )
)
NOC: 200
augmentation for mae_bt: 
Compose(
    RandomResizedCrop(size=(64, 64), scale=(0.08, 1.0), ratio=(0.75, 1.3333), interpolation=bilinear, antialias=True)
    RandomHorizontalFlip(p=0.5)
    RandomApply(
    p=0.8
    ColorJitter(brightness=(0.6, 1.4), contrast=(0.6, 1.4), saturation=(0.6, 1.4), hue=(-0.1, 0.1))
)
    RandomGrayscale(p=0.2)
    Identity()
    Solarization(p = 0.0)
    ToTensor()
    Normalize(mean=(0.485, 0.456, 0.406), std=(0.229, 0.224, 0.225))
)
Compose(
    RandomResizedCrop(size=(64, 64), scale=(0.08, 1.0), ratio=(0.75, 1.3333), interpolation=bilinear, antialias=True)
    RandomHorizontalFlip(p=0.5)
    RandomApply(
    p=0.8
    ColorJitter(brightness=(0.6, 1.4), contrast=(0.6, 1.4), saturation=(0.6, 1.4), hue=(-0.1, 0.1))
)
    RandomGrayscale(p=0.2)
    Identity()
    Solarization(p = 0.1)
    ToTensor()
    Normalize(mean=(0.485, 0.456, 0.406), std=(0.229, 0.224, 0.225))
)
using optimizer: AdamW
# of Training Images: 100000
# of Testing Images: 10000
schedular: <torch.optim.lr_scheduler.SequentialLR object at 0x7785a91c9690>
loss function: bt
### mae + bt Training begins
[GPU1] epochs: [1/400] train_loss_con: 1750.730
[GPU1] epochs: [2/400] train_loss_con: 1202.119
[GPU1] epochs: [3/400] train_loss_con: 998.725
[GPU1] epochs: [4/400] train_loss_con: 920.268
[GPU1] epochs: [5/400] train_loss_con: 864.236
[GPU1] epochs: [6/400] train_loss_con: 817.863
[GPU1] epochs: [7/400] train_loss_con: 778.717
[GPU1] epochs: [8/400] train_loss_con: 751.140
[GPU1] epochs: [9/400] train_loss_con: 728.099
[GPU1] epochs: [10/400] train_loss_con: 707.020
[GPU1] epochs: [11/400] train_loss_con: 686.518
[GPU1] epochs: [12/400] train_loss_con: 667.586
[GPU1] epochs: [13/400] train_loss_con: 654.371
[GPU1] epochs: [14/400] train_loss_con: 641.258
[GPU1] epochs: [15/400] train_loss_con: 630.484
[GPU1] epochs: [16/400] train_loss_con: 619.512
[GPU1] epochs: [17/400] train_loss_con: 610.897
[GPU1] epochs: [18/400] train_loss_con: 602.818
[GPU1] epochs: [19/400] train_loss_con: 597.540
[GPU1] epochs: [20/400] train_loss_con: 592.539
[GPU1] epochs: [21/400] train_loss_con: 582.870
[GPU1] epochs: [22/400] train_loss_con: 572.625
[GPU1] epochs: [23/400] train_loss_con: 566.830
[GPU1] epochs: [24/400] train_loss_con: 558.221
[GPU1] epochs: [25/400] train_loss_con: 551.576
[GPU1] epochs: [26/400] train_loss_con: 545.448
[GPU1] epochs: [27/400] train_loss_con: 540.036
[GPU1] epochs: [28/400] train_loss_con: 533.544
[GPU1] epochs: [29/400] train_loss_con: 529.904
[GPU1] epochs: [30/400] train_loss_con: 523.106
[GPU1] epochs: [31/400] train_loss_con: 519.408
[GPU1] epochs: [32/400] train_loss_con: 516.935
[GPU1] epochs: [33/400] train_loss_con: 509.778
[GPU1] epochs: [34/400] train_loss_con: 508.684
[GPU1] epochs: [35/400] train_loss_con: 504.292
[GPU1] epochs: [36/400] train_loss_con: 500.845
[GPU1] epochs: [37/400] train_loss_con: 494.901
[GPU1] epochs: [38/400] train_loss_con: 491.575
[GPU1] epochs: [39/400] train_loss_con: 488.230
[GPU1] epochs: [40/400] train_loss_con: 488.763
[GPU1] epochs: [41/400] train_loss_con: 481.981
[GPU1] epochs: [42/400] train_loss_con: 480.611
[GPU1] epochs: [43/400] train_loss_con: 477.313
[GPU1] epochs: [44/400] train_loss_con: 476.111
[GPU1] epochs: [45/400] train_loss_con: 473.622
