environment: 
YAML: configs/mae_bt_rot.yaml
==> SEED: 42
==> train_algo: mae_bt_rot
==> dataset: {'cifar10': {'num_classes': 10, 'params': {'data_dir': 'datasets/cifar10', 'batch_size': 512, 'test_batch_size': 512, 'num_workers': 1, 'image_size': 32, 'prefetch_factor': 4, 'algo': 'mae_bt_rot'}}, 'cifar100': {'num_classes': 100, 'params': {'data_dir': 'datasets/cifar100', 'batch_size': 512, 'test_batch_size': 512, 'num_workers': 1, 'image_size': 32, 'prefetch_factor': 4, 'algo': 'mae_bt_rot'}}, 'timg': {'num_classes': 200, 'params': {'data_dir': 'datasets/tinyimagenet/tiny-imagenet-200', 'batch_size': 256, 'test_batch_size': 256, 'num_workers': 6, 'image_size': 64, 'prefetch_factor': 4, 'algo': 'mae_bt_rot'}}, 'img100': {'num_classes': 100, 'params': {'data_dir': 'datasets/imagenet100', 'labels_json': 'Labels.json', 'batch_size': 512, 'test_batch_size': 512, 'num_workers': 8, 'image_size': 224, 'prefetch_factor': 4, 'algo': 'mae_bt_rot'}}}
==> return_logs: False
==> eval_every: 10
==> n_epochs: 400
==> n_epochs_mlp: 100
==> gpu_id: 0
==> opt: AdamW
==> opt_params: {'lr': 0.001, 'weight_decay': 0.05, 'betas': (0.9, 0.95)}
==> schedular_params: {'T_max': 380, 'eta_min': 0.001}
==> mlp_opt: SGD
==> mlp_opt_params: {'lr': 0.01, 'momentum': 0.9}
==> model_params: {'img_size': 224, 'in_chans': 3, 'patch_size': 16, 'embed_dim': 384, 'depth': 12, 'num_heads': 6, 'decoder_embed_dim': 256, 'decoder_depth': 4, 'decoder_num_heads': 8, 'mlp_ratio': 4, 'norm_pix_loss': False, 'algo_type': 'mae_bt_rot', 'model_name': 'vit'}
==> rotnet_params: {'rot_hidden': 768, 'num_classes': 4}
==> mlp_type: hidden
==> loss: mae_bt_rot
==> loss_params: {'lambd': 0.005}
==> distributed: False
==> model_save_path: saved_models/mae.bt.rot.i100.lr5e.4.pth
==> warmup_epochs: 20
==> weight: {'wt1': 0.1, 'wt2': 0.5}
==> config: configs/mae_bt_rot.yaml
==> aug: v2
--------------------------------------------------
MaskedAutoencoderViT(
  (base_encoder): MAEEncoder(
    (patch_embed): PatchEmbed(
      (proj): Conv2d(3, 384, kernel_size=(16, 16), stride=(16, 16))
      (norm): Identity()
    )
    (blocks): ModuleList(
      (0-11): 12 x Block(
        (norm1): LayerNorm((384,), eps=1e-06, elementwise_affine=True)
        (attn): Attention(
          (qkv): Linear(in_features=384, out_features=1152, bias=True)
          (q_norm): Identity()
          (k_norm): Identity()
          (attn_drop): Dropout(p=0.0, inplace=False)
          (norm): Identity()
          (proj): Linear(in_features=384, out_features=384, bias=True)
          (proj_drop): Dropout(p=0.0, inplace=False)
        )
        (ls1): Identity()
        (drop_path1): Identity()
        (norm2): LayerNorm((384,), eps=1e-06, elementwise_affine=True)
        (mlp): Mlp(
          (fc1): Linear(in_features=384, out_features=1536, bias=True)
          (act): GELU(approximate='none')
          (drop1): Dropout(p=0.0, inplace=False)
          (norm): Identity()
          (fc2): Linear(in_features=1536, out_features=384, bias=True)
          (drop2): Dropout(p=0.0, inplace=False)
        )
        (ls2): Identity()
        (drop_path2): Identity()
      )
    )
    (norm): LayerNorm((384,), eps=1e-06, elementwise_affine=True)
  )
  (decoder): MAEDecoder(
    (decoder_embed): Linear(in_features=384, out_features=256, bias=True)
    (decoder_blocks): ModuleList(
      (0-3): 4 x Block(
        (norm1): LayerNorm((256,), eps=1e-06, elementwise_affine=True)
        (attn): Attention(
          (qkv): Linear(in_features=256, out_features=768, bias=True)
          (q_norm): Identity()
          (k_norm): Identity()
          (attn_drop): Dropout(p=0.0, inplace=False)
          (norm): Identity()
          (proj): Linear(in_features=256, out_features=256, bias=True)
          (proj_drop): Dropout(p=0.0, inplace=False)
        )
        (ls1): Identity()
        (drop_path1): Identity()
        (norm2): LayerNorm((256,), eps=1e-06, elementwise_affine=True)
        (mlp): Mlp(
          (fc1): Linear(in_features=256, out_features=1024, bias=True)
          (act): GELU(approximate='none')
          (drop1): Dropout(p=0.0, inplace=False)
          (norm): Identity()
          (fc2): Linear(in_features=1024, out_features=256, bias=True)
          (drop2): Dropout(p=0.0, inplace=False)
        )
        (ls2): Identity()
        (drop_path2): Identity()
      )
    )
    (decoder_norm): LayerNorm((256,), eps=1e-06, elementwise_affine=True)
    (decoder_pred): Linear(in_features=256, out_features=768, bias=True)
  )
  (proj): bt_proj(
    (proj): Sequential(
      (0): Linear(in_features=384, out_features=8192, bias=False)
      (1): BatchNorm1d(8192, eps=1e-05, momentum=0.1, affine=True, track_running_stats=True)
      (2): ReLU()
      (3): Linear(in_features=8192, out_features=8192, bias=False)
      (4): BatchNorm1d(8192, eps=1e-05, momentum=0.1, affine=True, track_running_stats=True)
      (5): ReLU()
      (6): Linear(in_features=8192, out_features=8192, bias=True)
      (7): BatchNorm1d(8192, eps=1e-05, momentum=0.1, affine=False, track_running_stats=True)
    )
  )
)
NOC: 100
rotnet_cls(
  (proj): Sequential(
    (0): Linear(in_features=384, out_features=768, bias=False)
    (1): BatchNorm1d(768, eps=1e-05, momentum=0.1, affine=True, track_running_stats=True)
    (2): ReLU()
    (3): Linear(in_features=768, out_features=768, bias=False)
    (4): BatchNorm1d(768, eps=1e-05, momentum=0.1, affine=True, track_running_stats=True)
    (5): ReLU()
    (6): Linear(in_features=768, out_features=4, bias=True)
  )
)
augmentation for mae_bt_rot: 
Compose(
      ToImage()
      RandomResizedCrop(size=(224, 224), scale=(0.08, 1.0), ratio=(0.75, 1.3333333333333333), interpolation=InterpolationMode.BILINEAR, antialias=True)
      RandomHorizontalFlip(p=0.5)
      RandomApply(    ColorJitter(brightness=(0.6, 1.4), contrast=(0.6, 1.4), saturation=(0.6, 1.4), hue=(-0.1, 0.1)))
      RandomGrayscale(p=0.2)
      RandomApply(    GaussianBlur(kernel_size=(23, 23), sigma=[0.1, 2.0]))
      RandomSolarize(p=0.0, threshold=128)
      ToDtype(scale=True)
      Normalize(mean=[0.485, 0.456, 0.406], std=[0.229, 0.224, 0.225], inplace=False)
)
Compose(
      ToImage()
      RandomResizedCrop(size=(224, 224), scale=(0.08, 1.0), ratio=(0.75, 1.3333333333333333), interpolation=InterpolationMode.BILINEAR, antialias=True)
      RandomHorizontalFlip(p=0.5)
      RandomApply(    ColorJitter(brightness=(0.6, 1.4), contrast=(0.6, 1.4), saturation=(0.6, 1.4), hue=(-0.1, 0.1)))
      RandomGrayscale(p=0.2)
      RandomApply(    GaussianBlur(kernel_size=(23, 23), sigma=[0.1, 2.0]))
      RandomSolarize(p=0.1, threshold=128)
      ToDtype(scale=True)
      Normalize(mean=[0.485, 0.456, 0.406], std=[0.229, 0.224, 0.225], inplace=False)
)
using optimizer: AdamW
# of Training Images: 130000
# of Testing Images: 5000
schedular: <torch.optim.lr_scheduler.SequentialLR object at 0x79d3ea017100>
loss function: bt
loss: BT(lambda=0.005)
param config for: mae_bt_rot
{'train_algo': 'mae_bt_rot', 'model': MaskedAutoencoderViT(
  (base_encoder): MAEEncoder(
    (patch_embed): PatchEmbed(
      (proj): Conv2d(3, 384, kernel_size=(16, 16), stride=(16, 16))
      (norm): Identity()
    )
    (blocks): ModuleList(
      (0-11): 12 x Block(
        (norm1): LayerNorm((384,), eps=1e-06, elementwise_affine=True)
        (attn): Attention(
          (qkv): Linear(in_features=384, out_features=1152, bias=True)
          (q_norm): Identity()
          (k_norm): Identity()
          (attn_drop): Dropout(p=0.0, inplace=False)
          (norm): Identity()
          (proj): Linear(in_features=384, out_features=384, bias=True)
          (proj_drop): Dropout(p=0.0, inplace=False)
        )
        (ls1): Identity()
        (drop_path1): Identity()
        (norm2): LayerNorm((384,), eps=1e-06, elementwise_affine=True)
        (mlp): Mlp(
          (fc1): Linear(in_features=384, out_features=1536, bias=True)
          (act): GELU(approximate='none')
          (drop1): Dropout(p=0.0, inplace=False)
          (norm): Identity()
          (fc2): Linear(in_features=1536, out_features=384, bias=True)
          (drop2): Dropout(p=0.0, inplace=False)
        )
        (ls2): Identity()
        (drop_path2): Identity()
      )
    )
    (norm): LayerNorm((384,), eps=1e-06, elementwise_affine=True)
  )
  (decoder): MAEDecoder(
    (decoder_embed): Linear(in_features=384, out_features=256, bias=True)
    (decoder_blocks): ModuleList(
      (0-3): 4 x Block(
        (norm1): LayerNorm((256,), eps=1e-06, elementwise_affine=True)
        (attn): Attention(
          (qkv): Linear(in_features=256, out_features=768, bias=True)
          (q_norm): Identity()
          (k_norm): Identity()
          (attn_drop): Dropout(p=0.0, inplace=False)
          (norm): Identity()
          (proj): Linear(in_features=256, out_features=256, bias=True)
          (proj_drop): Dropout(p=0.0, inplace=False)
        )
        (ls1): Identity()
        (drop_path1): Identity()
        (norm2): LayerNorm((256,), eps=1e-06, elementwise_affine=True)
        (mlp): Mlp(
          (fc1): Linear(in_features=256, out_features=1024, bias=True)
          (act): GELU(approximate='none')
          (drop1): Dropout(p=0.0, inplace=False)
          (norm): Identity()
          (fc2): Linear(in_features=1024, out_features=256, bias=True)
          (drop2): Dropout(p=0.0, inplace=False)
        )
        (ls2): Identity()
        (drop_path2): Identity()
      )
    )
    (decoder_norm): LayerNorm((256,), eps=1e-06, elementwise_affine=True)
    (decoder_pred): Linear(in_features=256, out_features=768, bias=True)
  )
  (proj): bt_proj(
    (proj): Sequential(
      (0): Linear(in_features=384, out_features=8192, bias=False)
      (1): BatchNorm1d(8192, eps=1e-05, momentum=0.1, affine=True, track_running_stats=True)
      (2): ReLU()
      (3): Linear(in_features=8192, out_features=8192, bias=False)
      (4): BatchNorm1d(8192, eps=1e-05, momentum=0.1, affine=True, track_running_stats=True)
      (5): ReLU()
      (6): Linear(in_features=8192, out_features=8192, bias=True)
      (7): BatchNorm1d(8192, eps=1e-05, momentum=0.1, affine=False, track_running_stats=True)
    )
  )
), 'train_loader': <torch.utils.data.dataloader.DataLoader object at 0x79d3ea017b20>, 'scaler': <torch.cuda.amp.grad_scaler.GradScaler object at 0x79d3ea0170a0>, 'loss_base': BT(lambda=0.005), 'optimizer': AdamW (
Parameter Group 0
    amsgrad: False
    betas: (0.9, 0.95)
    capturable: False
    decoupled_weight_decay: True
    differentiable: False
    eps: 1e-08
    foreach: None
    fused: True
    initial_lr: 0.001
    lr: 1e-09
    maximize: False
    weight_decay: 0.05
), 'opt_lr_schedular': <torch.optim.lr_scheduler.SequentialLR object at 0x79d3ea017100>, 'progress': <function progress at 0x79d3ea1da9e0>, 'n_epochs': 400, 'device_id': 0, 'eval_id': 0, 'return_logs': False, 'weight': {'wt1': 0.1, 'wt2': 0.5}, 'rotnet': rotnet_cls(
  (proj): Sequential(
    (0): Linear(in_features=384, out_features=768, bias=False)
    (1): BatchNorm1d(768, eps=1e-05, momentum=0.1, affine=True, track_running_stats=True)
    (2): ReLU()
    (3): Linear(in_features=768, out_features=768, bias=False)
    (4): BatchNorm1d(768, eps=1e-05, momentum=0.1, affine=True, track_running_stats=True)
    (5): ReLU()
    (6): Linear(in_features=768, out_features=4, bias=True)
  )
), 'save_model': functools.partial(<function save_model at 0x79d3ea1d9750>, path='saved_models/mae.bt.rot.i100.lr5e.4.pth')}
dict_keys(['train_algo', 'model', 'train_loader', 'scaler', 'loss_base', 'optimizer', 'opt_lr_schedular', 'progress', 'n_epochs', 'device_id', 'eval_id', 'return_logs', 'weight', 'rotnet', 'save_model'])
### mae + bt + rotnet Training begins
[GPU0] epochs: [1/400] train_loss_con: 943.482
[GPU0] epochs: [2/400] train_loss_con: 548.160
[GPU0] epochs: [3/400] train_loss_con: 433.128
[GPU0] epochs: [4/400] train_loss_con: 390.973
[GPU0] epochs: [5/400] train_loss_con: 367.608
[GPU0] epochs: [6/400] train_loss_con: 353.865
[GPU0] epochs: [7/400] train_loss_con: 343.884
[GPU0] epochs: [8/400] train_loss_con: 335.023
[GPU0] epochs: [9/400] train_loss_con: 326.379
[GPU0] epochs: [10/400] train_loss_con: 319.438
[GPU0] epochs: [11/400] train_loss_con: 313.616
[GPU0] epochs: [12/400] train_loss_con: 309.811
[GPU0] epochs: [13/400] train_loss_con: 304.889
[GPU0] epochs: [14/400] train_loss_con: 299.413
[GPU0] epochs: [15/400] train_loss_con: 297.856
[GPU0] epochs: [16/400] train_loss_con: 293.485
[GPU0] epochs: [17/400] train_loss_con: 289.061
[GPU0] epochs: [18/400] train_loss_con: 285.945
[GPU0] epochs: [19/400] train_loss_con: 283.362
[GPU0] epochs: [20/400] train_loss_con: 280.608
[GPU0] epochs: [21/400] train_loss_con: 277.181
[GPU0] epochs: [22/400] train_loss_con: 272.836
[GPU0] epochs: [23/400] train_loss_con: 268.654
[GPU0] epochs: [24/400] train_loss_con: 264.918
[GPU0] epochs: [25/400] train_loss_con: 260.737
[GPU0] epochs: [26/400] train_loss_con: 258.050
[GPU0] epochs: [27/400] train_loss_con: 255.247
[GPU0] epochs: [28/400] train_loss_con: 251.816
[GPU0] epochs: [29/400] train_loss_con: 249.166
[GPU0] epochs: [30/400] train_loss_con: 246.376
[GPU0] epochs: [31/400] train_loss_con: 244.502
[GPU0] epochs: [32/400] train_loss_con: 242.545
[GPU0] epochs: [33/400] train_loss_con: 240.450
[GPU0] epochs: [34/400] train_loss_con: 238.241
[GPU0] epochs: [35/400] train_loss_con: 236.496
[GPU0] epochs: [36/400] train_loss_con: 234.378
[GPU0] epochs: [37/400] train_loss_con: 232.698
[GPU0] epochs: [38/400] train_loss_con: 231.195
[GPU0] epochs: [39/400] train_loss_con: 230.237
[GPU0] epochs: [40/400] train_loss_con: 228.219
[GPU0] epochs: [41/400] train_loss_con: 226.396
[GPU0] epochs: [42/400] train_loss_con: 224.896
[GPU0] epochs: [43/400] train_loss_con: 223.132
[GPU0] epochs: [44/400] train_loss_con: 221.716
[GPU0] epochs: [45/400] train_loss_con: 219.923
[GPU0] epochs: [46/400] train_loss_con: 219.481
[GPU0] epochs: [47/400] train_loss_con: 218.064
[GPU0] epochs: [48/400] train_loss_con: 217.178
[GPU0] epochs: [49/400] train_loss_con: 215.815
[GPU0] epochs: [50/400] train_loss_con: 214.608
[GPU0] epochs: [51/400] train_loss_con: 213.730
[GPU0] epochs: [52/400] train_loss_con: 212.603
[GPU0] epochs: [53/400] train_loss_con: 211.464
[GPU0] epochs: [54/400] train_loss_con: 210.225
[GPU0] epochs: [55/400] train_loss_con: 209.469
[GPU0] epochs: [56/400] train_loss_con: 208.654
[GPU0] epochs: [57/400] train_loss_con: 207.394
[GPU0] epochs: [58/400] train_loss_con: 206.233
[GPU0] epochs: [59/400] train_loss_con: 205.071
[GPU0] epochs: [60/400] train_loss_con: 204.000
[GPU0] epochs: [61/400] train_loss_con: 203.910
[GPU0] epochs: [62/400] train_loss_con: 202.988
[GPU0] epochs: [63/400] train_loss_con: 201.748
[GPU0] epochs: [64/400] train_loss_con: 201.064
[GPU0] epochs: [65/400] train_loss_con: 200.079
[GPU0] epochs: [66/400] train_loss_con: 199.390
[GPU0] epochs: [67/400] train_loss_con: 198.967
[GPU0] epochs: [68/400] train_loss_con: 198.124
[GPU0] epochs: [69/400] train_loss_con: 197.293
[GPU0] epochs: [70/400] train_loss_con: 196.528
[GPU0] epochs: [71/400] train_loss_con: 195.360
[GPU0] epochs: [72/400] train_loss_con: 195.407
[GPU0] epochs: [73/400] train_loss_con: 193.993
[GPU0] epochs: [74/400] train_loss_con: 193.494
[GPU0] epochs: [75/400] train_loss_con: 193.128
[GPU0] epochs: [76/400] train_loss_con: 192.327
[GPU0] epochs: [77/400] train_loss_con: 192.699
[GPU0] epochs: [78/400] train_loss_con: 191.562
[GPU0] epochs: [79/400] train_loss_con: 191.247
[GPU0] epochs: [80/400] train_loss_con: 189.948
[GPU0] epochs: [81/400] train_loss_con: 189.286
[GPU0] epochs: [82/400] train_loss_con: 188.796
[GPU0] epochs: [83/400] train_loss_con: 188.679
[GPU0] epochs: [84/400] train_loss_con: 187.650
[GPU0] epochs: [85/400] train_loss_con: 187.827
[GPU0] epochs: [86/400] train_loss_con: 186.513
[GPU0] epochs: [87/400] train_loss_con: 186.264
[GPU0] epochs: [88/400] train_loss_con: 185.146
[GPU0] epochs: [89/400] train_loss_con: 184.926
[GPU0] epochs: [90/400] train_loss_con: 184.769
[GPU0] epochs: [91/400] train_loss_con: 183.958
[GPU0] epochs: [92/400] train_loss_con: 183.627
[GPU0] epochs: [93/400] train_loss_con: 183.084
[GPU0] epochs: [94/400] train_loss_con: 182.099
[GPU0] epochs: [95/400] train_loss_con: 182.196
[GPU0] epochs: [96/400] train_loss_con: 181.817
[GPU0] epochs: [97/400] train_loss_con: 180.633
[GPU0] epochs: [98/400] train_loss_con: 180.745
[GPU0] epochs: [99/400] train_loss_con: 180.447
Model saved at: saved_models/mae.bt.rot.i100.lr5e.4.ec100.pth
[GPU0] epochs: [100/400] train_loss_con: 180.442
[GPU0] epochs: [101/400] train_loss_con: 179.657
[GPU0] epochs: [102/400] train_loss_con: 178.756
[GPU0] epochs: [103/400] train_loss_con: 178.881
[GPU0] epochs: [104/400] train_loss_con: 178.641
[GPU0] epochs: [105/400] train_loss_con: 177.807
[GPU0] epochs: [106/400] train_loss_con: 177.522
[GPU0] epochs: [107/400] train_loss_con: 176.977
[GPU0] epochs: [108/400] train_loss_con: 176.333
[GPU0] epochs: [109/400] train_loss_con: 176.557
[GPU0] epochs: [110/400] train_loss_con: 176.078
