environment: 
YAML: configs/mae_rot.yaml
==> SEED: 42
==> train_algo: mae_rot
==> dataset: {'cifar10': {'num_classes': 10, 'params': {'data_dir': 'datasets/cifar10', 'batch_size': 512, 'test_batch_size': 512, 'num_workers': 1, 'image_size': 32, 'algo': 'mae_rot'}}, 'cifar100': {'num_classes': 100, 'params': {'data_dir': 'datasets/cifar100', 'batch_size': 512, 'test_batch_size': 512, 'num_workers': 1, 'image_size': 32, 'algo': 'mae_rot'}}, 'timg': {'num_classes': 200, 'params': {'data_dir': 'datasets/tinyimagenet/tiny-imagenet-200', 'batch_size': 256, 'test_batch_size': 256, 'num_workers': 6, 'image_size': 64, 'algo': 'mae_rot'}}, 'img100': {'num_classes': 100, 'params': {'data_dir': 'datasets/imagenet100', 'labels_json': 'Labels.json', 'batch_size': 512, 'test_batch_size': 512, 'num_workers': 6, 'image_size': 224, 'algo': 'mae_rot'}}}
==> return_logs: False
==> eval_every: 10
==> n_epochs: 400
==> n_epochs_mlp: 100
==> gpu_id: 0
==> opt: AdamW
==> opt_params: {'lr': 0.0003, 'weight_decay': 0.05, 'betas': (0.9, 0.95)}
==> schedular_params: {'T_max': 380, 'eta_min': 0.001}
==> mlp_opt: SGD
==> mlp_opt_params: {'lr': 0.01, 'momentum': 0.9}
==> model_params: {'img_size': 224, 'in_chans': 3, 'patch_size': 16, 'embed_dim': 384, 'depth': 12, 'num_heads': 6, 'decoder_embed_dim': 256, 'decoder_depth': 4, 'decoder_num_heads': 8, 'mlp_ratio': 4, 'norm_pix_loss': False, 'algo_type': 'mae_rot', 'model_name': 'vit'}
==> rotnet_params: {'rot_hidden': 768, 'num_classes': 4}
==> mlp_type: hidden
==> loss: mae_rot
==> distributed: False
==> model_save_path: saved_models/mae.rot.i100.wt0.5.pth
==> warmup_epochs: 20
==> weight: 0.5
==> config: configs/mae_rot.yaml
--------------------------------------------------
MaskedAutoencoderViT(
  (base_encoder): MAEEncoder(
    (patch_embed): PatchEmbed(
      (proj): Conv2d(3, 384, kernel_size=(16, 16), stride=(16, 16))
      (norm): Identity()
    )
    (blocks): ModuleList(
      (0-11): 12 x Block(
        (norm1): LayerNorm((384,), eps=1e-06, elementwise_affine=True)
        (attn): Attention(
          (qkv): Linear(in_features=384, out_features=1152, bias=True)
          (q_norm): Identity()
          (k_norm): Identity()
          (attn_drop): Dropout(p=0.0, inplace=False)
          (norm): Identity()
          (proj): Linear(in_features=384, out_features=384, bias=True)
          (proj_drop): Dropout(p=0.0, inplace=False)
        )
        (ls1): Identity()
        (drop_path1): Identity()
        (norm2): LayerNorm((384,), eps=1e-06, elementwise_affine=True)
        (mlp): Mlp(
          (fc1): Linear(in_features=384, out_features=1536, bias=True)
          (act): GELU(approximate='none')
          (drop1): Dropout(p=0.0, inplace=False)
          (norm): Identity()
          (fc2): Linear(in_features=1536, out_features=384, bias=True)
          (drop2): Dropout(p=0.0, inplace=False)
        )
        (ls2): Identity()
        (drop_path2): Identity()
      )
    )
    (norm): LayerNorm((384,), eps=1e-06, elementwise_affine=True)
  )
  (decoder): MAEDecoder(
    (decoder_embed): Linear(in_features=384, out_features=256, bias=True)
    (decoder_blocks): ModuleList(
      (0-3): 4 x Block(
        (norm1): LayerNorm((256,), eps=1e-06, elementwise_affine=True)
        (attn): Attention(
          (qkv): Linear(in_features=256, out_features=768, bias=True)
          (q_norm): Identity()
          (k_norm): Identity()
          (attn_drop): Dropout(p=0.0, inplace=False)
          (norm): Identity()
          (proj): Linear(in_features=256, out_features=256, bias=True)
          (proj_drop): Dropout(p=0.0, inplace=False)
        )
        (ls1): Identity()
        (drop_path1): Identity()
        (norm2): LayerNorm((256,), eps=1e-06, elementwise_affine=True)
        (mlp): Mlp(
          (fc1): Linear(in_features=256, out_features=1024, bias=True)
          (act): GELU(approximate='none')
          (drop1): Dropout(p=0.0, inplace=False)
          (norm): Identity()
          (fc2): Linear(in_features=1024, out_features=256, bias=True)
          (drop2): Dropout(p=0.0, inplace=False)
        )
        (ls2): Identity()
        (drop_path2): Identity()
      )
    )
    (decoder_norm): LayerNorm((256,), eps=1e-06, elementwise_affine=True)
    (decoder_pred): Linear(in_features=256, out_features=768, bias=True)
  )
)
NOC: 100
rotnet_cls(
  (proj): Sequential(
    (0): Linear(in_features=384, out_features=768, bias=False)
    (1): BatchNorm1d(768, eps=1e-05, momentum=0.1, affine=True, track_running_stats=True)
    (2): ReLU()
    (3): Linear(in_features=768, out_features=768, bias=False)
    (4): BatchNorm1d(768, eps=1e-05, momentum=0.1, affine=True, track_running_stats=True)
    (5): ReLU()
    (6): Linear(in_features=768, out_features=4, bias=True)
  )
)
augmentation for mae_rot: 
Compose(
    RandomResizedCrop(size=(224, 224), scale=(0.08, 1.0), ratio=(0.75, 1.3333), interpolation=bilinear, antialias=True)
    RandomHorizontalFlip(p=0.5)
    RandomApply(
    p=0.8
    ColorJitter(brightness=(0.6, 1.4), contrast=(0.6, 1.4), saturation=(0.6, 1.4), hue=(-0.1, 0.1))
)
    RandomGrayscale(p=0.2)
    GaussianBlur(p = 0.0)
    Solarization(p = 0.0)
    ToTensor()
    Normalize(mean=[0.485, 0.456, 0.406], std=[0.229, 0.224, 0.225])
)
Compose(
    RandomResizedCrop(size=(224, 224), scale=(0.08, 1.0), ratio=(0.75, 1.3333), interpolation=bilinear, antialias=True)
    RandomHorizontalFlip(p=0.5)
    RandomApply(
    p=0.8
    ColorJitter(brightness=(0.6, 1.4), contrast=(0.6, 1.4), saturation=(0.6, 1.4), hue=(-0.1, 0.1))
)
    RandomGrayscale(p=0.2)
    GaussianBlur(p = 0.0)
    Solarization(p = 0.0)
    ToTensor()
    Normalize(mean=[0.485, 0.456, 0.406], std=[0.229, 0.224, 0.225])
)
using optimizer: AdamW
# of Training Images: 130000
# of Testing Images: 5000
schedular: <torch.optim.lr_scheduler.SequentialLR object at 0x7d5db56a4130>
using basic dataloader for MAE
### MAE + rotnet Training begins
[GPU0] epochs: [1/400] train_loss_con: 2.481
[GPU0] epochs: [2/400] train_loss_con: 1.820
[GPU0] epochs: [3/400] train_loss_con: 1.369
[GPU0] epochs: [4/400] train_loss_con: 1.131
[GPU0] epochs: [5/400] train_loss_con: 1.036
[GPU0] epochs: [6/400] train_loss_con: 0.987
[GPU0] epochs: [7/400] train_loss_con: 0.956
[GPU0] epochs: [8/400] train_loss_con: 0.932
[GPU0] epochs: [9/400] train_loss_con: 0.910
[GPU0] epochs: [10/400] train_loss_con: 0.893
[GPU0] epochs: [11/400] train_loss_con: 0.877
[GPU0] epochs: [12/400] train_loss_con: 0.864
[GPU0] epochs: [13/400] train_loss_con: 0.850
[GPU0] epochs: [14/400] train_loss_con: 0.835
[GPU0] epochs: [15/400] train_loss_con: 0.824
[GPU0] epochs: [16/400] train_loss_con: 0.811
[GPU0] epochs: [17/400] train_loss_con: 0.802
[GPU0] epochs: [18/400] train_loss_con: 0.792
[GPU0] epochs: [19/400] train_loss_con: 0.779
[GPU0] epochs: [20/400] train_loss_con: 0.771
[GPU0] epochs: [21/400] train_loss_con: 0.762
[GPU0] epochs: [22/400] train_loss_con: 0.749
[GPU0] epochs: [23/400] train_loss_con: 0.738
[GPU0] epochs: [24/400] train_loss_con: 0.729
[GPU0] epochs: [25/400] train_loss_con: 0.717
[GPU0] epochs: [26/400] train_loss_con: 0.708
[GPU0] epochs: [27/400] train_loss_con: 0.701
[GPU0] epochs: [28/400] train_loss_con: 0.692
[GPU0] epochs: [29/400] train_loss_con: 0.683
[GPU0] epochs: [30/400] train_loss_con: 0.676
[GPU0] epochs: [31/400] train_loss_con: 0.669
[GPU0] epochs: [32/400] train_loss_con: 0.662
[GPU0] epochs: [33/400] train_loss_con: 0.657
[GPU0] epochs: [34/400] train_loss_con: 0.651
[GPU0] epochs: [35/400] train_loss_con: 0.645
[GPU0] epochs: [36/400] train_loss_con: 0.641
[GPU0] epochs: [37/400] train_loss_con: 0.636
[GPU0] epochs: [38/400] train_loss_con: 0.630
[GPU0] epochs: [39/400] train_loss_con: 0.626
[GPU0] epochs: [40/400] train_loss_con: 0.622
[GPU0] epochs: [41/400] train_loss_con: 0.617
[GPU0] epochs: [42/400] train_loss_con: 0.613
[GPU0] epochs: [43/400] train_loss_con: 0.607
[GPU0] epochs: [44/400] train_loss_con: 0.606
[GPU0] epochs: [45/400] train_loss_con: 0.601
[GPU0] epochs: [46/400] train_loss_con: 0.599
[GPU0] epochs: [47/400] train_loss_con: 0.596
[GPU0] epochs: [48/400] train_loss_con: 0.592
[GPU0] epochs: [49/400] train_loss_con: 0.590
[GPU0] epochs: [50/400] train_loss_con: 0.585
[GPU0] epochs: [51/400] train_loss_con: 0.582
[GPU0] epochs: [52/400] train_loss_con: 0.579
[GPU0] epochs: [53/400] train_loss_con: 0.577
[GPU0] epochs: [54/400] train_loss_con: 0.576
[GPU0] epochs: [55/400] train_loss_con: 0.573
[GPU0] epochs: [56/400] train_loss_con: 0.570
[GPU0] epochs: [57/400] train_loss_con: 0.568
[GPU0] epochs: [58/400] train_loss_con: 0.566
[GPU0] epochs: [59/400] train_loss_con: 0.563
[GPU0] epochs: [60/400] train_loss_con: 0.559
[GPU0] epochs: [61/400] train_loss_con: 0.557
[GPU0] epochs: [62/400] train_loss_con: 0.555
[GPU0] epochs: [63/400] train_loss_con: 0.554
[GPU0] epochs: [64/400] train_loss_con: 0.551
[GPU0] epochs: [65/400] train_loss_con: 0.549
[GPU0] epochs: [66/400] train_loss_con: 0.547
[GPU0] epochs: [67/400] train_loss_con: 0.544
[GPU0] epochs: [68/400] train_loss_con: 0.544
[GPU0] epochs: [69/400] train_loss_con: 0.540
[GPU0] epochs: [70/400] train_loss_con: 0.540
[GPU0] epochs: [71/400] train_loss_con: 0.538
[GPU0] epochs: [72/400] train_loss_con: 0.536
[GPU0] epochs: [73/400] train_loss_con: 0.535
[GPU0] epochs: [74/400] train_loss_con: 0.532
[GPU0] epochs: [75/400] train_loss_con: 0.532
[GPU0] epochs: [76/400] train_loss_con: 0.530
[GPU0] epochs: [77/400] train_loss_con: 0.528
[GPU0] epochs: [78/400] train_loss_con: 0.527
[GPU0] epochs: [79/400] train_loss_con: 0.525
[GPU0] epochs: [80/400] train_loss_con: 0.524
[GPU0] epochs: [81/400] train_loss_con: 0.522
[GPU0] epochs: [82/400] train_loss_con: 0.521
[GPU0] epochs: [83/400] train_loss_con: 0.521
[GPU0] epochs: [84/400] train_loss_con: 0.518
[GPU0] epochs: [85/400] train_loss_con: 0.516
[GPU0] epochs: [86/400] train_loss_con: 0.515
[GPU0] epochs: [87/400] train_loss_con: 0.515
[GPU0] epochs: [88/400] train_loss_con: 0.514
[GPU0] epochs: [89/400] train_loss_con: 0.512
[GPU0] epochs: [90/400] train_loss_con: 0.511
[GPU0] epochs: [91/400] train_loss_con: 0.510
[GPU0] epochs: [92/400] train_loss_con: 0.507
[GPU0] epochs: [93/400] train_loss_con: 0.507
[GPU0] epochs: [94/400] train_loss_con: 0.506
[GPU0] epochs: [95/400] train_loss_con: 0.506
[GPU0] epochs: [96/400] train_loss_con: 0.504
[GPU0] epochs: [97/400] train_loss_con: 0.504
[GPU0] epochs: [98/400] train_loss_con: 0.504
[GPU0] epochs: [99/400] train_loss_con: 0.500
[GPU0] epochs: [100/400] train_loss_con: 0.499
[GPU0] epochs: [101/400] train_loss_con: 0.499
[GPU0] epochs: [102/400] train_loss_con: 0.498
[GPU0] epochs: [103/400] train_loss_con: 0.497
[GPU0] epochs: [104/400] train_loss_con: 0.496
[GPU0] epochs: [105/400] train_loss_con: 0.494
[GPU0] epochs: [106/400] train_loss_con: 0.494
[GPU0] epochs: [107/400] train_loss_con: 0.494
[GPU0] epochs: [108/400] train_loss_con: 0.494
[GPU0] epochs: [109/400] train_loss_con: 0.493
[GPU0] epochs: [110/400] train_loss_con: 0.491
[GPU0] epochs: [111/400] train_loss_con: 0.491
[GPU0] epochs: [112/400] train_loss_con: 0.489
[GPU0] epochs: [113/400] train_loss_con: 0.490
[GPU0] epochs: [114/400] train_loss_con: 0.487
[GPU0] epochs: [115/400] train_loss_con: 0.487
[GPU0] epochs: [116/400] train_loss_con: 0.487
[GPU0] epochs: [117/400] train_loss_con: 0.487
[GPU0] epochs: [118/400] train_loss_con: 0.485
[GPU0] epochs: [119/400] train_loss_con: 0.484
[GPU0] epochs: [120/400] train_loss_con: 0.485
[GPU0] epochs: [121/400] train_loss_con: 0.483
[GPU0] epochs: [122/400] train_loss_con: 0.482
[GPU0] epochs: [123/400] train_loss_con: 0.482
[GPU0] epochs: [124/400] train_loss_con: 0.483
[GPU0] epochs: [125/400] train_loss_con: 0.480
[GPU0] epochs: [126/400] train_loss_con: 0.480
[GPU0] epochs: [127/400] train_loss_con: 0.479
[GPU0] epochs: [128/400] train_loss_con: 0.480
[GPU0] epochs: [129/400] train_loss_con: 0.477
[GPU0] epochs: [130/400] train_loss_con: 0.476
[GPU0] epochs: [131/400] train_loss_con: 0.475
[GPU0] epochs: [132/400] train_loss_con: 0.476
[GPU0] epochs: [133/400] train_loss_con: 0.475
[GPU0] epochs: [134/400] train_loss_con: 0.475
[GPU0] epochs: [135/400] train_loss_con: 0.474
[GPU0] epochs: [136/400] train_loss_con: 0.473
[GPU0] epochs: [137/400] train_loss_con: 0.473
[GPU0] epochs: [138/400] train_loss_con: 0.470
[GPU0] epochs: [139/400] train_loss_con: 0.473
[GPU0] epochs: [140/400] train_loss_con: 0.471
[GPU0] epochs: [141/400] train_loss_con: 0.471
[GPU0] epochs: [142/400] train_loss_con: 0.470
[GPU0] epochs: [143/400] train_loss_con: 0.470
[GPU0] epochs: [144/400] train_loss_con: 0.469
[GPU0] epochs: [145/400] train_loss_con: 0.469
[GPU0] epochs: [146/400] train_loss_con: 0.469
[GPU0] epochs: [147/400] train_loss_con: 0.468
[GPU0] epochs: [148/400] train_loss_con: 0.468
[GPU0] epochs: [149/400] train_loss_con: 0.465
[GPU0] epochs: [150/400] train_loss_con: 0.467
[GPU0] epochs: [151/400] train_loss_con: 0.466
[GPU0] epochs: [152/400] train_loss_con: 0.465
[GPU0] epochs: [153/400] train_loss_con: 0.465
[GPU0] epochs: [154/400] train_loss_con: 0.464
[GPU0] epochs: [155/400] train_loss_con: 0.465
[GPU0] epochs: [156/400] train_loss_con: 0.462
[GPU0] epochs: [157/400] train_loss_con: 0.464
[GPU0] epochs: [158/400] train_loss_con: 0.464
[GPU0] epochs: [159/400] train_loss_con: 0.463
[GPU0] epochs: [160/400] train_loss_con: 0.465
[GPU0] epochs: [161/400] train_loss_con: 0.461
[GPU0] epochs: [162/400] train_loss_con: 0.461
[GPU0] epochs: [163/400] train_loss_con: 0.461
[GPU0] epochs: [164/400] train_loss_con: 0.461
[GPU0] epochs: [165/400] train_loss_con: 0.459
[GPU0] epochs: [166/400] train_loss_con: 0.460
[GPU0] epochs: [167/400] train_loss_con: 0.459
[GPU0] epochs: [168/400] train_loss_con: 0.457
[GPU0] epochs: [169/400] train_loss_con: 0.459
[GPU0] epochs: [170/400] train_loss_con: 0.459
[GPU0] epochs: [171/400] train_loss_con: 0.458
[GPU0] epochs: [172/400] train_loss_con: 0.458
[GPU0] epochs: [173/400] train_loss_con: 0.457
[GPU0] epochs: [174/400] train_loss_con: 0.458
[GPU0] epochs: [175/400] train_loss_con: 0.457
[GPU0] epochs: [176/400] train_loss_con: 0.455
[GPU0] epochs: [177/400] train_loss_con: 0.456
[GPU0] epochs: [178/400] train_loss_con: 0.456
[GPU0] epochs: [179/400] train_loss_con: 0.456
[GPU0] epochs: [180/400] train_loss_con: 0.455
[GPU0] epochs: [181/400] train_loss_con: 0.453
[GPU0] epochs: [182/400] train_loss_con: 0.455
[GPU0] epochs: [183/400] train_loss_con: 0.453
[GPU0] epochs: [184/400] train_loss_con: 0.454
[GPU0] epochs: [185/400] train_loss_con: 0.453
[GPU0] epochs: [186/400] train_loss_con: 0.451
[GPU0] epochs: [187/400] train_loss_con: 0.453
[GPU0] epochs: [188/400] train_loss_con: 0.452
[GPU0] epochs: [189/400] train_loss_con: 0.453
[GPU0] epochs: [190/400] train_loss_con: 0.453
[GPU0] epochs: [191/400] train_loss_con: 0.450
[GPU0] epochs: [192/400] train_loss_con: 0.451
[GPU0] epochs: [193/400] train_loss_con: 0.450
[GPU0] epochs: [194/400] train_loss_con: 0.450
[GPU0] epochs: [195/400] train_loss_con: 0.450
[GPU0] epochs: [196/400] train_loss_con: 0.449
[GPU0] epochs: [197/400] train_loss_con: 0.448
[GPU0] epochs: [198/400] train_loss_con: 0.449
[GPU0] epochs: [199/400] train_loss_con: 0.448
[GPU0] epochs: [200/400] train_loss_con: 0.448
[GPU0] epochs: [201/400] train_loss_con: 0.448
[GPU0] epochs: [202/400] train_loss_con: 0.449
[GPU0] epochs: [203/400] train_loss_con: 0.446
[GPU0] epochs: [204/400] train_loss_con: 0.447
[GPU0] epochs: [205/400] train_loss_con: 0.446
[GPU0] epochs: [206/400] train_loss_con: 0.447
[GPU0] epochs: [207/400] train_loss_con: 0.445
[GPU0] epochs: [208/400] train_loss_con: 0.446
[GPU0] epochs: [209/400] train_loss_con: 0.445
[GPU0] epochs: [210/400] train_loss_con: 0.445
[GPU0] epochs: [211/400] train_loss_con: 0.445
[GPU0] epochs: [212/400] train_loss_con: 0.445
[GPU0] epochs: [213/400] train_loss_con: 0.444
[GPU0] epochs: [214/400] train_loss_con: 0.444
[GPU0] epochs: [215/400] train_loss_con: 0.444
[GPU0] epochs: [216/400] train_loss_con: 0.443
[GPU0] epochs: [217/400] train_loss_con: 0.444
[GPU0] epochs: [218/400] train_loss_con: 0.443
[GPU0] epochs: [219/400] train_loss_con: 0.444
[GPU0] epochs: [220/400] train_loss_con: 0.442
[GPU0] epochs: [221/400] train_loss_con: 0.443
[GPU0] epochs: [222/400] train_loss_con: 0.442
[GPU0] epochs: [223/400] train_loss_con: 0.442
[GPU0] epochs: [224/400] train_loss_con: 0.440
[GPU0] epochs: [225/400] train_loss_con: 0.441
[GPU0] epochs: [226/400] train_loss_con: 0.440
[GPU0] epochs: [227/400] train_loss_con: 0.440
[GPU0] epochs: [228/400] train_loss_con: 0.441
[GPU0] epochs: [229/400] train_loss_con: 0.442
[GPU0] epochs: [230/400] train_loss_con: 0.441
[GPU0] epochs: [231/400] train_loss_con: 0.439
[GPU0] epochs: [232/400] train_loss_con: 0.440
[GPU0] epochs: [233/400] train_loss_con: 0.440
[GPU0] epochs: [234/400] train_loss_con: 0.440
[GPU0] epochs: [235/400] train_loss_con: 0.440
[GPU0] epochs: [236/400] train_loss_con: 0.437
[GPU0] epochs: [237/400] train_loss_con: 0.437
[GPU0] epochs: [238/400] train_loss_con: 0.438
[GPU0] epochs: [239/400] train_loss_con: 0.437
[GPU0] epochs: [240/400] train_loss_con: 0.437
[GPU0] epochs: [241/400] train_loss_con: 0.438
[GPU0] epochs: [242/400] train_loss_con: 0.437
[GPU0] epochs: [243/400] train_loss_con: 0.438
[GPU0] epochs: [244/400] train_loss_con: 0.437
[GPU0] epochs: [245/400] train_loss_con: 0.436
[GPU0] epochs: [246/400] train_loss_con: 0.435
[GPU0] epochs: [247/400] train_loss_con: 0.436
[GPU0] epochs: [248/400] train_loss_con: 0.434
[GPU0] epochs: [249/400] train_loss_con: 0.436
[GPU0] epochs: [250/400] train_loss_con: 0.434
[GPU0] epochs: [251/400] train_loss_con: 0.435
[GPU0] epochs: [252/400] train_loss_con: 0.436
[GPU0] epochs: [253/400] train_loss_con: 0.435
[GPU0] epochs: [254/400] train_loss_con: 0.433
[GPU0] epochs: [255/400] train_loss_con: 0.434
[GPU0] epochs: [256/400] train_loss_con: 0.434
[GPU0] epochs: [257/400] train_loss_con: 0.433
[GPU0] epochs: [258/400] train_loss_con: 0.433
[GPU0] epochs: [259/400] train_loss_con: 0.432
[GPU0] epochs: [260/400] train_loss_con: 0.432
[GPU0] epochs: [261/400] train_loss_con: 0.431
[GPU0] epochs: [262/400] train_loss_con: 0.433
[GPU0] epochs: [263/400] train_loss_con: 0.431
[GPU0] epochs: [264/400] train_loss_con: 0.432
[GPU0] epochs: [265/400] train_loss_con: 0.432
[GPU0] epochs: [266/400] train_loss_con: 0.431
[GPU0] epochs: [267/400] train_loss_con: 0.430
[GPU0] epochs: [268/400] train_loss_con: 0.432
[GPU0] epochs: [269/400] train_loss_con: 0.430
[GPU0] epochs: [270/400] train_loss_con: 0.429
[GPU0] epochs: [271/400] train_loss_con: 0.428
[GPU0] epochs: [272/400] train_loss_con: 0.431
[GPU0] epochs: [273/400] train_loss_con: 0.429
[GPU0] epochs: [274/400] train_loss_con: 0.428
[GPU0] epochs: [275/400] train_loss_con: 0.429
[GPU0] epochs: [276/400] train_loss_con: 0.430
[GPU0] epochs: [277/400] train_loss_con: 0.427
[GPU0] epochs: [278/400] train_loss_con: 0.428
[GPU0] epochs: [279/400] train_loss_con: 0.428
[GPU0] epochs: [280/400] train_loss_con: 0.429
[GPU0] epochs: [281/400] train_loss_con: 0.427
[GPU0] epochs: [282/400] train_loss_con: 0.427
[GPU0] epochs: [283/400] train_loss_con: 0.427
[GPU0] epochs: [284/400] train_loss_con: 0.427
[GPU0] epochs: [285/400] train_loss_con: 0.425
[GPU0] epochs: [286/400] train_loss_con: 0.427
[GPU0] epochs: [287/400] train_loss_con: 0.426
[GPU0] epochs: [288/400] train_loss_con: 0.426
[GPU0] epochs: [289/400] train_loss_con: 0.427
[GPU0] epochs: [290/400] train_loss_con: 0.426
[GPU0] epochs: [291/400] train_loss_con: 0.425
[GPU0] epochs: [292/400] train_loss_con: 0.426
[GPU0] epochs: [293/400] train_loss_con: 0.426
[GPU0] epochs: [294/400] train_loss_con: 0.423
[GPU0] epochs: [295/400] train_loss_con: 0.424
[GPU0] epochs: [296/400] train_loss_con: 0.424
[GPU0] epochs: [297/400] train_loss_con: 0.424
[GPU0] epochs: [298/400] train_loss_con: 0.424
[GPU0] epochs: [299/400] train_loss_con: 0.422
[GPU0] epochs: [300/400] train_loss_con: 0.425
[GPU0] epochs: [301/400] train_loss_con: 0.424
[GPU0] epochs: [302/400] train_loss_con: 0.423
[GPU0] epochs: [303/400] train_loss_con: 0.424
[GPU0] epochs: [304/400] train_loss_con: 0.422
[GPU0] epochs: [305/400] train_loss_con: 0.421
[GPU0] epochs: [306/400] train_loss_con: 0.424
[GPU0] epochs: [307/400] train_loss_con: 0.419
[GPU0] epochs: [308/400] train_loss_con: 0.422
[GPU0] epochs: [309/400] train_loss_con: 0.421
[GPU0] epochs: [310/400] train_loss_con: 0.421
[GPU0] epochs: [311/400] train_loss_con: 0.419
[GPU0] epochs: [312/400] train_loss_con: 0.421
[GPU0] epochs: [313/400] train_loss_con: 0.422
[GPU0] epochs: [314/400] train_loss_con: 0.420
[GPU0] epochs: [315/400] train_loss_con: 0.420
[GPU0] epochs: [316/400] train_loss_con: 0.420
[GPU0] epochs: [317/400] train_loss_con: 0.419
[GPU0] epochs: [318/400] train_loss_con: 0.420
[GPU0] epochs: [319/400] train_loss_con: 0.420
[GPU0] epochs: [320/400] train_loss_con: 0.419
[GPU0] epochs: [321/400] train_loss_con: 0.419
[GPU0] epochs: [322/400] train_loss_con: 0.419
[GPU0] epochs: [323/400] train_loss_con: 0.417
[GPU0] epochs: [324/400] train_loss_con: 0.418
[GPU0] epochs: [325/400] train_loss_con: 0.419
[GPU0] epochs: [326/400] train_loss_con: 0.418
[GPU0] epochs: [327/400] train_loss_con: 0.417
[GPU0] epochs: [328/400] train_loss_con: 0.418
[GPU0] epochs: [329/400] train_loss_con: 0.417
[GPU0] epochs: [330/400] train_loss_con: 0.418
[GPU0] epochs: [331/400] train_loss_con: 0.416
[GPU0] epochs: [332/400] train_loss_con: 0.416
[GPU0] epochs: [333/400] train_loss_con: 0.415
[GPU0] epochs: [334/400] train_loss_con: 0.416
[GPU0] epochs: [335/400] train_loss_con: 0.416
[GPU0] epochs: [336/400] train_loss_con: 0.416
[GPU0] epochs: [337/400] train_loss_con: 0.414
[GPU0] epochs: [338/400] train_loss_con: 0.415
[GPU0] epochs: [339/400] train_loss_con: 0.416
[GPU0] epochs: [340/400] train_loss_con: 0.414
[GPU0] epochs: [341/400] train_loss_con: 0.414
[GPU0] epochs: [342/400] train_loss_con: 0.413
[GPU0] epochs: [343/400] train_loss_con: 0.413
[GPU0] epochs: [344/400] train_loss_con: 0.414
[GPU0] epochs: [345/400] train_loss_con: 0.414
[GPU0] epochs: [346/400] train_loss_con: 0.414
[GPU0] epochs: [347/400] train_loss_con: 0.413
[GPU0] epochs: [348/400] train_loss_con: 0.414
[GPU0] epochs: [349/400] train_loss_con: 0.413
[GPU0] epochs: [350/400] train_loss_con: 0.412
[GPU0] epochs: [351/400] train_loss_con: 0.412
[GPU0] epochs: [352/400] train_loss_con: 0.412
[GPU0] epochs: [353/400] train_loss_con: 0.411
[GPU0] epochs: [354/400] train_loss_con: 0.411
[GPU0] epochs: [355/400] train_loss_con: 0.410
[GPU0] epochs: [356/400] train_loss_con: 0.411
[GPU0] epochs: [357/400] train_loss_con: 0.410
[GPU0] epochs: [358/400] train_loss_con: 0.410
[GPU0] epochs: [359/400] train_loss_con: 0.411
[GPU0] epochs: [360/400] train_loss_con: 0.410
[GPU0] epochs: [361/400] train_loss_con: 0.410
[GPU0] epochs: [362/400] train_loss_con: 0.409
[GPU0] epochs: [363/400] train_loss_con: 0.410
[GPU0] epochs: [364/400] train_loss_con: 0.409
[GPU0] epochs: [365/400] train_loss_con: 0.409
[GPU0] epochs: [366/400] train_loss_con: 0.410
[GPU0] epochs: [367/400] train_loss_con: 0.408
[GPU0] epochs: [368/400] train_loss_con: 0.408
[GPU0] epochs: [369/400] train_loss_con: 0.408
[GPU0] epochs: [370/400] train_loss_con: 0.408
[GPU0] epochs: [371/400] train_loss_con: 0.408
[GPU0] epochs: [372/400] train_loss_con: 0.407
[GPU0] epochs: [373/400] train_loss_con: 0.407
[GPU0] epochs: [374/400] train_loss_con: 0.406
[GPU0] epochs: [375/400] train_loss_con: 0.405
[GPU0] epochs: [376/400] train_loss_con: 0.405
[GPU0] epochs: [377/400] train_loss_con: 0.406
[GPU0] epochs: [378/400] train_loss_con: 0.405
[GPU0] epochs: [379/400] train_loss_con: 0.406
[GPU0] epochs: [380/400] train_loss_con: 0.405
