environment: 
YAML: configs/mae_bt_rot.yaml
==> SEED: 42
==> train_algo: mae_bt_rot
==> dataset: {'cifar10': {'num_classes': 10, 'params': {'data_dir': 'datasets/cifar10', 'batch_size': 512, 'test_batch_size': 512, 'num_workers': 1, 'image_size': 32, 'prefetch_factor': 4, 'algo': 'mae_bt_rot'}}, 'cifar100': {'num_classes': 100, 'params': {'data_dir': 'datasets/cifar100', 'batch_size': 512, 'test_batch_size': 512, 'num_workers': 1, 'image_size': 32, 'prefetch_factor': 4, 'algo': 'mae_bt_rot'}}, 'timg': {'num_classes': 200, 'params': {'data_dir': 'datasets/tinyimagenet/tiny-imagenet-200', 'batch_size': 256, 'test_batch_size': 256, 'num_workers': 6, 'image_size': 64, 'prefetch_factor': 4, 'algo': 'mae_bt_rot'}}, 'img100': {'num_classes': 100, 'params': {'data_dir': 'datasets/imagenet100', 'labels_json': 'Labels.json', 'batch_size': 128, 'test_batch_size': 512, 'num_workers': 4, 'image_size': 224, 'prefetch_factor': 4, 'algo': 'mae_bt_rot'}}}
==> return_logs: False
==> eval_every: 10
==> n_epochs: 400
==> n_epochs_mlp: 100
==> gpu_id: 0
==> opt: AdamW
==> opt_params: {'lr': 0.0003, 'weight_decay': 0.05, 'betas': (0.9, 0.95)}
==> schedular_params: {'T_max': 380, 'eta_min': 0.001}
==> mlp_opt: SGD
==> mlp_opt_params: {'lr': 0.01, 'momentum': 0.9}
==> model_params: {'img_size': 224, 'in_chans': 3, 'patch_size': 16, 'embed_dim': 384, 'depth': 12, 'num_heads': 6, 'decoder_embed_dim': 256, 'decoder_depth': 4, 'decoder_num_heads': 8, 'mlp_ratio': 4, 'norm_pix_loss': False, 'algo_type': 'mae_bt_rot', 'model_name': 'vit'}
==> rotnet_params: {'rot_hidden': 768, 'num_classes': 4}
==> mlp_type: hidden
==> loss: mae_bt_rot
==> loss_params: {'lambd': 0.005}
==> distributed: True
==> model_save_path: saved_models/mae.bt.rot.i100.wt20.8.dist.pth
==> warmup_epochs: 20
==> weight: {'wt1': 0.1, 'wt2': 0.8}
==> config: configs/mae_bt_rot.yaml
==> aug: v1
--------------------------------------------------
Launching DDP across 4 GPUs
MaskedAutoencoderViT(
  (base_encoder): MAEEncoder(
    (patch_embed): PatchEmbed(
      (proj): Conv2d(3, 384, kernel_size=(16, 16), stride=(16, 16))
      (norm): Identity()
    )
    (blocks): ModuleList(
      (0-11): 12 x Block(
        (norm1): LayerNorm((384,), eps=1e-06, elementwise_affine=True)
        (attn): Attention(
          (qkv): Linear(in_features=384, out_features=1152, bias=True)
          (q_norm): Identity()
          (k_norm): Identity()
          (attn_drop): Dropout(p=0.0, inplace=False)
          (norm): Identity()
          (proj): Linear(in_features=384, out_features=384, bias=True)
          (proj_drop): Dropout(p=0.0, inplace=False)
        )
        (ls1): Identity()
        (drop_path1): Identity()
        (norm2): LayerNorm((384,), eps=1e-06, elementwise_affine=True)
        (mlp): Mlp(
          (fc1): Linear(in_features=384, out_features=1536, bias=True)
          (act): GELU(approximate='none')
          (drop1): Dropout(p=0.0, inplace=False)
          (norm): Identity()
          (fc2): Linear(in_features=1536, out_features=384, bias=True)
          (drop2): Dropout(p=0.0, inplace=False)
        )
        (ls2): Identity()
        (drop_path2): Identity()
      )
    )
    (norm): LayerNorm((384,), eps=1e-06, elementwise_affine=True)
  )
  (decoder): MAEDecoder(
    (decoder_embed): Linear(in_features=384, out_features=256, bias=True)
    (decoder_blocks): ModuleList(
      (0-3): 4 x Block(
        (norm1): LayerNorm((256,), eps=1e-06, elementwise_affine=True)
        (attn): Attention(
          (qkv): Linear(in_features=256, out_features=768, bias=True)
          (q_norm): Identity()
          (k_norm): Identity()
          (attn_drop): Dropout(p=0.0, inplace=False)
          (norm): Identity()
          (proj): Linear(in_features=256, out_features=256, bias=True)
          (proj_drop): Dropout(p=0.0, inplace=False)
        )
        (ls1): Identity()
        (drop_path1): Identity()
        (norm2): LayerNorm((256,), eps=1e-06, elementwise_affine=True)
        (mlp): Mlp(
          (fc1): Linear(in_features=256, out_features=1024, bias=True)
          (act): GELU(approximate='none')
          (drop1): Dropout(p=0.0, inplace=False)
          (norm): Identity()
          (fc2): Linear(in_features=1024, out_features=256, bias=True)
          (drop2): Dropout(p=0.0, inplace=False)
        )
        (ls2): Identity()
        (drop_path2): Identity()
      )
    )
    (decoder_norm): LayerNorm((256,), eps=1e-06, elementwise_affine=True)
    (decoder_pred): Linear(in_features=256, out_features=768, bias=True)
  )
  (proj): bt_proj(
    (proj): Sequential(
      (0): Linear(in_features=384, out_features=8192, bias=False)
      (1): BatchNorm1d(8192, eps=1e-05, momentum=0.1, affine=True, track_running_stats=True)
      (2): ReLU()
      (3): Linear(in_features=8192, out_features=8192, bias=False)
      (4): BatchNorm1d(8192, eps=1e-05, momentum=0.1, affine=True, track_running_stats=True)
      (5): ReLU()
      (6): Linear(in_features=8192, out_features=8192, bias=True)
      (7): BatchNorm1d(8192, eps=1e-05, momentum=0.1, affine=False, track_running_stats=True)
    )
  )
)
NOC: 100
rotnet_cls(
  (proj): Sequential(
    (0): Linear(in_features=384, out_features=768, bias=False)
    (1): BatchNorm1d(768, eps=1e-05, momentum=0.1, affine=True, track_running_stats=True)
    (2): ReLU()
    (3): Linear(in_features=768, out_features=768, bias=False)
    (4): BatchNorm1d(768, eps=1e-05, momentum=0.1, affine=True, track_running_stats=True)
    (5): ReLU()
    (6): Linear(in_features=768, out_features=4, bias=True)
  )
)
augmentation for mae_bt_rot: 
Compose(
    RandomResizedCrop(size=(224, 224), scale=(0.08, 1.0), ratio=(0.75, 1.3333), interpolation=bilinear, antialias=True)
    RandomHorizontalFlip(p=0.5)
    RandomApply(
    p=0.8
    ColorJitter(brightness=(0.6, 1.4), contrast=(0.6, 1.4), saturation=(0.6, 1.4), hue=(-0.1, 0.1))
)
    RandomGrayscale(p=0.2)
    GaussianBlur(p = 1.0)
    Solarization(p = 0.0)
    ToTensor()
    Normalize(mean=[0.485, 0.456, 0.406], std=[0.229, 0.224, 0.225])
)
Compose(
    RandomResizedCrop(size=(224, 224), scale=(0.08, 1.0), ratio=(0.75, 1.3333), interpolation=bilinear, antialias=True)
    RandomHorizontalFlip(p=0.5)
    RandomApply(
    p=0.8
    ColorJitter(brightness=(0.6, 1.4), contrast=(0.6, 1.4), saturation=(0.6, 1.4), hue=(-0.1, 0.1))
)
    RandomGrayscale(p=0.2)
    GaussianBlur(p = 0.1)
    Solarization(p = 0.1)
    ToTensor()
    Normalize(mean=[0.485, 0.456, 0.406], std=[0.229, 0.224, 0.225])
)
using optimizer: AdamW
# of Training Images: 130000
# of Testing Images: 5000
schedular: <torch.optim.lr_scheduler.SequentialLR object at 0x7f99ac29cc10>
loss function: bt
loss: BT(lambda=0.005)
param config for: mae_bt_rot
{'train_algo': 'mae_bt_rot', 'model': DistributedDataParallel(
  (module): MaskedAutoencoderViT(
    (base_encoder): MAEEncoder(
      (patch_embed): PatchEmbed(
        (proj): Conv2d(3, 384, kernel_size=(16, 16), stride=(16, 16))
        (norm): Identity()
      )
      (blocks): ModuleList(
        (0-11): 12 x Block(
          (norm1): LayerNorm((384,), eps=1e-06, elementwise_affine=True)
          (attn): Attention(
            (qkv): Linear(in_features=384, out_features=1152, bias=True)
            (q_norm): Identity()
            (k_norm): Identity()
            (attn_drop): Dropout(p=0.0, inplace=False)
            (norm): Identity()
            (proj): Linear(in_features=384, out_features=384, bias=True)
            (proj_drop): Dropout(p=0.0, inplace=False)
          )
          (ls1): Identity()
          (drop_path1): Identity()
          (norm2): LayerNorm((384,), eps=1e-06, elementwise_affine=True)
          (mlp): Mlp(
            (fc1): Linear(in_features=384, out_features=1536, bias=True)
            (act): GELU(approximate='none')
            (drop1): Dropout(p=0.0, inplace=False)
            (norm): Identity()
            (fc2): Linear(in_features=1536, out_features=384, bias=True)
            (drop2): Dropout(p=0.0, inplace=False)
          )
          (ls2): Identity()
          (drop_path2): Identity()
        )
      )
      (norm): LayerNorm((384,), eps=1e-06, elementwise_affine=True)
    )
    (decoder): MAEDecoder(
      (decoder_embed): Linear(in_features=384, out_features=256, bias=True)
      (decoder_blocks): ModuleList(
        (0-3): 4 x Block(
          (norm1): LayerNorm((256,), eps=1e-06, elementwise_affine=True)
          (attn): Attention(
            (qkv): Linear(in_features=256, out_features=768, bias=True)
            (q_norm): Identity()
            (k_norm): Identity()
            (attn_drop): Dropout(p=0.0, inplace=False)
            (norm): Identity()
            (proj): Linear(in_features=256, out_features=256, bias=True)
            (proj_drop): Dropout(p=0.0, inplace=False)
          )
          (ls1): Identity()
          (drop_path1): Identity()
          (norm2): LayerNorm((256,), eps=1e-06, elementwise_affine=True)
          (mlp): Mlp(
            (fc1): Linear(in_features=256, out_features=1024, bias=True)
            (act): GELU(approximate='none')
            (drop1): Dropout(p=0.0, inplace=False)
            (norm): Identity()
            (fc2): Linear(in_features=1024, out_features=256, bias=True)
            (drop2): Dropout(p=0.0, inplace=False)
          )
          (ls2): Identity()
          (drop_path2): Identity()
        )
      )
      (decoder_norm): LayerNorm((256,), eps=1e-06, elementwise_affine=True)
      (decoder_pred): Linear(in_features=256, out_features=768, bias=True)
    )
    (proj): bt_proj(
      (proj): Sequential(
        (0): Linear(in_features=384, out_features=8192, bias=False)
        (1): SyncBatchNorm(8192, eps=1e-05, momentum=0.1, affine=True, track_running_stats=True)
        (2): ReLU()
        (3): Linear(in_features=8192, out_features=8192, bias=False)
        (4): SyncBatchNorm(8192, eps=1e-05, momentum=0.1, affine=True, track_running_stats=True)
        (5): ReLU()
        (6): Linear(in_features=8192, out_features=8192, bias=True)
        (7): SyncBatchNorm(8192, eps=1e-05, momentum=0.1, affine=False, track_running_stats=True)
      )
    )
  )
), 'train_loader': <torch.utils.data.dataloader.DataLoader object at 0x7f99ac29c8e0>, 'scaler': <torch.cuda.amp.grad_scaler.GradScaler object at 0x7f99ac29cd00>, 'loss_base': BT(lambda=0.005), 'optimizer': AdamW (
Parameter Group 0
    amsgrad: False
    betas: (0.9, 0.95)
    capturable: False
    differentiable: False
    eps: 1e-08
    foreach: None
    fused: True
    initial_lr: 0.0003
    lr: 2.9999999999999995e-10
    maximize: False
    weight_decay: 0.05
), 'opt_lr_schedular': <torch.optim.lr_scheduler.SequentialLR object at 0x7f99ac29cc10>, 'progress': <function progress at 0x7f99afa56710>, 'n_epochs': 400, 'device_id': 0, 'eval_id': 0, 'return_logs': False, 'weight': {'wt1': 0.1, 'wt2': 0.8}, 'rotnet': DistributedDataParallel(
  (module): rotnet_cls(
    (proj): Sequential(
      (0): Linear(in_features=384, out_features=768, bias=False)
      (1): SyncBatchNorm(768, eps=1e-05, momentum=0.1, affine=True, track_running_stats=True)
      (2): ReLU()
      (3): Linear(in_features=768, out_features=768, bias=False)
      (4): SyncBatchNorm(768, eps=1e-05, momentum=0.1, affine=True, track_running_stats=True)
      (5): ReLU()
      (6): Linear(in_features=768, out_features=4, bias=True)
    )
  )
), 'save_model': functools.partial(<function save_model at 0x7f99afa56a70>, path='saved_models/mae.bt.rot.i100.wt20.8.dist.pth')}
dict_keys(['train_algo', 'model', 'train_loader', 'scaler', 'loss_base', 'optimizer', 'opt_lr_schedular', 'progress', 'n_epochs', 'device_id', 'eval_id', 'return_logs', 'weight', 'rotnet', 'save_model'])
### mae + bt + rotnet Training begins
rotnet_cls(
  (proj): Sequential(
    (0): Linear(in_features=384, out_features=768, bias=False)
    (1): BatchNorm1d(768, eps=1e-05, momentum=0.1, affine=True, track_running_stats=True)
    (2): ReLU()
    (3): Linear(in_features=768, out_features=768, bias=False)
    (4): BatchNorm1d(768, eps=1e-05, momentum=0.1, affine=True, track_running_stats=True)
    (5): ReLU()
    (6): Linear(in_features=768, out_features=4, bias=True)
  )
)
augmentation for mae_bt_rot: 
Compose(
    RandomResizedCrop(size=(224, 224), scale=(0.08, 1.0), ratio=(0.75, 1.3333), interpolation=bilinear, antialias=True)
    RandomHorizontalFlip(p=0.5)
    RandomApply(
    p=0.8
    ColorJitter(brightness=(0.6, 1.4), contrast=(0.6, 1.4), saturation=(0.6, 1.4), hue=(-0.1, 0.1))
)
    RandomGrayscale(p=0.2)
    GaussianBlur(p = 1.0)
    Solarization(p = 0.0)
    ToTensor()
    Normalize(mean=[0.485, 0.456, 0.406], std=[0.229, 0.224, 0.225])
)
Compose(
    RandomResizedCrop(size=(224, 224), scale=(0.08, 1.0), ratio=(0.75, 1.3333), interpolation=bilinear, antialias=True)
    RandomHorizontalFlip(p=0.5)
    RandomApply(
    p=0.8
    ColorJitter(brightness=(0.6, 1.4), contrast=(0.6, 1.4), saturation=(0.6, 1.4), hue=(-0.1, 0.1))
)
    RandomGrayscale(p=0.2)
    GaussianBlur(p = 0.1)
    Solarization(p = 0.1)
    ToTensor()
    Normalize(mean=[0.485, 0.456, 0.406], std=[0.229, 0.224, 0.225])
)
using optimizer: AdamW
loss function: bt
loss: BT(lambda=0.005)
param config for: mae_bt_rot
{'train_algo': 'mae_bt_rot', 'model': DistributedDataParallel(
  (module): MaskedAutoencoderViT(
    (base_encoder): MAEEncoder(
      (patch_embed): PatchEmbed(
        (proj): Conv2d(3, 384, kernel_size=(16, 16), stride=(16, 16))
        (norm): Identity()
      )
      (blocks): ModuleList(
        (0-11): 12 x Block(
          (norm1): LayerNorm((384,), eps=1e-06, elementwise_affine=True)
          (attn): Attention(
            (qkv): Linear(in_features=384, out_features=1152, bias=True)
            (q_norm): Identity()
            (k_norm): Identity()
            (attn_drop): Dropout(p=0.0, inplace=False)
            (norm): Identity()
            (proj): Linear(in_features=384, out_features=384, bias=True)
            (proj_drop): Dropout(p=0.0, inplace=False)
          )
          (ls1): Identity()
          (drop_path1): Identity()
          (norm2): LayerNorm((384,), eps=1e-06, elementwise_affine=True)
          (mlp): Mlp(
            (fc1): Linear(in_features=384, out_features=1536, bias=True)
            (act): GELU(approximate='none')
            (drop1): Dropout(p=0.0, inplace=False)
            (norm): Identity()
            (fc2): Linear(in_features=1536, out_features=384, bias=True)
            (drop2): Dropout(p=0.0, inplace=False)
          )
          (ls2): Identity()
          (drop_path2): Identity()
        )
      )
      (norm): LayerNorm((384,), eps=1e-06, elementwise_affine=True)
    )
    (decoder): MAEDecoder(
      (decoder_embed): Linear(in_features=384, out_features=256, bias=True)
      (decoder_blocks): ModuleList(
        (0-3): 4 x Block(
          (norm1): LayerNorm((256,), eps=1e-06, elementwise_affine=True)
          (attn): Attention(
            (qkv): Linear(in_features=256, out_features=768, bias=True)
            (q_norm): Identity()
            (k_norm): Identity()
            (attn_drop): Dropout(p=0.0, inplace=False)
            (norm): Identity()
            (proj): Linear(in_features=256, out_features=256, bias=True)
            (proj_drop): Dropout(p=0.0, inplace=False)
          )
          (ls1): Identity()
          (drop_path1): Identity()
          (norm2): LayerNorm((256,), eps=1e-06, elementwise_affine=True)
          (mlp): Mlp(
            (fc1): Linear(in_features=256, out_features=1024, bias=True)
            (act): GELU(approximate='none')
            (drop1): Dropout(p=0.0, inplace=False)
            (norm): Identity()
            (fc2): Linear(in_features=1024, out_features=256, bias=True)
            (drop2): Dropout(p=0.0, inplace=False)
          )
          (ls2): Identity()
          (drop_path2): Identity()
        )
      )
      (decoder_norm): LayerNorm((256,), eps=1e-06, elementwise_affine=True)
      (decoder_pred): Linear(in_features=256, out_features=768, bias=True)
    )
    (proj): bt_proj(
      (proj): Sequential(
        (0): Linear(in_features=384, out_features=8192, bias=False)
        (1): SyncBatchNorm(8192, eps=1e-05, momentum=0.1, affine=True, track_running_stats=True)
        (2): ReLU()
        (3): Linear(in_features=8192, out_features=8192, bias=False)
        (4): SyncBatchNorm(8192, eps=1e-05, momentum=0.1, affine=True, track_running_stats=True)
        (5): ReLU()
        (6): Linear(in_features=8192, out_features=8192, bias=True)
        (7): SyncBatchNorm(8192, eps=1e-05, momentum=0.1, affine=False, track_running_stats=True)
      )
    )
  )
), 'train_loader': <torch.utils.data.dataloader.DataLoader object at 0x7f14386f49a0>, 'scaler': <torch.cuda.amp.grad_scaler.GradScaler object at 0x7f14386f4dc0>, 'loss_base': BT(lambda=0.005), 'optimizer': AdamW (
Parameter Group 0
    amsgrad: False
    betas: (0.9, 0.95)
    capturable: False
    differentiable: False
    eps: 1e-08
    foreach: None
    fused: True
    initial_lr: 0.0003
    lr: 2.9999999999999995e-10
    maximize: False
    weight_decay: 0.05
), 'opt_lr_schedular': <torch.optim.lr_scheduler.SequentialLR object at 0x7f14386f4cd0>, 'progress': <function progress at 0x7f1448bb6710>, 'n_epochs': 400, 'device_id': 1, 'eval_id': 0, 'return_logs': False, 'weight': {'wt1': 0.1, 'wt2': 0.8}, 'rotnet': DistributedDataParallel(
  (module): rotnet_cls(
    (proj): Sequential(
      (0): Linear(in_features=384, out_features=768, bias=False)
      (1): SyncBatchNorm(768, eps=1e-05, momentum=0.1, affine=True, track_running_stats=True)
      (2): ReLU()
      (3): Linear(in_features=768, out_features=768, bias=False)
      (4): SyncBatchNorm(768, eps=1e-05, momentum=0.1, affine=True, track_running_stats=True)
      (5): ReLU()
      (6): Linear(in_features=768, out_features=4, bias=True)
    )
  )
), 'save_model': functools.partial(<function save_model at 0x7f1448bb6a70>, path='saved_models/mae.bt.rot.i100.wt20.8.dist.pth')}
dict_keys(['train_algo', 'model', 'train_loader', 'scaler', 'loss_base', 'optimizer', 'opt_lr_schedular', 'progress', 'n_epochs', 'device_id', 'eval_id', 'return_logs', 'weight', 'rotnet', 'save_model'])
rotnet_cls(
  (proj): Sequential(
    (0): Linear(in_features=384, out_features=768, bias=False)
    (1): BatchNorm1d(768, eps=1e-05, momentum=0.1, affine=True, track_running_stats=True)
    (2): ReLU()
    (3): Linear(in_features=768, out_features=768, bias=False)
    (4): BatchNorm1d(768, eps=1e-05, momentum=0.1, affine=True, track_running_stats=True)
    (5): ReLU()
    (6): Linear(in_features=768, out_features=4, bias=True)
  )
)
augmentation for mae_bt_rot: 
Compose(
    RandomResizedCrop(size=(224, 224), scale=(0.08, 1.0), ratio=(0.75, 1.3333), interpolation=bilinear, antialias=True)
    RandomHorizontalFlip(p=0.5)
    RandomApply(
    p=0.8
    ColorJitter(brightness=(0.6, 1.4), contrast=(0.6, 1.4), saturation=(0.6, 1.4), hue=(-0.1, 0.1))
)
    RandomGrayscale(p=0.2)
    GaussianBlur(p = 1.0)
    Solarization(p = 0.0)
    ToTensor()
    Normalize(mean=[0.485, 0.456, 0.406], std=[0.229, 0.224, 0.225])
)
Compose(
    RandomResizedCrop(size=(224, 224), scale=(0.08, 1.0), ratio=(0.75, 1.3333), interpolation=bilinear, antialias=True)
    RandomHorizontalFlip(p=0.5)
    RandomApply(
    p=0.8
    ColorJitter(brightness=(0.6, 1.4), contrast=(0.6, 1.4), saturation=(0.6, 1.4), hue=(-0.1, 0.1))
)
    RandomGrayscale(p=0.2)
    GaussianBlur(p = 0.1)
    Solarization(p = 0.1)
    ToTensor()
    Normalize(mean=[0.485, 0.456, 0.406], std=[0.229, 0.224, 0.225])
)
using optimizer: AdamW
loss function: bt
loss: BT(lambda=0.005)
param config for: mae_bt_rot
{'train_algo': 'mae_bt_rot', 'model': DistributedDataParallel(
  (module): MaskedAutoencoderViT(
    (base_encoder): MAEEncoder(
      (patch_embed): PatchEmbed(
        (proj): Conv2d(3, 384, kernel_size=(16, 16), stride=(16, 16))
        (norm): Identity()
      )
      (blocks): ModuleList(
        (0-11): 12 x Block(
          (norm1): LayerNorm((384,), eps=1e-06, elementwise_affine=True)
          (attn): Attention(
            (qkv): Linear(in_features=384, out_features=1152, bias=True)
            (q_norm): Identity()
            (k_norm): Identity()
            (attn_drop): Dropout(p=0.0, inplace=False)
            (norm): Identity()
            (proj): Linear(in_features=384, out_features=384, bias=True)
            (proj_drop): Dropout(p=0.0, inplace=False)
          )
          (ls1): Identity()
          (drop_path1): Identity()
          (norm2): LayerNorm((384,), eps=1e-06, elementwise_affine=True)
          (mlp): Mlp(
            (fc1): Linear(in_features=384, out_features=1536, bias=True)
            (act): GELU(approximate='none')
            (drop1): Dropout(p=0.0, inplace=False)
            (norm): Identity()
            (fc2): Linear(in_features=1536, out_features=384, bias=True)
            (drop2): Dropout(p=0.0, inplace=False)
          )
          (ls2): Identity()
          (drop_path2): Identity()
        )
      )
      (norm): LayerNorm((384,), eps=1e-06, elementwise_affine=True)
    )
    (decoder): MAEDecoder(
      (decoder_embed): Linear(in_features=384, out_features=256, bias=True)
      (decoder_blocks): ModuleList(
        (0-3): 4 x Block(
          (norm1): LayerNorm((256,), eps=1e-06, elementwise_affine=True)
          (attn): Attention(
            (qkv): Linear(in_features=256, out_features=768, bias=True)
            (q_norm): Identity()
            (k_norm): Identity()
            (attn_drop): Dropout(p=0.0, inplace=False)
            (norm): Identity()
            (proj): Linear(in_features=256, out_features=256, bias=True)
            (proj_drop): Dropout(p=0.0, inplace=False)
          )
          (ls1): Identity()
          (drop_path1): Identity()
          (norm2): LayerNorm((256,), eps=1e-06, elementwise_affine=True)
          (mlp): Mlp(
            (fc1): Linear(in_features=256, out_features=1024, bias=True)
            (act): GELU(approximate='none')
            (drop1): Dropout(p=0.0, inplace=False)
            (norm): Identity()
            (fc2): Linear(in_features=1024, out_features=256, bias=True)
            (drop2): Dropout(p=0.0, inplace=False)
          )
          (ls2): Identity()
          (drop_path2): Identity()
        )
      )
      (decoder_norm): LayerNorm((256,), eps=1e-06, elementwise_affine=True)
      (decoder_pred): Linear(in_features=256, out_features=768, bias=True)
    )
    (proj): bt_proj(
      (proj): Sequential(
        (0): Linear(in_features=384, out_features=8192, bias=False)
        (1): SyncBatchNorm(8192, eps=1e-05, momentum=0.1, affine=True, track_running_stats=True)
        (2): ReLU()
        (3): Linear(in_features=8192, out_features=8192, bias=False)
        (4): SyncBatchNorm(8192, eps=1e-05, momentum=0.1, affine=True, track_running_stats=True)
        (5): ReLU()
        (6): Linear(in_features=8192, out_features=8192, bias=True)
        (7): SyncBatchNorm(8192, eps=1e-05, momentum=0.1, affine=False, track_running_stats=True)
      )
    )
  )
), 'train_loader': <torch.utils.data.dataloader.DataLoader object at 0x7fb6102448b0>, 'scaler': <torch.cuda.amp.grad_scaler.GradScaler object at 0x7fb610244cd0>, 'loss_base': BT(lambda=0.005), 'optimizer': AdamW (
Parameter Group 0
    amsgrad: False
    betas: (0.9, 0.95)
    capturable: False
    differentiable: False
    eps: 1e-08
    foreach: None
    fused: True
    initial_lr: 0.0003
    lr: 2.9999999999999995e-10
    maximize: False
    weight_decay: 0.05
), 'opt_lr_schedular': <torch.optim.lr_scheduler.SequentialLR object at 0x7fb610244be0>, 'progress': <function progress at 0x7fb6131fa710>, 'n_epochs': 400, 'device_id': 3, 'eval_id': 0, 'return_logs': False, 'weight': {'wt1': 0.1, 'wt2': 0.8}, 'rotnet': DistributedDataParallel(
  (module): rotnet_cls(
    (proj): Sequential(
      (0): Linear(in_features=384, out_features=768, bias=False)
      (1): SyncBatchNorm(768, eps=1e-05, momentum=0.1, affine=True, track_running_stats=True)
      (2): ReLU()
      (3): Linear(in_features=768, out_features=768, bias=False)
      (4): SyncBatchNorm(768, eps=1e-05, momentum=0.1, affine=True, track_running_stats=True)
      (5): ReLU()
      (6): Linear(in_features=768, out_features=4, bias=True)
    )
  )
), 'save_model': functools.partial(<function save_model at 0x7fb6131faa70>, path='saved_models/mae.bt.rot.i100.wt20.8.dist.pth')}
dict_keys(['train_algo', 'model', 'train_loader', 'scaler', 'loss_base', 'optimizer', 'opt_lr_schedular', 'progress', 'n_epochs', 'device_id', 'eval_id', 'return_logs', 'weight', 'rotnet', 'save_model'])
rotnet_cls(
  (proj): Sequential(
    (0): Linear(in_features=384, out_features=768, bias=False)
    (1): BatchNorm1d(768, eps=1e-05, momentum=0.1, affine=True, track_running_stats=True)
    (2): ReLU()
    (3): Linear(in_features=768, out_features=768, bias=False)
    (4): BatchNorm1d(768, eps=1e-05, momentum=0.1, affine=True, track_running_stats=True)
    (5): ReLU()
    (6): Linear(in_features=768, out_features=4, bias=True)
  )
)
augmentation for mae_bt_rot: 
Compose(
    RandomResizedCrop(size=(224, 224), scale=(0.08, 1.0), ratio=(0.75, 1.3333), interpolation=bilinear, antialias=True)
    RandomHorizontalFlip(p=0.5)
    RandomApply(
    p=0.8
    ColorJitter(brightness=(0.6, 1.4), contrast=(0.6, 1.4), saturation=(0.6, 1.4), hue=(-0.1, 0.1))
)
    RandomGrayscale(p=0.2)
    GaussianBlur(p = 1.0)
    Solarization(p = 0.0)
    ToTensor()
    Normalize(mean=[0.485, 0.456, 0.406], std=[0.229, 0.224, 0.225])
)
Compose(
    RandomResizedCrop(size=(224, 224), scale=(0.08, 1.0), ratio=(0.75, 1.3333), interpolation=bilinear, antialias=True)
    RandomHorizontalFlip(p=0.5)
    RandomApply(
    p=0.8
    ColorJitter(brightness=(0.6, 1.4), contrast=(0.6, 1.4), saturation=(0.6, 1.4), hue=(-0.1, 0.1))
)
    RandomGrayscale(p=0.2)
    GaussianBlur(p = 0.1)
    Solarization(p = 0.1)
    ToTensor()
    Normalize(mean=[0.485, 0.456, 0.406], std=[0.229, 0.224, 0.225])
)
using optimizer: AdamW
loss function: bt
loss: BT(lambda=0.005)
param config for: mae_bt_rot
{'train_algo': 'mae_bt_rot', 'model': DistributedDataParallel(
  (module): MaskedAutoencoderViT(
    (base_encoder): MAEEncoder(
      (patch_embed): PatchEmbed(
        (proj): Conv2d(3, 384, kernel_size=(16, 16), stride=(16, 16))
        (norm): Identity()
      )
      (blocks): ModuleList(
        (0-11): 12 x Block(
          (norm1): LayerNorm((384,), eps=1e-06, elementwise_affine=True)
          (attn): Attention(
            (qkv): Linear(in_features=384, out_features=1152, bias=True)
            (q_norm): Identity()
            (k_norm): Identity()
            (attn_drop): Dropout(p=0.0, inplace=False)
            (norm): Identity()
            (proj): Linear(in_features=384, out_features=384, bias=True)
            (proj_drop): Dropout(p=0.0, inplace=False)
          )
          (ls1): Identity()
          (drop_path1): Identity()
          (norm2): LayerNorm((384,), eps=1e-06, elementwise_affine=True)
          (mlp): Mlp(
            (fc1): Linear(in_features=384, out_features=1536, bias=True)
            (act): GELU(approximate='none')
            (drop1): Dropout(p=0.0, inplace=False)
            (norm): Identity()
            (fc2): Linear(in_features=1536, out_features=384, bias=True)
            (drop2): Dropout(p=0.0, inplace=False)
          )
          (ls2): Identity()
          (drop_path2): Identity()
        )
      )
      (norm): LayerNorm((384,), eps=1e-06, elementwise_affine=True)
    )
    (decoder): MAEDecoder(
      (decoder_embed): Linear(in_features=384, out_features=256, bias=True)
      (decoder_blocks): ModuleList(
        (0-3): 4 x Block(
          (norm1): LayerNorm((256,), eps=1e-06, elementwise_affine=True)
          (attn): Attention(
            (qkv): Linear(in_features=256, out_features=768, bias=True)
            (q_norm): Identity()
            (k_norm): Identity()
            (attn_drop): Dropout(p=0.0, inplace=False)
            (norm): Identity()
            (proj): Linear(in_features=256, out_features=256, bias=True)
            (proj_drop): Dropout(p=0.0, inplace=False)
          )
          (ls1): Identity()
          (drop_path1): Identity()
          (norm2): LayerNorm((256,), eps=1e-06, elementwise_affine=True)
          (mlp): Mlp(
            (fc1): Linear(in_features=256, out_features=1024, bias=True)
            (act): GELU(approximate='none')
            (drop1): Dropout(p=0.0, inplace=False)
            (norm): Identity()
            (fc2): Linear(in_features=1024, out_features=256, bias=True)
            (drop2): Dropout(p=0.0, inplace=False)
          )
          (ls2): Identity()
          (drop_path2): Identity()
        )
      )
      (decoder_norm): LayerNorm((256,), eps=1e-06, elementwise_affine=True)
      (decoder_pred): Linear(in_features=256, out_features=768, bias=True)
    )
    (proj): bt_proj(
      (proj): Sequential(
        (0): Linear(in_features=384, out_features=8192, bias=False)
        (1): SyncBatchNorm(8192, eps=1e-05, momentum=0.1, affine=True, track_running_stats=True)
        (2): ReLU()
        (3): Linear(in_features=8192, out_features=8192, bias=False)
        (4): SyncBatchNorm(8192, eps=1e-05, momentum=0.1, affine=True, track_running_stats=True)
        (5): ReLU()
        (6): Linear(in_features=8192, out_features=8192, bias=True)
        (7): SyncBatchNorm(8192, eps=1e-05, momentum=0.1, affine=False, track_running_stats=True)
      )
    )
  )
), 'train_loader': <torch.utils.data.dataloader.DataLoader object at 0x7f137c664940>, 'scaler': <torch.cuda.amp.grad_scaler.GradScaler object at 0x7f137c664d60>, 'loss_base': BT(lambda=0.005), 'optimizer': AdamW (
Parameter Group 0
    amsgrad: False
    betas: (0.9, 0.95)
    capturable: False
    differentiable: False
    eps: 1e-08
    foreach: None
    fused: True
    initial_lr: 0.0003
    lr: 2.9999999999999995e-10
    maximize: False
    weight_decay: 0.05
), 'opt_lr_schedular': <torch.optim.lr_scheduler.SequentialLR object at 0x7f137c664c70>, 'progress': <function progress at 0x7f138083a7a0>, 'n_epochs': 400, 'device_id': 2, 'eval_id': 0, 'return_logs': False, 'weight': {'wt1': 0.1, 'wt2': 0.8}, 'rotnet': DistributedDataParallel(
  (module): rotnet_cls(
    (proj): Sequential(
      (0): Linear(in_features=384, out_features=768, bias=False)
      (1): SyncBatchNorm(768, eps=1e-05, momentum=0.1, affine=True, track_running_stats=True)
      (2): ReLU()
      (3): Linear(in_features=768, out_features=768, bias=False)
      (4): SyncBatchNorm(768, eps=1e-05, momentum=0.1, affine=True, track_running_stats=True)
      (5): ReLU()
      (6): Linear(in_features=768, out_features=4, bias=True)
    )
  )
), 'save_model': functools.partial(<function save_model at 0x7f138083ab00>, path='saved_models/mae.bt.rot.i100.wt20.8.dist.pth')}
dict_keys(['train_algo', 'model', 'train_loader', 'scaler', 'loss_base', 'optimizer', 'opt_lr_schedular', 'progress', 'n_epochs', 'device_id', 'eval_id', 'return_logs', 'weight', 'rotnet', 'save_model'])
