environment: 
YAML: configs/mae_clr_rot.yaml
==> SEED: 42
==> train_algo: mae_clr_rot
==> dataset: {'cifar10': {'num_classes': 10, 'params': {'data_dir': 'datasets/cifar10', 'batch_size': 512, 'test_batch_size': 512, 'num_workers': 1, 'image_size': 32, 'algo': 'mae_clr_rot'}}, 'cifar100': {'num_classes': 100, 'params': {'data_dir': 'datasets/cifar100', 'batch_size': 512, 'test_batch_size': 512, 'num_workers': 1, 'image_size': 32, 'algo': 'mae_clr_rot'}}, 'timg': {'num_classes': 200, 'params': {'data_dir': 'datasets/tinyimagenet/tiny-imagenet-200', 'batch_size': 512, 'test_batch_size': 512, 'num_workers': 8, 'image_size': 64, 'algo': 'mae_clr_rot'}}, 'img100': {'num_classes': 100, 'params': {'data_dir': 'datasets/imagenet100', 'labels_json': 'Labels.json', 'batch_size': 256, 'test_batch_size': 256, 'num_workers': 6, 'image_size': 224, 'algo': 'mae_clr_rot'}}}
==> return_logs: False
==> eval_every: 10
==> n_epochs: 400
==> n_epochs_mlp: 100
==> gpu_id: 0
==> opt: AdamW
==> opt_params: {'lr': 0.0003, 'weight_decay': 0.05, 'betas': (0.9, 0.95)}
==> schedular_params: {'T_max': 380, 'eta_min': 0.001}
==> mlp_opt: SGD
==> mlp_opt_params: {'lr': 0.01, 'momentum': 0.9}
==> model_params: {'img_size': 64, 'in_chans': 3, 'patch_size': 4, 'embed_dim': 384, 'depth': 12, 'num_heads': 6, 'decoder_embed_dim': 256, 'decoder_depth': 4, 'decoder_num_heads': 8, 'mlp_ratio': 4, 'norm_pix_loss': False, 'algo_type': 'mae_clr_rot', 'model_name': 'vit'}
==> rotnet_params: {'rot_hidden': 768, 'num_classes': 4}
==> mlp_type: hidden
==> loss: mae_clr_rot
==> loss_params: {'sim': 'cosine', 'tau': 0.5}
==> distributed: False
==> model_save_path: saved_models/mae.clr.rot.timg.wt0.8.pth
==> warmup_epochs: 20
==> weight: {'wt1': 0.8, 'wt2': 0.5}
==> config: configs/mae_clr_rot.yaml
--------------------------------------------------
MaskedAutoencoderViT(
  (base_encoder): MAEEncoder(
    (patch_embed): PatchEmbed(
      (proj): Conv2d(3, 384, kernel_size=(4, 4), stride=(4, 4))
      (norm): Identity()
    )
    (blocks): ModuleList(
      (0-11): 12 x Block(
        (norm1): LayerNorm((384,), eps=1e-06, elementwise_affine=True)
        (attn): Attention(
          (qkv): Linear(in_features=384, out_features=1152, bias=True)
          (q_norm): Identity()
          (k_norm): Identity()
          (attn_drop): Dropout(p=0.0, inplace=False)
          (norm): Identity()
          (proj): Linear(in_features=384, out_features=384, bias=True)
          (proj_drop): Dropout(p=0.0, inplace=False)
        )
        (ls1): Identity()
        (drop_path1): Identity()
        (norm2): LayerNorm((384,), eps=1e-06, elementwise_affine=True)
        (mlp): Mlp(
          (fc1): Linear(in_features=384, out_features=1536, bias=True)
          (act): GELU(approximate='none')
          (drop1): Dropout(p=0.0, inplace=False)
          (norm): Identity()
          (fc2): Linear(in_features=1536, out_features=384, bias=True)
          (drop2): Dropout(p=0.0, inplace=False)
        )
        (ls2): Identity()
        (drop_path2): Identity()
      )
    )
    (norm): LayerNorm((384,), eps=1e-06, elementwise_affine=True)
  )
  (decoder): MAEDecoder(
    (decoder_embed): Linear(in_features=384, out_features=256, bias=True)
    (decoder_blocks): ModuleList(
      (0-3): 4 x Block(
        (norm1): LayerNorm((256,), eps=1e-06, elementwise_affine=True)
        (attn): Attention(
          (qkv): Linear(in_features=256, out_features=768, bias=True)
          (q_norm): Identity()
          (k_norm): Identity()
          (attn_drop): Dropout(p=0.0, inplace=False)
          (norm): Identity()
          (proj): Linear(in_features=256, out_features=256, bias=True)
          (proj_drop): Dropout(p=0.0, inplace=False)
        )
        (ls1): Identity()
        (drop_path1): Identity()
        (norm2): LayerNorm((256,), eps=1e-06, elementwise_affine=True)
        (mlp): Mlp(
          (fc1): Linear(in_features=256, out_features=1024, bias=True)
          (act): GELU(approximate='none')
          (drop1): Dropout(p=0.0, inplace=False)
          (norm): Identity()
          (fc2): Linear(in_features=1024, out_features=256, bias=True)
          (drop2): Dropout(p=0.0, inplace=False)
        )
        (ls2): Identity()
        (drop_path2): Identity()
      )
    )
    (decoder_norm): LayerNorm((256,), eps=1e-06, elementwise_affine=True)
    (decoder_pred): Linear(in_features=256, out_features=48, bias=True)
  )
  (proj): BYOL_mlp(
    (mlp): Sequential(
      (0): Linear(in_features=384, out_features=384, bias=False)
      (1): BatchNorm1d(384, eps=1e-05, momentum=0.1, affine=True, track_running_stats=True)
      (2): ReLU()
      (3): Linear(in_features=384, out_features=128, bias=True)
    )
  )
)
NOC: 200
rotnet_cls(
  (proj): Sequential(
    (0): Linear(in_features=384, out_features=768, bias=False)
    (1): BatchNorm1d(768, eps=1e-05, momentum=0.1, affine=True, track_running_stats=True)
    (2): ReLU()
    (3): Linear(in_features=768, out_features=768, bias=False)
    (4): BatchNorm1d(768, eps=1e-05, momentum=0.1, affine=True, track_running_stats=True)
    (5): ReLU()
    (6): Linear(in_features=768, out_features=4, bias=True)
  )
)
augmentation for mae_clr_rot: 
Compose(
    RandomResizedCrop(size=(64, 64), scale=(0.08, 1.0), ratio=(0.75, 1.3333), interpolation=bilinear, antialias=True)
    RandomHorizontalFlip(p=0.5)
    RandomApply(
    p=0.8
    ColorJitter(brightness=(0.6, 1.4), contrast=(0.6, 1.4), saturation=(0.6, 1.4), hue=(-0.1, 0.1))
)
    RandomGrayscale(p=0.2)
    Identity()
    Solarization(p = 0.0)
    ToTensor()
    Normalize(mean=(0.485, 0.456, 0.406), std=(0.229, 0.224, 0.225))
)
Compose(
    RandomResizedCrop(size=(64, 64), scale=(0.08, 1.0), ratio=(0.75, 1.3333), interpolation=bilinear, antialias=True)
    RandomHorizontalFlip(p=0.5)
    RandomApply(
    p=0.8
    ColorJitter(brightness=(0.6, 1.4), contrast=(0.6, 1.4), saturation=(0.6, 1.4), hue=(-0.1, 0.1))
)
    RandomGrayscale(p=0.2)
    Identity()
    Solarization(p = 0.0)
    ToTensor()
    Normalize(mean=(0.485, 0.456, 0.406), std=(0.229, 0.224, 0.225))
)
using optimizer: AdamW
# of Training Images: 100000
# of Testing Images: 10000
schedular: <torch.optim.lr_scheduler.SequentialLR object at 0x7bb03b266b00>
loss function: simclr
loss: SimCLR(sim=cosine, tau=0.5)
param config for: mae_clr_rot
{'train_algo': 'mae_clr_rot', 'model': MaskedAutoencoderViT(
  (base_encoder): MAEEncoder(
    (patch_embed): PatchEmbed(
      (proj): Conv2d(3, 384, kernel_size=(4, 4), stride=(4, 4))
      (norm): Identity()
    )
    (blocks): ModuleList(
      (0-11): 12 x Block(
        (norm1): LayerNorm((384,), eps=1e-06, elementwise_affine=True)
        (attn): Attention(
          (qkv): Linear(in_features=384, out_features=1152, bias=True)
          (q_norm): Identity()
          (k_norm): Identity()
          (attn_drop): Dropout(p=0.0, inplace=False)
          (norm): Identity()
          (proj): Linear(in_features=384, out_features=384, bias=True)
          (proj_drop): Dropout(p=0.0, inplace=False)
        )
        (ls1): Identity()
        (drop_path1): Identity()
        (norm2): LayerNorm((384,), eps=1e-06, elementwise_affine=True)
        (mlp): Mlp(
          (fc1): Linear(in_features=384, out_features=1536, bias=True)
          (act): GELU(approximate='none')
          (drop1): Dropout(p=0.0, inplace=False)
          (norm): Identity()
          (fc2): Linear(in_features=1536, out_features=384, bias=True)
          (drop2): Dropout(p=0.0, inplace=False)
        )
        (ls2): Identity()
        (drop_path2): Identity()
      )
    )
    (norm): LayerNorm((384,), eps=1e-06, elementwise_affine=True)
  )
  (decoder): MAEDecoder(
    (decoder_embed): Linear(in_features=384, out_features=256, bias=True)
    (decoder_blocks): ModuleList(
      (0-3): 4 x Block(
        (norm1): LayerNorm((256,), eps=1e-06, elementwise_affine=True)
        (attn): Attention(
          (qkv): Linear(in_features=256, out_features=768, bias=True)
          (q_norm): Identity()
          (k_norm): Identity()
          (attn_drop): Dropout(p=0.0, inplace=False)
          (norm): Identity()
          (proj): Linear(in_features=256, out_features=256, bias=True)
          (proj_drop): Dropout(p=0.0, inplace=False)
        )
        (ls1): Identity()
        (drop_path1): Identity()
        (norm2): LayerNorm((256,), eps=1e-06, elementwise_affine=True)
        (mlp): Mlp(
          (fc1): Linear(in_features=256, out_features=1024, bias=True)
          (act): GELU(approximate='none')
          (drop1): Dropout(p=0.0, inplace=False)
          (norm): Identity()
          (fc2): Linear(in_features=1024, out_features=256, bias=True)
          (drop2): Dropout(p=0.0, inplace=False)
        )
        (ls2): Identity()
        (drop_path2): Identity()
      )
    )
    (decoder_norm): LayerNorm((256,), eps=1e-06, elementwise_affine=True)
    (decoder_pred): Linear(in_features=256, out_features=48, bias=True)
  )
  (proj): BYOL_mlp(
    (mlp): Sequential(
      (0): Linear(in_features=384, out_features=384, bias=False)
      (1): BatchNorm1d(384, eps=1e-05, momentum=0.1, affine=True, track_running_stats=True)
      (2): ReLU()
      (3): Linear(in_features=384, out_features=128, bias=True)
    )
  )
), 'train_loader': <torch.utils.data.dataloader.DataLoader object at 0x7bb03c9f8610>, 'scaler': <torch.cuda.amp.grad_scaler.GradScaler object at 0x7bb03b266b90>, 'loss_base': SimCLR(sim=cosine, tau=0.5), 'optimizer': AdamW (
Parameter Group 0
    amsgrad: False
    betas: (0.9, 0.95)
    capturable: False
    decoupled_weight_decay: True
    differentiable: False
    eps: 1e-08
    foreach: None
    fused: None
    initial_lr: 0.0003
    lr: 2.9999999999999995e-10
    maximize: False
    weight_decay: 0.05
), 'opt_lr_schedular': <torch.optim.lr_scheduler.SequentialLR object at 0x7bb03b266b00>, 'progress': <function progress at 0x7bb03b9e6b00>, 'n_epochs': 400, 'device_id': 0, 'eval_id': 0, 'return_logs': False, 'weight': {'wt1': 0.8, 'wt2': 0.5}, 'rotnet': rotnet_cls(
  (proj): Sequential(
    (0): Linear(in_features=384, out_features=768, bias=False)
    (1): BatchNorm1d(768, eps=1e-05, momentum=0.1, affine=True, track_running_stats=True)
    (2): ReLU()
    (3): Linear(in_features=768, out_features=768, bias=False)
    (4): BatchNorm1d(768, eps=1e-05, momentum=0.1, affine=True, track_running_stats=True)
    (5): ReLU()
    (6): Linear(in_features=768, out_features=4, bias=True)
  )
), 'save_model': functools.partial(<function save_model at 0x7bb03b9e6ef0>, path='saved_models/mae.clr.rot.timg.wt0.8.pth')}
dict_keys(['train_algo', 'model', 'train_loader', 'scaler', 'loss_base', 'optimizer', 'opt_lr_schedular', 'progress', 'n_epochs', 'device_id', 'eval_id', 'return_logs', 'weight', 'rotnet', 'save_model'])
### mae + simclr + rotnet Training begins
[GPU0] epochs: [1/400] train_loss_con: 8.685
[GPU0] epochs: [2/400] train_loss_con: 6.664
[GPU0] epochs: [3/400] train_loss_con: 6.179
[GPU0] epochs: [4/400] train_loss_con: 6.009
[GPU0] epochs: [5/400] train_loss_con: 5.939
[GPU0] epochs: [6/400] train_loss_con: 5.848
[GPU0] epochs: [7/400] train_loss_con: 5.723
[GPU0] epochs: [8/400] train_loss_con: 5.650
[GPU0] epochs: [9/400] train_loss_con: 5.609
[GPU0] epochs: [10/400] train_loss_con: 5.562
[GPU0] epochs: [11/400] train_loss_con: 5.526
[GPU0] epochs: [12/400] train_loss_con: 5.488
[GPU0] epochs: [13/400] train_loss_con: 5.458
[GPU0] epochs: [14/400] train_loss_con: 5.433
[GPU0] epochs: [15/400] train_loss_con: 5.403
[GPU0] epochs: [16/400] train_loss_con: 5.381
[GPU0] epochs: [17/400] train_loss_con: 5.360
[GPU0] epochs: [18/400] train_loss_con: 5.340
[GPU0] epochs: [19/400] train_loss_con: 5.320
[GPU0] epochs: [20/400] train_loss_con: 5.303
[GPU0] epochs: [21/400] train_loss_con: 5.290
[GPU0] epochs: [22/400] train_loss_con: 5.270
[GPU0] epochs: [23/400] train_loss_con: 5.254
[GPU0] epochs: [24/400] train_loss_con: 5.240
[GPU0] epochs: [25/400] train_loss_con: 5.227
[GPU0] epochs: [26/400] train_loss_con: 5.217
[GPU0] epochs: [27/400] train_loss_con: 5.202
[GPU0] epochs: [28/400] train_loss_con: 5.191
[GPU0] epochs: [29/400] train_loss_con: 5.183
[GPU0] epochs: [30/400] train_loss_con: 5.172
[GPU0] epochs: [31/400] train_loss_con: 5.165
[GPU0] epochs: [32/400] train_loss_con: 5.153
[GPU0] epochs: [33/400] train_loss_con: 5.145
[GPU0] epochs: [34/400] train_loss_con: 5.135
[GPU0] epochs: [35/400] train_loss_con: 5.125
[GPU0] epochs: [36/400] train_loss_con: 5.119
[GPU0] epochs: [37/400] train_loss_con: 5.114
[GPU0] epochs: [38/400] train_loss_con: 5.107
[GPU0] epochs: [39/400] train_loss_con: 5.098
[GPU0] epochs: [40/400] train_loss_con: 5.090
[GPU0] epochs: [41/400] train_loss_con: 5.085
[GPU0] epochs: [42/400] train_loss_con: 5.081
[GPU0] epochs: [43/400] train_loss_con: 5.072
[GPU0] epochs: [44/400] train_loss_con: 5.068
[GPU0] epochs: [45/400] train_loss_con: 5.062
[GPU0] epochs: [46/400] train_loss_con: 5.059
[GPU0] epochs: [47/400] train_loss_con: 5.052
[GPU0] epochs: [48/400] train_loss_con: 5.046
[GPU0] epochs: [49/400] train_loss_con: 5.042
[GPU0] epochs: [50/400] train_loss_con: 5.036
[GPU0] epochs: [51/400] train_loss_con: 5.032
[GPU0] epochs: [52/400] train_loss_con: 5.028
[GPU0] epochs: [53/400] train_loss_con: 5.024
[GPU0] epochs: [54/400] train_loss_con: 5.020
[GPU0] epochs: [55/400] train_loss_con: 5.016
[GPU0] epochs: [56/400] train_loss_con: 5.010
[GPU0] epochs: [57/400] train_loss_con: 5.008
[GPU0] epochs: [58/400] train_loss_con: 5.003
[GPU0] epochs: [59/400] train_loss_con: 4.998
[GPU0] epochs: [60/400] train_loss_con: 4.998
[GPU0] epochs: [61/400] train_loss_con: 4.993
[GPU0] epochs: [62/400] train_loss_con: 4.989
[GPU0] epochs: [63/400] train_loss_con: 4.984
[GPU0] epochs: [64/400] train_loss_con: 4.980
[GPU0] epochs: [65/400] train_loss_con: 4.978
[GPU0] epochs: [66/400] train_loss_con: 4.975
[GPU0] epochs: [67/400] train_loss_con: 4.971
[GPU0] epochs: [68/400] train_loss_con: 4.967
[GPU0] epochs: [69/400] train_loss_con: 4.965
[GPU0] epochs: [70/400] train_loss_con: 4.961
[GPU0] epochs: [71/400] train_loss_con: 4.960
[GPU0] epochs: [72/400] train_loss_con: 4.953
[GPU0] epochs: [73/400] train_loss_con: 4.952
[GPU0] epochs: [74/400] train_loss_con: 4.949
[GPU0] epochs: [75/400] train_loss_con: 4.945
[GPU0] epochs: [76/400] train_loss_con: 4.944
[GPU0] epochs: [77/400] train_loss_con: 4.941
[GPU0] epochs: [78/400] train_loss_con: 4.936
[GPU0] epochs: [79/400] train_loss_con: 4.934
[GPU0] epochs: [80/400] train_loss_con: 4.929
[GPU0] epochs: [81/400] train_loss_con: 4.929
[GPU0] epochs: [82/400] train_loss_con: 4.924
[GPU0] epochs: [83/400] train_loss_con: 4.924
[GPU0] epochs: [84/400] train_loss_con: 4.917
[GPU0] epochs: [85/400] train_loss_con: 4.915
[GPU0] epochs: [86/400] train_loss_con: 4.913
[GPU0] epochs: [87/400] train_loss_con: 4.911
[GPU0] epochs: [88/400] train_loss_con: 4.908
[GPU0] epochs: [89/400] train_loss_con: 4.906
[GPU0] epochs: [90/400] train_loss_con: 4.905
[GPU0] epochs: [91/400] train_loss_con: 4.903
[GPU0] epochs: [92/400] train_loss_con: 4.899
[GPU0] epochs: [93/400] train_loss_con: 4.897
[GPU0] epochs: [94/400] train_loss_con: 4.895
[GPU0] epochs: [95/400] train_loss_con: 4.892
[GPU0] epochs: [96/400] train_loss_con: 4.888
[GPU0] epochs: [97/400] train_loss_con: 4.886
[GPU0] epochs: [98/400] train_loss_con: 4.884
[GPU0] epochs: [99/400] train_loss_con: 4.881
Model saved at: saved_models/mae.clr.rot.timg.wt0.8.ec100.pth
[GPU0] epochs: [100/400] train_loss_con: 4.878
[GPU0] epochs: [101/400] train_loss_con: 4.877
[GPU0] epochs: [102/400] train_loss_con: 4.873
[GPU0] epochs: [103/400] train_loss_con: 4.873
[GPU0] epochs: [104/400] train_loss_con: 4.867
[GPU0] epochs: [105/400] train_loss_con: 4.868
[GPU0] epochs: [106/400] train_loss_con: 4.865
[GPU0] epochs: [107/400] train_loss_con: 4.863
[GPU0] epochs: [108/400] train_loss_con: 4.861
[GPU0] epochs: [109/400] train_loss_con: 4.856
[GPU0] epochs: [110/400] train_loss_con: 4.857
[GPU0] epochs: [111/400] train_loss_con: 4.855
[GPU0] epochs: [112/400] train_loss_con: 4.852
[GPU0] epochs: [113/400] train_loss_con: 4.852
[GPU0] epochs: [114/400] train_loss_con: 4.847
[GPU0] epochs: [115/400] train_loss_con: 4.846
[GPU0] epochs: [116/400] train_loss_con: 4.844
[GPU0] epochs: [117/400] train_loss_con: 4.845
[GPU0] epochs: [118/400] train_loss_con: 4.840
[GPU0] epochs: [119/400] train_loss_con: 4.836
[GPU0] epochs: [120/400] train_loss_con: 4.838
[GPU0] epochs: [121/400] train_loss_con: 4.836
[GPU0] epochs: [122/400] train_loss_con: 4.831
[GPU0] epochs: [123/400] train_loss_con: 4.829
[GPU0] epochs: [124/400] train_loss_con: 4.828
[GPU0] epochs: [125/400] train_loss_con: 4.826
[GPU0] epochs: [126/400] train_loss_con: 4.823
[GPU0] epochs: [127/400] train_loss_con: 4.822
[GPU0] epochs: [128/400] train_loss_con: 4.820
[GPU0] epochs: [129/400] train_loss_con: 4.815
[GPU0] epochs: [130/400] train_loss_con: 4.816
[GPU0] epochs: [131/400] train_loss_con: 4.813
[GPU0] epochs: [132/400] train_loss_con: 4.814
[GPU0] epochs: [133/400] train_loss_con: 4.812
[GPU0] epochs: [134/400] train_loss_con: 4.809
[GPU0] epochs: [135/400] train_loss_con: 4.805
[GPU0] epochs: [136/400] train_loss_con: 4.804
[GPU0] epochs: [137/400] train_loss_con: 4.804
[GPU0] epochs: [138/400] train_loss_con: 4.802
[GPU0] epochs: [139/400] train_loss_con: 4.802
[GPU0] epochs: [140/400] train_loss_con: 4.800
[GPU0] epochs: [141/400] train_loss_con: 4.795
[GPU0] epochs: [142/400] train_loss_con: 4.793
[GPU0] epochs: [143/400] train_loss_con: 4.793
[GPU0] epochs: [144/400] train_loss_con: 4.790
[GPU0] epochs: [145/400] train_loss_con: 4.791
[GPU0] epochs: [146/400] train_loss_con: 4.790
[GPU0] epochs: [147/400] train_loss_con: 4.786
[GPU0] epochs: [148/400] train_loss_con: 4.784
[GPU0] epochs: [149/400] train_loss_con: 4.785
[GPU0] epochs: [150/400] train_loss_con: 4.780
[GPU0] epochs: [151/400] train_loss_con: 4.778
[GPU0] epochs: [152/400] train_loss_con: 4.776
[GPU0] epochs: [153/400] train_loss_con: 4.776
[GPU0] epochs: [154/400] train_loss_con: 4.774
[GPU0] epochs: [155/400] train_loss_con: 4.772
[GPU0] epochs: [156/400] train_loss_con: 4.770
[GPU0] epochs: [157/400] train_loss_con: 4.771
[GPU0] epochs: [158/400] train_loss_con: 4.767
[GPU0] epochs: [159/400] train_loss_con: 4.769
[GPU0] epochs: [160/400] train_loss_con: 4.765
[GPU0] epochs: [161/400] train_loss_con: 4.765
[GPU0] epochs: [162/400] train_loss_con: 4.762
[GPU0] epochs: [163/400] train_loss_con: 4.764
[GPU0] epochs: [164/400] train_loss_con: 4.759
[GPU0] epochs: [165/400] train_loss_con: 4.758
[GPU0] epochs: [166/400] train_loss_con: 4.758
[GPU0] epochs: [167/400] train_loss_con: 4.753
[GPU0] epochs: [168/400] train_loss_con: 4.751
[GPU0] epochs: [169/400] train_loss_con: 4.753
[GPU0] epochs: [170/400] train_loss_con: 4.752
[GPU0] epochs: [171/400] train_loss_con: 4.747
[GPU0] epochs: [172/400] train_loss_con: 4.745
[GPU0] epochs: [173/400] train_loss_con: 4.748
[GPU0] epochs: [174/400] train_loss_con: 4.747
[GPU0] epochs: [175/400] train_loss_con: 4.744
[GPU0] epochs: [176/400] train_loss_con: 4.746
[GPU0] epochs: [177/400] train_loss_con: 4.743
[GPU0] epochs: [178/400] train_loss_con: 4.739
[GPU0] epochs: [179/400] train_loss_con: 4.739
[GPU0] epochs: [180/400] train_loss_con: 4.739
[GPU0] epochs: [181/400] train_loss_con: 4.736
[GPU0] epochs: [182/400] train_loss_con: 4.736
[GPU0] epochs: [183/400] train_loss_con: 4.732
[GPU0] epochs: [184/400] train_loss_con: 4.730
[GPU0] epochs: [185/400] train_loss_con: 4.729
[GPU0] epochs: [186/400] train_loss_con: 4.728
[GPU0] epochs: [187/400] train_loss_con: 4.727
[GPU0] epochs: [188/400] train_loss_con: 4.727
[GPU0] epochs: [189/400] train_loss_con: 4.727
[GPU0] epochs: [190/400] train_loss_con: 4.725
[GPU0] epochs: [191/400] train_loss_con: 4.723
[GPU0] epochs: [192/400] train_loss_con: 4.723
[GPU0] epochs: [193/400] train_loss_con: 4.721
[GPU0] epochs: [194/400] train_loss_con: 4.721
[GPU0] epochs: [195/400] train_loss_con: 4.716
[GPU0] epochs: [196/400] train_loss_con: 4.718
[GPU0] epochs: [197/400] train_loss_con: 4.718
[GPU0] epochs: [198/400] train_loss_con: 4.716
[GPU0] epochs: [199/400] train_loss_con: 4.715
Model saved at: saved_models/mae.clr.rot.timg.wt0.8.ec200.pth
[GPU0] epochs: [200/400] train_loss_con: 4.715
[GPU0] epochs: [201/400] train_loss_con: 4.714
[GPU0] epochs: [202/400] train_loss_con: 4.713
[GPU0] epochs: [203/400] train_loss_con: 4.710
[GPU0] epochs: [204/400] train_loss_con: 4.711
[GPU0] epochs: [205/400] train_loss_con: 4.709
[GPU0] epochs: [206/400] train_loss_con: 4.708
[GPU0] epochs: [207/400] train_loss_con: 4.708
[GPU0] epochs: [208/400] train_loss_con: 4.706
[GPU0] epochs: [209/400] train_loss_con: 4.707
[GPU0] epochs: [210/400] train_loss_con: 4.705
[GPU0] epochs: [211/400] train_loss_con: 4.703
[GPU0] epochs: [212/400] train_loss_con: 4.704
[GPU0] epochs: [213/400] train_loss_con: 4.704
[GPU0] epochs: [214/400] train_loss_con: 4.704
[GPU0] epochs: [215/400] train_loss_con: 4.700
[GPU0] epochs: [216/400] train_loss_con: 4.700
[GPU0] epochs: [217/400] train_loss_con: 4.696
[GPU0] epochs: [218/400] train_loss_con: 4.698
[GPU0] epochs: [219/400] train_loss_con: 4.698
[GPU0] epochs: [220/400] train_loss_con: 4.696
[GPU0] epochs: [221/400] train_loss_con: 4.695
[GPU0] epochs: [222/400] train_loss_con: 4.695
[GPU0] epochs: [223/400] train_loss_con: 4.694
[GPU0] epochs: [224/400] train_loss_con: 4.691
[GPU0] epochs: [225/400] train_loss_con: 4.693
[GPU0] epochs: [226/400] train_loss_con: 4.691
[GPU0] epochs: [227/400] train_loss_con: 4.691
[GPU0] epochs: [228/400] train_loss_con: 4.690
[GPU0] epochs: [229/400] train_loss_con: 4.688
[GPU0] epochs: [230/400] train_loss_con: 4.689
[GPU0] epochs: [231/400] train_loss_con: 4.686
[GPU0] epochs: [232/400] train_loss_con: 4.687
[GPU0] epochs: [233/400] train_loss_con: 4.686
[GPU0] epochs: [234/400] train_loss_con: 4.686
[GPU0] epochs: [235/400] train_loss_con: 4.686
[GPU0] epochs: [236/400] train_loss_con: 4.683
[GPU0] epochs: [237/400] train_loss_con: 4.683
[GPU0] epochs: [238/400] train_loss_con: 4.681
[GPU0] epochs: [239/400] train_loss_con: 4.683
[GPU0] epochs: [240/400] train_loss_con: 4.680
[GPU0] epochs: [241/400] train_loss_con: 4.683
[GPU0] epochs: [242/400] train_loss_con: 4.680
[GPU0] epochs: [243/400] train_loss_con: 4.679
[GPU0] epochs: [244/400] train_loss_con: 4.680
[GPU0] epochs: [245/400] train_loss_con: 4.679
[GPU0] epochs: [246/400] train_loss_con: 4.678
[GPU0] epochs: [247/400] train_loss_con: 4.678
[GPU0] epochs: [248/400] train_loss_con: 4.676
[GPU0] epochs: [249/400] train_loss_con: 4.676
[GPU0] epochs: [250/400] train_loss_con: 4.673
[GPU0] epochs: [251/400] train_loss_con: 4.677
[GPU0] epochs: [252/400] train_loss_con: 4.675
[GPU0] epochs: [253/400] train_loss_con: 4.672
[GPU0] epochs: [254/400] train_loss_con: 4.673
[GPU0] epochs: [255/400] train_loss_con: 4.674
[GPU0] epochs: [256/400] train_loss_con: 4.672
[GPU0] epochs: [257/400] train_loss_con: 4.670
[GPU0] epochs: [258/400] train_loss_con: 4.673
[GPU0] epochs: [259/400] train_loss_con: 4.669
[GPU0] epochs: [260/400] train_loss_con: 4.670
[GPU0] epochs: [261/400] train_loss_con: 4.669
[GPU0] epochs: [262/400] train_loss_con: 4.668
[GPU0] epochs: [263/400] train_loss_con: 4.666
[GPU0] epochs: [264/400] train_loss_con: 4.669
[GPU0] epochs: [265/400] train_loss_con: 4.668
[GPU0] epochs: [266/400] train_loss_con: 4.666
[GPU0] epochs: [267/400] train_loss_con: 4.665
[GPU0] epochs: [268/400] train_loss_con: 4.666
[GPU0] epochs: [269/400] train_loss_con: 4.667
[GPU0] epochs: [270/400] train_loss_con: 4.664
[GPU0] epochs: [271/400] train_loss_con: 4.665
[GPU0] epochs: [272/400] train_loss_con: 4.664
[GPU0] epochs: [273/400] train_loss_con: 4.662
[GPU0] epochs: [274/400] train_loss_con: 4.663
[GPU0] epochs: [275/400] train_loss_con: 4.661
[GPU0] epochs: [276/400] train_loss_con: 4.663
[GPU0] epochs: [277/400] train_loss_con: 4.661
[GPU0] epochs: [278/400] train_loss_con: 4.661
[GPU0] epochs: [279/400] train_loss_con: 4.661
[GPU0] epochs: [280/400] train_loss_con: 4.659
[GPU0] epochs: [281/400] train_loss_con: 4.658
[GPU0] epochs: [282/400] train_loss_con: 4.659
[GPU0] epochs: [283/400] train_loss_con: 4.659
[GPU0] epochs: [284/400] train_loss_con: 4.660
[GPU0] epochs: [285/400] train_loss_con: 4.656
[GPU0] epochs: [286/400] train_loss_con: 4.658
[GPU0] epochs: [287/400] train_loss_con: 4.655
[GPU0] epochs: [288/400] train_loss_con: 4.655
[GPU0] epochs: [289/400] train_loss_con: 4.657
[GPU0] epochs: [290/400] train_loss_con: 4.656
[GPU0] epochs: [291/400] train_loss_con: 4.658
[GPU0] epochs: [292/400] train_loss_con: 4.654
[GPU0] epochs: [293/400] train_loss_con: 4.655
[GPU0] epochs: [294/400] train_loss_con: 4.654
[GPU0] epochs: [295/400] train_loss_con: 4.653
[GPU0] epochs: [296/400] train_loss_con: 4.655
[GPU0] epochs: [297/400] train_loss_con: 4.653
[GPU0] epochs: [298/400] train_loss_con: 4.653
[GPU0] epochs: [299/400] train_loss_con: 4.653
Model saved at: saved_models/mae.clr.rot.timg.wt0.8.ec300.pth
[GPU0] epochs: [300/400] train_loss_con: 4.651
[GPU0] epochs: [301/400] train_loss_con: 4.652
[GPU0] epochs: [302/400] train_loss_con: 4.650
[GPU0] epochs: [303/400] train_loss_con: 4.651
[GPU0] epochs: [304/400] train_loss_con: 4.649
[GPU0] epochs: [305/400] train_loss_con: 4.648
[GPU0] epochs: [306/400] train_loss_con: 4.649
[GPU0] epochs: [307/400] train_loss_con: 4.649
[GPU0] epochs: [308/400] train_loss_con: 4.648
[GPU0] epochs: [309/400] train_loss_con: 4.650
[GPU0] epochs: [310/400] train_loss_con: 4.648
[GPU0] epochs: [311/400] train_loss_con: 4.647
[GPU0] epochs: [312/400] train_loss_con: 4.647
[GPU0] epochs: [313/400] train_loss_con: 4.646
[GPU0] epochs: [314/400] train_loss_con: 4.644
[GPU0] epochs: [315/400] train_loss_con: 4.647
[GPU0] epochs: [316/400] train_loss_con: 4.645
[GPU0] epochs: [317/400] train_loss_con: 4.644
[GPU0] epochs: [318/400] train_loss_con: 4.645
[GPU0] epochs: [319/400] train_loss_con: 4.645
[GPU0] epochs: [320/400] train_loss_con: 4.645
[GPU0] epochs: [321/400] train_loss_con: 4.644
[GPU0] epochs: [322/400] train_loss_con: 4.642
[GPU0] epochs: [323/400] train_loss_con: 4.643
[GPU0] epochs: [324/400] train_loss_con: 4.643
[GPU0] epochs: [325/400] train_loss_con: 4.642
[GPU0] epochs: [326/400] train_loss_con: 4.644
[GPU0] epochs: [327/400] train_loss_con: 4.643
[GPU0] epochs: [328/400] train_loss_con: 4.643
[GPU0] epochs: [329/400] train_loss_con: 4.639
[GPU0] epochs: [330/400] train_loss_con: 4.641
[GPU0] epochs: [331/400] train_loss_con: 4.640
[GPU0] epochs: [332/400] train_loss_con: 4.640
[GPU0] epochs: [333/400] train_loss_con: 4.640
[GPU0] epochs: [334/400] train_loss_con: 4.640
[GPU0] epochs: [335/400] train_loss_con: 4.639
[GPU0] epochs: [336/400] train_loss_con: 4.638
[GPU0] epochs: [337/400] train_loss_con: 4.638
[GPU0] epochs: [338/400] train_loss_con: 4.638
[GPU0] epochs: [339/400] train_loss_con: 4.638
[GPU0] epochs: [340/400] train_loss_con: 4.639
[GPU0] epochs: [341/400] train_loss_con: 4.636
[GPU0] epochs: [342/400] train_loss_con: 4.636
[GPU0] epochs: [343/400] train_loss_con: 4.638
[GPU0] epochs: [344/400] train_loss_con: 4.636
[GPU0] epochs: [345/400] train_loss_con: 4.637
[GPU0] epochs: [346/400] train_loss_con: 4.634
[GPU0] epochs: [347/400] train_loss_con: 4.635
[GPU0] epochs: [348/400] train_loss_con: 4.637
[GPU0] epochs: [349/400] train_loss_con: 4.635
[GPU0] epochs: [350/400] train_loss_con: 4.632
[GPU0] epochs: [351/400] train_loss_con: 4.634
[GPU0] epochs: [352/400] train_loss_con: 4.635
[GPU0] epochs: [353/400] train_loss_con: 4.634
[GPU0] epochs: [354/400] train_loss_con: 4.635
[GPU0] epochs: [355/400] train_loss_con: 4.632
[GPU0] epochs: [356/400] train_loss_con: 4.632
[GPU0] epochs: [357/400] train_loss_con: 4.632
[GPU0] epochs: [358/400] train_loss_con: 4.633
[GPU0] epochs: [359/400] train_loss_con: 4.633
[GPU0] epochs: [360/400] train_loss_con: 4.632
[GPU0] epochs: [361/400] train_loss_con: 4.631
[GPU0] epochs: [362/400] train_loss_con: 4.632
[GPU0] epochs: [363/400] train_loss_con: 4.630
[GPU0] epochs: [364/400] train_loss_con: 4.632
[GPU0] epochs: [365/400] train_loss_con: 4.630
[GPU0] epochs: [366/400] train_loss_con: 4.629
[GPU0] epochs: [367/400] train_loss_con: 4.629
[GPU0] epochs: [368/400] train_loss_con: 4.631
[GPU0] epochs: [369/400] train_loss_con: 4.628
[GPU0] epochs: [370/400] train_loss_con: 4.629
[GPU0] epochs: [371/400] train_loss_con: 4.628
[GPU0] epochs: [372/400] train_loss_con: 4.628
[GPU0] epochs: [373/400] train_loss_con: 4.628
[GPU0] epochs: [374/400] train_loss_con: 4.628
[GPU0] epochs: [375/400] train_loss_con: 4.627
[GPU0] epochs: [376/400] train_loss_con: 4.626
[GPU0] epochs: [377/400] train_loss_con: 4.627
[GPU0] epochs: [378/400] train_loss_con: 4.628
[GPU0] epochs: [379/400] train_loss_con: 4.626
[GPU0] epochs: [380/400] train_loss_con: 4.626
[GPU0] epochs: [381/400] train_loss_con: 4.623
[GPU0] epochs: [382/400] train_loss_con: 4.624
[GPU0] epochs: [383/400] train_loss_con: 4.624
[GPU0] epochs: [384/400] train_loss_con: 4.624
[GPU0] epochs: [385/400] train_loss_con: 4.623
[GPU0] epochs: [386/400] train_loss_con: 4.621
[GPU0] epochs: [387/400] train_loss_con: 4.622
[GPU0] epochs: [388/400] train_loss_con: 4.623
[GPU0] epochs: [389/400] train_loss_con: 4.621
[GPU0] epochs: [390/400] train_loss_con: 4.622
[GPU0] epochs: [391/400] train_loss_con: 4.620
[GPU0] epochs: [392/400] train_loss_con: 4.623
[GPU0] epochs: [393/400] train_loss_con: 4.621
[GPU0] epochs: [394/400] train_loss_con: 4.623
[GPU0] epochs: [395/400] train_loss_con: 4.621
[GPU0] epochs: [396/400] train_loss_con: 4.622
[GPU0] epochs: [397/400] train_loss_con: 4.619
[GPU0] epochs: [398/400] train_loss_con: 4.621
[GPU0] epochs: [399/400] train_loss_con: 4.622
[GPU0] epochs: [400/400] train_loss_con: 4.617
Model weights saved
pretraining time: 18h 34m 1s
--------------------------------------------------
starting linear probing
<All keys matched successfully>
augmentation for mae_clr_rot: 
Compose(
    RandomResizedCrop(size=(64, 64), scale=(0.08, 1.0), ratio=(0.75, 1.3333), interpolation=bilinear, antialias=True)
    RandomHorizontalFlip(p=0.5)
    RandomApply(
    p=0.8
    ColorJitter(brightness=(0.6, 1.4), contrast=(0.6, 1.4), saturation=(0.6, 1.4), hue=(-0.1, 0.1))
)
    RandomGrayscale(p=0.2)
    Identity()
    Solarization(p = 0.0)
    ToTensor()
    Normalize(mean=(0.485, 0.456, 0.406), std=(0.229, 0.224, 0.225))
)
Compose(
    RandomResizedCrop(size=(64, 64), scale=(0.08, 1.0), ratio=(0.75, 1.3333), interpolation=bilinear, antialias=True)
    RandomHorizontalFlip(p=0.5)
    RandomApply(
    p=0.8
    ColorJitter(brightness=(0.6, 1.4), contrast=(0.6, 1.4), saturation=(0.6, 1.4), hue=(-0.1, 0.1))
)
    RandomGrayscale(p=0.2)
    Identity()
    Solarization(p = 0.0)
    ToTensor()
    Normalize(mean=(0.485, 0.456, 0.406), std=(0.229, 0.224, 0.225))
)
Starting Hyperparameter Sweep on 0...
===> using linear mlp
Scheduler: None
MLP: MLP(
  (mlp): Linear(in_features=384, out_features=200, bias=True)
)
[GPU0] Test Accuracy at epoch: 0: 0.01
[GPU0] epochs: [1/100] train_acc: 0.006 train_loss_sup: 5.295
[GPU0] epochs: [2/100] train_acc: 0.012 train_loss_sup: 5.263
[GPU0] epochs: [3/100] train_acc: 0.020 train_loss_sup: 5.231
[GPU0] epochs: [4/100] train_acc: 0.034 train_loss_sup: 5.199
[GPU0] epochs: [5/100] train_acc: 0.043 train_loss_sup: 5.168
[GPU0] epochs: [6/100] train_acc: 0.049 train_loss_sup: 5.138
[GPU0] epochs: [7/100] train_acc: 0.061 train_loss_sup: 5.107
[GPU0] epochs: [8/100] train_acc: 0.067 train_loss_sup: 5.079
[GPU0] epochs: [9/100] train_acc: 0.082 train_loss_sup: 5.051
[GPU0] epochs: [10/100] train_acc: 0.084 train_loss_sup: 5.023
[GPU0] Test Accuracy at epoch: 10: 0.093
[GPU0] epochs: [11/100] train_acc: 0.090 train_loss_sup: 4.995
[GPU0] epochs: [12/100] train_acc: 0.096 train_loss_sup: 4.970
[GPU0] epochs: [13/100] train_acc: 0.098 train_loss_sup: 4.943
[GPU0] epochs: [14/100] train_acc: 0.107 train_loss_sup: 4.919
[GPU0] epochs: [15/100] train_acc: 0.111 train_loss_sup: 4.895
[GPU0] epochs: [16/100] train_acc: 0.121 train_loss_sup: 4.869
[GPU0] epochs: [17/100] train_acc: 0.121 train_loss_sup: 4.847
[GPU0] epochs: [18/100] train_acc: 0.124 train_loss_sup: 4.822
[GPU0] epochs: [19/100] train_acc: 0.133 train_loss_sup: 4.802
[GPU0] epochs: [20/100] train_acc: 0.131 train_loss_sup: 4.779
[GPU0] Test Accuracy at epoch: 20: 0.153
[GPU0] epochs: [21/100] train_acc: 0.136 train_loss_sup: 4.757
[GPU0] epochs: [22/100] train_acc: 0.139 train_loss_sup: 4.737
[GPU0] epochs: [23/100] train_acc: 0.138 train_loss_sup: 4.716
[GPU0] epochs: [24/100] train_acc: 0.145 train_loss_sup: 4.697
[GPU0] epochs: [25/100] train_acc: 0.147 train_loss_sup: 4.677
[GPU0] epochs: [26/100] train_acc: 0.148 train_loss_sup: 4.657
[GPU0] epochs: [27/100] train_acc: 0.151 train_loss_sup: 4.639
[GPU0] epochs: [28/100] train_acc: 0.153 train_loss_sup: 4.619
[GPU0] epochs: [29/100] train_acc: 0.157 train_loss_sup: 4.601
[GPU0] epochs: [30/100] train_acc: 0.159 train_loss_sup: 4.585
[GPU0] Test Accuracy at epoch: 30: 0.171
[GPU0] epochs: [31/100] train_acc: 0.162 train_loss_sup: 4.565
[GPU0] epochs: [32/100] train_acc: 0.163 train_loss_sup: 4.548
[GPU0] epochs: [33/100] train_acc: 0.167 train_loss_sup: 4.532
[GPU0] epochs: [34/100] train_acc: 0.169 train_loss_sup: 4.516
[GPU0] epochs: [35/100] train_acc: 0.171 train_loss_sup: 4.498
[GPU0] epochs: [36/100] train_acc: 0.170 train_loss_sup: 4.485
[GPU0] epochs: [37/100] train_acc: 0.174 train_loss_sup: 4.469
[GPU0] epochs: [38/100] train_acc: 0.176 train_loss_sup: 4.453
[GPU0] epochs: [39/100] train_acc: 0.178 train_loss_sup: 4.438
[GPU0] epochs: [40/100] train_acc: 0.180 train_loss_sup: 4.422
[GPU0] Test Accuracy at epoch: 40: 0.191
[GPU0] epochs: [41/100] train_acc: 0.183 train_loss_sup: 4.407
[GPU0] epochs: [42/100] train_acc: 0.184 train_loss_sup: 4.394
[GPU0] epochs: [43/100] train_acc: 0.185 train_loss_sup: 4.379
[GPU0] epochs: [44/100] train_acc: 0.187 train_loss_sup: 4.366
[GPU0] epochs: [45/100] train_acc: 0.188 train_loss_sup: 4.353
[GPU0] epochs: [46/100] train_acc: 0.188 train_loss_sup: 4.338
[GPU0] epochs: [47/100] train_acc: 0.191 train_loss_sup: 4.326
[GPU0] epochs: [48/100] train_acc: 0.194 train_loss_sup: 4.314
[GPU0] epochs: [49/100] train_acc: 0.194 train_loss_sup: 4.302
[GPU0] epochs: [50/100] train_acc: 0.195 train_loss_sup: 4.287
[GPU0] Test Accuracy at epoch: 50: 0.204
[GPU0] epochs: [51/100] train_acc: 0.197 train_loss_sup: 4.276
[GPU0] epochs: [52/100] train_acc: 0.198 train_loss_sup: 4.264
[GPU0] epochs: [53/100] train_acc: 0.201 train_loss_sup: 4.253
[GPU0] epochs: [54/100] train_acc: 0.202 train_loss_sup: 4.239
[GPU0] epochs: [55/100] train_acc: 0.201 train_loss_sup: 4.228
[GPU0] epochs: [56/100] train_acc: 0.206 train_loss_sup: 4.218
[GPU0] epochs: [57/100] train_acc: 0.206 train_loss_sup: 4.205
[GPU0] epochs: [58/100] train_acc: 0.205 train_loss_sup: 4.198
[GPU0] epochs: [59/100] train_acc: 0.208 train_loss_sup: 4.184
[GPU0] epochs: [60/100] train_acc: 0.209 train_loss_sup: 4.172
[GPU0] Test Accuracy at epoch: 60: 0.209
[GPU0] epochs: [61/100] train_acc: 0.210 train_loss_sup: 4.164
[GPU0] epochs: [62/100] train_acc: 0.211 train_loss_sup: 4.153
[GPU0] epochs: [63/100] train_acc: 0.212 train_loss_sup: 4.143
[GPU0] epochs: [64/100] train_acc: 0.215 train_loss_sup: 4.134
[GPU0] epochs: [65/100] train_acc: 0.216 train_loss_sup: 4.122
[GPU0] epochs: [66/100] train_acc: 0.217 train_loss_sup: 4.112
[GPU0] epochs: [67/100] train_acc: 0.217 train_loss_sup: 4.106
[GPU0] epochs: [68/100] train_acc: 0.219 train_loss_sup: 4.093
[GPU0] epochs: [69/100] train_acc: 0.219 train_loss_sup: 4.085
[GPU0] epochs: [70/100] train_acc: 0.221 train_loss_sup: 4.078
[GPU0] Test Accuracy at epoch: 70: 0.227
[GPU0] epochs: [71/100] train_acc: 0.222 train_loss_sup: 4.066
[GPU0] epochs: [72/100] train_acc: 0.223 train_loss_sup: 4.058
[GPU0] epochs: [73/100] train_acc: 0.224 train_loss_sup: 4.047
[GPU0] epochs: [74/100] train_acc: 0.224 train_loss_sup: 4.041
[GPU0] epochs: [75/100] train_acc: 0.226 train_loss_sup: 4.031
[GPU0] epochs: [76/100] train_acc: 0.227 train_loss_sup: 4.023
[GPU0] epochs: [77/100] train_acc: 0.229 train_loss_sup: 4.013
[GPU0] epochs: [78/100] train_acc: 0.228 train_loss_sup: 4.004
[GPU0] epochs: [79/100] train_acc: 0.231 train_loss_sup: 4.000
[GPU0] epochs: [80/100] train_acc: 0.230 train_loss_sup: 3.990
[GPU0] Test Accuracy at epoch: 80: 0.243
[GPU0] epochs: [81/100] train_acc: 0.231 train_loss_sup: 3.982
[GPU0] epochs: [82/100] train_acc: 0.232 train_loss_sup: 3.972
[GPU0] epochs: [83/100] train_acc: 0.234 train_loss_sup: 3.967
[GPU0] epochs: [84/100] train_acc: 0.234 train_loss_sup: 3.958
[GPU0] epochs: [85/100] train_acc: 0.234 train_loss_sup: 3.950
[GPU0] epochs: [86/100] train_acc: 0.237 train_loss_sup: 3.945
[GPU0] epochs: [87/100] train_acc: 0.235 train_loss_sup: 3.935
[GPU0] epochs: [88/100] train_acc: 0.237 train_loss_sup: 3.929
[GPU0] epochs: [89/100] train_acc: 0.239 train_loss_sup: 3.920
[GPU0] epochs: [90/100] train_acc: 0.238 train_loss_sup: 3.914
[GPU0] Test Accuracy at epoch: 90: 0.248
[GPU0] epochs: [91/100] train_acc: 0.241 train_loss_sup: 3.905
[GPU0] epochs: [92/100] train_acc: 0.242 train_loss_sup: 3.901
[GPU0] epochs: [93/100] train_acc: 0.241 train_loss_sup: 3.892
[GPU0] epochs: [94/100] train_acc: 0.242 train_loss_sup: 3.887
[GPU0] epochs: [95/100] train_acc: 0.243 train_loss_sup: 3.879
[GPU0] epochs: [96/100] train_acc: 0.244 train_loss_sup: 3.872
[GPU0] epochs: [97/100] train_acc: 0.244 train_loss_sup: 3.866
[GPU0] epochs: [98/100] train_acc: 0.245 train_loss_sup: 3.860
[GPU0] epochs: [99/100] train_acc: 0.246 train_loss_sup: 3.856
[GPU0] epochs: [100/100] train_acc: 0.246 train_loss_sup: 3.846
[GPU0] Final Test Accuracy: 0.255
LR: 0.100 | WD: 0.000001 | Cosine: False | test Acc: 0.255%
===> using linear mlp
Scheduler: None
MLP: MLP(
  (mlp): Linear(in_features=384, out_features=200, bias=True)
)
[GPU0] Test Accuracy at epoch: 0: 0.006
[GPU0] epochs: [1/100] train_acc: 0.006 train_loss_sup: 5.295
[GPU0] epochs: [2/100] train_acc: 0.014 train_loss_sup: 5.264
[GPU0] epochs: [3/100] train_acc: 0.024 train_loss_sup: 5.233
[GPU0] epochs: [4/100] train_acc: 0.037 train_loss_sup: 5.202
[GPU0] epochs: [5/100] train_acc: 0.040 train_loss_sup: 5.174
[GPU0] epochs: [6/100] train_acc: 0.051 train_loss_sup: 5.146
[GPU0] epochs: [7/100] train_acc: 0.056 train_loss_sup: 5.120
[GPU0] epochs: [8/100] train_acc: 0.065 train_loss_sup: 5.094
[GPU0] epochs: [9/100] train_acc: 0.076 train_loss_sup: 5.070
[GPU0] epochs: [10/100] train_acc: 0.082 train_loss_sup: 5.046
[GPU0] Test Accuracy at epoch: 10: 0.083
[GPU0] epochs: [11/100] train_acc: 0.083 train_loss_sup: 5.024
[GPU0] epochs: [12/100] train_acc: 0.087 train_loss_sup: 5.002
[GPU0] epochs: [13/100] train_acc: 0.092 train_loss_sup: 4.982
[GPU0] epochs: [14/100] train_acc: 0.099 train_loss_sup: 4.961
[GPU0] epochs: [15/100] train_acc: 0.104 train_loss_sup: 4.942
[GPU0] epochs: [16/100] train_acc: 0.105 train_loss_sup: 4.924
[GPU0] epochs: [17/100] train_acc: 0.113 train_loss_sup: 4.905
[GPU0] epochs: [18/100] train_acc: 0.114 train_loss_sup: 4.887
[GPU0] epochs: [19/100] train_acc: 0.120 train_loss_sup: 4.874
[GPU0] epochs: [20/100] train_acc: 0.117 train_loss_sup: 4.857
[GPU0] Test Accuracy at epoch: 20: 0.138
[GPU0] epochs: [21/100] train_acc: 0.125 train_loss_sup: 4.840
[GPU0] epochs: [22/100] train_acc: 0.125 train_loss_sup: 4.826
[GPU0] epochs: [23/100] train_acc: 0.129 train_loss_sup: 4.812
[GPU0] epochs: [24/100] train_acc: 0.129 train_loss_sup: 4.798
[GPU0] epochs: [25/100] train_acc: 0.131 train_loss_sup: 4.786
[GPU0] epochs: [26/100] train_acc: 0.133 train_loss_sup: 4.773
[GPU0] epochs: [27/100] train_acc: 0.137 train_loss_sup: 4.761
[GPU0] epochs: [28/100] train_acc: 0.135 train_loss_sup: 4.749
[GPU0] epochs: [29/100] train_acc: 0.136 train_loss_sup: 4.738
[GPU0] epochs: [30/100] train_acc: 0.143 train_loss_sup: 4.726
[GPU0] Test Accuracy at epoch: 30: 0.147
[GPU0] epochs: [31/100] train_acc: 0.144 train_loss_sup: 4.715
[GPU0] epochs: [32/100] train_acc: 0.142 train_loss_sup: 4.706
[GPU0] epochs: [33/100] train_acc: 0.148 train_loss_sup: 4.695
[GPU0] epochs: [34/100] train_acc: 0.147 train_loss_sup: 4.685
[GPU0] epochs: [35/100] train_acc: 0.151 train_loss_sup: 4.676
[GPU0] epochs: [36/100] train_acc: 0.149 train_loss_sup: 4.668
[GPU0] epochs: [37/100] train_acc: 0.152 train_loss_sup: 4.659
[GPU0] epochs: [38/100] train_acc: 0.156 train_loss_sup: 4.650
[GPU0] epochs: [39/100] train_acc: 0.155 train_loss_sup: 4.643
[GPU0] epochs: [40/100] train_acc: 0.155 train_loss_sup: 4.635
[GPU0] Test Accuracy at epoch: 40: 0.159
[GPU0] epochs: [41/100] train_acc: 0.159 train_loss_sup: 4.625
[GPU0] epochs: [42/100] train_acc: 0.158 train_loss_sup: 4.620
[GPU0] epochs: [43/100] train_acc: 0.160 train_loss_sup: 4.613
[GPU0] epochs: [44/100] train_acc: 0.161 train_loss_sup: 4.607
[GPU0] epochs: [45/100] train_acc: 0.162 train_loss_sup: 4.599
[GPU0] epochs: [46/100] train_acc: 0.160 train_loss_sup: 4.593
[GPU0] epochs: [47/100] train_acc: 0.163 train_loss_sup: 4.587
[GPU0] epochs: [48/100] train_acc: 0.166 train_loss_sup: 4.580
[GPU0] epochs: [49/100] train_acc: 0.164 train_loss_sup: 4.574
[GPU0] epochs: [50/100] train_acc: 0.164 train_loss_sup: 4.569
[GPU0] Test Accuracy at epoch: 50: 0.171
[GPU0] epochs: [51/100] train_acc: 0.166 train_loss_sup: 4.563
[GPU0] epochs: [52/100] train_acc: 0.168 train_loss_sup: 4.558
[GPU0] epochs: [53/100] train_acc: 0.168 train_loss_sup: 4.553
[GPU0] epochs: [54/100] train_acc: 0.169 train_loss_sup: 4.549
[GPU0] epochs: [55/100] train_acc: 0.171 train_loss_sup: 4.542
[GPU0] epochs: [56/100] train_acc: 0.171 train_loss_sup: 4.537
[GPU0] epochs: [57/100] train_acc: 0.172 train_loss_sup: 4.532
[GPU0] epochs: [58/100] train_acc: 0.171 train_loss_sup: 4.529
[GPU0] epochs: [59/100] train_acc: 0.174 train_loss_sup: 4.524
[GPU0] epochs: [60/100] train_acc: 0.172 train_loss_sup: 4.522
[GPU0] Test Accuracy at epoch: 60: 0.174
[GPU0] epochs: [61/100] train_acc: 0.174 train_loss_sup: 4.517
[GPU0] epochs: [62/100] train_acc: 0.177 train_loss_sup: 4.511
[GPU0] epochs: [63/100] train_acc: 0.174 train_loss_sup: 4.509
[GPU0] epochs: [64/100] train_acc: 0.174 train_loss_sup: 4.505
[GPU0] epochs: [65/100] train_acc: 0.178 train_loss_sup: 4.502
[GPU0] epochs: [66/100] train_acc: 0.177 train_loss_sup: 4.498
[GPU0] epochs: [67/100] train_acc: 0.182 train_loss_sup: 4.492
[GPU0] epochs: [68/100] train_acc: 0.181 train_loss_sup: 4.489
[GPU0] epochs: [69/100] train_acc: 0.181 train_loss_sup: 4.487
[GPU0] epochs: [70/100] train_acc: 0.180 train_loss_sup: 4.484
[GPU0] Test Accuracy at epoch: 70: 0.188
[GPU0] epochs: [71/100] train_acc: 0.180 train_loss_sup: 4.481
[GPU0] epochs: [72/100] train_acc: 0.180 train_loss_sup: 4.478
[GPU0] epochs: [73/100] train_acc: 0.183 train_loss_sup: 4.474
[GPU0] epochs: [74/100] train_acc: 0.182 train_loss_sup: 4.472
[GPU0] epochs: [75/100] train_acc: 0.182 train_loss_sup: 4.471
[GPU0] epochs: [76/100] train_acc: 0.184 train_loss_sup: 4.469
[GPU0] epochs: [77/100] train_acc: 0.181 train_loss_sup: 4.466
[GPU0] epochs: [78/100] train_acc: 0.184 train_loss_sup: 4.462
[GPU0] epochs: [79/100] train_acc: 0.181 train_loss_sup: 4.461
[GPU0] epochs: [80/100] train_acc: 0.186 train_loss_sup: 4.459
[GPU0] Test Accuracy at epoch: 80: 0.183
[GPU0] epochs: [81/100] train_acc: 0.186 train_loss_sup: 4.454
[GPU0] epochs: [82/100] train_acc: 0.184 train_loss_sup: 4.453
[GPU0] epochs: [83/100] train_acc: 0.188 train_loss_sup: 4.451
[GPU0] epochs: [84/100] train_acc: 0.185 train_loss_sup: 4.450
[GPU0] epochs: [85/100] train_acc: 0.188 train_loss_sup: 4.446
[GPU0] epochs: [86/100] train_acc: 0.186 train_loss_sup: 4.444
[GPU0] epochs: [87/100] train_acc: 0.187 train_loss_sup: 4.443
[GPU0] epochs: [88/100] train_acc: 0.186 train_loss_sup: 4.440
[GPU0] epochs: [89/100] train_acc: 0.186 train_loss_sup: 4.440
[GPU0] epochs: [90/100] train_acc: 0.189 train_loss_sup: 4.436
[GPU0] Test Accuracy at epoch: 90: 0.189
[GPU0] epochs: [91/100] train_acc: 0.187 train_loss_sup: 4.437
[GPU0] epochs: [92/100] train_acc: 0.190 train_loss_sup: 4.432
[GPU0] epochs: [93/100] train_acc: 0.188 train_loss_sup: 4.434
[GPU0] epochs: [94/100] train_acc: 0.188 train_loss_sup: 4.429
[GPU0] epochs: [95/100] train_acc: 0.188 train_loss_sup: 4.430
[GPU0] epochs: [96/100] train_acc: 0.191 train_loss_sup: 4.427
[GPU0] epochs: [97/100] train_acc: 0.190 train_loss_sup: 4.425
[GPU0] epochs: [98/100] train_acc: 0.190 train_loss_sup: 4.424
[GPU0] epochs: [99/100] train_acc: 0.191 train_loss_sup: 4.423
[GPU0] epochs: [100/100] train_acc: 0.189 train_loss_sup: 4.423
[GPU0] Final Test Accuracy: 0.19
LR: 0.100 | WD: 0.000100 | Cosine: False | test Acc: 0.190%
===> using linear mlp
Scheduler: None
MLP: MLP(
  (mlp): Linear(in_features=384, out_features=200, bias=True)
)
[GPU0] Test Accuracy at epoch: 0: 0.005
[GPU0] epochs: [1/100] train_acc: 0.006 train_loss_sup: 5.296
[GPU0] epochs: [2/100] train_acc: 0.014 train_loss_sup: 5.262
[GPU0] epochs: [3/100] train_acc: 0.024 train_loss_sup: 5.230
[GPU0] epochs: [4/100] train_acc: 0.030 train_loss_sup: 5.198
[GPU0] epochs: [5/100] train_acc: 0.045 train_loss_sup: 5.168
[GPU0] epochs: [6/100] train_acc: 0.054 train_loss_sup: 5.137
[GPU0] epochs: [7/100] train_acc: 0.059 train_loss_sup: 5.108
[GPU0] epochs: [8/100] train_acc: 0.073 train_loss_sup: 5.079
[GPU0] epochs: [9/100] train_acc: 0.079 train_loss_sup: 5.049
[GPU0] epochs: [10/100] train_acc: 0.084 train_loss_sup: 5.023
[GPU0] Test Accuracy at epoch: 10: 0.095
[GPU0] epochs: [11/100] train_acc: 0.088 train_loss_sup: 4.995
[GPU0] epochs: [12/100] train_acc: 0.097 train_loss_sup: 4.969
[GPU0] epochs: [13/100] train_acc: 0.105 train_loss_sup: 4.943
[GPU0] epochs: [14/100] train_acc: 0.107 train_loss_sup: 4.918
[GPU0] epochs: [15/100] train_acc: 0.112 train_loss_sup: 4.894
[GPU0] epochs: [16/100] train_acc: 0.114 train_loss_sup: 4.869
[GPU0] epochs: [17/100] train_acc: 0.120 train_loss_sup: 4.846
[GPU0] epochs: [18/100] train_acc: 0.123 train_loss_sup: 4.823
[GPU0] epochs: [19/100] train_acc: 0.126 train_loss_sup: 4.800
[GPU0] epochs: [20/100] train_acc: 0.130 train_loss_sup: 4.779
[GPU0] Test Accuracy at epoch: 20: 0.135
[GPU0] epochs: [21/100] train_acc: 0.136 train_loss_sup: 4.756
[GPU0] epochs: [22/100] train_acc: 0.134 train_loss_sup: 4.735
[GPU0] epochs: [23/100] train_acc: 0.139 train_loss_sup: 4.715
[GPU0] epochs: [24/100] train_acc: 0.143 train_loss_sup: 4.695
[GPU0] epochs: [25/100] train_acc: 0.144 train_loss_sup: 4.674
[GPU0] epochs: [26/100] train_acc: 0.150 train_loss_sup: 4.655
[GPU0] epochs: [27/100] train_acc: 0.150 train_loss_sup: 4.637
[GPU0] epochs: [28/100] train_acc: 0.156 train_loss_sup: 4.616
[GPU0] epochs: [29/100] train_acc: 0.157 train_loss_sup: 4.599
[GPU0] epochs: [30/100] train_acc: 0.160 train_loss_sup: 4.583
[GPU0] Test Accuracy at epoch: 30: 0.17
[GPU0] epochs: [31/100] train_acc: 0.162 train_loss_sup: 4.563
[GPU0] epochs: [32/100] train_acc: 0.163 train_loss_sup: 4.546
[GPU0] epochs: [33/100] train_acc: 0.165 train_loss_sup: 4.530
[GPU0] epochs: [34/100] train_acc: 0.171 train_loss_sup: 4.511
[GPU0] epochs: [35/100] train_acc: 0.169 train_loss_sup: 4.497
[GPU0] epochs: [36/100] train_acc: 0.172 train_loss_sup: 4.482
[GPU0] epochs: [37/100] train_acc: 0.173 train_loss_sup: 4.465
[GPU0] epochs: [38/100] train_acc: 0.177 train_loss_sup: 4.450
[GPU0] epochs: [39/100] train_acc: 0.178 train_loss_sup: 4.433
[GPU0] epochs: [40/100] train_acc: 0.179 train_loss_sup: 4.419
[GPU0] Test Accuracy at epoch: 40: 0.191
[GPU0] epochs: [41/100] train_acc: 0.182 train_loss_sup: 4.404
