environment: 
YAML: configs/mae_rot.yaml
==> SEED: 42
==> train_algo: mae_rot
==> dataset: {'cifar10': {'num_classes': 10, 'params': {'data_dir': 'datasets/cifar10', 'batch_size': 512, 'test_batch_size': 512, 'num_workers': 1, 'image_size': 32, 'algo': 'mae_rot'}}, 'cifar100': {'num_classes': 100, 'params': {'data_dir': 'datasets/cifar100', 'batch_size': 512, 'test_batch_size': 512, 'num_workers': 1, 'image_size': 32, 'algo': 'mae_rot'}}, 'timg': {'num_classes': 200, 'params': {'data_dir': 'datasets/tinyimagenet/tiny-imagenet-200', 'batch_size': 512, 'test_batch_size': 512, 'num_workers': 6, 'image_size': 64, 'algo': 'mae_rot'}}, 'img100': {'num_classes': 100, 'params': {'data_dir': 'datasets/imagenet100', 'labels_json': 'Labels.json', 'batch_size': 256, 'test_batch_size': 256, 'num_workers': 6, 'image_size': 224, 'algo': 'mae_rot'}}}
==> return_logs: False
==> eval_every: 10
==> n_epochs: 400
==> n_epochs_mlp: 100
==> gpu_id: 1
==> opt: AdamW
==> opt_params: {'lr': 0.0003, 'weight_decay': 0.05, 'betas': (0.9, 0.95)}
==> schedular_params: {'T_max': 380, 'eta_min': 0.001}
==> mlp_opt: SGD
==> mlp_opt_params: {'lr': 0.01, 'momentum': 0.9}
==> model_params: {'img_size': 64, 'in_chans': 3, 'patch_size': 4, 'embed_dim': 384, 'depth': 12, 'num_heads': 6, 'decoder_embed_dim': 256, 'decoder_depth': 4, 'decoder_num_heads': 8, 'mlp_ratio': 4, 'norm_pix_loss': False, 'algo_type': 'mae_rot', 'model_name': 'vit'}
==> rotnet_params: {'rot_hidden': 768, 'num_classes': 4}
==> mlp_type: hidden
==> loss: mae_rot
==> distributed: False
==> model_save_path: saved_models/mae.rot.timg.pth
==> warmup_epochs: 20
==> config: configs/mae_rot.yaml
--------------------------------------------------
MaskedAutoencoderViT(
  (base_encoder): MAEEncoder(
    (patch_embed): PatchEmbed(
      (proj): Conv2d(3, 384, kernel_size=(4, 4), stride=(4, 4))
      (norm): Identity()
    )
    (blocks): ModuleList(
      (0-11): 12 x Block(
        (norm1): LayerNorm((384,), eps=1e-06, elementwise_affine=True)
        (attn): Attention(
          (qkv): Linear(in_features=384, out_features=1152, bias=True)
          (q_norm): Identity()
          (k_norm): Identity()
          (attn_drop): Dropout(p=0.0, inplace=False)
          (norm): Identity()
          (proj): Linear(in_features=384, out_features=384, bias=True)
          (proj_drop): Dropout(p=0.0, inplace=False)
        )
        (ls1): Identity()
        (drop_path1): Identity()
        (norm2): LayerNorm((384,), eps=1e-06, elementwise_affine=True)
        (mlp): Mlp(
          (fc1): Linear(in_features=384, out_features=1536, bias=True)
          (act): GELU(approximate='none')
          (drop1): Dropout(p=0.0, inplace=False)
          (norm): Identity()
          (fc2): Linear(in_features=1536, out_features=384, bias=True)
          (drop2): Dropout(p=0.0, inplace=False)
        )
        (ls2): Identity()
        (drop_path2): Identity()
      )
    )
    (norm): LayerNorm((384,), eps=1e-06, elementwise_affine=True)
  )
  (decoder): MAEDecoder(
    (decoder_embed): Linear(in_features=384, out_features=256, bias=True)
    (decoder_blocks): ModuleList(
      (0-3): 4 x Block(
        (norm1): LayerNorm((256,), eps=1e-06, elementwise_affine=True)
        (attn): Attention(
          (qkv): Linear(in_features=256, out_features=768, bias=True)
          (q_norm): Identity()
          (k_norm): Identity()
          (attn_drop): Dropout(p=0.0, inplace=False)
          (norm): Identity()
          (proj): Linear(in_features=256, out_features=256, bias=True)
          (proj_drop): Dropout(p=0.0, inplace=False)
        )
        (ls1): Identity()
        (drop_path1): Identity()
        (norm2): LayerNorm((256,), eps=1e-06, elementwise_affine=True)
        (mlp): Mlp(
          (fc1): Linear(in_features=256, out_features=1024, bias=True)
          (act): GELU(approximate='none')
          (drop1): Dropout(p=0.0, inplace=False)
          (norm): Identity()
          (fc2): Linear(in_features=1024, out_features=256, bias=True)
          (drop2): Dropout(p=0.0, inplace=False)
        )
        (ls2): Identity()
        (drop_path2): Identity()
      )
    )
    (decoder_norm): LayerNorm((256,), eps=1e-06, elementwise_affine=True)
    (decoder_pred): Linear(in_features=256, out_features=48, bias=True)
  )
)
NOC: 200
rotnet_cls(
  (proj): Sequential(
    (0): Linear(in_features=384, out_features=768, bias=False)
    (1): BatchNorm1d(768, eps=1e-05, momentum=0.1, affine=True, track_running_stats=True)
    (2): ReLU()
    (3): Linear(in_features=768, out_features=768, bias=False)
    (4): BatchNorm1d(768, eps=1e-05, momentum=0.1, affine=True, track_running_stats=True)
    (5): ReLU()
    (6): Linear(in_features=768, out_features=4, bias=True)
  )
)
augmentation for mae_rot: 
Compose(
    RandomResizedCrop(size=(64, 64), scale=(0.08, 1.0), ratio=(0.75, 1.3333), interpolation=bilinear, antialias=True)
    RandomHorizontalFlip(p=0.5)
    RandomApply(
    p=0.8
    ColorJitter(brightness=(0.6, 1.4), contrast=(0.6, 1.4), saturation=(0.6, 1.4), hue=(-0.1, 0.1))
)
    RandomGrayscale(p=0.2)
    Identity()
    Solarization(p = 0.0)
    ToTensor()
    Normalize(mean=(0.485, 0.456, 0.406), std=(0.229, 0.224, 0.225))
)
Compose(
    RandomResizedCrop(size=(64, 64), scale=(0.08, 1.0), ratio=(0.75, 1.3333), interpolation=bilinear, antialias=True)
    RandomHorizontalFlip(p=0.5)
    RandomApply(
    p=0.8
    ColorJitter(brightness=(0.6, 1.4), contrast=(0.6, 1.4), saturation=(0.6, 1.4), hue=(-0.1, 0.1))
)
    RandomGrayscale(p=0.2)
    Identity()
    Solarization(p = 0.0)
    ToTensor()
    Normalize(mean=(0.485, 0.456, 0.406), std=(0.229, 0.224, 0.225))
)
using optimizer: AdamW
# of Training Images: 100000
# of Testing Images: 10000
schedular: <torch.optim.lr_scheduler.SequentialLR object at 0x749d3200e0e0>
using basic dataloader for MAE
### MAE + rotnet Training begins
[GPU1] epochs: [1/400] train_loss_con: 2.735
[GPU1] epochs: [2/400] train_loss_con: 1.135
[GPU1] epochs: [3/400] train_loss_con: 0.804
[GPU1] epochs: [4/400] train_loss_con: 0.698
[GPU1] epochs: [5/400] train_loss_con: 0.638
[GPU1] epochs: [6/400] train_loss_con: 0.529
[GPU1] epochs: [7/400] train_loss_con: 0.484
[GPU1] epochs: [8/400] train_loss_con: 0.462
[GPU1] epochs: [9/400] train_loss_con: 0.445
[GPU1] epochs: [10/400] train_loss_con: 0.431
[GPU1] epochs: [11/400] train_loss_con: 0.417
[GPU1] epochs: [12/400] train_loss_con: 0.403
[GPU1] epochs: [13/400] train_loss_con: 0.394
[GPU1] epochs: [14/400] train_loss_con: 0.386
[GPU1] epochs: [15/400] train_loss_con: 0.379
[GPU1] epochs: [16/400] train_loss_con: 0.373
[GPU1] epochs: [17/400] train_loss_con: 0.368
[GPU1] epochs: [18/400] train_loss_con: 0.364
[GPU1] epochs: [19/400] train_loss_con: 0.360
[GPU1] epochs: [20/400] train_loss_con: 0.356
[GPU1] epochs: [21/400] train_loss_con: 0.352
[GPU1] epochs: [22/400] train_loss_con: 0.347
[GPU1] epochs: [23/400] train_loss_con: 0.343
[GPU1] epochs: [24/400] train_loss_con: 0.338
[GPU1] epochs: [25/400] train_loss_con: 0.333
[GPU1] epochs: [26/400] train_loss_con: 0.330
[GPU1] epochs: [27/400] train_loss_con: 0.326
[GPU1] epochs: [28/400] train_loss_con: 0.322
[GPU1] epochs: [29/400] train_loss_con: 0.319
[GPU1] epochs: [30/400] train_loss_con: 0.315
[GPU1] epochs: [31/400] train_loss_con: 0.313
[GPU1] epochs: [32/400] train_loss_con: 0.310
[GPU1] epochs: [33/400] train_loss_con: 0.307
[GPU1] epochs: [34/400] train_loss_con: 0.305
[GPU1] epochs: [35/400] train_loss_con: 0.303
[GPU1] epochs: [36/400] train_loss_con: 0.300
[GPU1] epochs: [37/400] train_loss_con: 0.298
[GPU1] epochs: [38/400] train_loss_con: 0.296
[GPU1] epochs: [39/400] train_loss_con: 0.294
[GPU1] epochs: [40/400] train_loss_con: 0.293
[GPU1] epochs: [41/400] train_loss_con: 0.290
[GPU1] epochs: [42/400] train_loss_con: 0.289
[GPU1] epochs: [43/400] train_loss_con: 0.287
[GPU1] epochs: [44/400] train_loss_con: 0.286
[GPU1] epochs: [45/400] train_loss_con: 0.284
[GPU1] epochs: [46/400] train_loss_con: 0.283
[GPU1] epochs: [47/400] train_loss_con: 0.281
[GPU1] epochs: [48/400] train_loss_con: 0.280
[GPU1] epochs: [49/400] train_loss_con: 0.279
[GPU1] epochs: [50/400] train_loss_con: 0.278
[GPU1] epochs: [51/400] train_loss_con: 0.277
[GPU1] epochs: [52/400] train_loss_con: 0.276
[GPU1] epochs: [53/400] train_loss_con: 0.275
[GPU1] epochs: [54/400] train_loss_con: 0.274
[GPU1] epochs: [55/400] train_loss_con: 0.273
[GPU1] epochs: [56/400] train_loss_con: 0.272
[GPU1] epochs: [57/400] train_loss_con: 0.271
[GPU1] epochs: [58/400] train_loss_con: 0.270
[GPU1] epochs: [59/400] train_loss_con: 0.269
[GPU1] epochs: [60/400] train_loss_con: 0.268
[GPU1] epochs: [61/400] train_loss_con: 0.267
[GPU1] epochs: [62/400] train_loss_con: 0.267
[GPU1] epochs: [63/400] train_loss_con: 0.266
[GPU1] epochs: [64/400] train_loss_con: 0.265
[GPU1] epochs: [65/400] train_loss_con: 0.264
[GPU1] epochs: [66/400] train_loss_con: 0.264
[GPU1] epochs: [67/400] train_loss_con: 0.263
[GPU1] epochs: [68/400] train_loss_con: 0.263
[GPU1] epochs: [69/400] train_loss_con: 0.262
[GPU1] epochs: [70/400] train_loss_con: 0.262
[GPU1] epochs: [71/400] train_loss_con: 0.261
[GPU1] epochs: [72/400] train_loss_con: 0.260
[GPU1] epochs: [73/400] train_loss_con: 0.259
[GPU1] epochs: [74/400] train_loss_con: 0.258
[GPU1] epochs: [75/400] train_loss_con: 0.258
[GPU1] epochs: [76/400] train_loss_con: 0.258
[GPU1] epochs: [77/400] train_loss_con: 0.257
[GPU1] epochs: [78/400] train_loss_con: 0.257
[GPU1] epochs: [79/400] train_loss_con: 0.256
[GPU1] epochs: [80/400] train_loss_con: 0.256
[GPU1] epochs: [81/400] train_loss_con: 0.255
[GPU1] epochs: [82/400] train_loss_con: 0.254
[GPU1] epochs: [83/400] train_loss_con: 0.254
[GPU1] epochs: [84/400] train_loss_con: 0.253
[GPU1] epochs: [85/400] train_loss_con: 0.253
[GPU1] epochs: [86/400] train_loss_con: 0.252
[GPU1] epochs: [87/400] train_loss_con: 0.252
[GPU1] epochs: [88/400] train_loss_con: 0.251
[GPU1] epochs: [89/400] train_loss_con: 0.251
[GPU1] epochs: [90/400] train_loss_con: 0.251
[GPU1] epochs: [91/400] train_loss_con: 0.250
[GPU1] epochs: [92/400] train_loss_con: 0.249
[GPU1] epochs: [93/400] train_loss_con: 0.249
[GPU1] epochs: [94/400] train_loss_con: 0.249
[GPU1] epochs: [95/400] train_loss_con: 0.248
[GPU1] epochs: [96/400] train_loss_con: 0.247
[GPU1] epochs: [97/400] train_loss_con: 0.247
[GPU1] epochs: [98/400] train_loss_con: 0.247
[GPU1] epochs: [99/400] train_loss_con: 0.247
[GPU1] epochs: [100/400] train_loss_con: 0.246
[GPU1] epochs: [101/400] train_loss_con: 0.246
[GPU1] epochs: [102/400] train_loss_con: 0.245
[GPU1] epochs: [103/400] train_loss_con: 0.245
[GPU1] epochs: [104/400] train_loss_con: 0.244
[GPU1] epochs: [105/400] train_loss_con: 0.244
[GPU1] epochs: [106/400] train_loss_con: 0.244
[GPU1] epochs: [107/400] train_loss_con: 0.243
[GPU1] epochs: [108/400] train_loss_con: 0.243
[GPU1] epochs: [109/400] train_loss_con: 0.243
[GPU1] epochs: [110/400] train_loss_con: 0.242
[GPU1] epochs: [111/400] train_loss_con: 0.242
[GPU1] epochs: [112/400] train_loss_con: 0.241
[GPU1] epochs: [113/400] train_loss_con: 0.241
[GPU1] epochs: [114/400] train_loss_con: 0.240
[GPU1] epochs: [115/400] train_loss_con: 0.240
[GPU1] epochs: [116/400] train_loss_con: 0.240
[GPU1] epochs: [117/400] train_loss_con: 0.239
[GPU1] epochs: [118/400] train_loss_con: 0.239
[GPU1] epochs: [119/400] train_loss_con: 0.239
[GPU1] epochs: [120/400] train_loss_con: 0.238
[GPU1] epochs: [121/400] train_loss_con: 0.238
[GPU1] epochs: [122/400] train_loss_con: 0.237
[GPU1] epochs: [123/400] train_loss_con: 0.237
[GPU1] epochs: [124/400] train_loss_con: 0.237
[GPU1] epochs: [125/400] train_loss_con: 0.236
[GPU1] epochs: [126/400] train_loss_con: 0.237
[GPU1] epochs: [127/400] train_loss_con: 0.236
[GPU1] epochs: [128/400] train_loss_con: 0.235
[GPU1] epochs: [129/400] train_loss_con: 0.235
[GPU1] epochs: [130/400] train_loss_con: 0.235
[GPU1] epochs: [131/400] train_loss_con: 0.234
[GPU1] epochs: [132/400] train_loss_con: 0.234
[GPU1] epochs: [133/400] train_loss_con: 0.233
[GPU1] epochs: [134/400] train_loss_con: 0.233
[GPU1] epochs: [135/400] train_loss_con: 0.233
[GPU1] epochs: [136/400] train_loss_con: 0.233
[GPU1] epochs: [137/400] train_loss_con: 0.232
[GPU1] epochs: [138/400] train_loss_con: 0.232
[GPU1] epochs: [139/400] train_loss_con: 0.231
[GPU1] epochs: [140/400] train_loss_con: 0.232
[GPU1] epochs: [141/400] train_loss_con: 0.231
[GPU1] epochs: [142/400] train_loss_con: 0.231
[GPU1] epochs: [143/400] train_loss_con: 0.230
[GPU1] epochs: [144/400] train_loss_con: 0.231
[GPU1] epochs: [145/400] train_loss_con: 0.230
[GPU1] epochs: [146/400] train_loss_con: 0.230
[GPU1] epochs: [147/400] train_loss_con: 0.229
[GPU1] epochs: [148/400] train_loss_con: 0.229
[GPU1] epochs: [149/400] train_loss_con: 0.229
[GPU1] epochs: [150/400] train_loss_con: 0.228
[GPU1] epochs: [151/400] train_loss_con: 0.229
[GPU1] epochs: [152/400] train_loss_con: 0.228
[GPU1] epochs: [153/400] train_loss_con: 0.228
[GPU1] epochs: [154/400] train_loss_con: 0.228
[GPU1] epochs: [155/400] train_loss_con: 0.227
[GPU1] epochs: [156/400] train_loss_con: 0.227
[GPU1] epochs: [157/400] train_loss_con: 0.227
[GPU1] epochs: [158/400] train_loss_con: 0.227
[GPU1] epochs: [159/400] train_loss_con: 0.226
[GPU1] epochs: [160/400] train_loss_con: 0.226
[GPU1] epochs: [161/400] train_loss_con: 0.226
[GPU1] epochs: [162/400] train_loss_con: 0.226
[GPU1] epochs: [163/400] train_loss_con: 0.226
[GPU1] epochs: [164/400] train_loss_con: 0.225
[GPU1] epochs: [165/400] train_loss_con: 0.226
[GPU1] epochs: [166/400] train_loss_con: 0.225
[GPU1] epochs: [167/400] train_loss_con: 0.224
[GPU1] epochs: [168/400] train_loss_con: 0.224
[GPU1] epochs: [169/400] train_loss_con: 0.224
[GPU1] epochs: [170/400] train_loss_con: 0.224
[GPU1] epochs: [171/400] train_loss_con: 0.224
[GPU1] epochs: [172/400] train_loss_con: 0.224
[GPU1] epochs: [173/400] train_loss_con: 0.223
[GPU1] epochs: [174/400] train_loss_con: 0.224
[GPU1] epochs: [175/400] train_loss_con: 0.223
[GPU1] epochs: [176/400] train_loss_con: 0.223
[GPU1] epochs: [177/400] train_loss_con: 0.223
[GPU1] epochs: [178/400] train_loss_con: 0.222
[GPU1] epochs: [179/400] train_loss_con: 0.223
[GPU1] epochs: [180/400] train_loss_con: 0.222
[GPU1] epochs: [181/400] train_loss_con: 0.222
[GPU1] epochs: [182/400] train_loss_con: 0.222
[GPU1] epochs: [183/400] train_loss_con: 0.222
[GPU1] epochs: [184/400] train_loss_con: 0.222
[GPU1] epochs: [185/400] train_loss_con: 0.221
[GPU1] epochs: [186/400] train_loss_con: 0.221
[GPU1] epochs: [187/400] train_loss_con: 0.221
[GPU1] epochs: [188/400] train_loss_con: 0.221
[GPU1] epochs: [189/400] train_loss_con: 0.221
[GPU1] epochs: [190/400] train_loss_con: 0.220
[GPU1] epochs: [191/400] train_loss_con: 0.220
[GPU1] epochs: [192/400] train_loss_con: 0.220
[GPU1] epochs: [193/400] train_loss_con: 0.220
[GPU1] epochs: [194/400] train_loss_con: 0.220
[GPU1] epochs: [195/400] train_loss_con: 0.219
[GPU1] epochs: [196/400] train_loss_con: 0.220
[GPU1] epochs: [197/400] train_loss_con: 0.220
[GPU1] epochs: [198/400] train_loss_con: 0.219
[GPU1] epochs: [199/400] train_loss_con: 0.219
[GPU1] epochs: [200/400] train_loss_con: 0.219
[GPU1] epochs: [201/400] train_loss_con: 0.219
[GPU1] epochs: [202/400] train_loss_con: 0.219
[GPU1] epochs: [203/400] train_loss_con: 0.218
[GPU1] epochs: [204/400] train_loss_con: 0.218
[GPU1] epochs: [205/400] train_loss_con: 0.218
[GPU1] epochs: [206/400] train_loss_con: 0.217
[GPU1] epochs: [207/400] train_loss_con: 0.218
[GPU1] epochs: [208/400] train_loss_con: 0.217
[GPU1] epochs: [209/400] train_loss_con: 0.218
[GPU1] epochs: [210/400] train_loss_con: 0.216
[GPU1] epochs: [211/400] train_loss_con: 0.217
[GPU1] epochs: [212/400] train_loss_con: 0.217
[GPU1] epochs: [213/400] train_loss_con: 0.217
[GPU1] epochs: [214/400] train_loss_con: 0.216
[GPU1] epochs: [215/400] train_loss_con: 0.216
[GPU1] epochs: [216/400] train_loss_con: 0.216
[GPU1] epochs: [217/400] train_loss_con: 0.215
[GPU1] epochs: [218/400] train_loss_con: 0.216
[GPU1] epochs: [219/400] train_loss_con: 0.216
[GPU1] epochs: [220/400] train_loss_con: 0.216
[GPU1] epochs: [221/400] train_loss_con: 0.215
[GPU1] epochs: [222/400] train_loss_con: 0.215
[GPU1] epochs: [223/400] train_loss_con: 0.215
[GPU1] epochs: [224/400] train_loss_con: 0.215
[GPU1] epochs: [225/400] train_loss_con: 0.214
[GPU1] epochs: [226/400] train_loss_con: 0.214
[GPU1] epochs: [227/400] train_loss_con: 0.214
[GPU1] epochs: [228/400] train_loss_con: 0.214
[GPU1] epochs: [229/400] train_loss_con: 0.214
[GPU1] epochs: [230/400] train_loss_con: 0.214
[GPU1] epochs: [231/400] train_loss_con: 0.214
[GPU1] epochs: [232/400] train_loss_con: 0.213
[GPU1] epochs: [233/400] train_loss_con: 0.214
[GPU1] epochs: [234/400] train_loss_con: 0.213
[GPU1] epochs: [235/400] train_loss_con: 0.213
[GPU1] epochs: [236/400] train_loss_con: 0.213
[GPU1] epochs: [237/400] train_loss_con: 0.212
[GPU1] epochs: [238/400] train_loss_con: 0.212
[GPU1] epochs: [239/400] train_loss_con: 0.212
[GPU1] epochs: [240/400] train_loss_con: 0.211
[GPU1] epochs: [241/400] train_loss_con: 0.211
[GPU1] epochs: [242/400] train_loss_con: 0.210
[GPU1] epochs: [243/400] train_loss_con: 0.209
[GPU1] epochs: [244/400] train_loss_con: 0.207
[GPU1] epochs: [245/400] train_loss_con: 0.206
[GPU1] epochs: [246/400] train_loss_con: 0.206
[GPU1] epochs: [247/400] train_loss_con: 0.206
[GPU1] epochs: [248/400] train_loss_con: 0.205
[GPU1] epochs: [249/400] train_loss_con: 0.204
[GPU1] epochs: [250/400] train_loss_con: 0.204
[GPU1] epochs: [251/400] train_loss_con: 0.203
[GPU1] epochs: [252/400] train_loss_con: 0.204
[GPU1] epochs: [253/400] train_loss_con: 0.203
[GPU1] epochs: [254/400] train_loss_con: 0.203
[GPU1] epochs: [255/400] train_loss_con: 0.202
[GPU1] epochs: [256/400] train_loss_con: 0.202
[GPU1] epochs: [257/400] train_loss_con: 0.202
[GPU1] epochs: [258/400] train_loss_con: 0.202
[GPU1] epochs: [259/400] train_loss_con: 0.202
[GPU1] epochs: [260/400] train_loss_con: 0.202
[GPU1] epochs: [261/400] train_loss_con: 0.201
[GPU1] epochs: [262/400] train_loss_con: 0.201
[GPU1] epochs: [263/400] train_loss_con: 0.201
[GPU1] epochs: [264/400] train_loss_con: 0.201
[GPU1] epochs: [265/400] train_loss_con: 0.200
[GPU1] epochs: [266/400] train_loss_con: 0.200
[GPU1] epochs: [267/400] train_loss_con: 0.200
[GPU1] epochs: [268/400] train_loss_con: 0.200
[GPU1] epochs: [269/400] train_loss_con: 0.200
[GPU1] epochs: [270/400] train_loss_con: 0.200
[GPU1] epochs: [271/400] train_loss_con: 0.199
[GPU1] epochs: [272/400] train_loss_con: 0.199
[GPU1] epochs: [273/400] train_loss_con: 0.198
[GPU1] epochs: [274/400] train_loss_con: 0.198
[GPU1] epochs: [275/400] train_loss_con: 0.197
[GPU1] epochs: [276/400] train_loss_con: 0.197
[GPU1] epochs: [277/400] train_loss_con: 0.196
[GPU1] epochs: [278/400] train_loss_con: 0.196
[GPU1] epochs: [279/400] train_loss_con: 0.196
[GPU1] epochs: [280/400] train_loss_con: 0.195
[GPU1] epochs: [281/400] train_loss_con: 0.195
[GPU1] epochs: [282/400] train_loss_con: 0.195
[GPU1] epochs: [283/400] train_loss_con: 0.195
[GPU1] epochs: [284/400] train_loss_con: 0.195
[GPU1] epochs: [285/400] train_loss_con: 0.194
[GPU1] epochs: [286/400] train_loss_con: 0.195
[GPU1] epochs: [287/400] train_loss_con: 0.195
[GPU1] epochs: [288/400] train_loss_con: 0.194
[GPU1] epochs: [289/400] train_loss_con: 0.194
[GPU1] epochs: [290/400] train_loss_con: 0.194
[GPU1] epochs: [291/400] train_loss_con: 0.193
[GPU1] epochs: [292/400] train_loss_con: 0.194
[GPU1] epochs: [293/400] train_loss_con: 0.193
[GPU1] epochs: [294/400] train_loss_con: 0.192
[GPU1] epochs: [295/400] train_loss_con: 0.192
[GPU1] epochs: [296/400] train_loss_con: 0.193
[GPU1] epochs: [297/400] train_loss_con: 0.192
[GPU1] epochs: [298/400] train_loss_con: 0.192
[GPU1] epochs: [299/400] train_loss_con: 0.192
[GPU1] epochs: [300/400] train_loss_con: 0.192
[GPU1] epochs: [301/400] train_loss_con: 0.192
[GPU1] epochs: [302/400] train_loss_con: 0.191
[GPU1] epochs: [303/400] train_loss_con: 0.191
[GPU1] epochs: [304/400] train_loss_con: 0.191
[GPU1] epochs: [305/400] train_loss_con: 0.191
[GPU1] epochs: [306/400] train_loss_con: 0.191
[GPU1] epochs: [307/400] train_loss_con: 0.191
[GPU1] epochs: [308/400] train_loss_con: 0.191
[GPU1] epochs: [309/400] train_loss_con: 0.191
[GPU1] epochs: [310/400] train_loss_con: 0.191
[GPU1] epochs: [311/400] train_loss_con: 0.190
[GPU1] epochs: [312/400] train_loss_con: 0.191
[GPU1] epochs: [313/400] train_loss_con: 0.190
[GPU1] epochs: [314/400] train_loss_con: 0.190
[GPU1] epochs: [315/400] train_loss_con: 0.191
[GPU1] epochs: [316/400] train_loss_con: 0.191
[GPU1] epochs: [317/400] train_loss_con: 0.190
[GPU1] epochs: [318/400] train_loss_con: 0.190
[GPU1] epochs: [319/400] train_loss_con: 0.190
[GPU1] epochs: [320/400] train_loss_con: 0.190
[GPU1] epochs: [321/400] train_loss_con: 0.190
[GPU1] epochs: [322/400] train_loss_con: 0.190
[GPU1] epochs: [323/400] train_loss_con: 0.189
[GPU1] epochs: [324/400] train_loss_con: 0.189
[GPU1] epochs: [325/400] train_loss_con: 0.189
[GPU1] epochs: [326/400] train_loss_con: 0.189
[GPU1] epochs: [327/400] train_loss_con: 0.189
[GPU1] epochs: [328/400] train_loss_con: 0.189
[GPU1] epochs: [329/400] train_loss_con: 0.189
[GPU1] epochs: [330/400] train_loss_con: 0.188
[GPU1] epochs: [331/400] train_loss_con: 0.188
[GPU1] epochs: [332/400] train_loss_con: 0.189
[GPU1] epochs: [333/400] train_loss_con: 0.189
[GPU1] epochs: [334/400] train_loss_con: 0.188
[GPU1] epochs: [335/400] train_loss_con: 0.188
[GPU1] epochs: [336/400] train_loss_con: 0.188
[GPU1] epochs: [337/400] train_loss_con: 0.187
[GPU1] epochs: [338/400] train_loss_con: 0.188
[GPU1] epochs: [339/400] train_loss_con: 0.188
[GPU1] epochs: [340/400] train_loss_con: 0.187
[GPU1] epochs: [341/400] train_loss_con: 0.188
[GPU1] epochs: [342/400] train_loss_con: 0.188
[GPU1] epochs: [343/400] train_loss_con: 0.187
[GPU1] epochs: [344/400] train_loss_con: 0.187
[GPU1] epochs: [345/400] train_loss_con: 0.187
[GPU1] epochs: [346/400] train_loss_con: 0.187
[GPU1] epochs: [347/400] train_loss_con: 0.187
[GPU1] epochs: [348/400] train_loss_con: 0.187
[GPU1] epochs: [349/400] train_loss_con: 0.186
[GPU1] epochs: [350/400] train_loss_con: 0.187
[GPU1] epochs: [351/400] train_loss_con: 0.186
[GPU1] epochs: [352/400] train_loss_con: 0.186
[GPU1] epochs: [353/400] train_loss_con: 0.186
[GPU1] epochs: [354/400] train_loss_con: 0.186
[GPU1] epochs: [355/400] train_loss_con: 0.187
[GPU1] epochs: [356/400] train_loss_con: 0.186
[GPU1] epochs: [357/400] train_loss_con: 0.186
[GPU1] epochs: [358/400] train_loss_con: 0.186
[GPU1] epochs: [359/400] train_loss_con: 0.186
[GPU1] epochs: [360/400] train_loss_con: 0.186
[GPU1] epochs: [361/400] train_loss_con: 0.185
[GPU1] epochs: [362/400] train_loss_con: 0.185
[GPU1] epochs: [363/400] train_loss_con: 0.185
[GPU1] epochs: [364/400] train_loss_con: 0.185
[GPU1] epochs: [365/400] train_loss_con: 0.185
[GPU1] epochs: [366/400] train_loss_con: 0.185
[GPU1] epochs: [367/400] train_loss_con: 0.185
[GPU1] epochs: [368/400] train_loss_con: 0.185
[GPU1] epochs: [369/400] train_loss_con: 0.185
[GPU1] epochs: [370/400] train_loss_con: 0.185
[GPU1] epochs: [371/400] train_loss_con: 0.185
[GPU1] epochs: [372/400] train_loss_con: 0.184
[GPU1] epochs: [373/400] train_loss_con: 0.184
[GPU1] epochs: [374/400] train_loss_con: 0.185
[GPU1] epochs: [375/400] train_loss_con: 0.184
[GPU1] epochs: [376/400] train_loss_con: 0.184
[GPU1] epochs: [377/400] train_loss_con: 0.184
[GPU1] epochs: [378/400] train_loss_con: 0.184
[GPU1] epochs: [379/400] train_loss_con: 0.184
[GPU1] epochs: [380/400] train_loss_con: 0.184
[GPU1] epochs: [381/400] train_loss_con: 0.183
[GPU1] epochs: [382/400] train_loss_con: 0.183
[GPU1] epochs: [383/400] train_loss_con: 0.184
[GPU1] epochs: [384/400] train_loss_con: 0.183
[GPU1] epochs: [385/400] train_loss_con: 0.184
[GPU1] epochs: [386/400] train_loss_con: 0.183
[GPU1] epochs: [387/400] train_loss_con: 0.183
[GPU1] epochs: [388/400] train_loss_con: 0.183
[GPU1] epochs: [389/400] train_loss_con: 0.183
[GPU1] epochs: [390/400] train_loss_con: 0.183
[GPU1] epochs: [391/400] train_loss_con: 0.183
[GPU1] epochs: [392/400] train_loss_con: 0.183
[GPU1] epochs: [393/400] train_loss_con: 0.183
[GPU1] epochs: [394/400] train_loss_con: 0.183
[GPU1] epochs: [395/400] train_loss_con: 0.182
[GPU1] epochs: [396/400] train_loss_con: 0.183
[GPU1] epochs: [397/400] train_loss_con: 0.182
[GPU1] epochs: [398/400] train_loss_con: 0.182
[GPU1] epochs: [399/400] train_loss_con: 0.183
[GPU1] epochs: [400/400] train_loss_con: 0.182
Model weights saved
--------------------------------------------------
starting linear probing
<All keys matched successfully>
augmentation for mae_rot: 
Compose(
    RandomResizedCrop(size=(64, 64), scale=(0.08, 1.0), ratio=(0.75, 1.3333), interpolation=bilinear, antialias=True)
    RandomHorizontalFlip(p=0.5)
    RandomApply(
    p=0.8
    ColorJitter(brightness=(0.6, 1.4), contrast=(0.6, 1.4), saturation=(0.6, 1.4), hue=(-0.1, 0.1))
)
    RandomGrayscale(p=0.2)
    Identity()
    Solarization(p = 0.0)
    ToTensor()
    Normalize(mean=(0.485, 0.456, 0.406), std=(0.229, 0.224, 0.225))
)
Compose(
    RandomResizedCrop(size=(64, 64), scale=(0.08, 1.0), ratio=(0.75, 1.3333), interpolation=bilinear, antialias=True)
    RandomHorizontalFlip(p=0.5)
    RandomApply(
    p=0.8
    ColorJitter(brightness=(0.6, 1.4), contrast=(0.6, 1.4), saturation=(0.6, 1.4), hue=(-0.1, 0.1))
)
    RandomGrayscale(p=0.2)
    Identity()
    Solarization(p = 0.0)
    ToTensor()
    Normalize(mean=(0.485, 0.456, 0.406), std=(0.229, 0.224, 0.225))
)
Starting Hyperparameter Sweep on 1...
===> using linear mlp
Scheduler: None
MLP: MLP(
  (mlp): Linear(in_features=384, out_features=200, bias=True)
)
Traceback (most recent call last):
  File "/data1/home/nirbhays/maessl/train.py", line 269, in <module>
    train_linear_probe(
  File "/data1/home/nirbhays/maessl/test.py", line 149, in train_linear_probe
    mlp, tval = train_mlp(
  File "/data1/home/nirbhays/maessl/test.py", line 74, in train_mlp
    for idx , (data, target) in enumerate(train_loader):
ValueError: too many values to unpack (expected 2)
Namespace(dataset='timg', saved_path='saved_models/mae.rot.timg.pth', gpu=0, model='vit', verbose=False, epochs=100, eval_every=10, knn=True, lreg=True, linprobe=True, tsne=False, umap=False, cmet=True, nw=6)
<All keys matched successfully>
Starting Hyperparameter Sweep on 0...
===> using linear mlp
Scheduler: None
MLP: MLP(
  (mlp): Linear(in_features=384, out_features=200, bias=True)
)
[GPU0] Test Accuracy at epoch: 0: 0.007
[GPU0] epochs: [1/100] train_acc: 0.008 train_loss_sup: 5.282
[GPU0] epochs: [2/100] train_acc: 0.023 train_loss_sup: 5.214
[GPU0] epochs: [3/100] train_acc: 0.040 train_loss_sup: 5.149
[GPU0] epochs: [4/100] train_acc: 0.052 train_loss_sup: 5.087
[GPU0] epochs: [5/100] train_acc: 0.066 train_loss_sup: 5.030
[GPU0] epochs: [6/100] train_acc: 0.072 train_loss_sup: 4.976
[GPU0] epochs: [7/100] train_acc: 0.084 train_loss_sup: 4.924
[GPU0] epochs: [8/100] train_acc: 0.092 train_loss_sup: 4.875
[GPU0] epochs: [9/100] train_acc: 0.099 train_loss_sup: 4.829
[GPU0] epochs: [10/100] train_acc: 0.106 train_loss_sup: 4.786
[GPU0] Test Accuracy at epoch: 10: 0.108
[GPU0] epochs: [11/100] train_acc: 0.111 train_loss_sup: 4.745
[GPU0] epochs: [12/100] train_acc: 0.115 train_loss_sup: 4.704
[GPU0] epochs: [13/100] train_acc: 0.120 train_loss_sup: 4.667
[GPU0] epochs: [14/100] train_acc: 0.124 train_loss_sup: 4.630
[GPU0] epochs: [15/100] train_acc: 0.129 train_loss_sup: 4.598
[GPU0] epochs: [16/100] train_acc: 0.136 train_loss_sup: 4.564
[GPU0] epochs: [17/100] train_acc: 0.136 train_loss_sup: 4.535
[GPU0] epochs: [18/100] train_acc: 0.140 train_loss_sup: 4.504
[GPU0] epochs: [19/100] train_acc: 0.144 train_loss_sup: 4.475
[GPU0] epochs: [20/100] train_acc: 0.149 train_loss_sup: 4.446
[GPU0] Test Accuracy at epoch: 20: 0.153
[GPU0] epochs: [21/100] train_acc: 0.153 train_loss_sup: 4.419
[GPU0] epochs: [22/100] train_acc: 0.152 train_loss_sup: 4.396
[GPU0] epochs: [23/100] train_acc: 0.156 train_loss_sup: 4.372
[GPU0] epochs: [24/100] train_acc: 0.160 train_loss_sup: 4.348
[GPU0] epochs: [25/100] train_acc: 0.163 train_loss_sup: 4.328
[GPU0] epochs: [26/100] train_acc: 0.164 train_loss_sup: 4.305
[GPU0] epochs: [27/100] train_acc: 0.168 train_loss_sup: 4.283
[GPU0] epochs: [28/100] train_acc: 0.170 train_loss_sup: 4.262
[GPU0] epochs: [29/100] train_acc: 0.171 train_loss_sup: 4.242
[GPU0] epochs: [30/100] train_acc: 0.173 train_loss_sup: 4.224
[GPU0] Test Accuracy at epoch: 30: 0.172
[GPU0] epochs: [31/100] train_acc: 0.176 train_loss_sup: 4.204
[GPU0] epochs: [32/100] train_acc: 0.179 train_loss_sup: 4.186
[GPU0] epochs: [33/100] train_acc: 0.182 train_loss_sup: 4.168
[GPU0] epochs: [34/100] train_acc: 0.182 train_loss_sup: 4.155
[GPU0] epochs: [35/100] train_acc: 0.183 train_loss_sup: 4.137
[GPU0] epochs: [36/100] train_acc: 0.185 train_loss_sup: 4.120
[GPU0] epochs: [37/100] train_acc: 0.189 train_loss_sup: 4.105
[GPU0] epochs: [38/100] train_acc: 0.191 train_loss_sup: 4.090
[GPU0] epochs: [39/100] train_acc: 0.191 train_loss_sup: 4.074
[GPU0] epochs: [40/100] train_acc: 0.190 train_loss_sup: 4.064
[GPU0] Test Accuracy at epoch: 40: 0.18
[GPU0] epochs: [41/100] train_acc: 0.193 train_loss_sup: 4.049
[GPU0] epochs: [42/100] train_acc: 0.195 train_loss_sup: 4.033
[GPU0] epochs: [43/100] train_acc: 0.196 train_loss_sup: 4.024
[GPU0] epochs: [44/100] train_acc: 0.198 train_loss_sup: 4.009
[GPU0] epochs: [45/100] train_acc: 0.199 train_loss_sup: 3.997
[GPU0] epochs: [46/100] train_acc: 0.200 train_loss_sup: 3.986
[GPU0] epochs: [47/100] train_acc: 0.201 train_loss_sup: 3.974
[GPU0] epochs: [48/100] train_acc: 0.202 train_loss_sup: 3.965
[GPU0] epochs: [49/100] train_acc: 0.203 train_loss_sup: 3.955
[GPU0] epochs: [50/100] train_acc: 0.206 train_loss_sup: 3.942
[GPU0] Test Accuracy at epoch: 50: 0.201
[GPU0] epochs: [51/100] train_acc: 0.208 train_loss_sup: 3.927
[GPU0] epochs: [52/100] train_acc: 0.207 train_loss_sup: 3.921
[GPU0] epochs: [53/100] train_acc: 0.208 train_loss_sup: 3.911
[GPU0] epochs: [54/100] train_acc: 0.208 train_loss_sup: 3.902
[GPU0] epochs: [55/100] train_acc: 0.211 train_loss_sup: 3.890
[GPU0] epochs: [56/100] train_acc: 0.212 train_loss_sup: 3.879
[GPU0] epochs: [57/100] train_acc: 0.213 train_loss_sup: 3.871
[GPU0] epochs: [58/100] train_acc: 0.214 train_loss_sup: 3.864
[GPU0] epochs: [59/100] train_acc: 0.213 train_loss_sup: 3.856
[GPU0] epochs: [60/100] train_acc: 0.217 train_loss_sup: 3.845
[GPU0] Test Accuracy at epoch: 60: 0.212
[GPU0] epochs: [61/100] train_acc: 0.215 train_loss_sup: 3.836
[GPU0] epochs: [62/100] train_acc: 0.219 train_loss_sup: 3.829
[GPU0] epochs: [63/100] train_acc: 0.219 train_loss_sup: 3.822
[GPU0] epochs: [64/100] train_acc: 0.222 train_loss_sup: 3.811
[GPU0] epochs: [65/100] train_acc: 0.219 train_loss_sup: 3.808
[GPU0] epochs: [66/100] train_acc: 0.220 train_loss_sup: 3.798
[GPU0] epochs: [67/100] train_acc: 0.222 train_loss_sup: 3.788
[GPU0] epochs: [68/100] train_acc: 0.223 train_loss_sup: 3.782
[GPU0] epochs: [69/100] train_acc: 0.224 train_loss_sup: 3.778
[GPU0] epochs: [70/100] train_acc: 0.224 train_loss_sup: 3.769
[GPU0] Test Accuracy at epoch: 70: 0.219
[GPU0] epochs: [71/100] train_acc: 0.226 train_loss_sup: 3.760
[GPU0] epochs: [72/100] train_acc: 0.226 train_loss_sup: 3.755
[GPU0] epochs: [73/100] train_acc: 0.227 train_loss_sup: 3.745
[GPU0] epochs: [74/100] train_acc: 0.226 train_loss_sup: 3.742
[GPU0] epochs: [75/100] train_acc: 0.228 train_loss_sup: 3.734
[GPU0] epochs: [76/100] train_acc: 0.226 train_loss_sup: 3.729
[GPU0] epochs: [77/100] train_acc: 0.229 train_loss_sup: 3.725
[GPU0] epochs: [78/100] train_acc: 0.231 train_loss_sup: 3.716
[GPU0] epochs: [79/100] train_acc: 0.231 train_loss_sup: 3.711
[GPU0] epochs: [80/100] train_acc: 0.232 train_loss_sup: 3.705
[GPU0] Test Accuracy at epoch: 80: 0.222
[GPU0] epochs: [81/100] train_acc: 0.231 train_loss_sup: 3.700
[GPU0] epochs: [82/100] train_acc: 0.234 train_loss_sup: 3.695
[GPU0] epochs: [83/100] train_acc: 0.234 train_loss_sup: 3.688
[GPU0] epochs: [84/100] train_acc: 0.235 train_loss_sup: 3.681
[GPU0] epochs: [85/100] train_acc: 0.234 train_loss_sup: 3.677
[GPU0] epochs: [86/100] train_acc: 0.234 train_loss_sup: 3.675
[GPU0] epochs: [87/100] train_acc: 0.234 train_loss_sup: 3.669
[GPU0] epochs: [88/100] train_acc: 0.236 train_loss_sup: 3.661
[GPU0] epochs: [89/100] train_acc: 0.236 train_loss_sup: 3.654
[GPU0] epochs: [90/100] train_acc: 0.237 train_loss_sup: 3.650
[GPU0] Test Accuracy at epoch: 90: 0.23
[GPU0] epochs: [91/100] train_acc: 0.236 train_loss_sup: 3.647
[GPU0] epochs: [92/100] train_acc: 0.238 train_loss_sup: 3.637
[GPU0] epochs: [93/100] train_acc: 0.238 train_loss_sup: 3.638
[GPU0] epochs: [94/100] train_acc: 0.239 train_loss_sup: 3.633
[GPU0] epochs: [95/100] train_acc: 0.240 train_loss_sup: 3.625
[GPU0] epochs: [96/100] train_acc: 0.241 train_loss_sup: 3.624
[GPU0] epochs: [97/100] train_acc: 0.240 train_loss_sup: 3.618
[GPU0] epochs: [98/100] train_acc: 0.240 train_loss_sup: 3.616
[GPU0] epochs: [99/100] train_acc: 0.241 train_loss_sup: 3.608
[GPU0] epochs: [100/100] train_acc: 0.243 train_loss_sup: 3.606
[GPU0] Final Test Accuracy: 0.233
LR: 0.100 | WD: 0.000001 | Cosine: False | test Acc: 0.233%
===> using linear mlp
Scheduler: None
MLP: MLP(
  (mlp): Linear(in_features=384, out_features=200, bias=True)
)
[GPU0] Test Accuracy at epoch: 0: 0.023
[GPU0] epochs: [1/100] train_acc: 0.008 train_loss_sup: 5.283
[GPU0] epochs: [2/100] train_acc: 0.022 train_loss_sup: 5.215
[GPU0] epochs: [3/100] train_acc: 0.034 train_loss_sup: 5.153
[GPU0] epochs: [4/100] train_acc: 0.052 train_loss_sup: 5.095
[GPU0] epochs: [5/100] train_acc: 0.060 train_loss_sup: 5.042
[GPU0] epochs: [6/100] train_acc: 0.074 train_loss_sup: 4.991
[GPU0] epochs: [7/100] train_acc: 0.077 train_loss_sup: 4.944
[GPU0] epochs: [8/100] train_acc: 0.089 train_loss_sup: 4.903
[GPU0] epochs: [9/100] train_acc: 0.095 train_loss_sup: 4.861
[GPU0] epochs: [10/100] train_acc: 0.099 train_loss_sup: 4.823
[GPU0] Test Accuracy at epoch: 10: 0.11
[GPU0] epochs: [11/100] train_acc: 0.105 train_loss_sup: 4.789
[GPU0] epochs: [12/100] train_acc: 0.109 train_loss_sup: 4.755
[GPU0] epochs: [13/100] train_acc: 0.114 train_loss_sup: 4.726
[GPU0] epochs: [14/100] train_acc: 0.119 train_loss_sup: 4.695
[GPU0] epochs: [15/100] train_acc: 0.123 train_loss_sup: 4.667
[GPU0] epochs: [16/100] train_acc: 0.126 train_loss_sup: 4.642
[GPU0] epochs: [17/100] train_acc: 0.129 train_loss_sup: 4.617
[GPU0] epochs: [18/100] train_acc: 0.132 train_loss_sup: 4.595
[GPU0] epochs: [19/100] train_acc: 0.135 train_loss_sup: 4.573
[GPU0] epochs: [20/100] train_acc: 0.136 train_loss_sup: 4.553
[GPU0] Test Accuracy at epoch: 20: 0.138
[GPU0] epochs: [21/100] train_acc: 0.140 train_loss_sup: 4.536
[GPU0] epochs: [22/100] train_acc: 0.141 train_loss_sup: 4.515
[GPU0] epochs: [23/100] train_acc: 0.147 train_loss_sup: 4.496
[GPU0] epochs: [24/100] train_acc: 0.147 train_loss_sup: 4.481
[GPU0] epochs: [25/100] train_acc: 0.148 train_loss_sup: 4.465
[GPU0] epochs: [26/100] train_acc: 0.149 train_loss_sup: 4.451
[GPU0] epochs: [27/100] train_acc: 0.154 train_loss_sup: 4.438
[GPU0] epochs: [28/100] train_acc: 0.154 train_loss_sup: 4.421
[GPU0] epochs: [29/100] train_acc: 0.156 train_loss_sup: 4.411
[GPU0] epochs: [30/100] train_acc: 0.158 train_loss_sup: 4.399
[GPU0] Test Accuracy at epoch: 30: 0.155
[GPU0] epochs: [31/100] train_acc: 0.159 train_loss_sup: 4.384
[GPU0] epochs: [32/100] train_acc: 0.162 train_loss_sup: 4.373
[GPU0] epochs: [33/100] train_acc: 0.162 train_loss_sup: 4.365
[GPU0] epochs: [34/100] train_acc: 0.165 train_loss_sup: 4.353
[GPU0] epochs: [35/100] train_acc: 0.166 train_loss_sup: 4.342
[GPU0] epochs: [36/100] train_acc: 0.164 train_loss_sup: 4.333
[GPU0] epochs: [37/100] train_acc: 0.166 train_loss_sup: 4.327
[GPU0] epochs: [38/100] train_acc: 0.169 train_loss_sup: 4.316
[GPU0] epochs: [39/100] train_acc: 0.170 train_loss_sup: 4.308
[GPU0] epochs: [40/100] train_acc: 0.171 train_loss_sup: 4.300
[GPU0] Test Accuracy at epoch: 40: 0.167
[GPU0] epochs: [41/100] train_acc: 0.174 train_loss_sup: 4.290
[GPU0] epochs: [42/100] train_acc: 0.173 train_loss_sup: 4.283
[GPU0] epochs: [43/100] train_acc: 0.174 train_loss_sup: 4.279
[GPU0] epochs: [44/100] train_acc: 0.177 train_loss_sup: 4.270
[GPU0] epochs: [45/100] train_acc: 0.176 train_loss_sup: 4.264
[GPU0] epochs: [46/100] train_acc: 0.178 train_loss_sup: 4.259
[GPU0] epochs: [47/100] train_acc: 0.180 train_loss_sup: 4.251
[GPU0] epochs: [48/100] train_acc: 0.180 train_loss_sup: 4.247
[GPU0] epochs: [49/100] train_acc: 0.180 train_loss_sup: 4.241
[GPU0] epochs: [50/100] train_acc: 0.180 train_loss_sup: 4.235
[GPU0] Test Accuracy at epoch: 50: 0.174
[GPU0] epochs: [51/100] train_acc: 0.183 train_loss_sup: 4.230
[GPU0] epochs: [52/100] train_acc: 0.182 train_loss_sup: 4.224
[GPU0] epochs: [53/100] train_acc: 0.182 train_loss_sup: 4.219
[GPU0] epochs: [54/100] train_acc: 0.182 train_loss_sup: 4.216
[GPU0] epochs: [55/100] train_acc: 0.184 train_loss_sup: 4.211
[GPU0] epochs: [56/100] train_acc: 0.184 train_loss_sup: 4.206
[GPU0] epochs: [57/100] train_acc: 0.185 train_loss_sup: 4.204
[GPU0] epochs: [58/100] train_acc: 0.187 train_loss_sup: 4.196
[GPU0] epochs: [59/100] train_acc: 0.186 train_loss_sup: 4.193
[GPU0] epochs: [60/100] train_acc: 0.186 train_loss_sup: 4.190
[GPU0] Test Accuracy at epoch: 60: 0.182
[GPU0] epochs: [61/100] train_acc: 0.187 train_loss_sup: 4.188
[GPU0] epochs: [62/100] train_acc: 0.190 train_loss_sup: 4.184
[GPU0] epochs: [63/100] train_acc: 0.189 train_loss_sup: 4.182
[GPU0] epochs: [64/100] train_acc: 0.189 train_loss_sup: 4.177
[GPU0] epochs: [65/100] train_acc: 0.190 train_loss_sup: 4.172
[GPU0] epochs: [66/100] train_acc: 0.191 train_loss_sup: 4.169
[GPU0] epochs: [67/100] train_acc: 0.189 train_loss_sup: 4.171
[GPU0] epochs: [68/100] train_acc: 0.191 train_loss_sup: 4.166
[GPU0] epochs: [69/100] train_acc: 0.193 train_loss_sup: 4.161
[GPU0] epochs: [70/100] train_acc: 0.193 train_loss_sup: 4.157
[GPU0] Test Accuracy at epoch: 70: 0.183
[GPU0] epochs: [71/100] train_acc: 0.192 train_loss_sup: 4.158
[GPU0] epochs: [72/100] train_acc: 0.194 train_loss_sup: 4.155
[GPU0] epochs: [73/100] train_acc: 0.193 train_loss_sup: 4.153
[GPU0] epochs: [74/100] train_acc: 0.193 train_loss_sup: 4.149
[GPU0] epochs: [75/100] train_acc: 0.196 train_loss_sup: 4.146
[GPU0] epochs: [76/100] train_acc: 0.195 train_loss_sup: 4.145
[GPU0] epochs: [77/100] train_acc: 0.196 train_loss_sup: 4.143
[GPU0] epochs: [78/100] train_acc: 0.195 train_loss_sup: 4.141
[GPU0] epochs: [79/100] train_acc: 0.196 train_loss_sup: 4.140
[GPU0] epochs: [80/100] train_acc: 0.195 train_loss_sup: 4.136
[GPU0] Test Accuracy at epoch: 80: 0.194
[GPU0] epochs: [81/100] train_acc: 0.195 train_loss_sup: 4.139
[GPU0] epochs: [82/100] train_acc: 0.198 train_loss_sup: 4.134
[GPU0] epochs: [83/100] train_acc: 0.196 train_loss_sup: 4.134
[GPU0] epochs: [84/100] train_acc: 0.197 train_loss_sup: 4.131
[GPU0] epochs: [85/100] train_acc: 0.198 train_loss_sup: 4.129
[GPU0] epochs: [86/100] train_acc: 0.197 train_loss_sup: 4.128
[GPU0] epochs: [87/100] train_acc: 0.198 train_loss_sup: 4.128
[GPU0] epochs: [88/100] train_acc: 0.198 train_loss_sup: 4.125
[GPU0] epochs: [89/100] train_acc: 0.200 train_loss_sup: 4.124
[GPU0] epochs: [90/100] train_acc: 0.197 train_loss_sup: 4.123
[GPU0] Test Accuracy at epoch: 90: 0.187
[GPU0] epochs: [91/100] train_acc: 0.197 train_loss_sup: 4.122
[GPU0] epochs: [92/100] train_acc: 0.198 train_loss_sup: 4.121
[GPU0] epochs: [93/100] train_acc: 0.199 train_loss_sup: 4.118
[GPU0] epochs: [94/100] train_acc: 0.200 train_loss_sup: 4.118
[GPU0] epochs: [95/100] train_acc: 0.199 train_loss_sup: 4.117
[GPU0] epochs: [96/100] train_acc: 0.200 train_loss_sup: 4.113
[GPU0] epochs: [97/100] train_acc: 0.199 train_loss_sup: 4.113
[GPU0] epochs: [98/100] train_acc: 0.198 train_loss_sup: 4.113
[GPU0] epochs: [99/100] train_acc: 0.200 train_loss_sup: 4.110
[GPU0] epochs: [100/100] train_acc: 0.203 train_loss_sup: 4.111
[GPU0] Final Test Accuracy: 0.194
LR: 0.100 | WD: 0.000100 | Cosine: False | test Acc: 0.194%
===> using linear mlp
Scheduler: None
MLP: MLP(
  (mlp): Linear(in_features=384, out_features=200, bias=True)
)
[GPU0] Test Accuracy at epoch: 0: 0.023
[GPU0] epochs: [1/100] train_acc: 0.009 train_loss_sup: 5.283
[GPU0] epochs: [2/100] train_acc: 0.023 train_loss_sup: 5.215
[GPU0] epochs: [3/100] train_acc: 0.036 train_loss_sup: 5.150
[GPU0] epochs: [4/100] train_acc: 0.051 train_loss_sup: 5.088
[GPU0] epochs: [5/100] train_acc: 0.065 train_loss_sup: 5.031
[GPU0] epochs: [6/100] train_acc: 0.078 train_loss_sup: 4.976
[GPU0] epochs: [7/100] train_acc: 0.084 train_loss_sup: 4.925
[GPU0] epochs: [8/100] train_acc: 0.094 train_loss_sup: 4.875
[GPU0] epochs: [9/100] train_acc: 0.099 train_loss_sup: 4.828
[GPU0] epochs: [10/100] train_acc: 0.106 train_loss_sup: 4.784
[GPU0] Test Accuracy at epoch: 10: 0.105
[GPU0] epochs: [11/100] train_acc: 0.110 train_loss_sup: 4.743
[GPU0] epochs: [12/100] train_acc: 0.116 train_loss_sup: 4.704
[GPU0] epochs: [13/100] train_acc: 0.119 train_loss_sup: 4.667
[GPU0] epochs: [14/100] train_acc: 0.123 train_loss_sup: 4.631
[GPU0] epochs: [15/100] train_acc: 0.130 train_loss_sup: 4.596
[GPU0] epochs: [16/100] train_acc: 0.136 train_loss_sup: 4.564
[GPU0] epochs: [17/100] train_acc: 0.138 train_loss_sup: 4.531
[GPU0] epochs: [18/100] train_acc: 0.141 train_loss_sup: 4.503
[GPU0] epochs: [19/100] train_acc: 0.145 train_loss_sup: 4.474
[GPU0] epochs: [20/100] train_acc: 0.147 train_loss_sup: 4.447
[GPU0] Test Accuracy at epoch: 20: 0.153
[GPU0] epochs: [21/100] train_acc: 0.152 train_loss_sup: 4.420
[GPU0] epochs: [22/100] train_acc: 0.153 train_loss_sup: 4.395
[GPU0] epochs: [23/100] train_acc: 0.157 train_loss_sup: 4.370
[GPU0] epochs: [24/100] train_acc: 0.161 train_loss_sup: 4.345
[GPU0] epochs: [25/100] train_acc: 0.162 train_loss_sup: 4.323
[GPU0] epochs: [26/100] train_acc: 0.165 train_loss_sup: 4.301
[GPU0] epochs: [27/100] train_acc: 0.168 train_loss_sup: 4.280
[GPU0] epochs: [28/100] train_acc: 0.170 train_loss_sup: 4.259
[GPU0] epochs: [29/100] train_acc: 0.171 train_loss_sup: 4.240
[GPU0] epochs: [30/100] train_acc: 0.175 train_loss_sup: 4.219
[GPU0] Test Accuracy at epoch: 30: 0.177
[GPU0] epochs: [31/100] train_acc: 0.176 train_loss_sup: 4.204
[GPU0] epochs: [32/100] train_acc: 0.178 train_loss_sup: 4.185
[GPU0] epochs: [33/100] train_acc: 0.181 train_loss_sup: 4.167
[GPU0] epochs: [34/100] train_acc: 0.183 train_loss_sup: 4.150
[GPU0] epochs: [35/100] train_acc: 0.184 train_loss_sup: 4.136
[GPU0] epochs: [36/100] train_acc: 0.186 train_loss_sup: 4.119
[GPU0] epochs: [37/100] train_acc: 0.190 train_loss_sup: 4.104
[GPU0] epochs: [38/100] train_acc: 0.190 train_loss_sup: 4.088
[GPU0] epochs: [39/100] train_acc: 0.190 train_loss_sup: 4.074
[GPU0] epochs: [40/100] train_acc: 0.193 train_loss_sup: 4.063
[GPU0] Test Accuracy at epoch: 40: 0.186
[GPU0] epochs: [41/100] train_acc: 0.194 train_loss_sup: 4.046
[GPU0] epochs: [42/100] train_acc: 0.196 train_loss_sup: 4.031
[GPU0] epochs: [43/100] train_acc: 0.197 train_loss_sup: 4.020
[GPU0] epochs: [44/100] train_acc: 0.195 train_loss_sup: 4.009
[GPU0] epochs: [45/100] train_acc: 0.201 train_loss_sup: 3.993
[GPU0] epochs: [46/100] train_acc: 0.202 train_loss_sup: 3.982
[GPU0] epochs: [47/100] train_acc: 0.204 train_loss_sup: 3.970
[GPU0] epochs: [48/100] train_acc: 0.203 train_loss_sup: 3.960
[GPU0] epochs: [49/100] train_acc: 0.204 train_loss_sup: 3.948
[GPU0] epochs: [50/100] train_acc: 0.205 train_loss_sup: 3.941
[GPU0] Test Accuracy at epoch: 50: 0.196
[GPU0] epochs: [51/100] train_acc: 0.206 train_loss_sup: 3.928
[GPU0] epochs: [52/100] train_acc: 0.208 train_loss_sup: 3.915
[GPU0] epochs: [53/100] train_acc: 0.210 train_loss_sup: 3.902
[GPU0] epochs: [54/100] train_acc: 0.212 train_loss_sup: 3.895
[GPU0] epochs: [55/100] train_acc: 0.211 train_loss_sup: 3.887
[GPU0] epochs: [56/100] train_acc: 0.212 train_loss_sup: 3.878
[GPU0] epochs: [57/100] train_acc: 0.213 train_loss_sup: 3.865
[GPU0] epochs: [58/100] train_acc: 0.215 train_loss_sup: 3.858
[GPU0] epochs: [59/100] train_acc: 0.215 train_loss_sup: 3.850
[GPU0] epochs: [60/100] train_acc: 0.216 train_loss_sup: 3.841
[GPU0] Test Accuracy at epoch: 60: 0.206
[GPU0] epochs: [61/100] train_acc: 0.216 train_loss_sup: 3.833
[GPU0] epochs: [62/100] train_acc: 0.219 train_loss_sup: 3.824
[GPU0] epochs: [63/100] train_acc: 0.220 train_loss_sup: 3.814
[GPU0] epochs: [64/100] train_acc: 0.220 train_loss_sup: 3.809
[GPU0] epochs: [65/100] train_acc: 0.220 train_loss_sup: 3.802
[GPU0] epochs: [66/100] train_acc: 0.222 train_loss_sup: 3.792
[GPU0] epochs: [67/100] train_acc: 0.223 train_loss_sup: 3.785
[GPU0] epochs: [68/100] train_acc: 0.223 train_loss_sup: 3.776
[GPU0] epochs: [69/100] train_acc: 0.224 train_loss_sup: 3.771
[GPU0] epochs: [70/100] train_acc: 0.225 train_loss_sup: 3.764
[GPU0] Test Accuracy at epoch: 70: 0.215
[GPU0] epochs: [71/100] train_acc: 0.225 train_loss_sup: 3.754
[GPU0] epochs: [72/100] train_acc: 0.228 train_loss_sup: 3.748
[GPU0] epochs: [73/100] train_acc: 0.226 train_loss_sup: 3.745
[GPU0] epochs: [74/100] train_acc: 0.227 train_loss_sup: 3.737
[GPU0] epochs: [75/100] train_acc: 0.229 train_loss_sup: 3.729
[GPU0] epochs: [76/100] train_acc: 0.229 train_loss_sup: 3.726
[GPU0] epochs: [77/100] train_acc: 0.228 train_loss_sup: 3.716
[GPU0] epochs: [78/100] train_acc: 0.230 train_loss_sup: 3.709
[GPU0] epochs: [79/100] train_acc: 0.231 train_loss_sup: 3.706
[GPU0] epochs: [80/100] train_acc: 0.231 train_loss_sup: 3.702
[GPU0] Test Accuracy at epoch: 80: 0.22
[GPU0] epochs: [81/100] train_acc: 0.232 train_loss_sup: 3.697
[GPU0] epochs: [82/100] train_acc: 0.235 train_loss_sup: 3.688
[GPU0] epochs: [83/100] train_acc: 0.233 train_loss_sup: 3.679
[GPU0] epochs: [84/100] train_acc: 0.234 train_loss_sup: 3.677
[GPU0] epochs: [85/100] train_acc: 0.232 train_loss_sup: 3.676
[GPU0] epochs: [86/100] train_acc: 0.236 train_loss_sup: 3.664
[GPU0] epochs: [87/100] train_acc: 0.234 train_loss_sup: 3.665
[GPU0] epochs: [88/100] train_acc: 0.236 train_loss_sup: 3.658
[GPU0] epochs: [89/100] train_acc: 0.238 train_loss_sup: 3.650
[GPU0] epochs: [90/100] train_acc: 0.236 train_loss_sup: 3.648
[GPU0] Test Accuracy at epoch: 90: 0.231
[GPU0] epochs: [91/100] train_acc: 0.238 train_loss_sup: 3.639
[GPU0] epochs: [92/100] train_acc: 0.238 train_loss_sup: 3.634
[GPU0] epochs: [93/100] train_acc: 0.239 train_loss_sup: 3.634
[GPU0] epochs: [94/100] train_acc: 0.240 train_loss_sup: 3.622
[GPU0] epochs: [95/100] train_acc: 0.242 train_loss_sup: 3.623
[GPU0] epochs: [96/100] train_acc: 0.242 train_loss_sup: 3.611
[GPU0] epochs: [97/100] train_acc: 0.241 train_loss_sup: 3.611
[GPU0] epochs: [98/100] train_acc: 0.239 train_loss_sup: 3.610
[GPU0] epochs: [99/100] train_acc: 0.242 train_loss_sup: 3.603
[GPU0] epochs: [100/100] train_acc: 0.243 train_loss_sup: 3.599
[GPU0] Final Test Accuracy: 0.232
LR: 0.100 | WD: 0.000000 | Cosine: False | test Acc: 0.232%
===> using linear mlp
Scheduler: None
MLP: MLP(
  (mlp): Linear(in_features=384, out_features=200, bias=True)
)
[GPU0] Test Accuracy at epoch: 0: 0.054
[GPU0] epochs: [1/100] train_acc: 0.026 train_loss_sup: 5.177
[GPU0] epochs: [2/100] train_acc: 0.069 train_loss_sup: 4.755
[GPU0] epochs: [3/100] train_acc: 0.098 train_loss_sup: 4.483
[GPU0] epochs: [4/100] train_acc: 0.126 train_loss_sup: 4.291
[GPU0] epochs: [5/100] train_acc: 0.140 train_loss_sup: 4.149
[GPU0] epochs: [6/100] train_acc: 0.155 train_loss_sup: 4.032
[GPU0] epochs: [7/100] train_acc: 0.165 train_loss_sup: 3.954
[GPU0] epochs: [8/100] train_acc: 0.174 train_loss_sup: 3.885
[GPU0] epochs: [9/100] train_acc: 0.185 train_loss_sup: 3.821
[GPU0] epochs: [10/100] train_acc: 0.190 train_loss_sup: 3.774
[GPU0] Test Accuracy at epoch: 10: 0.197
[GPU0] epochs: [11/100] train_acc: 0.197 train_loss_sup: 3.722
[GPU0] epochs: [12/100] train_acc: 0.202 train_loss_sup: 3.694
[GPU0] epochs: [13/100] train_acc: 0.207 train_loss_sup: 3.657
[GPU0] epochs: [14/100] train_acc: 0.214 train_loss_sup: 3.622
[GPU0] epochs: [15/100] train_acc: 0.215 train_loss_sup: 3.602
[GPU0] epochs: [16/100] train_acc: 0.220 train_loss_sup: 3.571
[GPU0] epochs: [17/100] train_acc: 0.223 train_loss_sup: 3.551
[GPU0] epochs: [18/100] train_acc: 0.224 train_loss_sup: 3.537
[GPU0] epochs: [19/100] train_acc: 0.230 train_loss_sup: 3.513
[GPU0] epochs: [20/100] train_acc: 0.233 train_loss_sup: 3.497
[GPU0] Test Accuracy at epoch: 20: 0.234
[GPU0] epochs: [21/100] train_acc: 0.233 train_loss_sup: 3.478
[GPU0] epochs: [22/100] train_acc: 0.235 train_loss_sup: 3.468
[GPU0] epochs: [23/100] train_acc: 0.238 train_loss_sup: 3.448
[GPU0] epochs: [24/100] train_acc: 0.241 train_loss_sup: 3.433
[GPU0] epochs: [25/100] train_acc: 0.244 train_loss_sup: 3.427
[GPU0] epochs: [26/100] train_acc: 0.245 train_loss_sup: 3.421
[GPU0] epochs: [27/100] train_acc: 0.244 train_loss_sup: 3.406
[GPU0] epochs: [28/100] train_acc: 0.248 train_loss_sup: 3.393
[GPU0] epochs: [29/100] train_acc: 0.251 train_loss_sup: 3.384
[GPU0] epochs: [30/100] train_acc: 0.252 train_loss_sup: 3.378
[GPU0] Test Accuracy at epoch: 30: 0.244
[GPU0] epochs: [31/100] train_acc: 0.252 train_loss_sup: 3.367
[GPU0] epochs: [32/100] train_acc: 0.256 train_loss_sup: 3.355
[GPU0] epochs: [33/100] train_acc: 0.254 train_loss_sup: 3.349
[GPU0] epochs: [34/100] train_acc: 0.257 train_loss_sup: 3.339
[GPU0] epochs: [35/100] train_acc: 0.260 train_loss_sup: 3.327
[GPU0] epochs: [36/100] train_acc: 0.260 train_loss_sup: 3.322
[GPU0] epochs: [37/100] train_acc: 0.261 train_loss_sup: 3.316
[GPU0] epochs: [38/100] train_acc: 0.264 train_loss_sup: 3.306
[GPU0] epochs: [39/100] train_acc: 0.261 train_loss_sup: 3.310
[GPU0] epochs: [40/100] train_acc: 0.264 train_loss_sup: 3.291
[GPU0] Test Accuracy at epoch: 40: 0.265
[GPU0] epochs: [41/100] train_acc: 0.263 train_loss_sup: 3.296
[GPU0] epochs: [42/100] train_acc: 0.266 train_loss_sup: 3.288
[GPU0] epochs: [43/100] train_acc: 0.266 train_loss_sup: 3.286
[GPU0] epochs: [44/100] train_acc: 0.268 train_loss_sup: 3.276
[GPU0] epochs: [45/100] train_acc: 0.272 train_loss_sup: 3.262
[GPU0] epochs: [46/100] train_acc: 0.270 train_loss_sup: 3.262
[GPU0] epochs: [47/100] train_acc: 0.269 train_loss_sup: 3.265
[GPU0] epochs: [48/100] train_acc: 0.272 train_loss_sup: 3.255
[GPU0] epochs: [49/100] train_acc: 0.271 train_loss_sup: 3.252
[GPU0] epochs: [50/100] train_acc: 0.273 train_loss_sup: 3.254
[GPU0] Test Accuracy at epoch: 50: 0.283
[GPU0] epochs: [51/100] train_acc: 0.273 train_loss_sup: 3.248
[GPU0] epochs: [52/100] train_acc: 0.274 train_loss_sup: 3.244
[GPU0] epochs: [53/100] train_acc: 0.275 train_loss_sup: 3.237
[GPU0] epochs: [54/100] train_acc: 0.274 train_loss_sup: 3.243
[GPU0] epochs: [55/100] train_acc: 0.276 train_loss_sup: 3.234
[GPU0] epochs: [56/100] train_acc: 0.280 train_loss_sup: 3.221
[GPU0] epochs: [57/100] train_acc: 0.278 train_loss_sup: 3.218
[GPU0] epochs: [58/100] train_acc: 0.280 train_loss_sup: 3.214
[GPU0] epochs: [59/100] train_acc: 0.279 train_loss_sup: 3.214
[GPU0] epochs: [60/100] train_acc: 0.282 train_loss_sup: 3.204
[GPU0] Test Accuracy at epoch: 60: 0.287
[GPU0] epochs: [61/100] train_acc: 0.280 train_loss_sup: 3.211
[GPU0] epochs: [62/100] train_acc: 0.281 train_loss_sup: 3.204
[GPU0] epochs: [63/100] train_acc: 0.280 train_loss_sup: 3.206
[GPU0] epochs: [64/100] train_acc: 0.281 train_loss_sup: 3.199
[GPU0] epochs: [65/100] train_acc: 0.283 train_loss_sup: 3.192
[GPU0] epochs: [66/100] train_acc: 0.283 train_loss_sup: 3.195
[GPU0] epochs: [67/100] train_acc: 0.285 train_loss_sup: 3.182
[GPU0] epochs: [68/100] train_acc: 0.283 train_loss_sup: 3.191
[GPU0] epochs: [69/100] train_acc: 0.290 train_loss_sup: 3.172
[GPU0] epochs: [70/100] train_acc: 0.285 train_loss_sup: 3.180
[GPU0] Test Accuracy at epoch: 70: 0.287
[GPU0] epochs: [71/100] train_acc: 0.286 train_loss_sup: 3.174
[GPU0] epochs: [72/100] train_acc: 0.288 train_loss_sup: 3.171
[GPU0] epochs: [73/100] train_acc: 0.287 train_loss_sup: 3.174
[GPU0] epochs: [74/100] train_acc: 0.287 train_loss_sup: 3.177
[GPU0] epochs: [75/100] train_acc: 0.289 train_loss_sup: 3.172
[GPU0] epochs: [76/100] train_acc: 0.288 train_loss_sup: 3.163
[GPU0] epochs: [77/100] train_acc: 0.289 train_loss_sup: 3.162
[GPU0] epochs: [78/100] train_acc: 0.289 train_loss_sup: 3.161
[GPU0] epochs: [79/100] train_acc: 0.289 train_loss_sup: 3.156
[GPU0] epochs: [80/100] train_acc: 0.290 train_loss_sup: 3.162
[GPU0] Test Accuracy at epoch: 80: 0.283
[GPU0] epochs: [81/100] train_acc: 0.290 train_loss_sup: 3.153
[GPU0] epochs: [82/100] train_acc: 0.292 train_loss_sup: 3.148
[GPU0] epochs: [83/100] train_acc: 0.292 train_loss_sup: 3.148
[GPU0] epochs: [84/100] train_acc: 0.292 train_loss_sup: 3.140
[GPU0] epochs: [85/100] train_acc: 0.295 train_loss_sup: 3.139
[GPU0] epochs: [86/100] train_acc: 0.292 train_loss_sup: 3.143
[GPU0] epochs: [87/100] train_acc: 0.293 train_loss_sup: 3.139
[GPU0] epochs: [88/100] train_acc: 0.293 train_loss_sup: 3.145
[GPU0] epochs: [89/100] train_acc: 0.290 train_loss_sup: 3.152
[GPU0] epochs: [90/100] train_acc: 0.296 train_loss_sup: 3.135
[GPU0] Test Accuracy at epoch: 90: 0.292
[GPU0] epochs: [91/100] train_acc: 0.293 train_loss_sup: 3.131
[GPU0] epochs: [92/100] train_acc: 0.296 train_loss_sup: 3.131
[GPU0] epochs: [93/100] train_acc: 0.293 train_loss_sup: 3.134
[GPU0] epochs: [94/100] train_acc: 0.294 train_loss_sup: 3.123
[GPU0] epochs: [95/100] train_acc: 0.295 train_loss_sup: 3.129
[GPU0] epochs: [96/100] train_acc: 0.297 train_loss_sup: 3.121
[GPU0] epochs: [97/100] train_acc: 0.296 train_loss_sup: 3.123
[GPU0] epochs: [98/100] train_acc: 0.298 train_loss_sup: 3.118
[GPU0] epochs: [99/100] train_acc: 0.298 train_loss_sup: 3.119
[GPU0] epochs: [100/100] train_acc: 0.298 train_loss_sup: 3.115
[GPU0] Final Test Accuracy: 0.3
LR: 1.000 | WD: 0.000001 | Cosine: False | test Acc: 0.300%
===> using linear mlp
Scheduler: None
MLP: MLP(
  (mlp): Linear(in_features=384, out_features=200, bias=True)
)
[GPU0] Test Accuracy at epoch: 0: 0.027
[GPU0] epochs: [1/100] train_acc: 0.025 train_loss_sup: 5.197
[GPU0] epochs: [2/100] train_acc: 0.062 train_loss_sup: 4.827
[GPU0] epochs: [3/100] train_acc: 0.086 train_loss_sup: 4.623
[GPU0] epochs: [4/100] train_acc: 0.102 train_loss_sup: 4.497
[GPU0] epochs: [5/100] train_acc: 0.109 train_loss_sup: 4.422
[GPU0] epochs: [6/100] train_acc: 0.117 train_loss_sup: 4.365
[GPU0] epochs: [7/100] train_acc: 0.123 train_loss_sup: 4.330
[GPU0] epochs: [8/100] train_acc: 0.128 train_loss_sup: 4.300
[GPU0] epochs: [9/100] train_acc: 0.129 train_loss_sup: 4.285
[GPU0] epochs: [10/100] train_acc: 0.133 train_loss_sup: 4.263
[GPU0] Test Accuracy at epoch: 10: 0.141
[GPU0] epochs: [11/100] train_acc: 0.131 train_loss_sup: 4.263
[GPU0] epochs: [12/100] train_acc: 0.134 train_loss_sup: 4.258
[GPU0] epochs: [13/100] train_acc: 0.135 train_loss_sup: 4.247
[GPU0] epochs: [14/100] train_acc: 0.137 train_loss_sup: 4.246
[GPU0] epochs: [15/100] train_acc: 0.136 train_loss_sup: 4.242
[GPU0] epochs: [16/100] train_acc: 0.139 train_loss_sup: 4.235
[GPU0] epochs: [17/100] train_acc: 0.140 train_loss_sup: 4.233
[GPU0] epochs: [18/100] train_acc: 0.139 train_loss_sup: 4.228
[GPU0] epochs: [19/100] train_acc: 0.138 train_loss_sup: 4.230
[GPU0] epochs: [20/100] train_acc: 0.140 train_loss_sup: 4.228
[GPU0] Test Accuracy at epoch: 20: 0.147
[GPU0] epochs: [21/100] train_acc: 0.138 train_loss_sup: 4.234
[GPU0] epochs: [22/100] train_acc: 0.140 train_loss_sup: 4.229
[GPU0] epochs: [23/100] train_acc: 0.141 train_loss_sup: 4.224
[GPU0] epochs: [24/100] train_acc: 0.138 train_loss_sup: 4.236
[GPU0] epochs: [25/100] train_acc: 0.142 train_loss_sup: 4.225
[GPU0] epochs: [26/100] train_acc: 0.139 train_loss_sup: 4.232
[GPU0] epochs: [27/100] train_acc: 0.141 train_loss_sup: 4.226
[GPU0] epochs: [28/100] train_acc: 0.140 train_loss_sup: 4.232
[GPU0] epochs: [29/100] train_acc: 0.141 train_loss_sup: 4.229
[GPU0] epochs: [30/100] train_acc: 0.139 train_loss_sup: 4.231
[GPU0] Test Accuracy at epoch: 30: 0.14
[GPU0] epochs: [31/100] train_acc: 0.140 train_loss_sup: 4.230
[GPU0] epochs: [32/100] train_acc: 0.141 train_loss_sup: 4.227
[GPU0] epochs: [33/100] train_acc: 0.138 train_loss_sup: 4.235
[GPU0] epochs: [34/100] train_acc: 0.140 train_loss_sup: 4.230
[GPU0] epochs: [35/100] train_acc: 0.139 train_loss_sup: 4.237
[GPU0] epochs: [36/100] train_acc: 0.140 train_loss_sup: 4.231
[GPU0] epochs: [37/100] train_acc: 0.139 train_loss_sup: 4.238
[GPU0] epochs: [38/100] train_acc: 0.140 train_loss_sup: 4.230
[GPU0] epochs: [39/100] train_acc: 0.139 train_loss_sup: 4.233
[GPU0] epochs: [40/100] train_acc: 0.141 train_loss_sup: 4.225
[GPU0] Test Accuracy at epoch: 40: 0.14
[GPU0] epochs: [41/100] train_acc: 0.140 train_loss_sup: 4.228
[GPU0] epochs: [42/100] train_acc: 0.140 train_loss_sup: 4.231
[GPU0] epochs: [43/100] train_acc: 0.141 train_loss_sup: 4.225
[GPU0] epochs: [44/100] train_acc: 0.140 train_loss_sup: 4.230
[GPU0] epochs: [45/100] train_acc: 0.138 train_loss_sup: 4.234
[GPU0] epochs: [46/100] train_acc: 0.139 train_loss_sup: 4.229
[GPU0] epochs: [47/100] train_acc: 0.137 train_loss_sup: 4.234
[GPU0] epochs: [48/100] train_acc: 0.138 train_loss_sup: 4.236
[GPU0] epochs: [49/100] train_acc: 0.139 train_loss_sup: 4.232
[GPU0] epochs: [50/100] train_acc: 0.141 train_loss_sup: 4.222
[GPU0] Test Accuracy at epoch: 50: 0.143
[GPU0] epochs: [51/100] train_acc: 0.136 train_loss_sup: 4.234
[GPU0] epochs: [52/100] train_acc: 0.141 train_loss_sup: 4.229
[GPU0] epochs: [53/100] train_acc: 0.139 train_loss_sup: 4.223
[GPU0] epochs: [54/100] train_acc: 0.139 train_loss_sup: 4.228
[GPU0] epochs: [55/100] train_acc: 0.139 train_loss_sup: 4.231
[GPU0] epochs: [56/100] train_acc: 0.139 train_loss_sup: 4.229
[GPU0] epochs: [57/100] train_acc: 0.140 train_loss_sup: 4.227
[GPU0] epochs: [58/100] train_acc: 0.139 train_loss_sup: 4.233
[GPU0] epochs: [59/100] train_acc: 0.139 train_loss_sup: 4.231
[GPU0] epochs: [60/100] train_acc: 0.140 train_loss_sup: 4.228
[GPU0] Test Accuracy at epoch: 60: 0.154
[GPU0] epochs: [61/100] train_acc: 0.140 train_loss_sup: 4.230
[GPU0] epochs: [62/100] train_acc: 0.138 train_loss_sup: 4.231
[GPU0] epochs: [63/100] train_acc: 0.141 train_loss_sup: 4.230
[GPU0] epochs: [64/100] train_acc: 0.141 train_loss_sup: 4.226
[GPU0] epochs: [65/100] train_acc: 0.139 train_loss_sup: 4.229
[GPU0] epochs: [66/100] train_acc: 0.139 train_loss_sup: 4.235
[GPU0] epochs: [67/100] train_acc: 0.139 train_loss_sup: 4.233
[GPU0] epochs: [68/100] train_acc: 0.140 train_loss_sup: 4.236
[GPU0] epochs: [69/100] train_acc: 0.141 train_loss_sup: 4.229
[GPU0] epochs: [70/100] train_acc: 0.138 train_loss_sup: 4.236
[GPU0] Test Accuracy at epoch: 70: 0.152
[GPU0] epochs: [71/100] train_acc: 0.143 train_loss_sup: 4.218
[GPU0] epochs: [72/100] train_acc: 0.140 train_loss_sup: 4.229
[GPU0] epochs: [73/100] train_acc: 0.139 train_loss_sup: 4.228
[GPU0] epochs: [74/100] train_acc: 0.140 train_loss_sup: 4.230
[GPU0] epochs: [75/100] train_acc: 0.140 train_loss_sup: 4.231
[GPU0] epochs: [76/100] train_acc: 0.140 train_loss_sup: 4.235
[GPU0] epochs: [77/100] train_acc: 0.141 train_loss_sup: 4.232
[GPU0] epochs: [78/100] train_acc: 0.140 train_loss_sup: 4.225
[GPU0] epochs: [79/100] train_acc: 0.141 train_loss_sup: 4.231
[GPU0] epochs: [80/100] train_acc: 0.139 train_loss_sup: 4.234
[GPU0] Test Accuracy at epoch: 80: 0.132
[GPU0] epochs: [81/100] train_acc: 0.140 train_loss_sup: 4.232
[GPU0] epochs: [82/100] train_acc: 0.138 train_loss_sup: 4.231
[GPU0] epochs: [83/100] train_acc: 0.140 train_loss_sup: 4.238
[GPU0] epochs: [84/100] train_acc: 0.138 train_loss_sup: 4.239
[GPU0] epochs: [85/100] train_acc: 0.141 train_loss_sup: 4.226
[GPU0] epochs: [86/100] train_acc: 0.143 train_loss_sup: 4.223
[GPU0] epochs: [87/100] train_acc: 0.140 train_loss_sup: 4.231
[GPU0] epochs: [88/100] train_acc: 0.139 train_loss_sup: 4.231
[GPU0] epochs: [89/100] train_acc: 0.140 train_loss_sup: 4.224
[GPU0] epochs: [90/100] train_acc: 0.142 train_loss_sup: 4.229
[GPU0] Test Accuracy at epoch: 90: 0.129
[GPU0] epochs: [91/100] train_acc: 0.139 train_loss_sup: 4.226
[GPU0] epochs: [92/100] train_acc: 0.140 train_loss_sup: 4.225
[GPU0] epochs: [93/100] train_acc: 0.139 train_loss_sup: 4.232
[GPU0] epochs: [94/100] train_acc: 0.139 train_loss_sup: 4.233
[GPU0] epochs: [95/100] train_acc: 0.139 train_loss_sup: 4.238
[GPU0] epochs: [96/100] train_acc: 0.140 train_loss_sup: 4.231
[GPU0] epochs: [97/100] train_acc: 0.141 train_loss_sup: 4.227
[GPU0] epochs: [98/100] train_acc: 0.139 train_loss_sup: 4.232
[GPU0] epochs: [99/100] train_acc: 0.142 train_loss_sup: 4.227
[GPU0] epochs: [100/100] train_acc: 0.143 train_loss_sup: 4.225
[GPU0] Final Test Accuracy: 0.141
LR: 1.000 | WD: 0.000100 | Cosine: False | test Acc: 0.154%
===> using linear mlp
Scheduler: None
MLP: MLP(
  (mlp): Linear(in_features=384, out_features=200, bias=True)
)
[GPU0] Test Accuracy at epoch: 0: 0.047
[GPU0] epochs: [1/100] train_acc: 0.024 train_loss_sup: 5.183
[GPU0] epochs: [2/100] train_acc: 0.069 train_loss_sup: 4.753
[GPU0] epochs: [3/100] train_acc: 0.100 train_loss_sup: 4.479
[GPU0] epochs: [4/100] train_acc: 0.123 train_loss_sup: 4.289
[GPU0] epochs: [5/100] train_acc: 0.140 train_loss_sup: 4.149
[GPU0] epochs: [6/100] train_acc: 0.152 train_loss_sup: 4.038
[GPU0] epochs: [7/100] train_acc: 0.164 train_loss_sup: 3.957
[GPU0] epochs: [8/100] train_acc: 0.177 train_loss_sup: 3.876
[GPU0] epochs: [9/100] train_acc: 0.184 train_loss_sup: 3.827
[GPU0] epochs: [10/100] train_acc: 0.189 train_loss_sup: 3.768
[GPU0] Test Accuracy at epoch: 10: 0.205
[GPU0] epochs: [11/100] train_acc: 0.195 train_loss_sup: 3.729
[GPU0] epochs: [12/100] train_acc: 0.204 train_loss_sup: 3.687
[GPU0] epochs: [13/100] train_acc: 0.207 train_loss_sup: 3.648
[GPU0] epochs: [14/100] train_acc: 0.213 train_loss_sup: 3.617
[GPU0] epochs: [15/100] train_acc: 0.217 train_loss_sup: 3.586
[GPU0] epochs: [16/100] train_acc: 0.220 train_loss_sup: 3.569
[GPU0] epochs: [17/100] train_acc: 0.223 train_loss_sup: 3.541
[GPU0] epochs: [18/100] train_acc: 0.225 train_loss_sup: 3.525
[GPU0] epochs: [19/100] train_acc: 0.227 train_loss_sup: 3.510
[GPU0] epochs: [20/100] train_acc: 0.234 train_loss_sup: 3.481
[GPU0] Test Accuracy at epoch: 20: 0.234
[GPU0] epochs: [21/100] train_acc: 0.234 train_loss_sup: 3.468
[GPU0] epochs: [22/100] train_acc: 0.237 train_loss_sup: 3.460
[GPU0] epochs: [23/100] train_acc: 0.239 train_loss_sup: 3.437
[GPU0] epochs: [24/100] train_acc: 0.239 train_loss_sup: 3.432
[GPU0] epochs: [25/100] train_acc: 0.243 train_loss_sup: 3.420
[GPU0] epochs: [26/100] train_acc: 0.245 train_loss_sup: 3.404
[GPU0] epochs: [27/100] train_acc: 0.248 train_loss_sup: 3.402
[GPU0] epochs: [28/100] train_acc: 0.250 train_loss_sup: 3.381
[GPU0] epochs: [29/100] train_acc: 0.254 train_loss_sup: 3.364
[GPU0] epochs: [30/100] train_acc: 0.254 train_loss_sup: 3.360
[GPU0] Test Accuracy at epoch: 30: 0.257
[GPU0] epochs: [31/100] train_acc: 0.256 train_loss_sup: 3.352
[GPU0] epochs: [32/100] train_acc: 0.257 train_loss_sup: 3.342
[GPU0] epochs: [33/100] train_acc: 0.258 train_loss_sup: 3.337
[GPU0] epochs: [34/100] train_acc: 0.258 train_loss_sup: 3.332
[GPU0] epochs: [35/100] train_acc: 0.259 train_loss_sup: 3.323
[GPU0] epochs: [36/100] train_acc: 0.261 train_loss_sup: 3.317
[GPU0] epochs: [37/100] train_acc: 0.261 train_loss_sup: 3.311
[GPU0] epochs: [38/100] train_acc: 0.264 train_loss_sup: 3.296
[GPU0] epochs: [39/100] train_acc: 0.266 train_loss_sup: 3.285
[GPU0] epochs: [40/100] train_acc: 0.267 train_loss_sup: 3.283
[GPU0] Test Accuracy at epoch: 40: 0.271
[GPU0] epochs: [41/100] train_acc: 0.269 train_loss_sup: 3.277
[GPU0] epochs: [42/100] train_acc: 0.269 train_loss_sup: 3.271
[GPU0] epochs: [43/100] train_acc: 0.269 train_loss_sup: 3.269
[GPU0] epochs: [44/100] train_acc: 0.271 train_loss_sup: 3.265
[GPU0] epochs: [45/100] train_acc: 0.271 train_loss_sup: 3.262
[GPU0] epochs: [46/100] train_acc: 0.273 train_loss_sup: 3.249
[GPU0] epochs: [47/100] train_acc: 0.273 train_loss_sup: 3.238
[GPU0] epochs: [48/100] train_acc: 0.272 train_loss_sup: 3.238
[GPU0] epochs: [49/100] train_acc: 0.274 train_loss_sup: 3.238
[GPU0] epochs: [50/100] train_acc: 0.275 train_loss_sup: 3.236
[GPU0] Test Accuracy at epoch: 50: 0.272
[GPU0] epochs: [51/100] train_acc: 0.279 train_loss_sup: 3.225
[GPU0] epochs: [52/100] train_acc: 0.279 train_loss_sup: 3.218
[GPU0] epochs: [53/100] train_acc: 0.276 train_loss_sup: 3.222
[GPU0] epochs: [54/100] train_acc: 0.278 train_loss_sup: 3.214
[GPU0] epochs: [55/100] train_acc: 0.279 train_loss_sup: 3.207
[GPU0] epochs: [56/100] train_acc: 0.280 train_loss_sup: 3.210
[GPU0] epochs: [57/100] train_acc: 0.280 train_loss_sup: 3.213
[GPU0] epochs: [58/100] train_acc: 0.282 train_loss_sup: 3.196
[GPU0] epochs: [59/100] train_acc: 0.283 train_loss_sup: 3.196
[GPU0] epochs: [60/100] train_acc: 0.283 train_loss_sup: 3.187
[GPU0] Test Accuracy at epoch: 60: 0.28
[GPU0] epochs: [61/100] train_acc: 0.285 train_loss_sup: 3.186
[GPU0] epochs: [62/100] train_acc: 0.286 train_loss_sup: 3.194
[GPU0] epochs: [63/100] train_acc: 0.285 train_loss_sup: 3.183
[GPU0] epochs: [64/100] train_acc: 0.288 train_loss_sup: 3.172
[GPU0] epochs: [65/100] train_acc: 0.285 train_loss_sup: 3.180
[GPU0] epochs: [66/100] train_acc: 0.287 train_loss_sup: 3.175
[GPU0] epochs: [67/100] train_acc: 0.287 train_loss_sup: 3.172
[GPU0] epochs: [68/100] train_acc: 0.288 train_loss_sup: 3.170
[GPU0] epochs: [69/100] train_acc: 0.288 train_loss_sup: 3.163
[GPU0] epochs: [70/100] train_acc: 0.288 train_loss_sup: 3.164
[GPU0] Test Accuracy at epoch: 70: 0.292
[GPU0] epochs: [71/100] train_acc: 0.289 train_loss_sup: 3.159
[GPU0] epochs: [72/100] train_acc: 0.291 train_loss_sup: 3.153
[GPU0] epochs: [73/100] train_acc: 0.292 train_loss_sup: 3.151
[GPU0] epochs: [74/100] train_acc: 0.288 train_loss_sup: 3.156
[GPU0] epochs: [75/100] train_acc: 0.291 train_loss_sup: 3.148
[GPU0] epochs: [76/100] train_acc: 0.292 train_loss_sup: 3.147
[GPU0] epochs: [77/100] train_acc: 0.291 train_loss_sup: 3.146
[GPU0] epochs: [78/100] train_acc: 0.292 train_loss_sup: 3.143
[GPU0] epochs: [79/100] train_acc: 0.293 train_loss_sup: 3.139
[GPU0] epochs: [80/100] train_acc: 0.295 train_loss_sup: 3.132
[GPU0] Test Accuracy at epoch: 80: 0.304
[GPU0] epochs: [81/100] train_acc: 0.293 train_loss_sup: 3.133
[GPU0] epochs: [82/100] train_acc: 0.294 train_loss_sup: 3.133
[GPU0] epochs: [83/100] train_acc: 0.294 train_loss_sup: 3.129
[GPU0] epochs: [84/100] train_acc: 0.297 train_loss_sup: 3.120
[GPU0] epochs: [85/100] train_acc: 0.298 train_loss_sup: 3.117
[GPU0] epochs: [86/100] train_acc: 0.296 train_loss_sup: 3.127
[GPU0] epochs: [87/100] train_acc: 0.296 train_loss_sup: 3.121
[GPU0] epochs: [88/100] train_acc: 0.297 train_loss_sup: 3.117
[GPU0] epochs: [89/100] train_acc: 0.297 train_loss_sup: 3.111
[GPU0] epochs: [90/100] train_acc: 0.298 train_loss_sup: 3.110
[GPU0] Test Accuracy at epoch: 90: 0.303
[GPU0] epochs: [91/100] train_acc: 0.298 train_loss_sup: 3.112
[GPU0] epochs: [92/100] train_acc: 0.299 train_loss_sup: 3.107
[GPU0] epochs: [93/100] train_acc: 0.299 train_loss_sup: 3.112
[GPU0] epochs: [94/100] train_acc: 0.300 train_loss_sup: 3.102
[GPU0] epochs: [95/100] train_acc: 0.303 train_loss_sup: 3.092
[GPU0] epochs: [96/100] train_acc: 0.301 train_loss_sup: 3.097
[GPU0] epochs: [97/100] train_acc: 0.300 train_loss_sup: 3.094
[GPU0] epochs: [98/100] train_acc: 0.302 train_loss_sup: 3.098
[GPU0] epochs: [99/100] train_acc: 0.300 train_loss_sup: 3.102
[GPU0] epochs: [100/100] train_acc: 0.299 train_loss_sup: 3.100
[GPU0] Final Test Accuracy: 0.301
LR: 1.000 | WD: 0.000000 | Cosine: False | test Acc: 0.304%
===> using linear mlp
Scheduler: <torch.optim.lr_scheduler.CosineAnnealingLR object at 0x7cd0df6eacb0>
MLP: MLP(
  (mlp): Linear(in_features=384, out_features=200, bias=True)
)
[GPU0] Test Accuracy at epoch: 0: 0.012
[GPU0] epochs: [1/100] train_acc: 0.009 train_loss_sup: 5.283
[GPU0] epochs: [2/100] train_acc: 0.023 train_loss_sup: 5.214
[GPU0] epochs: [3/100] train_acc: 0.037 train_loss_sup: 5.150
[GPU0] epochs: [4/100] train_acc: 0.052 train_loss_sup: 5.088
[GPU0] epochs: [5/100] train_acc: 0.065 train_loss_sup: 5.030
[GPU0] epochs: [6/100] train_acc: 0.075 train_loss_sup: 4.977
[GPU0] epochs: [7/100] train_acc: 0.085 train_loss_sup: 4.925
[GPU0] epochs: [8/100] train_acc: 0.093 train_loss_sup: 4.876
[GPU0] epochs: [9/100] train_acc: 0.099 train_loss_sup: 4.830
[GPU0] epochs: [10/100] train_acc: 0.102 train_loss_sup: 4.788
[GPU0] Test Accuracy at epoch: 10: 0.117
[GPU0] epochs: [11/100] train_acc: 0.111 train_loss_sup: 4.746
[GPU0] epochs: [12/100] train_acc: 0.118 train_loss_sup: 4.707
[GPU0] epochs: [13/100] train_acc: 0.121 train_loss_sup: 4.673
[GPU0] epochs: [14/100] train_acc: 0.126 train_loss_sup: 4.637
[GPU0] epochs: [15/100] train_acc: 0.130 train_loss_sup: 4.602
[GPU0] epochs: [16/100] train_acc: 0.136 train_loss_sup: 4.571
[GPU0] epochs: [17/100] train_acc: 0.139 train_loss_sup: 4.541
[GPU0] epochs: [18/100] train_acc: 0.142 train_loss_sup: 4.513
[GPU0] epochs: [19/100] train_acc: 0.145 train_loss_sup: 4.487
[GPU0] epochs: [20/100] train_acc: 0.146 train_loss_sup: 4.462
[GPU0] Test Accuracy at epoch: 20: 0.151
[GPU0] epochs: [21/100] train_acc: 0.148 train_loss_sup: 4.437
[GPU0] epochs: [22/100] train_acc: 0.153 train_loss_sup: 4.414
[GPU0] epochs: [23/100] train_acc: 0.159 train_loss_sup: 4.389
[GPU0] epochs: [24/100] train_acc: 0.160 train_loss_sup: 4.367
[GPU0] epochs: [25/100] train_acc: 0.161 train_loss_sup: 4.349
[GPU0] epochs: [26/100] train_acc: 0.163 train_loss_sup: 4.328
[GPU0] epochs: [27/100] train_acc: 0.168 train_loss_sup: 4.308
[GPU0] epochs: [28/100] train_acc: 0.170 train_loss_sup: 4.290
[GPU0] epochs: [29/100] train_acc: 0.173 train_loss_sup: 4.272
[GPU0] epochs: [30/100] train_acc: 0.173 train_loss_sup: 4.258
[GPU0] Test Accuracy at epoch: 30: 0.176
[GPU0] epochs: [31/100] train_acc: 0.177 train_loss_sup: 4.240
[GPU0] epochs: [32/100] train_acc: 0.177 train_loss_sup: 4.227
[GPU0] epochs: [33/100] train_acc: 0.181 train_loss_sup: 4.207
[GPU0] epochs: [34/100] train_acc: 0.180 train_loss_sup: 4.197
[GPU0] epochs: [35/100] train_acc: 0.183 train_loss_sup: 4.184
[GPU0] epochs: [36/100] train_acc: 0.184 train_loss_sup: 4.171
[GPU0] epochs: [37/100] train_acc: 0.186 train_loss_sup: 4.158
[GPU0] epochs: [38/100] train_acc: 0.189 train_loss_sup: 4.146
[GPU0] epochs: [39/100] train_acc: 0.187 train_loss_sup: 4.135
[GPU0] epochs: [40/100] train_acc: 0.189 train_loss_sup: 4.123
[GPU0] Test Accuracy at epoch: 40: 0.181
[GPU0] epochs: [41/100] train_acc: 0.191 train_loss_sup: 4.116
[GPU0] epochs: [42/100] train_acc: 0.193 train_loss_sup: 4.103
[GPU0] epochs: [43/100] train_acc: 0.195 train_loss_sup: 4.094
[GPU0] epochs: [44/100] train_acc: 0.194 train_loss_sup: 4.086
[GPU0] epochs: [45/100] train_acc: 0.197 train_loss_sup: 4.075
[GPU0] epochs: [46/100] train_acc: 0.199 train_loss_sup: 4.065
[GPU0] epochs: [47/100] train_acc: 0.198 train_loss_sup: 4.060
[GPU0] epochs: [48/100] train_acc: 0.200 train_loss_sup: 4.049
[GPU0] epochs: [49/100] train_acc: 0.200 train_loss_sup: 4.042
[GPU0] epochs: [50/100] train_acc: 0.203 train_loss_sup: 4.034
[GPU0] Test Accuracy at epoch: 50: 0.197
[GPU0] epochs: [51/100] train_acc: 0.202 train_loss_sup: 4.032
[GPU0] epochs: [52/100] train_acc: 0.203 train_loss_sup: 4.021
[GPU0] epochs: [53/100] train_acc: 0.205 train_loss_sup: 4.014
[GPU0] epochs: [54/100] train_acc: 0.207 train_loss_sup: 4.007
[GPU0] epochs: [55/100] train_acc: 0.206 train_loss_sup: 4.005
[GPU0] epochs: [56/100] train_acc: 0.207 train_loss_sup: 3.998
[GPU0] epochs: [57/100] train_acc: 0.207 train_loss_sup: 3.994
[GPU0] epochs: [58/100] train_acc: 0.208 train_loss_sup: 3.988
[GPU0] epochs: [59/100] train_acc: 0.209 train_loss_sup: 3.983
[GPU0] epochs: [60/100] train_acc: 0.209 train_loss_sup: 3.979
[GPU0] Test Accuracy at epoch: 60: 0.198
[GPU0] epochs: [61/100] train_acc: 0.210 train_loss_sup: 3.974
[GPU0] epochs: [62/100] train_acc: 0.210 train_loss_sup: 3.969
[GPU0] epochs: [63/100] train_acc: 0.213 train_loss_sup: 3.966
[GPU0] epochs: [64/100] train_acc: 0.213 train_loss_sup: 3.962
[GPU0] epochs: [65/100] train_acc: 0.214 train_loss_sup: 3.957
[GPU0] epochs: [66/100] train_acc: 0.213 train_loss_sup: 3.955
[GPU0] epochs: [67/100] train_acc: 0.213 train_loss_sup: 3.952
[GPU0] epochs: [68/100] train_acc: 0.214 train_loss_sup: 3.946
[GPU0] epochs: [69/100] train_acc: 0.215 train_loss_sup: 3.946
[GPU0] epochs: [70/100] train_acc: 0.215 train_loss_sup: 3.944
[GPU0] Test Accuracy at epoch: 70: 0.205
[GPU0] epochs: [71/100] train_acc: 0.215 train_loss_sup: 3.943
[GPU0] epochs: [72/100] train_acc: 0.216 train_loss_sup: 3.935
[GPU0] epochs: [73/100] train_acc: 0.217 train_loss_sup: 3.934
[GPU0] epochs: [74/100] train_acc: 0.217 train_loss_sup: 3.935
[GPU0] epochs: [75/100] train_acc: 0.217 train_loss_sup: 3.933
[GPU0] epochs: [76/100] train_acc: 0.215 train_loss_sup: 3.932
[GPU0] epochs: [77/100] train_acc: 0.217 train_loss_sup: 3.929
[GPU0] epochs: [78/100] train_acc: 0.216 train_loss_sup: 3.930
[GPU0] epochs: [79/100] train_acc: 0.217 train_loss_sup: 3.926
[GPU0] epochs: [80/100] train_acc: 0.217 train_loss_sup: 3.925
[GPU0] Test Accuracy at epoch: 80: 0.207
[GPU0] epochs: [81/100] train_acc: 0.218 train_loss_sup: 3.923
[GPU0] epochs: [82/100] train_acc: 0.218 train_loss_sup: 3.920
[GPU0] epochs: [83/100] train_acc: 0.219 train_loss_sup: 3.920
[GPU0] epochs: [84/100] train_acc: 0.219 train_loss_sup: 3.920
[GPU0] epochs: [85/100] train_acc: 0.219 train_loss_sup: 3.919
[GPU0] epochs: [86/100] train_acc: 0.219 train_loss_sup: 3.918
[GPU0] epochs: [87/100] train_acc: 0.220 train_loss_sup: 3.913
[GPU0] epochs: [88/100] train_acc: 0.220 train_loss_sup: 3.914
[GPU0] epochs: [89/100] train_acc: 0.219 train_loss_sup: 3.919
[GPU0] epochs: [90/100] train_acc: 0.221 train_loss_sup: 3.914
[GPU0] Test Accuracy at epoch: 90: 0.208
[GPU0] epochs: [91/100] train_acc: 0.222 train_loss_sup: 3.914
[GPU0] epochs: [92/100] train_acc: 0.219 train_loss_sup: 3.914
[GPU0] epochs: [93/100] train_acc: 0.219 train_loss_sup: 3.914
[GPU0] epochs: [94/100] train_acc: 0.221 train_loss_sup: 3.915
[GPU0] epochs: [95/100] train_acc: 0.220 train_loss_sup: 3.913
[GPU0] epochs: [96/100] train_acc: 0.222 train_loss_sup: 3.914
[GPU0] epochs: [97/100] train_acc: 0.221 train_loss_sup: 3.917
[GPU0] epochs: [98/100] train_acc: 0.221 train_loss_sup: 3.913
[GPU0] epochs: [99/100] train_acc: 0.219 train_loss_sup: 3.917
[GPU0] epochs: [100/100] train_acc: 0.221 train_loss_sup: 3.916
[GPU0] Final Test Accuracy: 0.208
LR: 0.100 | WD: 0.000001 | Cosine: True | test Acc: 0.208%
===> using linear mlp
Scheduler: <torch.optim.lr_scheduler.CosineAnnealingLR object at 0x7cd0df6eb130>
MLP: MLP(
  (mlp): Linear(in_features=384, out_features=200, bias=True)
)
[GPU0] Test Accuracy at epoch: 0: 0.017
[GPU0] epochs: [1/100] train_acc: 0.009 train_loss_sup: 5.282
[GPU0] epochs: [2/100] train_acc: 0.022 train_loss_sup: 5.215
[GPU0] epochs: [3/100] train_acc: 0.034 train_loss_sup: 5.153
[GPU0] epochs: [4/100] train_acc: 0.050 train_loss_sup: 5.096
[GPU0] epochs: [5/100] train_acc: 0.062 train_loss_sup: 5.041
[GPU0] epochs: [6/100] train_acc: 0.075 train_loss_sup: 4.990
[GPU0] epochs: [7/100] train_acc: 0.082 train_loss_sup: 4.946
[GPU0] epochs: [8/100] train_acc: 0.088 train_loss_sup: 4.901
[GPU0] epochs: [9/100] train_acc: 0.096 train_loss_sup: 4.862
[GPU0] epochs: [10/100] train_acc: 0.099 train_loss_sup: 4.825
[GPU0] Test Accuracy at epoch: 10: 0.093
[GPU0] epochs: [11/100] train_acc: 0.105 train_loss_sup: 4.790
[GPU0] epochs: [12/100] train_acc: 0.109 train_loss_sup: 4.760
[GPU0] epochs: [13/100] train_acc: 0.115 train_loss_sup: 4.727
[GPU0] epochs: [14/100] train_acc: 0.119 train_loss_sup: 4.699
[GPU0] epochs: [15/100] train_acc: 0.121 train_loss_sup: 4.673
[GPU0] epochs: [16/100] train_acc: 0.126 train_loss_sup: 4.649
[GPU0] epochs: [17/100] train_acc: 0.130 train_loss_sup: 4.624
[GPU0] epochs: [18/100] train_acc: 0.132 train_loss_sup: 4.602
[GPU0] epochs: [19/100] train_acc: 0.134 train_loss_sup: 4.584
[GPU0] epochs: [20/100] train_acc: 0.138 train_loss_sup: 4.564
[GPU0] Test Accuracy at epoch: 20: 0.139
[GPU0] epochs: [21/100] train_acc: 0.141 train_loss_sup: 4.545
[GPU0] epochs: [22/100] train_acc: 0.144 train_loss_sup: 4.527
[GPU0] epochs: [23/100] train_acc: 0.146 train_loss_sup: 4.509
[GPU0] epochs: [24/100] train_acc: 0.147 train_loss_sup: 4.495
[GPU0] epochs: [25/100] train_acc: 0.149 train_loss_sup: 4.481
[GPU0] epochs: [26/100] train_acc: 0.150 train_loss_sup: 4.467
[GPU0] epochs: [27/100] train_acc: 0.155 train_loss_sup: 4.453
[GPU0] epochs: [28/100] train_acc: 0.156 train_loss_sup: 4.440
[GPU0] epochs: [29/100] train_acc: 0.156 train_loss_sup: 4.428
[GPU0] epochs: [30/100] train_acc: 0.160 train_loss_sup: 4.420
[GPU0] Test Accuracy at epoch: 30: 0.164
[GPU0] epochs: [31/100] train_acc: 0.160 train_loss_sup: 4.409
[GPU0] epochs: [32/100] train_acc: 0.162 train_loss_sup: 4.396
[GPU0] epochs: [33/100] train_acc: 0.164 train_loss_sup: 4.389
[GPU0] epochs: [34/100] train_acc: 0.167 train_loss_sup: 4.379
[GPU0] epochs: [35/100] train_acc: 0.165 train_loss_sup: 4.369
[GPU0] epochs: [36/100] train_acc: 0.168 train_loss_sup: 4.362
[GPU0] epochs: [37/100] train_acc: 0.168 train_loss_sup: 4.354
[GPU0] epochs: [38/100] train_acc: 0.172 train_loss_sup: 4.345
[GPU0] epochs: [39/100] train_acc: 0.172 train_loss_sup: 4.339
[GPU0] epochs: [40/100] train_acc: 0.172 train_loss_sup: 4.330
[GPU0] Test Accuracy at epoch: 40: 0.166
[GPU0] epochs: [41/100] train_acc: 0.175 train_loss_sup: 4.325
[GPU0] epochs: [42/100] train_acc: 0.176 train_loss_sup: 4.321
[GPU0] epochs: [43/100] train_acc: 0.177 train_loss_sup: 4.315
[GPU0] epochs: [44/100] train_acc: 0.176 train_loss_sup: 4.308
[GPU0] epochs: [45/100] train_acc: 0.178 train_loss_sup: 4.302
[GPU0] epochs: [46/100] train_acc: 0.179 train_loss_sup: 4.299
[GPU0] epochs: [47/100] train_acc: 0.181 train_loss_sup: 4.293
[GPU0] epochs: [48/100] train_acc: 0.181 train_loss_sup: 4.287
[GPU0] epochs: [49/100] train_acc: 0.182 train_loss_sup: 4.287
[GPU0] epochs: [50/100] train_acc: 0.183 train_loss_sup: 4.281
[GPU0] Test Accuracy at epoch: 50: 0.176
[GPU0] epochs: [51/100] train_acc: 0.184 train_loss_sup: 4.277
[GPU0] epochs: [52/100] train_acc: 0.186 train_loss_sup: 4.272
[GPU0] epochs: [53/100] train_acc: 0.187 train_loss_sup: 4.268
[GPU0] epochs: [54/100] train_acc: 0.185 train_loss_sup: 4.265
[GPU0] epochs: [55/100] train_acc: 0.188 train_loss_sup: 4.259
[GPU0] epochs: [56/100] train_acc: 0.188 train_loss_sup: 4.260
[GPU0] epochs: [57/100] train_acc: 0.189 train_loss_sup: 4.258
[GPU0] epochs: [58/100] train_acc: 0.188 train_loss_sup: 4.256
[GPU0] epochs: [59/100] train_acc: 0.187 train_loss_sup: 4.252
[GPU0] epochs: [60/100] train_acc: 0.190 train_loss_sup: 4.249
[GPU0] Test Accuracy at epoch: 60: 0.189
[GPU0] epochs: [61/100] train_acc: 0.189 train_loss_sup: 4.247
[GPU0] epochs: [62/100] train_acc: 0.192 train_loss_sup: 4.243
[GPU0] epochs: [63/100] train_acc: 0.191 train_loss_sup: 4.243
[GPU0] epochs: [64/100] train_acc: 0.192 train_loss_sup: 4.239
[GPU0] epochs: [65/100] train_acc: 0.193 train_loss_sup: 4.239
[GPU0] epochs: [66/100] train_acc: 0.194 train_loss_sup: 4.238
[GPU0] epochs: [67/100] train_acc: 0.195 train_loss_sup: 4.233
[GPU0] epochs: [68/100] train_acc: 0.194 train_loss_sup: 4.234
[GPU0] epochs: [69/100] train_acc: 0.194 train_loss_sup: 4.233
[GPU0] epochs: [70/100] train_acc: 0.196 train_loss_sup: 4.229
[GPU0] Test Accuracy at epoch: 70: 0.189
[GPU0] epochs: [71/100] train_acc: 0.196 train_loss_sup: 4.228
[GPU0] epochs: [72/100] train_acc: 0.197 train_loss_sup: 4.227
[GPU0] epochs: [73/100] train_acc: 0.196 train_loss_sup: 4.225
[GPU0] epochs: [74/100] train_acc: 0.199 train_loss_sup: 4.224
[GPU0] epochs: [75/100] train_acc: 0.198 train_loss_sup: 4.223
[GPU0] epochs: [76/100] train_acc: 0.199 train_loss_sup: 4.222
[GPU0] epochs: [77/100] train_acc: 0.199 train_loss_sup: 4.221
[GPU0] epochs: [78/100] train_acc: 0.199 train_loss_sup: 4.220
[GPU0] epochs: [79/100] train_acc: 0.200 train_loss_sup: 4.220
[GPU0] epochs: [80/100] train_acc: 0.200 train_loss_sup: 4.216
[GPU0] Test Accuracy at epoch: 80: 0.193
[GPU0] epochs: [81/100] train_acc: 0.200 train_loss_sup: 4.218
[GPU0] epochs: [82/100] train_acc: 0.200 train_loss_sup: 4.217
[GPU0] epochs: [83/100] train_acc: 0.201 train_loss_sup: 4.217
[GPU0] epochs: [84/100] train_acc: 0.201 train_loss_sup: 4.214
[GPU0] epochs: [85/100] train_acc: 0.202 train_loss_sup: 4.216
[GPU0] epochs: [86/100] train_acc: 0.201 train_loss_sup: 4.215
[GPU0] epochs: [87/100] train_acc: 0.199 train_loss_sup: 4.216
[GPU0] epochs: [88/100] train_acc: 0.201 train_loss_sup: 4.216
[GPU0] epochs: [89/100] train_acc: 0.204 train_loss_sup: 4.213
[GPU0] epochs: [90/100] train_acc: 0.202 train_loss_sup: 4.214
[GPU0] Test Accuracy at epoch: 90: 0.193
[GPU0] epochs: [91/100] train_acc: 0.203 train_loss_sup: 4.212
[GPU0] epochs: [92/100] train_acc: 0.203 train_loss_sup: 4.212
[GPU0] epochs: [93/100] train_acc: 0.203 train_loss_sup: 4.213
[GPU0] epochs: [94/100] train_acc: 0.201 train_loss_sup: 4.212
[GPU0] epochs: [95/100] train_acc: 0.203 train_loss_sup: 4.214
[GPU0] epochs: [96/100] train_acc: 0.204 train_loss_sup: 4.211
[GPU0] epochs: [97/100] train_acc: 0.204 train_loss_sup: 4.211
[GPU0] epochs: [98/100] train_acc: 0.203 train_loss_sup: 4.209
[GPU0] epochs: [99/100] train_acc: 0.203 train_loss_sup: 4.214
[GPU0] epochs: [100/100] train_acc: 0.203 train_loss_sup: 4.212
[GPU0] Final Test Accuracy: 0.192
LR: 0.100 | WD: 0.000100 | Cosine: True | test Acc: 0.193%
===> using linear mlp
Scheduler: <torch.optim.lr_scheduler.CosineAnnealingLR object at 0x7cd0df6e9d80>
MLP: MLP(
  (mlp): Linear(in_features=384, out_features=200, bias=True)
)
[GPU0] Test Accuracy at epoch: 0: 0.025
[GPU0] epochs: [1/100] train_acc: 0.009 train_loss_sup: 5.281
[GPU0] epochs: [2/100] train_acc: 0.024 train_loss_sup: 5.215
[GPU0] epochs: [3/100] train_acc: 0.039 train_loss_sup: 5.150
[GPU0] epochs: [4/100] train_acc: 0.051 train_loss_sup: 5.089
[GPU0] epochs: [5/100] train_acc: 0.067 train_loss_sup: 5.030
[GPU0] epochs: [6/100] train_acc: 0.076 train_loss_sup: 4.976
[GPU0] epochs: [7/100] train_acc: 0.084 train_loss_sup: 4.926
[GPU0] epochs: [8/100] train_acc: 0.092 train_loss_sup: 4.876
[GPU0] epochs: [9/100] train_acc: 0.100 train_loss_sup: 4.831
[GPU0] epochs: [10/100] train_acc: 0.104 train_loss_sup: 4.788
[GPU0] Test Accuracy at epoch: 10: 0.119
[GPU0] epochs: [11/100] train_acc: 0.112 train_loss_sup: 4.745
[GPU0] epochs: [12/100] train_acc: 0.116 train_loss_sup: 4.708
[GPU0] epochs: [13/100] train_acc: 0.122 train_loss_sup: 4.673
[GPU0] epochs: [14/100] train_acc: 0.126 train_loss_sup: 4.635
[GPU0] epochs: [15/100] train_acc: 0.130 train_loss_sup: 4.603
[GPU0] epochs: [16/100] train_acc: 0.134 train_loss_sup: 4.569
[GPU0] epochs: [17/100] train_acc: 0.138 train_loss_sup: 4.544
[GPU0] epochs: [18/100] train_acc: 0.141 train_loss_sup: 4.512
[GPU0] epochs: [19/100] train_acc: 0.145 train_loss_sup: 4.486
[GPU0] epochs: [20/100] train_acc: 0.146 train_loss_sup: 4.460
[GPU0] Test Accuracy at epoch: 20: 0.159
[GPU0] epochs: [21/100] train_acc: 0.153 train_loss_sup: 4.432
[GPU0] epochs: [22/100] train_acc: 0.154 train_loss_sup: 4.414
[GPU0] epochs: [23/100] train_acc: 0.158 train_loss_sup: 4.388
[GPU0] epochs: [24/100] train_acc: 0.159 train_loss_sup: 4.367
[GPU0] epochs: [25/100] train_acc: 0.162 train_loss_sup: 4.345
[GPU0] epochs: [26/100] train_acc: 0.163 train_loss_sup: 4.328
[GPU0] epochs: [27/100] train_acc: 0.167 train_loss_sup: 4.309
[GPU0] epochs: [28/100] train_acc: 0.169 train_loss_sup: 4.289
[GPU0] epochs: [29/100] train_acc: 0.172 train_loss_sup: 4.273
[GPU0] epochs: [30/100] train_acc: 0.175 train_loss_sup: 4.252
[GPU0] Test Accuracy at epoch: 30: 0.167
[GPU0] epochs: [31/100] train_acc: 0.174 train_loss_sup: 4.239
[GPU0] epochs: [32/100] train_acc: 0.177 train_loss_sup: 4.224
[GPU0] epochs: [33/100] train_acc: 0.180 train_loss_sup: 4.211
[GPU0] epochs: [34/100] train_acc: 0.182 train_loss_sup: 4.194
[GPU0] epochs: [35/100] train_acc: 0.184 train_loss_sup: 4.178
[GPU0] epochs: [36/100] train_acc: 0.184 train_loss_sup: 4.169
[GPU0] epochs: [37/100] train_acc: 0.186 train_loss_sup: 4.154
[GPU0] epochs: [38/100] train_acc: 0.186 train_loss_sup: 4.142
[GPU0] epochs: [39/100] train_acc: 0.187 train_loss_sup: 4.131
[GPU0] epochs: [40/100] train_acc: 0.189 train_loss_sup: 4.121
[GPU0] Test Accuracy at epoch: 40: 0.179
[GPU0] epochs: [41/100] train_acc: 0.192 train_loss_sup: 4.113
[GPU0] epochs: [42/100] train_acc: 0.192 train_loss_sup: 4.101
[GPU0] epochs: [43/100] train_acc: 0.194 train_loss_sup: 4.093
[GPU0] epochs: [44/100] train_acc: 0.196 train_loss_sup: 4.079
[GPU0] epochs: [45/100] train_acc: 0.195 train_loss_sup: 4.072
[GPU0] epochs: [46/100] train_acc: 0.196 train_loss_sup: 4.064
[GPU0] epochs: [47/100] train_acc: 0.198 train_loss_sup: 4.057
[GPU0] epochs: [48/100] train_acc: 0.200 train_loss_sup: 4.046
[GPU0] epochs: [49/100] train_acc: 0.202 train_loss_sup: 4.039
[GPU0] epochs: [50/100] train_acc: 0.202 train_loss_sup: 4.035
[GPU0] Test Accuracy at epoch: 50: 0.191
[GPU0] epochs: [51/100] train_acc: 0.204 train_loss_sup: 4.025
[GPU0] epochs: [52/100] train_acc: 0.205 train_loss_sup: 4.018
[GPU0] epochs: [53/100] train_acc: 0.206 train_loss_sup: 4.010
[GPU0] epochs: [54/100] train_acc: 0.204 train_loss_sup: 4.010
[GPU0] epochs: [55/100] train_acc: 0.206 train_loss_sup: 4.003
[GPU0] epochs: [56/100] train_acc: 0.209 train_loss_sup: 3.993
[GPU0] epochs: [57/100] train_acc: 0.209 train_loss_sup: 3.987
[GPU0] epochs: [58/100] train_acc: 0.207 train_loss_sup: 3.985
[GPU0] epochs: [59/100] train_acc: 0.209 train_loss_sup: 3.980
[GPU0] epochs: [60/100] train_acc: 0.210 train_loss_sup: 3.975
[GPU0] Test Accuracy at epoch: 60: 0.203
[GPU0] epochs: [61/100] train_acc: 0.211 train_loss_sup: 3.969
[GPU0] epochs: [62/100] train_acc: 0.210 train_loss_sup: 3.968
[GPU0] epochs: [63/100] train_acc: 0.212 train_loss_sup: 3.962
[GPU0] epochs: [64/100] train_acc: 0.214 train_loss_sup: 3.962
[GPU0] epochs: [65/100] train_acc: 0.213 train_loss_sup: 3.954
[GPU0] epochs: [66/100] train_acc: 0.215 train_loss_sup: 3.951
[GPU0] epochs: [67/100] train_acc: 0.214 train_loss_sup: 3.950
[GPU0] epochs: [68/100] train_acc: 0.216 train_loss_sup: 3.942
[GPU0] epochs: [69/100] train_acc: 0.214 train_loss_sup: 3.943
[GPU0] epochs: [70/100] train_acc: 0.217 train_loss_sup: 3.940
[GPU0] Test Accuracy at epoch: 70: 0.206
[GPU0] epochs: [71/100] train_acc: 0.215 train_loss_sup: 3.937
[GPU0] epochs: [72/100] train_acc: 0.215 train_loss_sup: 3.933
[GPU0] epochs: [73/100] train_acc: 0.217 train_loss_sup: 3.932
[GPU0] epochs: [74/100] train_acc: 0.217 train_loss_sup: 3.930
[GPU0] epochs: [75/100] train_acc: 0.216 train_loss_sup: 3.930
[GPU0] epochs: [76/100] train_acc: 0.218 train_loss_sup: 3.928
[GPU0] epochs: [77/100] train_acc: 0.218 train_loss_sup: 3.928
[GPU0] epochs: [78/100] train_acc: 0.219 train_loss_sup: 3.921
[GPU0] epochs: [79/100] train_acc: 0.218 train_loss_sup: 3.921
[GPU0] epochs: [80/100] train_acc: 0.218 train_loss_sup: 3.920
[GPU0] Test Accuracy at epoch: 80: 0.207
[GPU0] epochs: [81/100] train_acc: 0.219 train_loss_sup: 3.919
[GPU0] epochs: [82/100] train_acc: 0.219 train_loss_sup: 3.918
[GPU0] epochs: [83/100] train_acc: 0.220 train_loss_sup: 3.917
[GPU0] epochs: [84/100] train_acc: 0.218 train_loss_sup: 3.916
[GPU0] epochs: [85/100] train_acc: 0.221 train_loss_sup: 3.917
[GPU0] epochs: [86/100] train_acc: 0.220 train_loss_sup: 3.913
[GPU0] epochs: [87/100] train_acc: 0.220 train_loss_sup: 3.914
[GPU0] epochs: [88/100] train_acc: 0.219 train_loss_sup: 3.916
[GPU0] epochs: [89/100] train_acc: 0.221 train_loss_sup: 3.912
[GPU0] epochs: [90/100] train_acc: 0.220 train_loss_sup: 3.913
[GPU0] Test Accuracy at epoch: 90: 0.206
[GPU0] epochs: [91/100] train_acc: 0.220 train_loss_sup: 3.911
[GPU0] epochs: [92/100] train_acc: 0.220 train_loss_sup: 3.913
[GPU0] epochs: [93/100] train_acc: 0.220 train_loss_sup: 3.912
[GPU0] epochs: [94/100] train_acc: 0.220 train_loss_sup: 3.914
[GPU0] epochs: [95/100] train_acc: 0.220 train_loss_sup: 3.911
[GPU0] epochs: [96/100] train_acc: 0.221 train_loss_sup: 3.913
[GPU0] epochs: [97/100] train_acc: 0.220 train_loss_sup: 3.911
[GPU0] epochs: [98/100] train_acc: 0.222 train_loss_sup: 3.908
[GPU0] epochs: [99/100] train_acc: 0.220 train_loss_sup: 3.913
[GPU0] epochs: [100/100] train_acc: 0.220 train_loss_sup: 3.912
[GPU0] Final Test Accuracy: 0.208
LR: 0.100 | WD: 0.000000 | Cosine: True | test Acc: 0.208%
===> using linear mlp
Scheduler: <torch.optim.lr_scheduler.CosineAnnealingLR object at 0x7cd0df6e9660>
MLP: MLP(
  (mlp): Linear(in_features=384, out_features=200, bias=True)
)
[GPU0] Test Accuracy at epoch: 0: 0.055
[GPU0] epochs: [1/100] train_acc: 0.026 train_loss_sup: 5.177
[GPU0] epochs: [2/100] train_acc: 0.067 train_loss_sup: 4.767
[GPU0] epochs: [3/100] train_acc: 0.102 train_loss_sup: 4.471
[GPU0] epochs: [4/100] train_acc: 0.122 train_loss_sup: 4.285
[GPU0] epochs: [5/100] train_acc: 0.140 train_loss_sup: 4.152
[GPU0] epochs: [6/100] train_acc: 0.156 train_loss_sup: 4.033
[GPU0] epochs: [7/100] train_acc: 0.164 train_loss_sup: 3.954
[GPU0] epochs: [8/100] train_acc: 0.172 train_loss_sup: 3.889
[GPU0] epochs: [9/100] train_acc: 0.182 train_loss_sup: 3.822
[GPU0] epochs: [10/100] train_acc: 0.190 train_loss_sup: 3.770
[GPU0] Test Accuracy at epoch: 10: 0.201
[GPU0] epochs: [11/100] train_acc: 0.196 train_loss_sup: 3.734
[GPU0] epochs: [12/100] train_acc: 0.202 train_loss_sup: 3.682
[GPU0] epochs: [13/100] train_acc: 0.207 train_loss_sup: 3.663
[GPU0] epochs: [14/100] train_acc: 0.214 train_loss_sup: 3.616
[GPU0] epochs: [15/100] train_acc: 0.217 train_loss_sup: 3.597
[GPU0] epochs: [16/100] train_acc: 0.220 train_loss_sup: 3.576
[GPU0] epochs: [17/100] train_acc: 0.224 train_loss_sup: 3.547
[GPU0] epochs: [18/100] train_acc: 0.225 train_loss_sup: 3.533
[GPU0] epochs: [19/100] train_acc: 0.230 train_loss_sup: 3.509
[GPU0] epochs: [20/100] train_acc: 0.232 train_loss_sup: 3.498
[GPU0] Test Accuracy at epoch: 20: 0.235
[GPU0] epochs: [21/100] train_acc: 0.236 train_loss_sup: 3.476
[GPU0] epochs: [22/100] train_acc: 0.239 train_loss_sup: 3.459
[GPU0] epochs: [23/100] train_acc: 0.239 train_loss_sup: 3.450
[GPU0] epochs: [24/100] train_acc: 0.240 train_loss_sup: 3.435
[GPU0] epochs: [25/100] train_acc: 0.245 train_loss_sup: 3.418
[GPU0] epochs: [26/100] train_acc: 0.246 train_loss_sup: 3.408
[GPU0] epochs: [27/100] train_acc: 0.249 train_loss_sup: 3.398
[GPU0] epochs: [28/100] train_acc: 0.250 train_loss_sup: 3.377
[GPU0] epochs: [29/100] train_acc: 0.254 train_loss_sup: 3.370
[GPU0] epochs: [30/100] train_acc: 0.255 train_loss_sup: 3.363
[GPU0] Test Accuracy at epoch: 30: 0.258
[GPU0] epochs: [31/100] train_acc: 0.259 train_loss_sup: 3.346
[GPU0] epochs: [32/100] train_acc: 0.259 train_loss_sup: 3.340
