base_model: vit
environment: 
YAML: configs/mae_clr_rot.yaml
==> SEED: 42
==> train_algo: mae_clr_rot
==> dataset: {'cifar10': {'num_classes': 10, 'params': {'data_dir': 'datasets/cifar10', 'batch_size': 512, 'test_batch_size': 512, 'num_workers': 1, 'image_size': 32, 'prefetch_factor': 4, 'algo': 'mae_clr_rot'}}, 'cifar100': {'num_classes': 100, 'params': {'data_dir': 'datasets/cifar100', 'batch_size': 512, 'test_batch_size': 512, 'num_workers': 1, 'image_size': 32, 'prefetch_factor': 4, 'algo': 'mae_clr_rot'}}, 'timg': {'num_classes': 200, 'params': {'data_dir': 'datasets/tinyimagenet/tiny-imagenet-200', 'batch_size': 512, 'test_batch_size': 512, 'num_workers': 8, 'image_size': 64, 'prefetch_factor': 2, 'algo': 'mae_clr_rot'}}, 'img100': {'num_classes': 100, 'params': {'data_dir': 'datasets/imagenet100', 'labels_json': 'Labels.json', 'batch_size': 256, 'test_batch_size': 256, 'num_workers': 6, 'image_size': 224, 'prefetch_factor': 4, 'algo': 'mae_clr_rot'}}}
==> return_logs: False
==> eval_every: 10
==> n_epochs: 400
==> n_epochs_mlp: 100
==> gpu_id: 1
==> opt: AdamW
==> opt_params: {'lr': 0.0003, 'weight_decay': 0.05, 'betas': (0.9, 0.95)}
==> schedular_params: {'T_max': 380, 'eta_min': 0.001}
==> mlp_opt: SGD
==> mlp_opt_params: {'lr': 0.01, 'momentum': 0.9}
==> model_params: {'img_size': 64, 'in_chans': 3, 'patch_size': 4, 'embed_dim': 384, 'depth': 12, 'num_heads': 6, 'decoder_embed_dim': 256, 'decoder_depth': 4, 'decoder_num_heads': 8, 'mlp_ratio': 4, 'norm_pix_loss': False, 'algo_type': 'mae_clr_rot', 'model_name': 'vit'}
==> rotnet_params: {'rot_hidden': 768, 'num_classes': 4}
==> mlp_type: hidden
==> loss: mae_clr_rot
==> loss_params: {'sim': 'cosine', 'tau': 0.5}
==> distributed: False
==> model_save_path: saved_models/mae.clr.rot.timg.wt0.8wt20.5.damp.pth
==> warmup_epochs: 20
==> weight: {'wt1': 0.8, 'wt2': 0.5}
==> config: configs/mae_clr_rot.yaml
==> aug: v1
==> damp_rot: True
--------------------------------------------------
MaskedAutoencoderViT(
  (base_encoder): MAEEncoder(
    (patch_embed): PatchEmbed(
      (proj): Conv2d(3, 384, kernel_size=(4, 4), stride=(4, 4))
      (norm): Identity()
    )
    (blocks): ModuleList(
      (0-11): 12 x Block(
        (norm1): LayerNorm((384,), eps=1e-06, elementwise_affine=True)
        (attn): Attention(
          (qkv): Linear(in_features=384, out_features=1152, bias=True)
          (q_norm): Identity()
          (k_norm): Identity()
          (attn_drop): Dropout(p=0.0, inplace=False)
          (norm): Identity()
          (proj): Linear(in_features=384, out_features=384, bias=True)
          (proj_drop): Dropout(p=0.0, inplace=False)
        )
        (ls1): Identity()
        (drop_path1): Identity()
        (norm2): LayerNorm((384,), eps=1e-06, elementwise_affine=True)
        (mlp): Mlp(
          (fc1): Linear(in_features=384, out_features=1536, bias=True)
          (act): GELU(approximate='none')
          (drop1): Dropout(p=0.0, inplace=False)
          (norm): Identity()
          (fc2): Linear(in_features=1536, out_features=384, bias=True)
          (drop2): Dropout(p=0.0, inplace=False)
        )
        (ls2): Identity()
        (drop_path2): Identity()
      )
    )
    (norm): LayerNorm((384,), eps=1e-06, elementwise_affine=True)
  )
  (decoder): MAEDecoder(
    (decoder_embed): Linear(in_features=384, out_features=256, bias=True)
    (decoder_blocks): ModuleList(
      (0-3): 4 x Block(
        (norm1): LayerNorm((256,), eps=1e-06, elementwise_affine=True)
        (attn): Attention(
          (qkv): Linear(in_features=256, out_features=768, bias=True)
          (q_norm): Identity()
          (k_norm): Identity()
          (attn_drop): Dropout(p=0.0, inplace=False)
          (norm): Identity()
          (proj): Linear(in_features=256, out_features=256, bias=True)
          (proj_drop): Dropout(p=0.0, inplace=False)
        )
        (ls1): Identity()
        (drop_path1): Identity()
        (norm2): LayerNorm((256,), eps=1e-06, elementwise_affine=True)
        (mlp): Mlp(
          (fc1): Linear(in_features=256, out_features=1024, bias=True)
          (act): GELU(approximate='none')
          (drop1): Dropout(p=0.0, inplace=False)
          (norm): Identity()
          (fc2): Linear(in_features=1024, out_features=256, bias=True)
          (drop2): Dropout(p=0.0, inplace=False)
        )
        (ls2): Identity()
        (drop_path2): Identity()
      )
    )
    (decoder_norm): LayerNorm((256,), eps=1e-06, elementwise_affine=True)
    (decoder_pred): Linear(in_features=256, out_features=48, bias=True)
  )
  (proj): BYOL_mlp(
    (mlp): Sequential(
      (0): Linear(in_features=384, out_features=384, bias=False)
      (1): BatchNorm1d(384, eps=1e-05, momentum=0.1, affine=True, track_running_stats=True)
      (2): ReLU()
      (3): Linear(in_features=384, out_features=128, bias=True)
    )
  )
)
NOC: 200
rotnet_cls(
  (proj): Sequential(
    (0): Linear(in_features=384, out_features=768, bias=False)
    (1): BatchNorm1d(768, eps=1e-05, momentum=0.1, affine=True, track_running_stats=True)
    (2): ReLU()
    (3): Linear(in_features=768, out_features=768, bias=False)
    (4): BatchNorm1d(768, eps=1e-05, momentum=0.1, affine=True, track_running_stats=True)
    (5): ReLU()
    (6): Linear(in_features=768, out_features=4, bias=True)
  )
)
augmentation for mae_clr_rot: 
Compose(
    RandomResizedCrop(size=(64, 64), scale=(0.08, 1.0), ratio=(0.75, 1.3333), interpolation=bilinear, antialias=True)
    RandomHorizontalFlip(p=0.5)
    RandomApply(
    p=0.8
    ColorJitter(brightness=(0.6, 1.4), contrast=(0.6, 1.4), saturation=(0.6, 1.4), hue=(-0.1, 0.1))
)
    RandomGrayscale(p=0.2)
    Identity()
    Solarization(p = 0.0)
    ToTensor()
    Normalize(mean=(0.485, 0.456, 0.406), std=(0.229, 0.224, 0.225))
)
Compose(
    RandomResizedCrop(size=(64, 64), scale=(0.08, 1.0), ratio=(0.75, 1.3333), interpolation=bilinear, antialias=True)
    RandomHorizontalFlip(p=0.5)
    RandomApply(
    p=0.8
    ColorJitter(brightness=(0.6, 1.4), contrast=(0.6, 1.4), saturation=(0.6, 1.4), hue=(-0.1, 0.1))
)
    RandomGrayscale(p=0.2)
    Identity()
    Solarization(p = 0.0)
    ToTensor()
    Normalize(mean=(0.485, 0.456, 0.406), std=(0.229, 0.224, 0.225))
)
using optimizer: AdamW
# of Training Images: 100000
# of Testing Images: 10000
schedular: <torch.optim.lr_scheduler.SequentialLR object at 0x77360502ebf0>
loss function: simclr
loss: SimCLR(sim=cosine, tau=0.5)
dampening rotnet loss
param config for: mae_clr_rot
{'train_algo': 'mae_clr_rotdamp', 'model': MaskedAutoencoderViT(
  (base_encoder): MAEEncoder(
    (patch_embed): PatchEmbed(
      (proj): Conv2d(3, 384, kernel_size=(4, 4), stride=(4, 4))
      (norm): Identity()
    )
    (blocks): ModuleList(
      (0-11): 12 x Block(
        (norm1): LayerNorm((384,), eps=1e-06, elementwise_affine=True)
        (attn): Attention(
          (qkv): Linear(in_features=384, out_features=1152, bias=True)
          (q_norm): Identity()
          (k_norm): Identity()
          (attn_drop): Dropout(p=0.0, inplace=False)
          (norm): Identity()
          (proj): Linear(in_features=384, out_features=384, bias=True)
          (proj_drop): Dropout(p=0.0, inplace=False)
        )
        (ls1): Identity()
        (drop_path1): Identity()
        (norm2): LayerNorm((384,), eps=1e-06, elementwise_affine=True)
        (mlp): Mlp(
          (fc1): Linear(in_features=384, out_features=1536, bias=True)
          (act): GELU(approximate='none')
          (drop1): Dropout(p=0.0, inplace=False)
          (norm): Identity()
          (fc2): Linear(in_features=1536, out_features=384, bias=True)
          (drop2): Dropout(p=0.0, inplace=False)
        )
        (ls2): Identity()
        (drop_path2): Identity()
      )
    )
    (norm): LayerNorm((384,), eps=1e-06, elementwise_affine=True)
  )
  (decoder): MAEDecoder(
    (decoder_embed): Linear(in_features=384, out_features=256, bias=True)
    (decoder_blocks): ModuleList(
      (0-3): 4 x Block(
        (norm1): LayerNorm((256,), eps=1e-06, elementwise_affine=True)
        (attn): Attention(
          (qkv): Linear(in_features=256, out_features=768, bias=True)
          (q_norm): Identity()
          (k_norm): Identity()
          (attn_drop): Dropout(p=0.0, inplace=False)
          (norm): Identity()
          (proj): Linear(in_features=256, out_features=256, bias=True)
          (proj_drop): Dropout(p=0.0, inplace=False)
        )
        (ls1): Identity()
        (drop_path1): Identity()
        (norm2): LayerNorm((256,), eps=1e-06, elementwise_affine=True)
        (mlp): Mlp(
          (fc1): Linear(in_features=256, out_features=1024, bias=True)
          (act): GELU(approximate='none')
          (drop1): Dropout(p=0.0, inplace=False)
          (norm): Identity()
          (fc2): Linear(in_features=1024, out_features=256, bias=True)
          (drop2): Dropout(p=0.0, inplace=False)
        )
        (ls2): Identity()
        (drop_path2): Identity()
      )
    )
    (decoder_norm): LayerNorm((256,), eps=1e-06, elementwise_affine=True)
    (decoder_pred): Linear(in_features=256, out_features=48, bias=True)
  )
  (proj): BYOL_mlp(
    (mlp): Sequential(
      (0): Linear(in_features=384, out_features=384, bias=False)
      (1): BatchNorm1d(384, eps=1e-05, momentum=0.1, affine=True, track_running_stats=True)
      (2): ReLU()
      (3): Linear(in_features=384, out_features=128, bias=True)
    )
  )
), 'train_loader': <torch.utils.data.dataloader.DataLoader object at 0x7736043a9720>, 'scaler': <torch.cuda.amp.grad_scaler.GradScaler object at 0x77360502e830>, 'loss_base': SimCLR(sim=cosine, tau=0.5), 'optimizer': AdamW (
Parameter Group 0
    amsgrad: False
    betas: (0.9, 0.95)
    capturable: False
    decoupled_weight_decay: True
    differentiable: False
    eps: 1e-08
    foreach: None
    fused: True
    initial_lr: 0.0003
    lr: 2.9999999999999995e-10
    maximize: False
    weight_decay: 0.05
), 'opt_lr_schedular': <torch.optim.lr_scheduler.SequentialLR object at 0x77360502ebf0>, 'progress': <function progress at 0x773604adeb90>, 'n_epochs': 400, 'device_id': 1, 'eval_id': 1, 'return_logs': False, 'weight': {'wt1': 0.8, 'wt2': 0.5}, 'rotnet': rotnet_cls(
  (proj): Sequential(
    (0): Linear(in_features=384, out_features=768, bias=False)
    (1): BatchNorm1d(768, eps=1e-05, momentum=0.1, affine=True, track_running_stats=True)
    (2): ReLU()
    (3): Linear(in_features=768, out_features=768, bias=False)
    (4): BatchNorm1d(768, eps=1e-05, momentum=0.1, affine=True, track_running_stats=True)
    (5): ReLU()
    (6): Linear(in_features=768, out_features=4, bias=True)
  )
), 'save_model': functools.partial(<function save_model at 0x773604addcf0>, path='saved_models/mae.clr.rot.timg.wt0.8wt20.5.damp.pth')}
dict_keys(['train_algo', 'model', 'train_loader', 'scaler', 'loss_base', 'optimizer', 'opt_lr_schedular', 'progress', 'n_epochs', 'device_id', 'eval_id', 'return_logs', 'weight', 'rotnet', 'save_model'])
### mae + simclr + rotnet damp Training begins
[GPU1] epochs: [1/400] train_loss_con: 8.685
[GPU1] epochs: [2/400] train_loss_con: 6.664
[GPU1] epochs: [3/400] train_loss_con: 6.178
[GPU1] epochs: [4/400] train_loss_con: 6.010
[GPU1] epochs: [5/400] train_loss_con: 5.937
[GPU1] epochs: [6/400] train_loss_con: 5.843
[GPU1] epochs: [7/400] train_loss_con: 5.718
[GPU1] epochs: [8/400] train_loss_con: 5.650
[GPU1] epochs: [9/400] train_loss_con: 5.605
[GPU1] epochs: [10/400] train_loss_con: 5.558
[GPU1] epochs: [11/400] train_loss_con: 5.524
[GPU1] epochs: [12/400] train_loss_con: 5.489
[GPU1] epochs: [13/400] train_loss_con: 5.458
[GPU1] epochs: [14/400] train_loss_con: 5.432
[GPU1] epochs: [15/400] train_loss_con: 5.403
[GPU1] epochs: [16/400] train_loss_con: 5.381
[GPU1] epochs: [17/400] train_loss_con: 5.359
[GPU1] epochs: [18/400] train_loss_con: 5.339
[GPU1] epochs: [19/400] train_loss_con: 5.318
[GPU1] epochs: [20/400] train_loss_con: 5.300
[GPU1] epochs: [21/400] train_loss_con: 5.287
[GPU1] epochs: [22/400] train_loss_con: 5.267
[GPU1] epochs: [23/400] train_loss_con: 5.251
[GPU1] epochs: [24/400] train_loss_con: 5.236
[GPU1] epochs: [25/400] train_loss_con: 5.223
[GPU1] epochs: [26/400] train_loss_con: 5.212
[GPU1] epochs: [27/400] train_loss_con: 5.197
[GPU1] epochs: [28/400] train_loss_con: 5.186
[GPU1] epochs: [29/400] train_loss_con: 5.177
[GPU1] epochs: [30/400] train_loss_con: 5.167
[GPU1] epochs: [31/400] train_loss_con: 5.158
[GPU1] epochs: [32/400] train_loss_con: 5.147
[GPU1] epochs: [33/400] train_loss_con: 5.138
[GPU1] epochs: [34/400] train_loss_con: 5.127
[GPU1] epochs: [35/400] train_loss_con: 5.118
[GPU1] epochs: [36/400] train_loss_con: 5.111
[GPU1] epochs: [37/400] train_loss_con: 5.104
[GPU1] epochs: [38/400] train_loss_con: 5.098
[GPU1] epochs: [39/400] train_loss_con: 5.088
[GPU1] epochs: [40/400] train_loss_con: 5.080
[GPU1] epochs: [41/400] train_loss_con: 5.074
[GPU1] epochs: [42/400] train_loss_con: 5.069
[GPU1] epochs: [43/400] train_loss_con: 5.060
[GPU1] epochs: [44/400] train_loss_con: 5.056
[GPU1] epochs: [45/400] train_loss_con: 5.050
[GPU1] epochs: [46/400] train_loss_con: 5.046
[GPU1] epochs: [47/400] train_loss_con: 5.038
[GPU1] epochs: [48/400] train_loss_con: 5.031
[GPU1] epochs: [49/400] train_loss_con: 5.026
[GPU1] epochs: [50/400] train_loss_con: 5.021
[GPU1] epochs: [51/400] train_loss_con: 5.016
[GPU1] epochs: [52/400] train_loss_con: 5.010
[GPU1] epochs: [53/400] train_loss_con: 5.006
[GPU1] epochs: [54/400] train_loss_con: 5.002
[GPU1] epochs: [55/400] train_loss_con: 4.998
[GPU1] epochs: [56/400] train_loss_con: 4.991
[GPU1] epochs: [57/400] train_loss_con: 4.988
[GPU1] epochs: [58/400] train_loss_con: 4.983
[GPU1] epochs: [59/400] train_loss_con: 4.978
[GPU1] epochs: [60/400] train_loss_con: 4.977
[GPU1] epochs: [61/400] train_loss_con: 4.972
[GPU1] epochs: [62/400] train_loss_con: 4.965
[GPU1] epochs: [63/400] train_loss_con: 4.961
[GPU1] epochs: [64/400] train_loss_con: 4.956
[GPU1] epochs: [65/400] train_loss_con: 4.954
[GPU1] epochs: [66/400] train_loss_con: 4.950
[GPU1] epochs: [67/400] train_loss_con: 4.946
[GPU1] epochs: [68/400] train_loss_con: 4.941
[GPU1] epochs: [69/400] train_loss_con: 4.939
[GPU1] epochs: [70/400] train_loss_con: 4.933
[GPU1] epochs: [71/400] train_loss_con: 4.932
[GPU1] epochs: [72/400] train_loss_con: 4.925
[GPU1] epochs: [73/400] train_loss_con: 4.923
[GPU1] epochs: [74/400] train_loss_con: 4.918
[GPU1] epochs: [75/400] train_loss_con: 4.916
[GPU1] epochs: [76/400] train_loss_con: 4.912
[GPU1] epochs: [77/400] train_loss_con: 4.909
[GPU1] epochs: [78/400] train_loss_con: 4.904
[GPU1] epochs: [79/400] train_loss_con: 4.902
[GPU1] epochs: [80/400] train_loss_con: 4.897
[GPU1] epochs: [81/400] train_loss_con: 4.895
[GPU1] epochs: [82/400] train_loss_con: 4.890
[GPU1] epochs: [83/400] train_loss_con: 4.889
[GPU1] epochs: [84/400] train_loss_con: 4.882
[GPU1] epochs: [85/400] train_loss_con: 4.879
[GPU1] epochs: [86/400] train_loss_con: 4.877
[GPU1] epochs: [87/400] train_loss_con: 4.873
[GPU1] epochs: [88/400] train_loss_con: 4.869
[GPU1] epochs: [89/400] train_loss_con: 4.867
[GPU1] epochs: [90/400] train_loss_con: 4.865
[GPU1] epochs: [91/400] train_loss_con: 4.862
[GPU1] epochs: [92/400] train_loss_con: 4.857
[GPU1] epochs: [93/400] train_loss_con: 4.855
[GPU1] epochs: [94/400] train_loss_con: 4.852
[GPU1] epochs: [95/400] train_loss_con: 4.849
[GPU1] epochs: [96/400] train_loss_con: 4.845
[GPU1] epochs: [97/400] train_loss_con: 4.841
[GPU1] epochs: [98/400] train_loss_con: 4.837
[GPU1] epochs: [99/400] train_loss_con: 4.835
Model saved at: saved_models/mae.clr.rot.timg.wt0.8wt20.5.damp.ec100.pth
[GPU1] epochs: [100/400] train_loss_con: 4.832
[GPU1] epochs: [101/400] train_loss_con: 4.830
[GPU1] epochs: [102/400] train_loss_con: 4.825
[GPU1] epochs: [103/400] train_loss_con: 4.824
[GPU1] epochs: [104/400] train_loss_con: 4.818
[GPU1] epochs: [105/400] train_loss_con: 4.818
[GPU1] epochs: [106/400] train_loss_con: 4.814
[GPU1] epochs: [107/400] train_loss_con: 4.811
[GPU1] epochs: [108/400] train_loss_con: 4.809
[GPU1] epochs: [109/400] train_loss_con: 4.804
[GPU1] epochs: [110/400] train_loss_con: 4.804
[GPU1] epochs: [111/400] train_loss_con: 4.800
[GPU1] epochs: [112/400] train_loss_con: 4.796
[GPU1] epochs: [113/400] train_loss_con: 4.796
[GPU1] epochs: [114/400] train_loss_con: 4.791
[GPU1] epochs: [115/400] train_loss_con: 4.790
[GPU1] epochs: [116/400] train_loss_con: 4.787
[GPU1] epochs: [117/400] train_loss_con: 4.786
[GPU1] epochs: [118/400] train_loss_con: 4.781
[GPU1] epochs: [119/400] train_loss_con: 4.776
[GPU1] epochs: [120/400] train_loss_con: 4.776
[GPU1] epochs: [121/400] train_loss_con: 4.774
[GPU1] epochs: [122/400] train_loss_con: 4.770
[GPU1] epochs: [123/400] train_loss_con: 4.767
[GPU1] epochs: [124/400] train_loss_con: 4.765
[GPU1] epochs: [125/400] train_loss_con: 4.762
[GPU1] epochs: [126/400] train_loss_con: 4.758
[GPU1] epochs: [127/400] train_loss_con: 4.756
[GPU1] epochs: [128/400] train_loss_con: 4.754
[GPU1] epochs: [129/400] train_loss_con: 4.750
[GPU1] epochs: [130/400] train_loss_con: 4.749
[GPU1] epochs: [131/400] train_loss_con: 4.745
[GPU1] epochs: [132/400] train_loss_con: 4.746
[GPU1] epochs: [133/400] train_loss_con: 4.743
[GPU1] epochs: [134/400] train_loss_con: 4.739
[GPU1] epochs: [135/400] train_loss_con: 4.737
[GPU1] epochs: [136/400] train_loss_con: 4.733
[GPU1] epochs: [137/400] train_loss_con: 4.732
[GPU1] epochs: [138/400] train_loss_con: 4.729
[GPU1] epochs: [139/400] train_loss_con: 4.729
[GPU1] epochs: [140/400] train_loss_con: 4.726
[GPU1] epochs: [141/400] train_loss_con: 4.722
[GPU1] epochs: [142/400] train_loss_con: 4.718
[GPU1] epochs: [143/400] train_loss_con: 4.718
[GPU1] epochs: [144/400] train_loss_con: 4.715
[GPU1] epochs: [145/400] train_loss_con: 4.715
[GPU1] epochs: [146/400] train_loss_con: 4.712
[GPU1] epochs: [147/400] train_loss_con: 4.709
[GPU1] epochs: [148/400] train_loss_con: 4.707
[GPU1] epochs: [149/400] train_loss_con: 4.706
[GPU1] epochs: [150/400] train_loss_con: 4.701
[GPU1] epochs: [151/400] train_loss_con: 4.700
[GPU1] epochs: [152/400] train_loss_con: 4.696
[GPU1] epochs: [153/400] train_loss_con: 4.696
[GPU1] epochs: [154/400] train_loss_con: 4.693
[GPU1] epochs: [155/400] train_loss_con: 4.692
[GPU1] epochs: [156/400] train_loss_con: 4.688
[GPU1] epochs: [157/400] train_loss_con: 4.688
[GPU1] epochs: [158/400] train_loss_con: 4.684
[GPU1] epochs: [159/400] train_loss_con: 4.685
[GPU1] epochs: [160/400] train_loss_con: 4.681
[GPU1] epochs: [161/400] train_loss_con: 4.679
[GPU1] epochs: [162/400] train_loss_con: 4.677
[GPU1] epochs: [163/400] train_loss_con: 4.677
[GPU1] epochs: [164/400] train_loss_con: 4.673
[GPU1] epochs: [165/400] train_loss_con: 4.671
[GPU1] epochs: [166/400] train_loss_con: 4.669
[GPU1] epochs: [167/400] train_loss_con: 4.666
[GPU1] epochs: [168/400] train_loss_con: 4.664
[GPU1] epochs: [169/400] train_loss_con: 4.665
[GPU1] epochs: [170/400] train_loss_con: 4.663
[GPU1] epochs: [171/400] train_loss_con: 4.659
[GPU1] epochs: [172/400] train_loss_con: 4.656
[GPU1] epochs: [173/400] train_loss_con: 4.656
[GPU1] epochs: [174/400] train_loss_con: 4.656
[GPU1] epochs: [175/400] train_loss_con: 4.652
[GPU1] epochs: [176/400] train_loss_con: 4.653
[GPU1] epochs: [177/400] train_loss_con: 4.650
[GPU1] epochs: [178/400] train_loss_con: 4.646
[GPU1] epochs: [179/400] train_loss_con: 4.646
[GPU1] epochs: [180/400] train_loss_con: 4.645
[GPU1] epochs: [181/400] train_loss_con: 4.642
[GPU1] epochs: [182/400] train_loss_con: 4.641
[GPU1] epochs: [183/400] train_loss_con: 4.639
[GPU1] epochs: [184/400] train_loss_con: 4.635
[GPU1] epochs: [185/400] train_loss_con: 4.634
[GPU1] epochs: [186/400] train_loss_con: 4.633
[GPU1] epochs: [187/400] train_loss_con: 4.631
[GPU1] epochs: [188/400] train_loss_con: 4.631
[GPU1] epochs: [189/400] train_loss_con: 4.630
[GPU1] epochs: [190/400] train_loss_con: 4.627
[GPU1] epochs: [191/400] train_loss_con: 4.624
[GPU1] epochs: [192/400] train_loss_con: 4.626
[GPU1] epochs: [193/400] train_loss_con: 4.622
[GPU1] epochs: [194/400] train_loss_con: 4.622
[GPU1] epochs: [195/400] train_loss_con: 4.617
[GPU1] epochs: [196/400] train_loss_con: 4.618
[GPU1] epochs: [197/400] train_loss_con: 4.616
[GPU1] epochs: [198/400] train_loss_con: 4.615
[GPU1] epochs: [199/400] train_loss_con: 4.614
Model saved at: saved_models/mae.clr.rot.timg.wt0.8wt20.5.damp.ec200.pth
[GPU1] epochs: [200/400] train_loss_con: 4.613
[GPU1] epochs: [201/400] train_loss_con: 4.613
[GPU1] epochs: [202/400] train_loss_con: 4.610
[GPU1] epochs: [203/400] train_loss_con: 4.608
[GPU1] epochs: [204/400] train_loss_con: 4.607
[GPU1] epochs: [205/400] train_loss_con: 4.605
[GPU1] epochs: [206/400] train_loss_con: 4.604
[GPU1] epochs: [207/400] train_loss_con: 4.604
[GPU1] epochs: [208/400] train_loss_con: 4.601
[GPU1] epochs: [209/400] train_loss_con: 4.602
[GPU1] epochs: [210/400] train_loss_con: 4.599
[GPU1] epochs: [211/400] train_loss_con: 4.597
[GPU1] epochs: [212/400] train_loss_con: 4.598
[GPU1] epochs: [213/400] train_loss_con: 4.596
[GPU1] epochs: [214/400] train_loss_con: 4.596
[GPU1] epochs: [215/400] train_loss_con: 4.593
[GPU1] epochs: [216/400] train_loss_con: 4.591
[GPU1] epochs: [217/400] train_loss_con: 4.589
[GPU1] epochs: [218/400] train_loss_con: 4.590
[GPU1] epochs: [219/400] train_loss_con: 4.588
[GPU1] epochs: [220/400] train_loss_con: 4.587
[GPU1] epochs: [221/400] train_loss_con: 4.585
[GPU1] epochs: [222/400] train_loss_con: 4.585
[GPU1] epochs: [223/400] train_loss_con: 4.584
[GPU1] epochs: [224/400] train_loss_con: 4.582
[GPU1] epochs: [225/400] train_loss_con: 4.581
[GPU1] epochs: [226/400] train_loss_con: 4.579
[GPU1] epochs: [227/400] train_loss_con: 4.579
[GPU1] epochs: [228/400] train_loss_con: 4.578
[GPU1] epochs: [229/400] train_loss_con: 4.577
[GPU1] epochs: [230/400] train_loss_con: 4.576
[GPU1] epochs: [231/400] train_loss_con: 4.575
[GPU1] epochs: [232/400] train_loss_con: 4.574
[GPU1] epochs: [233/400] train_loss_con: 4.571
[GPU1] epochs: [234/400] train_loss_con: 4.571
[GPU1] epochs: [235/400] train_loss_con: 4.571
[GPU1] epochs: [236/400] train_loss_con: 4.570
[GPU1] epochs: [237/400] train_loss_con: 4.568
[GPU1] epochs: [238/400] train_loss_con: 4.565
[GPU1] epochs: [239/400] train_loss_con: 4.566
[GPU1] epochs: [240/400] train_loss_con: 4.563
[GPU1] epochs: [241/400] train_loss_con: 4.566
[GPU1] epochs: [242/400] train_loss_con: 4.562
[GPU1] epochs: [243/400] train_loss_con: 4.562
[GPU1] epochs: [244/400] train_loss_con: 4.561
[GPU1] epochs: [245/400] train_loss_con: 4.560
[GPU1] epochs: [246/400] train_loss_con: 4.559
[GPU1] epochs: [247/400] train_loss_con: 4.560
[GPU1] epochs: [248/400] train_loss_con: 4.556
[GPU1] epochs: [249/400] train_loss_con: 4.556
[GPU1] epochs: [250/400] train_loss_con: 4.554
[GPU1] epochs: [251/400] train_loss_con: 4.555
[GPU1] epochs: [252/400] train_loss_con: 4.553
[GPU1] epochs: [253/400] train_loss_con: 4.551
[GPU1] epochs: [254/400] train_loss_con: 4.551
[GPU1] epochs: [255/400] train_loss_con: 4.553
[GPU1] epochs: [256/400] train_loss_con: 4.548
[GPU1] epochs: [257/400] train_loss_con: 4.549
